[2025-06-03T11:19:00.501+0100] {taskinstance.py:1956} INFO - Dependencies all met for dep_context=non-requeueable deps ti=<TaskInstance: process_bank_reviews.run_clean_reviews manual__2025-06-03T10:18:42.104397+00:00 [queued]>
[2025-06-03T11:19:00.522+0100] {taskinstance.py:1956} INFO - Dependencies all met for dep_context=requeueable deps ti=<TaskInstance: process_bank_reviews.run_clean_reviews manual__2025-06-03T10:18:42.104397+00:00 [queued]>
[2025-06-03T11:19:00.524+0100] {taskinstance.py:2170} INFO - Starting attempt 1 of 2
[2025-06-03T11:19:00.562+0100] {taskinstance.py:2191} INFO - Executing <Task(BashOperator): run_clean_reviews> on 2025-06-03 10:18:42.104397+00:00
[2025-06-03T11:19:00.576+0100] {standard_task_runner.py:60} INFO - Started process 20293 to run task
[2025-06-03T11:19:00.583+0100] {standard_task_runner.py:87} INFO - Running: ['airflow', 'tasks', 'run', 'process_bank_reviews', 'run_clean_reviews', 'manual__2025-06-03T10:18:42.104397+00:00', '--job-id', '1960', '--raw', '--subdir', 'DAGS_FOLDER/post_processing.py', '--cfg-path', '/tmp/tmpvm883n1i']
[2025-06-03T11:19:00.589+0100] {standard_task_runner.py:88} INFO - Job 1960: Subtask run_clean_reviews
[2025-06-03T11:19:00.726+0100] {task_command.py:423} INFO - Running <TaskInstance: process_bank_reviews.run_clean_reviews manual__2025-06-03T10:18:42.104397+00:00 [running]> on host DESKTOP-RRUTCI2.localdomain
[2025-06-03T11:19:00.993+0100] {taskinstance.py:2480} INFO - Exporting env vars: AIRFLOW_CTX_DAG_OWNER='airflow' AIRFLOW_CTX_DAG_ID='process_bank_reviews' AIRFLOW_CTX_TASK_ID='run_clean_reviews' AIRFLOW_CTX_EXECUTION_DATE='2025-06-03T10:18:42.104397+00:00' AIRFLOW_CTX_TRY_NUMBER='1' AIRFLOW_CTX_DAG_RUN_ID='manual__2025-06-03T10:18:42.104397+00:00'
[2025-06-03T11:19:01.000+0100] {subprocess.py:63} INFO - Tmp dir root location: /tmp
[2025-06-03T11:19:01.004+0100] {subprocess.py:75} INFO - Running command: ['/usr/bin/bash', '-c', 'cd ~/airflow/dbt_project && dbt run --select clean_bank_reviews']
[2025-06-03T11:19:01.027+0100] {subprocess.py:86} INFO - Output:
[2025-06-03T11:19:50.267+0100] {subprocess.py:93} INFO - [0m10:19:50  Running with dbt=1.8.7
[2025-06-03T11:19:53.703+0100] {subprocess.py:93} INFO - [0m10:19:53  Registered adapter: postgres=1.8.2
[2025-06-03T11:20:02.481+0100] {subprocess.py:93} INFO - [0m10:20:02  [[33mWARNING[0m]: Configuration paths exist in your dbt_project.yml file which do not apply to any resources.
[2025-06-03T11:20:02.484+0100] {subprocess.py:93} INFO - There are 1 unused configuration paths:
[2025-06-03T11:20:02.486+0100] {subprocess.py:93} INFO - - models.dbt_project.forPy
[2025-06-03T11:20:03.521+0100] {subprocess.py:93} INFO - [0m10:20:03  Found 8 models, 1 seed, 4 data tests, 1 source, 540 macros
[2025-06-03T11:20:03.525+0100] {subprocess.py:93} INFO - [0m10:20:03
[2025-06-03T11:20:09.486+0100] {subprocess.py:93} INFO - [0m10:20:09  Concurrency: 4 threads (target='dev')
[2025-06-03T11:20:09.489+0100] {subprocess.py:93} INFO - [0m10:20:09
[2025-06-03T11:20:09.495+0100] {subprocess.py:93} INFO - [0m10:20:09  1 of 1 START sql view model public.clean_bank_reviews .......................... [RUN]
[2025-06-03T11:20:09.813+0100] {subprocess.py:93} INFO - [0m10:20:09  1 of 1 OK created sql view model public.clean_bank_reviews ..................... [[32mCREATE VIEW[0m in 0.31s]
[2025-06-03T11:20:09.852+0100] {subprocess.py:93} INFO - [0m10:20:09
[2025-06-03T11:20:09.854+0100] {subprocess.py:93} INFO - [0m10:20:09  Finished running 1 view model in 0 hours 0 minutes and 6.33 seconds (6.33s).
[2025-06-03T11:20:10.078+0100] {subprocess.py:93} INFO - [0m10:20:10
[2025-06-03T11:20:10.080+0100] {subprocess.py:93} INFO - [0m10:20:10  [32mCompleted successfully[0m
[2025-06-03T11:20:10.083+0100] {subprocess.py:93} INFO - [0m10:20:10
[2025-06-03T11:20:10.085+0100] {subprocess.py:93} INFO - [0m10:20:10  Done. PASS=1 WARN=0 ERROR=0 SKIP=0 TOTAL=1
[2025-06-03T11:20:11.965+0100] {subprocess.py:97} INFO - Command exited with return code 0
[2025-06-03T11:20:12.056+0100] {taskinstance.py:1138} INFO - Marking task as SUCCESS. dag_id=process_bank_reviews, task_id=run_clean_reviews, execution_date=20250603T101842, start_date=20250603T101900, end_date=20250603T102012
[2025-06-03T11:20:12.155+0100] {local_task_job_runner.py:234} INFO - Task exited with return code 0
[2025-06-03T11:20:12.211+0100] {taskinstance.py:3280} INFO - 1 downstream tasks scheduled from follow-on schedule check
