[2025-05-09T12:10:01.167+0100] {taskinstance.py:1956} INFO - Dependencies all met for dep_context=non-requeueable deps ti=<TaskInstance: scrape_and_insert_bank_reviews.extract_data manual__2025-05-09T11:07:13.811936+00:00 [queued]>
[2025-05-09T12:10:01.175+0100] {taskinstance.py:1956} INFO - Dependencies all met for dep_context=requeueable deps ti=<TaskInstance: scrape_and_insert_bank_reviews.extract_data manual__2025-05-09T11:07:13.811936+00:00 [queued]>
[2025-05-09T12:10:01.177+0100] {taskinstance.py:2170} INFO - Starting attempt 1 of 1
[2025-05-09T12:10:01.189+0100] {taskinstance.py:2191} INFO - Executing <Task(PythonOperator): extract_data> on 2025-05-09 11:07:13.811936+00:00
[2025-05-09T12:10:01.193+0100] {standard_task_runner.py:60} INFO - Started process 8429 to run task
[2025-05-09T12:10:01.196+0100] {standard_task_runner.py:87} INFO - Running: ['airflow', 'tasks', 'run', 'scrape_and_insert_bank_reviews', 'extract_data', 'manual__2025-05-09T11:07:13.811936+00:00', '--job-id', '1879', '--raw', '--subdir', 'DAGS_FOLDER/S_G_M_R.py', '--cfg-path', '/tmp/tmpwffz8_3u']
[2025-05-09T12:10:01.198+0100] {standard_task_runner.py:88} INFO - Job 1879: Subtask extract_data
[2025-05-09T12:10:01.247+0100] {task_command.py:423} INFO - Running <TaskInstance: scrape_and_insert_bank_reviews.extract_data manual__2025-05-09T11:07:13.811936+00:00 [running]> on host DESKTOP-RRUTCI2.
[2025-05-09T12:10:01.330+0100] {taskinstance.py:2480} INFO - Exporting env vars: AIRFLOW_CTX_DAG_OWNER='airflow' AIRFLOW_CTX_DAG_ID='scrape_and_insert_bank_reviews' AIRFLOW_CTX_TASK_ID='extract_data' AIRFLOW_CTX_EXECUTION_DATE='2025-05-09T11:07:13.811936+00:00' AIRFLOW_CTX_TRY_NUMBER='1' AIRFLOW_CTX_DAG_RUN_ID='manual__2025-05-09T11:07:13.811936+00:00'
[2025-05-09T12:10:01.621+0100] {logging_mixin.py:188} INFO - Processing URLs from: https://www.google.com/maps/search/umnia/@33.9861174,-7.0522176,61536m/data=!3m1!1e3!5m1!1e1?entry=ttu&g_ep=EgoyMDI1MDMxMi4wIKXMDSoASAFQAw%3D%3D
[2025-05-09T12:10:01.622+0100] {logging_mixin.py:188} INFO - 🔍 Scraping de l'URL 1: https://www.google.com/maps/place/Umnia+Bank+Rabat+Hassan/data=!4m7!3m6!1s0xda76ba3de58deff:0xdd1dab642e8baab3!8m2!3d34.0175188!4d-6.8274993!16s%2Fg%2F11h89gp_zr!19sChIJ_95Y3qNrpw0Rs6qLLmSrHd0?authuser=0&hl=fr&rclk=1
[2025-05-09T12:10:18.304+0100] {logging_mixin.py:188} INFO - ⚠️ Could not find bank name for https://www.google.com/maps/place/Umnia+Bank+Rabat+Hassan/data=!4m7!3m6!1s0xda76ba3de58deff:0xdd1dab642e8baab3!8m2!3d34.0175188!4d-6.8274993!16s%2Fg%2F11h89gp_zr!19sChIJ_95Y3qNrpw0Rs6qLLmSrHd0?authuser=0&hl=fr&rclk=1, using default: Umnia Bank
[2025-05-09T12:10:23.436+0100] {logging_mixin.py:188} INFO - Scroll 1: Found 0 new reviews.
[2025-05-09T12:10:26.577+0100] {logging_mixin.py:188} INFO - Scroll 2: Found 8 new reviews.
[2025-05-09T12:10:40.077+0100] {logging_mixin.py:188} INFO - ⚠️ No new reviews loaded after scrolling. Retrying...
[2025-05-09T12:10:50.279+0100] {logging_mixin.py:188} INFO - 🔍 Scraping de l'URL 2: https://www.google.com/maps/place/Umnia+Bank+Rabat+Al+Manal/data=!4m7!3m6!1s0xda76d82f134b8bb:0x7e069edfb331df78!8m2!3d33.9771289!4d-6.8866143!16s%2Fg%2F11qpt9101m!19sChIJu7g08YJtpw0ReN8xs9-eBn4?authuser=0&hl=fr&rclk=1
[2025-05-09T12:11:08.346+0100] {logging_mixin.py:188} INFO - ⚠️ Could not find bank name for https://www.google.com/maps/place/Umnia+Bank+Rabat+Al+Manal/data=!4m7!3m6!1s0xda76d82f134b8bb:0x7e069edfb331df78!8m2!3d33.9771289!4d-6.8866143!16s%2Fg%2F11qpt9101m!19sChIJu7g08YJtpw0ReN8xs9-eBn4?authuser=0&hl=fr&rclk=1, using default: Umnia Bank
[2025-05-09T12:11:13.846+0100] {logging_mixin.py:188} INFO - Scroll 1: Found 0 new reviews.
[2025-05-09T12:11:17.495+0100] {logging_mixin.py:188} INFO - Scroll 2: Found 10 new reviews.
[2025-05-09T12:11:30.630+0100] {logging_mixin.py:188} INFO - ⚠️ No new reviews loaded after scrolling. Retrying...
[2025-05-09T12:11:40.888+0100] {logging_mixin.py:188} INFO - 🔍 Scraping de l'URL 3: https://www.google.com/maps/place/Umnia+Bank+Casablanca+Sidi+Maarouf/data=!4m7!3m6!1s0xda62d01956cc4d7:0xbc6d4d9916a571f2!8m2!3d33.5268342!4d-7.6497817!16s%2Fg%2F11sdfzzsht!19sChIJ18RslQEtpg0R8nGlFplNbbw?authuser=0&hl=fr&rclk=1
[2025-05-09T12:11:57.391+0100] {logging_mixin.py:188} INFO - ⚠️ Could not find bank name for https://www.google.com/maps/place/Umnia+Bank+Casablanca+Sidi+Maarouf/data=!4m7!3m6!1s0xda62d01956cc4d7:0xbc6d4d9916a571f2!8m2!3d33.5268342!4d-7.6497817!16s%2Fg%2F11sdfzzsht!19sChIJ18RslQEtpg0R8nGlFplNbbw?authuser=0&hl=fr&rclk=1, using default: Umnia Bank
[2025-05-09T12:12:02.746+0100] {logging_mixin.py:188} INFO - Scroll 1: Found 5 new reviews.
[2025-05-09T12:12:16.039+0100] {logging_mixin.py:188} INFO - ⚠️ No new reviews loaded after scrolling. Retrying...
[2025-05-09T12:12:26.111+0100] {logging_mixin.py:188} INFO - Scroll 2: Found 0 new reviews.
[2025-05-09T12:12:39.215+0100] {logging_mixin.py:188} INFO - ⚠️ No new reviews loaded after scrolling. Retrying...
[2025-05-09T12:12:49.381+0100] {logging_mixin.py:188} INFO - 🔍 Scraping de l'URL 4: https://www.google.com/maps/place/Umnia+Bank+Mohamedia/data=!4m7!3m6!1s0xda7b764df62e4cf:0x9c1f3b80873a90db!8m2!3d33.6944861!4d-7.3906088!16s%2Fg%2F11g0lb54th!19sChIJz-Ri32S3pw0R25A6h4A7H5w?authuser=0&hl=fr&rclk=1
[2025-05-09T12:13:06.529+0100] {logging_mixin.py:188} INFO - ⚠️ Could not find bank name for https://www.google.com/maps/place/Umnia+Bank+Mohamedia/data=!4m7!3m6!1s0xda7b764df62e4cf:0x9c1f3b80873a90db!8m2!3d33.6944861!4d-7.3906088!16s%2Fg%2F11g0lb54th!19sChIJz-Ri32S3pw0R25A6h4A7H5w?authuser=0&hl=fr&rclk=1, using default: Umnia Bank
[2025-05-09T12:13:11.793+0100] {logging_mixin.py:188} INFO - Scroll 1: Found 4 new reviews.
[2025-05-09T12:13:25.131+0100] {logging_mixin.py:188} INFO - ⚠️ No new reviews loaded after scrolling. Retrying...
[2025-05-09T12:13:35.199+0100] {logging_mixin.py:188} INFO - Scroll 2: Found 0 new reviews.
[2025-05-09T12:13:48.330+0100] {logging_mixin.py:188} INFO - ⚠️ No new reviews loaded after scrolling. Retrying...
[2025-05-09T12:13:58.575+0100] {logging_mixin.py:188} INFO - 🔍 Scraping de l'URL 5: https://www.google.com/maps/place/Umnia+Bank+Casablanca+Derb+Sultan/data=!4m7!3m6!1s0xda7cd318534e0cd:0x95e9d5712f841b1c!8m2!3d33.5749471!4d-7.6020382!16s%2Fg%2F11q2v_h8ml!19sChIJzeA0hTHNpw0RHBuEL3HV6ZU?authuser=0&hl=fr&rclk=1
[2025-05-09T12:14:15.186+0100] {logging_mixin.py:188} INFO - ⚠️ 'Avis' button not found for Ait lamine Shopping
[2025-05-09T12:14:15.197+0100] {logging_mixin.py:188} INFO - Scroll 1: Found 0 new reviews.
[2025-05-09T12:14:15.216+0100] {logging_mixin.py:188} INFO - ⚠️ Error during scrolling: Message: no such element: Unable to locate element: {"method":"css selector","selector":"div.m6QErb.DxyBCb.kA9KIf.dS8AEf.XiKgde"}
  (Session info: chrome=134.0.6998.88); For documentation on this error, please visit: https://www.selenium.dev/documentation/webdriver/troubleshooting/errors#no-such-element-exception
Stacktrace:
#0 0x563a09137ffa <unknown>
#1 0x563a08bf6970 <unknown>
#2 0x563a08c48385 <unknown>
#3 0x563a08c485b1 <unknown>
#4 0x563a08c973c4 <unknown>
#5 0x563a08c6e2bd <unknown>
#6 0x563a08c9470c <unknown>
#7 0x563a08c6e063 <unknown>
#8 0x563a08c3a328 <unknown>
#9 0x563a08c3b491 <unknown>
#10 0x563a090ff42b <unknown>
#11 0x563a091032ec <unknown>
#12 0x563a090e6a22 <unknown>
#13 0x563a09103e64 <unknown>
#14 0x563a090cabef <unknown>
#15 0x563a09126558 <unknown>
#16 0x563a09126736 <unknown>
#17 0x563a09136e76 <unknown>
#18 0x7f2292564609 start_thread
[2025-05-09T12:14:25.443+0100] {logging_mixin.py:188} INFO - ⚠️ No new reviews loaded after scrolling. Retrying...
[2025-05-09T12:14:35.459+0100] {logging_mixin.py:188} INFO - Scroll 2: Found 0 new reviews.
[2025-05-09T12:14:35.472+0100] {logging_mixin.py:188} INFO - ⚠️ Error during scrolling: Message: no such element: Unable to locate element: {"method":"css selector","selector":"div.m6QErb.DxyBCb.kA9KIf.dS8AEf.XiKgde"}
  (Session info: chrome=134.0.6998.88); For documentation on this error, please visit: https://www.selenium.dev/documentation/webdriver/troubleshooting/errors#no-such-element-exception
Stacktrace:
#0 0x563a09137ffa <unknown>
#1 0x563a08bf6970 <unknown>
#2 0x563a08c48385 <unknown>
#3 0x563a08c485b1 <unknown>
#4 0x563a08c973c4 <unknown>
#5 0x563a08c6e2bd <unknown>
#6 0x563a08c9470c <unknown>
#7 0x563a08c6e063 <unknown>
#8 0x563a08c3a328 <unknown>
#9 0x563a08c3b491 <unknown>
#10 0x563a090ff42b <unknown>
#11 0x563a091032ec <unknown>
#12 0x563a090e6a22 <unknown>
#13 0x563a09103e64 <unknown>
#14 0x563a090cabef <unknown>
#15 0x563a09126558 <unknown>
#16 0x563a09126736 <unknown>
#17 0x563a09136e76 <unknown>
#18 0x7f2292564609 start_thread
[2025-05-09T12:14:45.672+0100] {logging_mixin.py:188} INFO - ⚠️ No new reviews loaded after scrolling. Retrying...
[2025-05-09T12:14:55.687+0100] {logging_mixin.py:188} INFO - 🔍 Scraping de l'URL 6: https://www.google.com/maps/place/Umnia+Bank/data=!4m7!3m6!1s0xda62d2d53b1b3ff:0x11b56e12292f3f0!8m2!3d33.5604018!4d-7.6444656!16s%2Fg%2F11hbhfl114!19sChIJ_7OxUy0tpg0R8POSIuFWGwE?authuser=0&hl=fr&rclk=1
[2025-05-09T12:15:12.272+0100] {logging_mixin.py:188} INFO - ⚠️ Could not find bank name for https://www.google.com/maps/place/Umnia+Bank/data=!4m7!3m6!1s0xda62d2d53b1b3ff:0x11b56e12292f3f0!8m2!3d33.5604018!4d-7.6444656!16s%2Fg%2F11hbhfl114!19sChIJ_7OxUy0tpg0R8POSIuFWGwE?authuser=0&hl=fr&rclk=1, using default: Ait lamine Shopping
[2025-05-09T12:15:17.415+0100] {logging_mixin.py:188} INFO - Scroll 1: Found 0 new reviews.
[2025-05-09T12:15:20.630+0100] {logging_mixin.py:188} INFO - Scroll 2: Found 10 new reviews.
[2025-05-09T12:15:33.964+0100] {logging_mixin.py:188} INFO - ⚠️ No new reviews loaded after scrolling. Retrying...
[2025-05-09T12:15:44.168+0100] {logging_mixin.py:188} INFO - 🔍 Scraping de l'URL 7: https://www.google.com/maps/place/Umnia+Bank+Sal%C3%A9+Hay+Karima/data=!4m7!3m6!1s0xda7697fda31cd91:0x620c198559f1cf30!8m2!3d34.0549942!4d-6.7943047!16s%2Fg%2F11f159g29d!19sChIJkc0x2n9ppw0RMM_xWYUZDGI?authuser=0&hl=fr&rclk=1
[2025-05-09T12:16:00.493+0100] {logging_mixin.py:188} INFO - ⚠️ Could not find bank name for https://www.google.com/maps/place/Umnia+Bank+Sal%C3%A9+Hay+Karima/data=!4m7!3m6!1s0xda7697fda31cd91:0x620c198559f1cf30!8m2!3d34.0549942!4d-6.7943047!16s%2Fg%2F11f159g29d!19sChIJkc0x2n9ppw0RMM_xWYUZDGI?authuser=0&hl=fr&rclk=1, using default: Ait lamine Shopping
[2025-05-09T12:16:05.631+0100] {logging_mixin.py:188} INFO - Scroll 1: Found 0 new reviews.
[2025-05-09T12:16:08.834+0100] {logging_mixin.py:188} INFO - Scroll 2: Found 10 new reviews.
[2025-05-09T12:16:22.237+0100] {logging_mixin.py:188} INFO - ⚠️ No new reviews loaded after scrolling. Retrying...
[2025-05-09T12:16:32.440+0100] {logging_mixin.py:188} INFO - 🔍 Scraping de l'URL 8: https://www.google.com/maps/place/Umnia+Bank+Temara/data=!4m7!3m6!1s0xda70d7144d20999:0x2af577075284bb52!8m2!3d33.9193443!4d-6.9235373!16s%2Fg%2F11fphjtbq6!19sChIJmQnSRHENpw0RUruEUgd39So?authuser=0&hl=fr&rclk=1
[2025-05-09T12:16:48.538+0100] {logging_mixin.py:188} INFO - ⚠️ Could not find bank name for https://www.google.com/maps/place/Umnia+Bank+Temara/data=!4m7!3m6!1s0xda70d7144d20999:0x2af577075284bb52!8m2!3d33.9193443!4d-6.9235373!16s%2Fg%2F11fphjtbq6!19sChIJmQnSRHENpw0RUruEUgd39So?authuser=0&hl=fr&rclk=1, using default: Ait lamine Shopping
[2025-05-09T12:16:53.668+0100] {logging_mixin.py:188} INFO - Scroll 1: Found 0 new reviews.
[2025-05-09T12:16:56.850+0100] {logging_mixin.py:188} INFO - Scroll 2: Found 10 new reviews.
[2025-05-09T12:17:10.235+0100] {logging_mixin.py:188} INFO - ⚠️ No new reviews loaded after scrolling. Retrying...
[2025-05-09T12:17:20.404+0100] {logging_mixin.py:188} INFO - 🔍 Scraping de l'URL 9: https://www.google.com/maps/place/Umnia+Bank+Rabat+Agdal/data=!4m7!3m6!1s0xda76c903fe71a9d:0xf2aa3d8f0e9e5402!8m2!3d33.9948751!4d-6.8471418!16s%2Fg%2F11dzw4t_sh!19sChIJnRrnP5Bspw0RAlSeDo89qvI?authuser=0&hl=fr&rclk=1
[2025-05-09T12:17:36.699+0100] {logging_mixin.py:188} INFO - ⚠️ Could not find bank name for https://www.google.com/maps/place/Umnia+Bank+Rabat+Agdal/data=!4m7!3m6!1s0xda76c903fe71a9d:0xf2aa3d8f0e9e5402!8m2!3d33.9948751!4d-6.8471418!16s%2Fg%2F11dzw4t_sh!19sChIJnRrnP5Bspw0RAlSeDo89qvI?authuser=0&hl=fr&rclk=1, using default: Ait lamine Shopping
[2025-05-09T12:17:41.833+0100] {logging_mixin.py:188} INFO - Scroll 1: Found 4 new reviews.
[2025-05-09T12:17:54.956+0100] {logging_mixin.py:188} INFO - ⚠️ No new reviews loaded after scrolling. Retrying...
[2025-05-09T12:18:05.007+0100] {logging_mixin.py:188} INFO - Scroll 2: Found 0 new reviews.
[2025-05-09T12:18:18.417+0100] {logging_mixin.py:188} INFO - ⚠️ No new reviews loaded after scrolling. Retrying...
[2025-05-09T12:18:28.677+0100] {logging_mixin.py:188} INFO - 🔍 Scraping de l'URL 10: https://www.google.com/maps/place/Umnia+Bank/data=!4m7!3m6!1s0xda7133c02a858e9:0x4e4e5ee3d8940ead!8m2!3d33.9606202!4d-6.8677006!16s%2Fg%2F11ghlwx5c9!19sChIJ6VioAjwTpw0RrQ6U2ONeTk4?authuser=0&hl=fr&rclk=1
[2025-05-09T12:18:44.790+0100] {logging_mixin.py:188} INFO - ⚠️ Could not find bank name for https://www.google.com/maps/place/Umnia+Bank/data=!4m7!3m6!1s0xda7133c02a858e9:0x4e4e5ee3d8940ead!8m2!3d33.9606202!4d-6.8677006!16s%2Fg%2F11ghlwx5c9!19sChIJ6VioAjwTpw0RrQ6U2ONeTk4?authuser=0&hl=fr&rclk=1, using default: Ait lamine Shopping
[2025-05-09T12:18:50.003+0100] {logging_mixin.py:188} INFO - Scroll 1: Found 4 new reviews.
[2025-05-09T12:19:03.543+0100] {logging_mixin.py:188} INFO - ⚠️ No new reviews loaded after scrolling. Retrying...
[2025-05-09T12:19:13.602+0100] {logging_mixin.py:188} INFO - Scroll 2: Found 0 new reviews.
[2025-05-09T12:19:26.994+0100] {logging_mixin.py:188} INFO - ⚠️ No new reviews loaded after scrolling. Retrying...
[2025-05-09T12:19:37.081+0100] {logging_mixin.py:188} INFO - Processing URLs from: https://www.google.com/maps/search/bank+pop/@33.9869065,-7.0522175,46278m/data=!3m2!1e3!4b1!5m1!1e1?entry=ttu&g_ep=EgoyMDI1MDMxMi4wIKXMDSoASAFQAw%3D%3D
[2025-05-09T12:19:37.082+0100] {logging_mixin.py:188} INFO - 🔍 Scraping de l'URL 1: https://www.google.com/maps/place/Banque+Populaire/data=!4m7!3m6!1s0xda76b85c5c84bdf:0x808126573cf881a1!8m2!3d34.0156172!4d-6.8350158!16s%2Fg%2F1thd80j_!19sChIJ30vIxYVrpw0RoYH4PFcmgYA?authuser=0&hl=fr&rclk=1
[2025-05-09T12:19:53.308+0100] {logging_mixin.py:188} INFO - ⚠️ Could not find bank name for https://www.google.com/maps/place/Banque+Populaire/data=!4m7!3m6!1s0xda76b85c5c84bdf:0x808126573cf881a1!8m2!3d34.0156172!4d-6.8350158!16s%2Fg%2F1thd80j_!19sChIJ30vIxYVrpw0RoYH4PFcmgYA?authuser=0&hl=fr&rclk=1, using default: Banque Populaire
[2025-05-09T12:19:58.431+0100] {logging_mixin.py:188} INFO - Scroll 1: Found 0 new reviews.
[2025-05-09T12:20:01.658+0100] {logging_mixin.py:188} INFO - Scroll 2: Found 10 new reviews.
[2025-05-09T12:20:15.049+0100] {logging_mixin.py:188} INFO - ⚠️ No new reviews loaded after scrolling. Retrying...
[2025-05-09T12:20:25.185+0100] {logging_mixin.py:188} INFO - 🔍 Scraping de l'URL 2: https://www.google.com/maps/place/banque+populaire/data=!4m7!3m6!1s0xda7403b7e500019:0x3fce24bbed1e27a7!8m2!3d33.9962569!4d-6.7374951!16s%2Fg%2F11csr_mfl0!19sChIJGQBQfjtApw0Rpyce7bskzj8?authuser=0&hl=fr&rclk=1
[2025-05-09T12:20:41.271+0100] {logging_mixin.py:188} INFO - ⚠️ Could not find bank name for https://www.google.com/maps/place/banque+populaire/data=!4m7!3m6!1s0xda7403b7e500019:0x3fce24bbed1e27a7!8m2!3d33.9962569!4d-6.7374951!16s%2Fg%2F11csr_mfl0!19sChIJGQBQfjtApw0Rpyce7bskzj8?authuser=0&hl=fr&rclk=1, using default: Banque Populaire
[2025-05-09T12:20:46.526+0100] {logging_mixin.py:188} INFO - Scroll 1: Found 1 new reviews.
[2025-05-09T12:21:00.061+0100] {logging_mixin.py:188} INFO - ⚠️ No new reviews loaded after scrolling. Retrying...
[2025-05-09T12:21:10.089+0100] {logging_mixin.py:188} INFO - Scroll 2: Found 0 new reviews.
[2025-05-09T12:21:23.514+0100] {logging_mixin.py:188} INFO - ⚠️ No new reviews loaded after scrolling. Retrying...
[2025-05-09T12:21:33.600+0100] {logging_mixin.py:188} INFO - 🔍 Scraping de l'URL 3: https://www.google.com/maps/place/Banque+Populaire/data=!4m7!3m6!1s0xda76ca7177e04b3:0xaacb54391346be0b!8m2!3d33.9785382!4d-6.8371095!16s%2Fg%2F11dxnqzjyy!19sChIJswR-F6dspw0RC75GEzlUy6o?authuser=0&hl=fr&rclk=1
[2025-05-09T12:21:49.665+0100] {logging_mixin.py:188} INFO - ⚠️ Could not find bank name for https://www.google.com/maps/place/Banque+Populaire/data=!4m7!3m6!1s0xda76ca7177e04b3:0xaacb54391346be0b!8m2!3d33.9785382!4d-6.8371095!16s%2Fg%2F11dxnqzjyy!19sChIJswR-F6dspw0RC75GEzlUy6o?authuser=0&hl=fr&rclk=1, using default: Banque Populaire
[2025-05-09T12:21:54.851+0100] {logging_mixin.py:188} INFO - Scroll 1: Found 5 new reviews.
[2025-05-09T12:22:07.944+0100] {logging_mixin.py:188} INFO - ⚠️ No new reviews loaded after scrolling. Retrying...
[2025-05-09T12:22:17.996+0100] {logging_mixin.py:188} INFO - Scroll 2: Found 0 new reviews.
[2025-05-09T12:22:31.511+0100] {logging_mixin.py:188} INFO - ⚠️ No new reviews loaded after scrolling. Retrying...
[2025-05-09T12:22:41.629+0100] {logging_mixin.py:188} INFO - 🔍 Scraping de l'URL 4: https://www.google.com/maps/place/Banque+Populaire/data=!4m7!3m6!1s0xda76c8f40f6b49d:0xda7847b361964c17!8m2!3d34.0042456!4d-6.8469083!16s%2Fg%2F1tdmg7cg!19sChIJnbT2QI9spw0RF0yWYbNHeNo?authuser=0&hl=fr&rclk=1
[2025-05-09T12:22:57.705+0100] {logging_mixin.py:188} INFO - ⚠️ Could not find bank name for https://www.google.com/maps/place/Banque+Populaire/data=!4m7!3m6!1s0xda76c8f40f6b49d:0xda7847b361964c17!8m2!3d34.0042456!4d-6.8469083!16s%2Fg%2F1tdmg7cg!19sChIJnbT2QI9spw0RF0yWYbNHeNo?authuser=0&hl=fr&rclk=1, using default: Banque Populaire
[2025-05-09T12:23:02.941+0100] {logging_mixin.py:188} INFO - Scroll 1: Found 7 new reviews.
[2025-05-09T12:23:16.317+0100] {logging_mixin.py:188} INFO - ⚠️ No new reviews loaded after scrolling. Retrying...
[2025-05-09T12:23:26.380+0100] {logging_mixin.py:188} INFO - Scroll 2: Found 0 new reviews.
[2025-05-09T12:23:39.577+0100] {logging_mixin.py:188} INFO - ⚠️ No new reviews loaded after scrolling. Retrying...
[2025-05-09T12:23:49.873+0100] {logging_mixin.py:188} INFO - 🔍 Scraping de l'URL 5: https://www.google.com/maps/place/Banque+Populaire/data=!4m7!3m6!1s0xda76c8f40f6b49d:0x761c72bdf60546c7!8m2!3d33.9974679!4d-6.8491786!16s%2Fg%2F1tfj4jct!19sChIJnbT2QI9spw0Rx0YF9r1yHHY?authuser=0&hl=fr&rclk=1
[2025-05-09T12:24:05.814+0100] {logging_mixin.py:188} INFO - ⚠️ Could not find bank name for https://www.google.com/maps/place/Banque+Populaire/data=!4m7!3m6!1s0xda76c8f40f6b49d:0x761c72bdf60546c7!8m2!3d33.9974679!4d-6.8491786!16s%2Fg%2F1tfj4jct!19sChIJnbT2QI9spw0Rx0YF9r1yHHY?authuser=0&hl=fr&rclk=1, using default: Banque Populaire
[2025-05-09T12:24:10.941+0100] {logging_mixin.py:188} INFO - Scroll 1: Found 5 new reviews.
[2025-05-09T12:24:24.464+0100] {logging_mixin.py:188} INFO - ⚠️ No new reviews loaded after scrolling. Retrying...
[2025-05-09T12:24:34.518+0100] {logging_mixin.py:188} INFO - Scroll 2: Found 0 new reviews.
[2025-05-09T12:24:47.996+0100] {logging_mixin.py:188} INFO - ⚠️ No new reviews loaded after scrolling. Retrying...
[2025-05-09T12:24:58.275+0100] {python.py:201} INFO - Done. Returned value was: [{'bank_name': 'Umnia Bank', 'branche_name': "Umnia Bank Avenue d'Alger, Rue Kairaouane, Rabat 10020", 'address': "Avenue d'Alger, Rue Kairaouane, Rabat 10020", 'review': "L'agence umnia hassan parmis les meilleurs agences umnia au niveau de rabat. Equipe tres serviable et à l'écoute surtout Mme molato qui dispose de grandes capacités professionnelles et humaines.", 'rating': 5, 'review_date': 'il y a 2 mois'}, {'bank_name': 'Umnia Bank', 'branche_name': "Umnia Bank Avenue d'Alger, Rue Kairaouane, Rabat 10020", 'address': "Avenue d'Alger, Rue Kairaouane, Rabat 10020", 'review': "Dommage qu'aucune de vos agences n'est ouverte le samedi !!", 'rating': 1, 'review_date': 'il y a 2 mois'}, {'bank_name': 'Umnia Bank', 'branche_name': "Umnia Bank Avenue d'Alger, Rue Kairaouane, Rabat 10020", 'address': "Avenue d'Alger, Rue Kairaouane, Rabat 10020", 'review': 'Des employés qui ne veulent pas servir\nBuzz vous donnera des informations', 'rating': 3, 'review_date': 'il y a 5 ans'}, {'bank_name': 'Umnia Bank', 'branche_name': "Umnia Bank Avenue d'Alger, Rue Kairaouane, Rabat 10020", 'address': "Avenue d'Alger, Rue Kairaouane, Rabat 10020", 'review': 'Bon service.', 'rating': 1, 'review_date': 'il y a un an'}, {'bank_name': 'Umnia Bank', 'branche_name': "Umnia Bank Avenue d'Alger, Rue Kairaouane, Rabat 10020", 'address': "Avenue d'Alger, Rue Kairaouane, Rabat 10020", 'review': 'Bonne servis', 'rating': 5, 'review_date': 'il y a 5 ans'}, {'bank_name': 'Umnia Bank', 'branche_name': "Umnia Bank Avenue d'Alger, Rue Kairaouane, Rabat 10020", 'address': "Avenue d'Alger, Rue Kairaouane, Rabat 10020", 'review': "Une des meilleures agences de Salé, avec M. Jawad. Je le remercie beaucoup pour le bon traitement qu'il a réservé à tous les visiteurs de l'agence.👍🏻👍🏻 …", 'rating': 5, 'review_date': 'il y a 6 mois'}, {'bank_name': 'Umnia Bank', 'branche_name': "Umnia Bank Avenue d'Alger, Rue Kairaouane, Rabat 10020", 'address': "Avenue d'Alger, Rue Kairaouane, Rabat 10020", 'review': "Une équipe serviable et à l'écoute.", 'rating': 5, 'review_date': 'il y a 11 mois'}, {'bank_name': 'Umnia Bank', 'branche_name': "Umnia Bank Avenue d'Alger, Rue Kairaouane, Rabat 10020", 'address': "Avenue d'Alger, Rue Kairaouane, Rabat 10020", 'review': 'Essayez de ne pas mettre des débutants sur des postes qui nécessitent de l’expérience, car un jeune là bas ne sait ni comment parler, ni comment donner de l’information, ni comment vendre le produit, ni même comment saisir de simples chiffres', 'rating': 1, 'review_date': 'il y a 6 mois'}, {'bank_name': 'Umnia Bank', 'branche_name': 'Umnia Bank Extension Cité, 359, Amal 4, Rabat 10150', 'address': 'Extension Cité, 359, Amal 4, Rabat 10150', 'review': 'Je tiens à remercier Mr Le Directeur de l agence AlManal Rabat Mr Zaitouni Omar pour l accueil et la très bonne communication.', 'rating': 5, 'review_date': 'il y a un mois'}, {'bank_name': 'Umnia Bank', 'branche_name': 'Umnia Bank Extension Cité, 359, Amal 4, Rabat 10150', 'address': 'Extension Cité, 359, Amal 4, Rabat 10150', 'review': "Excellente expérience avec cette agence.\nUn grand merci à toute l'équipe pour leur professionnalisme et leur accueil chaleureux. …", 'rating': 5, 'review_date': 'il y a 2 mois'}, {'bank_name': 'Umnia Bank', 'branche_name': 'Umnia Bank Extension Cité, 359, Amal 4, Rabat 10150', 'address': 'Extension Cité, 359, Amal 4, Rabat 10150', 'review': 'Un service de qualité et professionnel je tiens a remercier Mr ZAITOUNI omar pour son accueil chaleureux et son professionnalisme très satisfait je recommande', 'rating': 5, 'review_date': 'il y a un mois'}, {'bank_name': 'Umnia Bank', 'branche_name': 'Umnia Bank Extension Cité, 359, Amal 4, Rabat 10150', 'address': 'Extension Cité, 359, Amal 4, Rabat 10150', 'review': "L'Agence de Sécurité de la Banque Al-Manal, avec son personnel, effectue un travail sérieux, fournit des services efficaces, est à l'écoute des clients et suit les dossiers de près et avec attention. Toutes ces normes sont à la hauteur des attentes des clients ainsi que des normes internationales de services. Merci à tous", 'rating': 5, 'review_date': 'il y a 2 mois'}, {'bank_name': 'Umnia Bank', 'branche_name': 'Umnia Bank Extension Cité, 359, Amal 4, Rabat 10150', 'address': 'Extension Cité, 359, Amal 4, Rabat 10150', 'review': 'Très satisfaite des services d umniabank.Très bonne communication du personnel d umniabank almanal, gentils serviable .Exécution rapide des opérations....\nJe recommande vivement cette banque.Et remercie infiniment Mr zerwal,Mr Yassine ,Mlle zineb pour leurs services de qualité.', 'rating': 5, 'review_date': 'il y a 4 mois'}, {'bank_name': 'Umnia Bank', 'branche_name': 'Umnia Bank Extension Cité, 359, Amal 4, Rabat 10150', 'address': 'Extension Cité, 359, Amal 4, Rabat 10150', 'review': 'Franchement, le responsable de cette agence est un homme aimable et serviable.', 'rating': 5, 'review_date': 'il y a 2 mois'}, {'bank_name': 'Umnia Bank', 'branche_name': 'Umnia Bank Extension Cité, 359, Amal 4, Rabat 10150', 'address': 'Extension Cité, 359, Amal 4, Rabat 10150', 'review': 'merci bcp', 'rating': 5, 'review_date': 'il y a un mois'}, {'bank_name': 'Umnia Bank', 'branche_name': 'Umnia Bank Extension Cité, 359, Amal 4, Rabat 10150', 'address': 'Extension Cité, 359, Amal 4, Rabat 10150', 'review': "Je ne sais pas s'il y a des faux avis ici parce que tout le monde dit des choses brillantes, eh bien j'ai perdu 35 min de ma vie avec ces gens, je ne connais pas son nom mais le responsable de compte manquait de certaines compétences …", 'rating': 1, 'review_date': 'il y a une semaine'}, {'bank_name': 'Umnia Bank', 'branche_name': 'Umnia Bank Extension Cité, 359, Amal 4, Rabat 10150', 'address': 'Extension Cité, 359, Amal 4, Rabat 10150', 'review': 'M. Omar Al-Zaytouni est un homme compétent, pratique et loyal. Nous lui souhaitons du succès dans la nouvelle responsabilité qui lui est confiée, et il en est digne, si Dieu le veut.', 'rating': 5, 'review_date': 'il y a un mois'}, {'bank_name': 'Umnia Bank', 'branche_name': 'Umnia Bank Extension Cité, 359, Amal 4, Rabat 10150', 'address': 'Extension Cité, 359, Amal 4, Rabat 10150', 'review': 'Une excellente agence avec un service de qualité ! Un grand merci au directeur Mr Omar Zaitouni pour son professionnalisme, sa gentillesse et son sens du service. Grâce à lui, chaque visite est agréable et efficace. Je recommande vivement !', 'rating': 5, 'review_date': 'il y a 2 mois'}, {'bank_name': 'Umnia Bank', 'branche_name': 'Umnia Bank GH2, Imm, Rés. Panorama, 2 Av. Abou Bakr el Kadiri, Casablanca 20150', 'address': 'GH2, Imm, Rés. Panorama, 2 Av. Abou Bakr el Kadiri, Casablanca 20150', 'review': "Pourquoi le compte ne reçoit pas de virement instantanné? On doit attendre 48 heures ou plus pour recvoir de l'argent? La même chose pour envoyer de l'argent ça prend 48 heures! C'est la raison pour laquelle j'utilise d'autres comptes, et j'aimerai bien utiliser le compte umnia.", 'rating': 5, 'review_date': 'il y a 2 mois'}, {'bank_name': 'Umnia Bank', 'branche_name': 'Umnia Bank GH2, Imm, Rés. Panorama, 2 Av. Abou Bakr el Kadiri, Casablanca 20150', 'address': 'GH2, Imm, Rés. Panorama, 2 Av. Abou Bakr el Kadiri, Casablanca 20150', 'review': "Je m'intéresse bien à ouvrir un nouveau compte a Umnia Bank, Est ce que les virements entre CIH et Umnia Bank sont instantanés ?", 'rating': 3, 'review_date': 'il y a un an'}, {'bank_name': 'Umnia Bank', 'branche_name': 'Umnia Bank GH2, Imm, Rés. Panorama, 2 Av. Abou Bakr el Kadiri, Casablanca 20150', 'address': 'GH2, Imm, Rés. Panorama, 2 Av. Abou Bakr el Kadiri, Casablanca 20150', 'review': 'Service nul', 'rating': 1, 'review_date': 'il y a un an'}, {'bank_name': 'Umnia Bank', 'branche_name': 'Umnia Bank GH2, Imm, Rés. Panorama, 2 Av. Abou Bakr el Kadiri, Casablanca 20150', 'address': 'GH2, Imm, Rés. Panorama, 2 Av. Abou Bakr el Kadiri, Casablanca 20150', 'review': 'Bonsoir a vous je me permets de vous écrire ce commentaire vu mon experience avec cette banque qui n est pas humaine envers les jeunes qui viennent de commencer leur vie , quand. J ai visite votre banque pour un financement d une voiture d …', 'rating': 5, 'review_date': 'il y a un an'}, {'bank_name': 'Umnia Bank', 'branche_name': 'Umnia Bank GH2, Imm, Rés. Panorama, 2 Av. Abou Bakr el Kadiri, Casablanca 20150', 'address': 'GH2, Imm, Rés. Panorama, 2 Av. Abou Bakr el Kadiri, Casablanca 20150', 'review': 'Bon service', 'rating': 1, 'review_date': 'il y a un mois'}, {'bank_name': 'Umnia Bank', 'branche_name': 'Umnia Bank II et، Rés. Walid "C، Angle avenue Hassan, Bd Abderrahmane Serghini, Mohammedia', 'address': 'II et، Rés. Walid "C، Angle avenue Hassan, Bd Abderrahmane Serghini, Mohammedia', 'review': 'A 15h jeudi personne à la banque', 'rating': 1, 'review_date': 'il y a 10 mois'}, {'bank_name': 'Umnia Bank', 'branche_name': 'Umnia Bank II et، Rés. Walid "C، Angle avenue Hassan, Bd Abderrahmane Serghini, Mohammedia', 'address': 'II et، Rés. Walid "C، Angle avenue Hassan, Bd Abderrahmane Serghini, Mohammedia', 'review': 'Les premières banques participatives au Maroc', 'rating': 1, 'review_date': 'il y a 2 ans'}, {'bank_name': 'Umnia Bank', 'branche_name': 'Umnia Bank II et، Rés. Walid "C، Angle avenue Hassan, Bd Abderrahmane Serghini, Mohammedia', 'address': 'II et، Rés. Walid "C، Angle avenue Hassan, Bd Abderrahmane Serghini, Mohammedia', 'review': 'Souhait de la banque', 'rating': 4, 'review_date': 'il y a 5 ans'}, {'bank_name': 'Umnia Bank', 'branche_name': 'Umnia Bank II et، Rés. Walid "C، Angle avenue Hassan, Bd Abderrahmane Serghini, Mohammedia', 'address': 'II et، Rés. Walid "C، Angle avenue Hassan, Bd Abderrahmane Serghini, Mohammedia', 'review': "L'un des employés interrogés par le Fonds est le secrétaire commercial", 'rating': 3, 'review_date': 'il y a 4 ans'}, {'bank_name': 'Ait lamine Shopping', 'branche_name': "Ait lamine Shopping 397 Rte d'El Jadida, Casablanca", 'address': "397 Rte d'El Jadida, Casablanca", 'review': 'Je suis entrain de vivre une très mauvaise expérience avec vous sur mon crédit immobilier. Un quantième contractuel au 25 et la banque petit à petit le recule, au bout de 6 mois je trouve que mes prélèvements passe le 22 alors que …', 'rating': 1, 'review_date': 'il y a 11 mois'}, {'bank_name': 'Ait lamine Shopping', 'branche_name': "Ait lamine Shopping 397 Rte d'El Jadida, Casablanca", 'address': "397 Rte d'El Jadida, Casablanca", 'review': 'Ne faites plus perdre le temps aux gens qui demandent un financement svp\n0 respect des delais\n0 communication …', 'rating': 1, 'review_date': 'il y a 6 mois'}, {'bank_name': 'Ait lamine Shopping', 'branche_name': "Ait lamine Shopping 397 Rte d'El Jadida, Casablanca", 'address': "397 Rte d'El Jadida, Casablanca", 'review': "Aujourd'hui, j'aime bien le sens de communication et les prestations (siège d'anfa). Auparavent j'avais regretté le manque de communication et retard sur le traitement d'un dossier d'achat de voiture à cause de la foire auto de 2018.", 'rating': 1, 'review_date': 'il y a 11 mois'}, {'bank_name': 'Ait lamine Shopping', 'branche_name': "Ait lamine Shopping 397 Rte d'El Jadida, Casablanca", 'address': "397 Rte d'El Jadida, Casablanca", 'review': 'Bonjour tout le monde je viens de lire les avis et commentaires des clients de cette agence qui le moins qu’on puisse dire décrivent une agence catastrophique a tous les niveaux: communication, manque de respect, insolence et j’en passe.. …', 'rating': 1, 'review_date': 'il y a 4 ans'}, {'bank_name': 'Ait lamine Shopping', 'branche_name': "Ait lamine Shopping 397 Rte d'El Jadida, Casablanca", 'address': "397 Rte d'El Jadida, Casablanca", 'review': "Manque de communication et ignorance totale du client. Je réalise maintenant que l'offre de la carte carburant de 3000 Dhs lors de l'achat d'une voiture est mensongère, puisque ça fait 4 mois que j'attends l'activation et leurs retours", 'rating': 1, 'review_date': 'il y a 2 ans'}, {'bank_name': 'Ait lamine Shopping', 'branche_name': "Ait lamine Shopping 397 Rte d'El Jadida, Casablanca", 'address': "397 Rte d'El Jadida, Casablanca", 'review': "Bonjour\nÇa fait maintenant plus de deux mois que j'ai demandé de changer mon numéro de téléphone, …", 'rating': 1, 'review_date': 'il y a un an'}, {'bank_name': 'Ait lamine Shopping', 'branche_name': "Ait lamine Shopping 397 Rte d'El Jadida, Casablanca", 'address': "397 Rte d'El Jadida, Casablanca", 'review': "Je déconseille.....service client qui ne sert à rien agence aussi. Agence anfa\nJ'ai demandé ma carte guichet  depuis octobre 2022 jusqu'à mnt elle est encours de fabrication.....et la galère  avec ma restitution du crédit immobilier  personne ne veut faire son travail......", 'rating': 1, 'review_date': 'il y a 4 ans'}, {'bank_name': 'Ait lamine Shopping', 'branche_name': "Ait lamine Shopping 397 Rte d'El Jadida, Casablanca", 'address': "397 Rte d'El Jadida, Casablanca", 'review': 'Service null employees impolis aucun savoir vivre et ils se disent musulmans.  Aucune education ni gentillesse faudrait revoir leur formation.', 'rating': 1, 'review_date': 'il y a 4 ans'}, {'bank_name': 'Ait lamine Shopping', 'branche_name': "Ait lamine Shopping 397 Rte d'El Jadida, Casablanca", 'address': "397 Rte d'El Jadida, Casablanca", 'review': "le service nul. J'ai appelé le service commercial plusieurs fois pendant un mois sans réponse. Je suis loin et je suis coincé.", 'rating': 1, 'review_date': 'il y a un an'}, {'bank_name': 'Ait lamine Shopping', 'branche_name': "Ait lamine Shopping 397 Rte d'El Jadida, Casablanca", 'address': "397 Rte d'El Jadida, Casablanca", 'review': "Je déconseille vivement.\nÇa fait un an que les comptes entreprises n'ont pas accès à la banque à distance,  et personne ne sais quand ça va se débloquer !! …", 'rating': 4, 'review_date': 'il y a 7 ans'}, {'bank_name': 'Ait lamine Shopping', 'branche_name': 'Ait lamine Shopping N°7 Av. Assalam, Salé', 'address': 'N°7 Av. Assalam, Salé', 'review': 'Très satisfaite de mon experience chez Umnia bank, un très bon service, une équipe professionnelle et toujours disponible qui vous accompagne durant toute la procédure', 'rating': 5, 'review_date': 'il y a un mois'}, {'bank_name': 'Ait lamine Shopping', 'branche_name': 'Ait lamine Shopping N°7 Av. Assalam, Salé', 'address': 'N°7 Av. Assalam, Salé', 'review': 'Je tiens à exprimer ma plus grande gratitude envers le directeur de cette agence bancaire. Grâce à son professionnalisme, son écoute attentive et son engagement indéfectible envers ses clients, mon expérience a été exceptionnelle. Il a su …', 'rating': 5, 'review_date': 'il y a 6 mois'}, {'bank_name': 'Ait lamine Shopping', 'branche_name': 'Ait lamine Shopping N°7 Av. Assalam, Salé', 'address': 'N°7 Av. Assalam, Salé', 'review': "Vue  que J'ai accompagné cette agence dés son premier jour je marque ma satisfaction vis-à-vis l'équipe qui gère cette agence .\nUne équipe professionnelle serviable aquillante qui cherche tjr à banaliser les …", 'rating': 5, 'review_date': 'il y a 5 mois'}, {'bank_name': 'Ait lamine Shopping', 'branche_name': 'Ait lamine Shopping N°7 Av. Assalam, Salé', 'address': 'N°7 Av. Assalam, Salé', 'review': '“Je tiens à remercier mr le directeur pour son professionnalisme, son écoute et son sens du service client. Grâce à son accompagnement personnalisé, j’ai pu bénéficier de solutions adaptées à mes besoins et d’un suivi attentif à chaque …', 'rating': 5, 'review_date': 'il y a 5 mois'}, {'bank_name': 'Ait lamine Shopping', 'branche_name': 'Ait lamine Shopping N°7 Av. Assalam, Salé', 'address': 'N°7 Av. Assalam, Salé', 'review': '“Je tiens à remercier mr le directeur pour son professionnalisme, son écoute et son sens du service client.', 'rating': 5, 'review_date': 'il y a 6 mois'}, {'bank_name': 'Ait lamine Shopping', 'branche_name': 'Ait lamine Shopping N°7 Av. Assalam, Salé', 'address': 'N°7 Av. Assalam, Salé', 'review': 'Je tiens à remercier M Jawad le Directeur de la banque Umnia pour son écoute et son professionnalisme. Il a su me guider vers les bonnes personnes et a toujours répondu rapidement à mes demandes, ce qui a grandement facilité mes démarches.', 'rating': 5, 'review_date': 'il y a 3 mois'}, {'bank_name': 'Ait lamine Shopping', 'branche_name': 'Ait lamine Shopping N°7 Av. Assalam, Salé', 'address': 'N°7 Av. Assalam, Salé', 'review': "Je tiens à remercier mr jawad le directeur de l'agence salé hay karima pour le travail remarquable que vous accomplissez , votre expertise, votre disponibilité et votre engagement constant ont largement contribué à la qualité des services …", 'rating': 5, 'review_date': 'il y a un mois'}, {'bank_name': 'Ait lamine Shopping', 'branche_name': 'Ait lamine Shopping N°7 Av. Assalam, Salé', 'address': 'N°7 Av. Assalam, Salé', 'review': "Je tiens à remercier toute l'équipe de travail d'Umnia Bank pour leur bon traitement, ainsi que pour leur grand professionnalisme, qui est conforme à la littérature de la profession bancaire et comptable. Mon évaluation émane d'un …", 'rating': 5, 'review_date': 'il y a 6 mois'}, {'bank_name': 'Ait lamine Shopping', 'branche_name': 'Ait lamine Shopping N°7 Av. Assalam, Salé', 'address': 'N°7 Av. Assalam, Salé', 'review': "Umnia Bank offre un excellent service avec une interface en ligne conviviale. J'ai particulièrement apprécié la rapidité des transactions et la disponibilité du support client. Cependant, il serait bien d'améliorer la variété des produits bancaires. Globalement, une bonne expérience que je recommande !", 'rating': 5, 'review_date': 'il y a un mois'}, {'bank_name': 'Ait lamine Shopping', 'branche_name': 'Ait lamine Shopping N°7 Av. Assalam, Salé', 'address': 'N°7 Av. Assalam, Salé', 'review': "Je tiens à remercier mr jawad le directeur de l'agence salé hay karima pour le travail remarquable que vous accomplissez , votre expertise, votre écoute et votre disponibilité , je tiens également à souligner l’exemplarité de votre équipe, qui reflète l’excellence de la gestion que vous incarnez.", 'rating': 5, 'review_date': 'il y a 6 mois'}, {'bank_name': 'Ait lamine Shopping', 'branche_name': 'Ait lamine Shopping commerce, Imm. 1, sis : lotissement Jaouhara, Av. Hassan II, Témara 12020', 'address': 'commerce, Imm. 1, sis : lotissement Jaouhara, Av. Hassan II, Témara 12020', 'review': 'Prise en charge client très professionnelle\nBonne écoute\nSatisfaction totale\nJe recommande', 'rating': 5, 'review_date': 'il y a 2 mois'}, {'bank_name': 'Ait lamine Shopping', 'branche_name': 'Ait lamine Shopping commerce, Imm. 1, sis : lotissement Jaouhara, Av. Hassan II, Témara 12020', 'address': 'commerce, Imm. 1, sis : lotissement Jaouhara, Av. Hassan II, Témara 12020', 'review': 'Bon acceuil etbon service', 'rating': 1, 'review_date': 'il y a 8 mois'}, {'bank_name': 'Ait lamine Shopping', 'branche_name': 'Ait lamine Shopping commerce, Imm. 1, sis : lotissement Jaouhara, Av. Hassan II, Témara 12020', 'address': 'commerce, Imm. 1, sis : lotissement Jaouhara, Av. Hassan II, Témara 12020', 'review': "un grand merci à Umnia Banque pour son professionnalisme et la qualité de ses services. Toujours à l'écoute et réactive aussi un service client au top et des conseillers compétents et à l'écoute .\nC'est un plaisir d’être cliente chez vous .", 'rating': 5, 'review_date': 'il y a 6 mois'}, {'bank_name': 'Ait lamine Shopping', 'branche_name': 'Ait lamine Shopping commerce, Imm. 1, sis : lotissement Jaouhara, Av. Hassan II, Témara 12020', 'address': 'commerce, Imm. 1, sis : lotissement Jaouhara, Av. Hassan II, Témara 12020', 'review': 'Agence tres a l ecoute de sa clientele', 'rating': 5, 'review_date': 'il y a 6 mois'}, {'bank_name': 'Ait lamine Shopping', 'branche_name': 'Ait lamine Shopping commerce, Imm. 1, sis : lotissement Jaouhara, Av. Hassan II, Témara 12020', 'address': 'commerce, Imm. 1, sis : lotissement Jaouhara, Av. Hassan II, Témara 12020', 'review': 'Bon relationnel et conseils pertinents. Merci pour votre collaboration habituelle', 'rating': 5, 'review_date': 'il y a 6 mois'}, {'bank_name': 'Ait lamine Shopping', 'branche_name': 'Ait lamine Shopping commerce, Imm. 1, sis : lotissement Jaouhara, Av. Hassan II, Témara 12020', 'address': 'commerce, Imm. 1, sis : lotissement Jaouhara, Av. Hassan II, Témara 12020', 'review': "J'ai consulté l'agence pour un prét, le conseillé était trés attentif et a répondu à toutes mes questions\nBon acceuil", 'rating': 5, 'review_date': 'il y a 6 mois'}, {'bank_name': 'Ait lamine Shopping', 'branche_name': 'Ait lamine Shopping commerce, Imm. 1, sis : lotissement Jaouhara, Av. Hassan II, Témara 12020', 'address': 'commerce, Imm. 1, sis : lotissement Jaouhara, Av. Hassan II, Témara 12020', 'review': "Considérez une expérience regrettable !\nJ'ai consulté en 2017 pour une carte bancaire immobile, mais j'attends la façon dont ils accueillent la clientèle ! Et l'impression dit qu'il y a des sorties …", 'rating': 5, 'review_date': 'il y a 6 mois'}, {'bank_name': 'Ait lamine Shopping', 'branche_name': 'Ait lamine Shopping commerce, Imm. 1, sis : lotissement Jaouhara, Av. Hassan II, Témara 12020', 'address': 'commerce, Imm. 1, sis : lotissement Jaouhara, Av. Hassan II, Témara 12020', 'review': 'Bon emplacement a temara et facile d accès personnel compétent et a l écoute', 'rating': 5, 'review_date': 'il y a 6 mois'}, {'bank_name': 'Ait lamine Shopping', 'branche_name': 'Ait lamine Shopping commerce, Imm. 1, sis : lotissement Jaouhara, Av. Hassan II, Témara 12020', 'address': 'commerce, Imm. 1, sis : lotissement Jaouhara, Av. Hassan II, Témara 12020', 'review': "Mauvaise expérience !! J'étais chez eux pour trancher de quelle banque je m'engage pour acheter un appartement et avoir une offre commerciale réaliste, mais j'étais surpris de la dame qui m a fais la simulation sur place, elle m'a mis …", 'rating': 1, 'review_date': 'il y a un an'}, {'bank_name': 'Ait lamine Shopping', 'branche_name': 'Ait lamine Shopping commerce, Imm. 1, sis : lotissement Jaouhara, Av. Hassan II, Témara 12020', 'address': 'commerce, Imm. 1, sis : lotissement Jaouhara, Av. Hassan II, Témara 12020', 'review': 'La magie des couleurs', 'rating': 1, 'review_date': 'il y a 3 mois'}, {'bank_name': 'Ait lamine Shopping', 'branche_name': 'Ait lamine Shopping 9 Rue Jabal Bouiblane، valle Ould Amir Street, Rabat', 'address': '9 Rue Jabal Bouiblane، valle Ould Amir Street, Rabat', 'review': "mauvais service, la réception n'a rien aidé, il n'y en a qu'un pour tous les clients et elle ne répond pas à nos questions.", 'rating': 1, 'review_date': 'il y a 11 mois'}, {'bank_name': 'Ait lamine Shopping', 'branche_name': 'Ait lamine Shopping 9 Rue Jabal Bouiblane، valle Ould Amir Street, Rabat', 'address': '9 Rue Jabal Bouiblane، valle Ould Amir Street, Rabat', 'review': 'Merci à tous', 'rating': 3, 'review_date': 'il y a 2 ans'}, {'bank_name': 'Ait lamine Shopping', 'branche_name': 'Ait lamine Shopping 9 Rue Jabal Bouiblane، valle Ould Amir Street, Rabat', 'address': '9 Rue Jabal Bouiblane، valle Ould Amir Street, Rabat', 'review': 'Le site Web est-il sorti ?', 'rating': 5, 'review_date': 'il y a 7 ans'}, {'bank_name': 'Ait lamine Shopping', 'branche_name': 'Ait lamine Shopping 9 Rue Jabal Bouiblane، valle Ould Amir Street, Rabat', 'address': '9 Rue Jabal Bouiblane، valle Ould Amir Street, Rabat', 'review': "L'application en ligne s'est améliorée. Je passe de une à 3 étoiles mais reste à améliorer le service...", 'rating': 5, 'review_date': 'il y a 7 ans'}, {'bank_name': 'Ait lamine Shopping', 'branche_name': 'Ait lamine Shopping ensemble immobilier Mahaj Riad, 23, Rabat 10100', 'address': 'ensemble immobilier Mahaj Riad, 23, Rabat 10100', 'review': 'N’en déplaise à toutes les agences bancaires au Maroc, la plus grande tromperie et mensonge sont les banques d’entreprise. « Je parle du souhait d’une banque », étant donné que je suis client et que j’ai un contrat Mourabaha avec l’agence …', 'rating': 4, 'review_date': 'il y a 7 ans'}, {'bank_name': 'Ait lamine Shopping', 'branche_name': 'Ait lamine Shopping ensemble immobilier Mahaj Riad, 23, Rabat 10100', 'address': 'ensemble immobilier Mahaj Riad, 23, Rabat 10100', 'review': 'Excellent service et excellents conseils. Je remercie infiniment tout le personnel et à leur tête  le directeur Mr Rougui. JE recommande vivement 👍 …', 'rating': 5, 'review_date': 'il y a un an'}, {'bank_name': 'Ait lamine Shopping', 'branche_name': 'Ait lamine Shopping ensemble immobilier Mahaj Riad, 23, Rabat 10100', 'address': 'ensemble immobilier Mahaj Riad, 23, Rabat 10100', 'review': 'Bank umnia hay riad avenue attine', 'rating': 1, 'review_date': 'il y a 2 ans'}, {'bank_name': 'Ait lamine Shopping', 'branche_name': 'Ait lamine Shopping ensemble immobilier Mahaj Riad, 23, Rabat 10100', 'address': 'ensemble immobilier Mahaj Riad, 23, Rabat 10100', 'review': "La banque Umnia a un sérieux problème avec la gestion de ses traitements internes. Je ne recommande pas du tout la banque. Vous devez toujours leur rappeler et donner suite à des demandes simples. Au lieu de 2 jours, j'ai fini par attendre 1 mois", 'rating': 1, 'review_date': 'il y a un an'}, {'bank_name': 'Banque Populaire', 'branche_name': 'Banque Populaire 2587+6XX, Av. Mohammed V, Rabat', 'address': '2587+6XX, Av. Mohammed V, Rabat', 'review': "Venir verser de l'argent et etre accueilli par une personne au guichet qui ne comprend rien dans la gestion clientèle est flagrant ..manque d amabilité limite agressif , sans aucune courtoisie....une expérience douloureuse...je ne vous recommande pas....", 'rating': 1, 'review_date': 'il y a un an'}, {'bank_name': 'Banque Populaire', 'branche_name': 'Banque Populaire 2587+6XX, Av. Mohammed V, Rabat', 'address': '2587+6XX, Av. Mohammed V, Rabat', 'review': "Manque de professionnalisme, manque de réactivité. Pas d'accueil, un standard qui ne fait pas son travail et un personnel incompétent..\nje vous déconseille fortement cette agence..", 'rating': 1, 'review_date': 'il y a un an'}, {'bank_name': 'Banque Populaire', 'branche_name': 'Banque Populaire 2587+6XX, Av. Mohammed V, Rabat', 'address': '2587+6XX, Av. Mohammed V, Rabat', 'review': "Agence bien placée au centre ville. Ancien client (+ de 10 ans) de cette agence, jamais déçu par la qualité de service malgré les longues files récurrentes à cause de l'emplacement de l'agence. Seul hic, le stationnement...", 'rating': 1, 'review_date': 'il y a 4 ans'}, {'bank_name': 'Banque Populaire', 'branche_name': 'Banque Populaire 2587+6XX, Av. Mohammed V, Rabat', 'address': '2587+6XX, Av. Mohammed V, Rabat', 'review': "Pour la banque populaires de med 5 a rabat. Ne répond même pas au téléphone de l'agence des appel de la clientèle en plus les autres agence des autres ville ne peuvent même pas vous résoudre un tout petit problème ou ereur", 'rating': 4, 'review_date': 'il y a 7 ans'}, {'bank_name': 'Banque Populaire', 'branche_name': 'Banque Populaire 2587+6XX, Av. Mohammed V, Rabat', 'address': '2587+6XX, Av. Mohammed V, Rabat', 'review': 'Personnel incompétent par rapport à la taille de la banque, la banque populaire doit être plus sélective quant aux profils choisi.', 'rating': 1, 'review_date': 'il y a 5 ans'}, {'bank_name': 'Banque Populaire', 'branche_name': 'Banque Populaire 2587+6XX, Av. Mohammed V, Rabat', 'address': '2587+6XX, Av. Mohammed V, Rabat', 'review': 'Ancienne agence bancaire mais très pratique car bien placée', 'rating': 1, 'review_date': 'il y a 4 ans'}, {'bank_name': 'Banque Populaire', 'branche_name': 'Banque Populaire 2587+6XX, Av. Mohammed V, Rabat', 'address': '2587+6XX, Av. Mohammed V, Rabat', 'review': 'Honteux quand il ya du monde le Personnel se débarrasse des personne âgée et qui savent pas leur droit  avec des fausses excuse, système qui marche pas toujour, impossible de faire un virement vers un compte de la trésorerie sois disant faut allé directement.... Mettez des clients mystère pour évaluer la souffrance de vous clients', 'rating': 1, 'review_date': 'il y a 6 ans'}, {'bank_name': 'Banque Populaire', 'branche_name': 'Banque Populaire 2587+6XX, Av. Mohammed V, Rabat', 'address': '2587+6XX, Av. Mohammed V, Rabat', 'review': 'Qualité service laisse à désirer. Standardistes ne répondent même pas. Personnel peu professionnel. Quelques employés arrogants. Bref je dois changer d agence voire de banque', 'rating': 1, 'review_date': 'il y a 4 ans'}, {'bank_name': 'Banque Populaire', 'branche_name': 'Banque Populaire 2587+6XX, Av. Mohammed V, Rabat', 'address': '2587+6XX, Av. Mohammed V, Rabat', 'review': "Caissier est nul pris par les stagères et veut se débarrasser sans fournir une information fiable (manque d'expérience). L'emplacement est parfait", 'rating': 3, 'review_date': 'il y a 7 ans'}, {'bank_name': 'Banque Populaire', 'branche_name': 'Banque Populaire 2587+6XX, Av. Mohammed V, Rabat', 'address': '2587+6XX, Av. Mohammed V, Rabat', 'review': "L'agent amine c top et serviable. Les autres sans commentaires", 'rating': 2, 'review_date': 'il y a 5 ans'}, {'bank_name': 'Banque Populaire', 'branche_name': 'Banque Populaire X7W7+G22, Sala Al Jadida', 'address': 'X7W7+G22, Sala Al Jadida', 'review': "Je les ai appelés plus de 20 fois, pas de réponse.\nJ'étais", 'rating': 1, 'review_date': 'il y a 3 mois'}, {'bank_name': 'Banque Populaire', 'branche_name': 'Banque Populaire X5H7+C56, Rabat', 'address': 'X5H7+C56, Rabat', 'review': "Ils ne répondent jamais au téléphone c'est un manque de respect pour les clients", 'rating': 5, 'review_date': 'il y a un mois'}, {'bank_name': 'Banque Populaire', 'branche_name': 'Banque Populaire X5H7+C56, Rabat', 'address': 'X5H7+C56, Rabat', 'review': 'Service a la hauteur', 'rating': 5, 'review_date': 'il y a 7 mois'}, {'bank_name': 'Banque Populaire', 'branche_name': 'Banque Populaire X5H7+C56, Rabat', 'address': 'X5H7+C56, Rabat', 'review': 'Je n’ai pas encore de compte dans cette Banque, j’y étais juste pour prendre des informations. J’ai été très bien reçu à la fois par l’agent d’accueil et par le Conseiller qui a répondu à toutes mes questions. Donc premier contact plutôt  positif.', 'rating': 2, 'review_date': 'il y a 4 ans'}, {'bank_name': 'Banque Populaire', 'branche_name': 'Banque Populaire X5H7+C56, Rabat', 'address': 'X5H7+C56, Rabat', 'review': 'Très bonne grande agence, pas trop fréquentée. Le personnel est souriant et pose des questions sur tout.', 'rating': 1, 'review_date': 'il y a 8 mois'}, {'bank_name': 'Banque Populaire', 'branche_name': 'Banque Populaire X5H7+C56, Rabat', 'address': 'X5H7+C56, Rabat', 'review': 'Bien situé juste à côté de la pharmacie al manbat', 'rating': 5, 'review_date': 'il y a 4 ans'}, {'bank_name': 'Banque Populaire', 'branche_name': 'Banque Populaire 6 Av. Omar Ibn Al Khattab, Rabat', 'address': '6 Av. Omar Ibn Al Khattab, Rabat', 'review': 'Bp', 'rating': 1, 'review_date': 'il y a un an'}, {'bank_name': 'Banque Populaire', 'branche_name': 'Banque Populaire 6 Av. Omar Ibn Al Khattab, Rabat', 'address': '6 Av. Omar Ibn Al Khattab, Rabat', 'review': 'Employer désagréables', 'rating': 1, 'review_date': 'il y a 6 ans'}, {'bank_name': 'Banque Populaire', 'branche_name': 'Banque Populaire 6 Av. Omar Ibn Al Khattab, Rabat', 'address': '6 Av. Omar Ibn Al Khattab, Rabat', 'review': 'Vous pouvez retirer de la monnaie locale de votre carte Visa à un distributeur automatique.', 'rating': 3, 'review_date': 'il y a 7 ans'}, {'bank_name': 'Banque Populaire', 'branche_name': 'Banque Populaire 6 Av. Omar Ibn Al Khattab, Rabat', 'address': '6 Av. Omar Ibn Al Khattab, Rabat', 'review': "Bjr le numéro de téléphone de l agence est erroné !! C'est exprès ou une erreur de frappe ? 😁 …", 'rating': 1, 'review_date': 'il y a un an'}, {'bank_name': 'Banque Populaire', 'branche_name': 'Banque Populaire 6 Av. Omar Ibn Al Khattab, Rabat', 'address': '6 Av. Omar Ibn Al Khattab, Rabat', 'review': "Le guichet automatique n'est pas accessible pour les feuilles roulant à cause des escaliers", 'rating': 3, 'review_date': 'il y a 7 ans'}, {'bank_name': 'Banque Populaire', 'branche_name': 'Banque Populaire 6 Av. Omar Ibn Al Khattab, Rabat', 'address': '6 Av. Omar Ibn Al Khattab, Rabat', 'review': 'Escalier qui va lâcher un jour, inaccessible aux personnes à mobilité réduite et guichet qur fonctionne pas les 3/4 du temps.', 'rating': 1, 'review_date': 'il y a 6 ans'}, {'bank_name': 'Banque Populaire', 'branche_name': 'Banque Populaire 6 Av. Omar Ibn Al Khattab, Rabat', 'address': '6 Av. Omar Ibn Al Khattab, Rabat', 'review': 'Informations Google Maps inexactes. fermé samedi matin', 'rating': 5, 'review_date': 'il y a 8 ans'}, {'bank_name': 'Banque Populaire', 'branche_name': 'Banque Populaire X5W2+X8P, Av. Ibn Sina, Rabat', 'address': 'X5W2+X8P, Av. Ibn Sina, Rabat', 'review': "Je suis venu dans cette agence afin d'ouvrir un compte bancaire. Aussi aimable qu'un gardien de prison on me dit d'attendre. Une fois devant la conseillère. On me donne un rendez-vous avant de me dire que vu que je ne suis pas marocain, je peux allez voir ailleur. En somme une véritable perte de temps.", 'rating': 1, 'review_date': 'il y a 2 ans'}, {'bank_name': 'Banque Populaire', 'branche_name': 'Banque Populaire X5W2+X8P, Av. Ibn Sina, Rabat', 'address': 'X5W2+X8P, Av. Ibn Sina, Rabat', 'review': "Je n'arrive pas à trouver le numéro de téléphone ! Ni sur le site chaabi ni ici sur Google", 'rating': 1, 'review_date': 'il y a 2 ans'}, {'bank_name': 'Banque Populaire', 'branche_name': 'Banque Populaire X5W2+X8P, Av. Ibn Sina, Rabat', 'address': 'X5W2+X8P, Av. Ibn Sina, Rabat', 'review': "Service médiocre , application qui n'est pas mis à jour", 'rating': 1, 'review_date': 'il y a 2 ans'}, {'bank_name': 'Banque Populaire', 'branche_name': 'Banque Populaire X5W2+X8P, Av. Ibn Sina, Rabat', 'address': 'X5W2+X8P, Av. Ibn Sina, Rabat', 'review': "J'aurais mis 0 étoile mais ce n'est pas possible. Le pire du service et un personnel qui ne fait simplement pas son travail, aussi ils ne répondent jamais au téléphone. J'ai heureusement changé de banque, impossible de continuer avec cette agence.", 'rating': 1, 'review_date': 'il y a un an'}, {'bank_name': 'Banque Populaire', 'branche_name': 'Banque Populaire X5W2+X8P, Av. Ibn Sina, Rabat', 'address': 'X5W2+X8P, Av. Ibn Sina, Rabat', 'review': 'J’habite à côté de cette agence,elle est juste catastrophique, une caissière insolente,impolie , lente et qui n’est jamais a son poste !!!! Et ça fait des années que ça Dure !!!!!je me demande si la BP a intérêt à embrocher ce genre de personnel !!!!', 'rating': 1, 'review_date': 'il y a 7 ans'}]
[2025-05-09T12:24:58.305+0100] {taskinstance.py:1138} INFO - Marking task as SUCCESS. dag_id=scrape_and_insert_bank_reviews, task_id=extract_data, execution_date=20250509T110713, start_date=20250509T111001, end_date=20250509T112458
[2025-05-09T12:24:58.323+0100] {local_task_job_runner.py:234} INFO - Task exited with return code 0
[2025-05-09T12:24:58.351+0100] {taskinstance.py:3280} INFO - 1 downstream tasks scheduled from follow-on schedule check
