[2025-05-19T16:48:38.351+0100] {taskinstance.py:1956} INFO - Dependencies all met for dep_context=non-requeueable deps ti=<TaskInstance: scrape_and_insert_bank_reviews.run_decision_models manual__2025-05-19T10:58:39.511715+00:00 [queued]>
[2025-05-19T16:48:38.371+0100] {taskinstance.py:1956} INFO - Dependencies all met for dep_context=requeueable deps ti=<TaskInstance: scrape_and_insert_bank_reviews.run_decision_models manual__2025-05-19T10:58:39.511715+00:00 [queued]>
[2025-05-19T16:48:38.374+0100] {taskinstance.py:2170} INFO - Starting attempt 1 of 1
[2025-05-19T16:48:38.412+0100] {taskinstance.py:2191} INFO - Executing <Task(BashOperator): run_decision_models> on 2025-05-19 10:58:39.511715+00:00
[2025-05-19T16:48:38.425+0100] {standard_task_runner.py:60} INFO - Started process 5870 to run task
[2025-05-19T16:48:38.431+0100] {standard_task_runner.py:87} INFO - Running: ['airflow', 'tasks', 'run', 'scrape_and_insert_bank_reviews', 'run_decision_models', 'manual__2025-05-19T10:58:39.511715+00:00', '--job-id', '1940', '--raw', '--subdir', 'DAGS_FOLDER/S_G_M_R.py', '--cfg-path', '/tmp/tmpfl7fw_2t']
[2025-05-19T16:48:38.434+0100] {standard_task_runner.py:88} INFO - Job 1940: Subtask run_decision_models
[2025-05-19T16:48:38.563+0100] {task_command.py:423} INFO - Running <TaskInstance: scrape_and_insert_bank_reviews.run_decision_models manual__2025-05-19T10:58:39.511715+00:00 [running]> on host DESKTOP-RRUTCI2.
[2025-05-19T16:48:39.124+0100] {taskinstance.py:2480} INFO - Exporting env vars: AIRFLOW_CTX_DAG_OWNER='airflow' AIRFLOW_CTX_DAG_ID='scrape_and_insert_bank_reviews' AIRFLOW_CTX_TASK_ID='run_decision_models' AIRFLOW_CTX_EXECUTION_DATE='2025-05-19T10:58:39.511715+00:00' AIRFLOW_CTX_TRY_NUMBER='1' AIRFLOW_CTX_DAG_RUN_ID='manual__2025-05-19T10:58:39.511715+00:00'
[2025-05-19T16:48:39.134+0100] {subprocess.py:63} INFO - Tmp dir root location: /tmp
[2025-05-19T16:48:39.136+0100] {subprocess.py:75} INFO - Running command: ['/usr/bin/bash', '-c', 'cd ~/airflow/dbt_project/models/decision_schema && dbt run']
[2025-05-19T16:48:39.162+0100] {subprocess.py:86} INFO - Output:
[2025-05-19T16:49:05.304+0100] {subprocess.py:93} INFO - [0m15:49:05  Running with dbt=1.8.7
[2025-05-19T16:49:08.215+0100] {subprocess.py:93} INFO - [0m15:49:08  Registered adapter: postgres=1.8.2
[2025-05-19T16:49:14.329+0100] {subprocess.py:93} INFO - [0m15:49:14  [[33mWARNING[0m]: Configuration paths exist in your dbt_project.yml file which do not apply to any resources.
[2025-05-19T16:49:14.331+0100] {subprocess.py:93} INFO - There are 1 unused configuration paths:
[2025-05-19T16:49:14.334+0100] {subprocess.py:93} INFO - - models.dbt_project.forPy
[2025-05-19T16:49:15.323+0100] {subprocess.py:93} INFO - [0m15:49:15  Found 8 models, 1 seed, 4 data tests, 1 source, 540 macros
[2025-05-19T16:49:15.329+0100] {subprocess.py:93} INFO - [0m15:49:15
[2025-05-19T16:49:21.281+0100] {subprocess.py:93} INFO - [0m15:49:21  Concurrency: 4 threads (target='dev')
[2025-05-19T16:49:21.283+0100] {subprocess.py:93} INFO - [0m15:49:21
[2025-05-19T16:49:21.291+0100] {subprocess.py:93} INFO - [0m15:49:21  1 of 8 START sql view model public.clean_bank_reviews .......................... [RUN]
[2025-05-19T16:49:21.295+0100] {subprocess.py:93} INFO - [0m15:49:21  2 of 8 START sql table model public_decision_schema.dim_bank ................... [RUN]
[2025-05-19T16:49:21.297+0100] {subprocess.py:93} INFO - [0m15:49:21  3 of 8 START sql table model public_decision_schema.dim_branch ................. [RUN]
[2025-05-19T16:49:21.299+0100] {subprocess.py:93} INFO - [0m15:49:21  4 of 8 START sql table model public_decision_schema.dim_location ............... [RUN]
[2025-05-19T16:49:22.043+0100] {subprocess.py:93} INFO - [0m15:49:22  1 of 8 OK created sql view model public.clean_bank_reviews ..................... [[32mCREATE VIEW[0m in 0.73s]
[2025-05-19T16:49:22.051+0100] {subprocess.py:93} INFO - [0m15:49:22  2 of 8 OK created sql table model public_decision_schema.dim_bank .............. [[32mSELECT 3[0m in 0.74s]
[2025-05-19T16:49:22.052+0100] {subprocess.py:93} INFO - [0m15:49:22  4 of 8 OK created sql table model public_decision_schema.dim_location .......... [[32mSELECT 23[0m in 0.74s]
[2025-05-19T16:49:22.054+0100] {subprocess.py:93} INFO - [0m15:49:22  3 of 8 OK created sql table model public_decision_schema.dim_branch ............ [[32mSELECT 27[0m in 0.75s]
[2025-05-19T16:49:22.061+0100] {subprocess.py:93} INFO - [0m15:49:22  5 of 8 START sql table model public_decision_schema.dim_sentiment .............. [RUN]
[2025-05-19T16:49:22.066+0100] {subprocess.py:93} INFO - [0m15:49:22  6 of 8 START sql table model public_decision_schema.fact_reviews ............... [RUN]
[2025-05-19T16:49:22.069+0100] {subprocess.py:93} INFO - [0m15:49:22  7 of 8 START sql table model public.my_first_dbt_model ......................... [RUN]
[2025-05-19T16:49:22.304+0100] {subprocess.py:93} INFO - [0m15:49:22  5 of 8 OK created sql table model public_decision_schema.dim_sentiment ......... [[32mSELECT 5[0m in 0.23s]
[2025-05-19T16:49:22.306+0100] {subprocess.py:93} INFO - [0m15:49:22  7 of 8 OK created sql table model public.my_first_dbt_model .................... [[32mSELECT 2[0m in 0.23s]
[2025-05-19T16:49:22.308+0100] {subprocess.py:93} INFO - [0m15:49:22  6 of 8 OK created sql table model public_decision_schema.fact_reviews .......... [[32mSELECT 149[0m in 0.23s]
[2025-05-19T16:49:22.314+0100] {subprocess.py:93} INFO - [0m15:49:22  8 of 8 START sql view model public.my_second_dbt_model ......................... [RUN]
[2025-05-19T16:49:22.400+0100] {subprocess.py:93} INFO - [0m15:49:22  8 of 8 OK created sql view model public.my_second_dbt_model .................... [[32mCREATE VIEW[0m in 0.08s]
[2025-05-19T16:49:22.436+0100] {subprocess.py:93} INFO - [0m15:49:22
[2025-05-19T16:49:22.439+0100] {subprocess.py:93} INFO - [0m15:49:22  Finished running 2 view models, 6 table models in 0 hours 0 minutes and 7.11 seconds (7.11s).
[2025-05-19T16:49:22.540+0100] {subprocess.py:93} INFO - [0m15:49:22
[2025-05-19T16:49:22.546+0100] {subprocess.py:93} INFO - [0m15:49:22  [32mCompleted successfully[0m
[2025-05-19T16:49:22.549+0100] {subprocess.py:93} INFO - [0m15:49:22
[2025-05-19T16:49:22.551+0100] {subprocess.py:93} INFO - [0m15:49:22  Done. PASS=8 WARN=0 ERROR=0 SKIP=0 TOTAL=8
[2025-05-19T16:49:23.882+0100] {subprocess.py:97} INFO - Command exited with return code 0
[2025-05-19T16:49:23.954+0100] {taskinstance.py:1138} INFO - Marking task as SUCCESS. dag_id=scrape_and_insert_bank_reviews, task_id=run_decision_models, execution_date=20250519T105839, start_date=20250519T154838, end_date=20250519T154923
[2025-05-19T16:49:24.020+0100] {local_task_job_runner.py:234} INFO - Task exited with return code 0
[2025-05-19T16:49:24.055+0100] {taskinstance.py:3280} INFO - 0 downstream tasks scheduled from follow-on schedule check
