[2025-05-19T17:17:04.536+0100] {taskinstance.py:1956} INFO - Dependencies all met for dep_context=non-requeueable deps ti=<TaskInstance: scrape_and_insert_bank_reviews.run_decision_models manual__2025-05-19T10:58:39.511715+00:00 [queued]>
[2025-05-19T17:17:04.552+0100] {taskinstance.py:1956} INFO - Dependencies all met for dep_context=requeueable deps ti=<TaskInstance: scrape_and_insert_bank_reviews.run_decision_models manual__2025-05-19T10:58:39.511715+00:00 [queued]>
[2025-05-19T17:17:04.554+0100] {taskinstance.py:2170} INFO - Starting attempt 2 of 2
[2025-05-19T17:17:04.578+0100] {taskinstance.py:2191} INFO - Executing <Task(BashOperator): run_decision_models> on 2025-05-19 10:58:39.511715+00:00
[2025-05-19T17:17:04.587+0100] {standard_task_runner.py:60} INFO - Started process 14322 to run task
[2025-05-19T17:17:04.593+0100] {standard_task_runner.py:87} INFO - Running: ['airflow', 'tasks', 'run', 'scrape_and_insert_bank_reviews', 'run_decision_models', 'manual__2025-05-19T10:58:39.511715+00:00', '--job-id', '1941', '--raw', '--subdir', 'DAGS_FOLDER/S_G_M_R.py', '--cfg-path', '/tmp/tmpozocqx3w']
[2025-05-19T17:17:04.596+0100] {standard_task_runner.py:88} INFO - Job 1941: Subtask run_decision_models
[2025-05-19T17:17:04.705+0100] {task_command.py:423} INFO - Running <TaskInstance: scrape_and_insert_bank_reviews.run_decision_models manual__2025-05-19T10:58:39.511715+00:00 [running]> on host DESKTOP-RRUTCI2.
[2025-05-19T17:17:05.091+0100] {taskinstance.py:2480} INFO - Exporting env vars: AIRFLOW_CTX_DAG_OWNER='airflow' AIRFLOW_CTX_DAG_ID='scrape_and_insert_bank_reviews' AIRFLOW_CTX_TASK_ID='run_decision_models' AIRFLOW_CTX_EXECUTION_DATE='2025-05-19T10:58:39.511715+00:00' AIRFLOW_CTX_TRY_NUMBER='2' AIRFLOW_CTX_DAG_RUN_ID='manual__2025-05-19T10:58:39.511715+00:00'
[2025-05-19T17:17:05.096+0100] {subprocess.py:63} INFO - Tmp dir root location: /tmp
[2025-05-19T17:17:05.098+0100] {subprocess.py:75} INFO - Running command: ['/usr/bin/bash', '-c', 'cd ~/airflow/dbt_project/models/decision_schema && dbt run']
[2025-05-19T17:17:05.113+0100] {subprocess.py:86} INFO - Output:
[2025-05-19T17:17:28.966+0100] {subprocess.py:93} INFO - [0m16:17:28  Running with dbt=1.8.7
[2025-05-19T17:17:31.619+0100] {subprocess.py:93} INFO - [0m16:17:31  Registered adapter: postgres=1.8.2
[2025-05-19T17:17:36.574+0100] {subprocess.py:93} INFO - [0m16:17:36  [[33mWARNING[0m]: Configuration paths exist in your dbt_project.yml file which do not apply to any resources.
[2025-05-19T17:17:36.576+0100] {subprocess.py:93} INFO - There are 1 unused configuration paths:
[2025-05-19T17:17:36.578+0100] {subprocess.py:93} INFO - - models.dbt_project.forPy
[2025-05-19T17:17:37.553+0100] {subprocess.py:93} INFO - [0m16:17:37  Found 8 models, 1 seed, 4 data tests, 1 source, 540 macros
[2025-05-19T17:17:37.559+0100] {subprocess.py:93} INFO - [0m16:17:37
[2025-05-19T17:17:43.709+0100] {subprocess.py:93} INFO - [0m16:17:43  Concurrency: 4 threads (target='dev')
[2025-05-19T17:17:43.711+0100] {subprocess.py:93} INFO - [0m16:17:43
[2025-05-19T17:17:43.718+0100] {subprocess.py:93} INFO - [0m16:17:43  1 of 8 START sql view model public.clean_bank_reviews .......................... [RUN]
[2025-05-19T17:17:43.721+0100] {subprocess.py:93} INFO - [0m16:17:43  2 of 8 START sql table model public_decision_schema.dim_bank ................... [RUN]
[2025-05-19T17:17:43.723+0100] {subprocess.py:93} INFO - [0m16:17:43  3 of 8 START sql table model public_decision_schema.dim_branch ................. [RUN]
[2025-05-19T17:17:43.725+0100] {subprocess.py:93} INFO - [0m16:17:43  4 of 8 START sql table model public_decision_schema.dim_location ............... [RUN]
[2025-05-19T17:17:44.363+0100] {subprocess.py:93} INFO - [0m16:17:44  2 of 8 OK created sql table model public_decision_schema.dim_bank .............. [[32mSELECT 3[0m in 0.63s]
[2025-05-19T17:17:44.371+0100] {subprocess.py:93} INFO - [0m16:17:44  3 of 8 OK created sql table model public_decision_schema.dim_branch ............ [[32mSELECT 27[0m in 0.64s]
[2025-05-19T17:17:44.373+0100] {subprocess.py:93} INFO - [0m16:17:44  1 of 8 OK created sql view model public.clean_bank_reviews ..................... [[32mCREATE VIEW[0m in 0.64s]
[2025-05-19T17:17:44.376+0100] {subprocess.py:93} INFO - [0m16:17:44  4 of 8 OK created sql table model public_decision_schema.dim_location .......... [[32mSELECT 23[0m in 0.64s]
[2025-05-19T17:17:44.379+0100] {subprocess.py:93} INFO - [0m16:17:44  5 of 8 START sql table model public_decision_schema.dim_sentiment .............. [RUN]
[2025-05-19T17:17:44.385+0100] {subprocess.py:93} INFO - [0m16:17:44  6 of 8 START sql table model public_decision_schema.fact_reviews ............... [RUN]
[2025-05-19T17:17:44.387+0100] {subprocess.py:93} INFO - [0m16:17:44  7 of 8 START sql table model public.my_first_dbt_model ......................... [RUN]
[2025-05-19T17:17:44.595+0100] {subprocess.py:93} INFO - [0m16:17:44  5 of 8 OK created sql table model public_decision_schema.dim_sentiment ......... [[32mSELECT 5[0m in 0.21s]
[2025-05-19T17:17:44.597+0100] {subprocess.py:93} INFO - [0m16:17:44  7 of 8 OK created sql table model public.my_first_dbt_model .................... [[32mSELECT 2[0m in 0.20s]
[2025-05-19T17:17:44.599+0100] {subprocess.py:93} INFO - [0m16:17:44  6 of 8 OK created sql table model public_decision_schema.fact_reviews .......... [[32mSELECT 149[0m in 0.20s]
[2025-05-19T17:17:44.613+0100] {subprocess.py:93} INFO - [0m16:17:44  8 of 8 START sql view model public.my_second_dbt_model ......................... [RUN]
[2025-05-19T17:17:44.688+0100] {subprocess.py:93} INFO - [0m16:17:44  8 of 8 OK created sql view model public.my_second_dbt_model .................... [[32mCREATE VIEW[0m in 0.07s]
[2025-05-19T17:17:44.718+0100] {subprocess.py:93} INFO - [0m16:17:44
[2025-05-19T17:17:44.720+0100] {subprocess.py:93} INFO - [0m16:17:44  Finished running 6 table models, 2 view models in 0 hours 0 minutes and 7.16 seconds (7.16s).
[2025-05-19T17:17:44.796+0100] {subprocess.py:93} INFO - [0m16:17:44
[2025-05-19T17:17:44.798+0100] {subprocess.py:93} INFO - [0m16:17:44  [32mCompleted successfully[0m
[2025-05-19T17:17:44.799+0100] {subprocess.py:93} INFO - [0m16:17:44
[2025-05-19T17:17:44.800+0100] {subprocess.py:93} INFO - [0m16:17:44  Done. PASS=8 WARN=0 ERROR=0 SKIP=0 TOTAL=8
[2025-05-19T17:17:46.643+0100] {subprocess.py:97} INFO - Command exited with return code 0
[2025-05-19T17:17:46.707+0100] {taskinstance.py:1138} INFO - Marking task as SUCCESS. dag_id=scrape_and_insert_bank_reviews, task_id=run_decision_models, execution_date=20250519T105839, start_date=20250519T161704, end_date=20250519T161746
[2025-05-19T17:17:46.763+0100] {local_task_job_runner.py:234} INFO - Task exited with return code 0
[2025-05-19T17:17:46.809+0100] {taskinstance.py:3280} INFO - 1 downstream tasks scheduled from follow-on schedule check
