[2025-06-03T11:29:09.441+0100] {taskinstance.py:1956} INFO - Dependencies all met for dep_context=non-requeueable deps ti=<TaskInstance: scrape_and_insert_bank_reviews.extract_links manual__2025-06-03T10:28:16.809474+00:00 [queued]>
[2025-06-03T11:29:09.458+0100] {taskinstance.py:1956} INFO - Dependencies all met for dep_context=requeueable deps ti=<TaskInstance: scrape_and_insert_bank_reviews.extract_links manual__2025-06-03T10:28:16.809474+00:00 [queued]>
[2025-06-03T11:29:09.460+0100] {taskinstance.py:2170} INFO - Starting attempt 1 of 1
[2025-06-03T11:29:09.497+0100] {taskinstance.py:2191} INFO - Executing <Task(PythonOperator): extract_links> on 2025-06-03 10:28:16.809474+00:00
[2025-06-03T11:29:09.509+0100] {standard_task_runner.py:60} INFO - Started process 22864 to run task
[2025-06-03T11:29:09.515+0100] {standard_task_runner.py:87} INFO - Running: ['airflow', 'tasks', 'run', 'scrape_and_insert_bank_reviews', 'extract_links', 'manual__2025-06-03T10:28:16.809474+00:00', '--job-id', '1964', '--raw', '--subdir', 'DAGS_FOLDER/S_G_M_R.py', '--cfg-path', '/tmp/tmp1z39rrqd']
[2025-06-03T11:29:09.519+0100] {standard_task_runner.py:88} INFO - Job 1964: Subtask extract_links
[2025-06-03T11:29:09.641+0100] {task_command.py:423} INFO - Running <TaskInstance: scrape_and_insert_bank_reviews.extract_links manual__2025-06-03T10:28:16.809474+00:00 [running]> on host DESKTOP-RRUTCI2.localdomain
[2025-06-03T11:29:10.115+0100] {taskinstance.py:2480} INFO - Exporting env vars: AIRFLOW_CTX_DAG_OWNER='airflow' AIRFLOW_CTX_DAG_ID='scrape_and_insert_bank_reviews' AIRFLOW_CTX_TASK_ID='extract_links' AIRFLOW_CTX_EXECUTION_DATE='2025-06-03T10:28:16.809474+00:00' AIRFLOW_CTX_TRY_NUMBER='1' AIRFLOW_CTX_DAG_RUN_ID='manual__2025-06-03T10:28:16.809474+00:00'
[2025-06-03T11:29:24.909+0100] {logging_mixin.py:188} INFO - 🔄 Page: https://www.google.com/maps/search/Attijariwafa+Bank+Casablanca/@31.6237775,-8.0611631,14059m/data=!3m2!1e3!4b1!5m1!1e1?entry=ttu&g_ep=EgoyMDI1MDUwNy4wIKXMDSoASAFQAw%3D%3D | Scroll 1: Found 0 links.
[2025-06-03T11:29:35.016+0100] {logging_mixin.py:188} INFO - ⚠️ Scrolling Error: Message: 
Stacktrace:
#0 0x589c957aeffa <unknown>
#1 0x589c9526d970 <unknown>
#2 0x589c952bf385 <unknown>
#3 0x589c952bf5b1 <unknown>
#4 0x589c9530e3c4 <unknown>
#5 0x589c952e52bd <unknown>
#6 0x589c9530b70c <unknown>
#7 0x589c952e5063 <unknown>
#8 0x589c952b1328 <unknown>
#9 0x589c952b2491 <unknown>
#10 0x589c9577642b <unknown>
#11 0x589c9577a2ec <unknown>
#12 0x589c9575da22 <unknown>
#13 0x589c9577ae64 <unknown>
#14 0x589c95741bef <unknown>
#15 0x589c9579d558 <unknown>
#16 0x589c9579d736 <unknown>
#17 0x589c957ade76 <unknown>
#18 0x73b6a830b609 start_thread
[2025-06-03T11:29:45.486+0100] {logging_mixin.py:188} INFO - ⚠️ No new links loaded after scrolling. Retrying...
[2025-06-03T11:29:50.511+0100] {logging_mixin.py:188} INFO - 🔄 Page: https://www.google.com/maps/search/Attijariwafa+Bank+Casablanca/@31.6237775,-8.0611631,14059m/data=!3m2!1e3!4b1!5m1!1e1?entry=ttu&g_ep=EgoyMDI1MDUwNy4wIKXMDSoASAFQAw%3D%3D | Scroll 2: Found 0 links.
[2025-06-03T11:30:00.617+0100] {logging_mixin.py:188} INFO - ⚠️ Scrolling Error: Message: 
Stacktrace:
#0 0x589c957aeffa <unknown>
#1 0x589c9526d970 <unknown>
#2 0x589c952bf385 <unknown>
#3 0x589c952bf5b1 <unknown>
#4 0x589c9530e3c4 <unknown>
#5 0x589c952e52bd <unknown>
#6 0x589c9530b70c <unknown>
#7 0x589c952e5063 <unknown>
#8 0x589c952b1328 <unknown>
#9 0x589c952b2491 <unknown>
#10 0x589c9577642b <unknown>
#11 0x589c9577a2ec <unknown>
#12 0x589c9575da22 <unknown>
#13 0x589c9577ae64 <unknown>
#14 0x589c95741bef <unknown>
#15 0x589c9579d558 <unknown>
#16 0x589c9579d736 <unknown>
#17 0x589c957ade76 <unknown>
#18 0x73b6a830b609 start_thread
[2025-06-03T11:30:11.018+0100] {logging_mixin.py:188} INFO - ⚠️ No new links loaded after scrolling. Retrying...
[2025-06-03T11:30:16.046+0100] {logging_mixin.py:188} INFO - 🔄 Page: https://www.google.com/maps/search/Attijariwafa+Bank+Casablanca/@31.6237775,-8.0611631,14059m/data=!3m2!1e3!4b1!5m1!1e1?entry=ttu&g_ep=EgoyMDI1MDUwNy4wIKXMDSoASAFQAw%3D%3D | Scroll 3: Found 0 links.
[2025-06-03T11:30:26.185+0100] {logging_mixin.py:188} INFO - ⚠️ Scrolling Error: Message: 
Stacktrace:
#0 0x589c957aeffa <unknown>
#1 0x589c9526d970 <unknown>
#2 0x589c952bf385 <unknown>
#3 0x589c952bf5b1 <unknown>
#4 0x589c9530e3c4 <unknown>
#5 0x589c952e52bd <unknown>
#6 0x589c9530b70c <unknown>
#7 0x589c952e5063 <unknown>
#8 0x589c952b1328 <unknown>
#9 0x589c952b2491 <unknown>
#10 0x589c9577642b <unknown>
#11 0x589c9577a2ec <unknown>
#12 0x589c9575da22 <unknown>
#13 0x589c9577ae64 <unknown>
#14 0x589c95741bef <unknown>
#15 0x589c9579d558 <unknown>
#16 0x589c9579d736 <unknown>
#17 0x589c957ade76 <unknown>
#18 0x73b6a830b609 start_thread
[2025-06-03T11:30:36.591+0100] {logging_mixin.py:188} INFO - ⚠️ No new links loaded after scrolling. Retrying...
[2025-06-03T11:30:41.613+0100] {logging_mixin.py:188} INFO - 🔄 Page: https://www.google.com/maps/search/Attijariwafa+Bank+Casablanca/@31.6237775,-8.0611631,14059m/data=!3m2!1e3!4b1!5m1!1e1?entry=ttu&g_ep=EgoyMDI1MDUwNy4wIKXMDSoASAFQAw%3D%3D | Scroll 4: Found 0 links.
[2025-06-03T11:30:51.657+0100] {logging_mixin.py:188} INFO - ⚠️ Scrolling Error: Message: 
Stacktrace:
#0 0x589c957aeffa <unknown>
#1 0x589c9526d970 <unknown>
#2 0x589c952bf385 <unknown>
#3 0x589c952bf5b1 <unknown>
#4 0x589c9530e3c4 <unknown>
#5 0x589c952e52bd <unknown>
#6 0x589c9530b70c <unknown>
#7 0x589c952e5063 <unknown>
#8 0x589c952b1328 <unknown>
#9 0x589c952b2491 <unknown>
#10 0x589c9577642b <unknown>
#11 0x589c9577a2ec <unknown>
#12 0x589c9575da22 <unknown>
#13 0x589c9577ae64 <unknown>
#14 0x589c95741bef <unknown>
#15 0x589c9579d558 <unknown>
#16 0x589c9579d736 <unknown>
#17 0x589c957ade76 <unknown>
#18 0x73b6a830b609 start_thread
[2025-06-03T11:31:02.074+0100] {logging_mixin.py:188} INFO - ⚠️ No new links loaded after scrolling. Retrying...
[2025-06-03T11:31:07.942+0100] {logging_mixin.py:188} INFO - 🔄 Page: https://www.google.com/maps/search/Attijariwafa+Bank+Rabat/@31.6237775,-8.0611631,14059m/data=!3m2!1e3!4b1!5m1!1e1?entry=ttu&g_ep=EgoyMDI1MDUwNy4wIKXMDSoASAFQAw%3D%3D | Scroll 1: Found 0 links.
[2025-06-03T11:31:18.114+0100] {logging_mixin.py:188} INFO - ⚠️ Scrolling Error: Message: 
Stacktrace:
#0 0x589c957aeffa <unknown>
#1 0x589c9526d970 <unknown>
#2 0x589c952bf385 <unknown>
#3 0x589c952bf5b1 <unknown>
#4 0x589c9530e3c4 <unknown>
#5 0x589c952e52bd <unknown>
#6 0x589c9530b70c <unknown>
#7 0x589c952e5063 <unknown>
#8 0x589c952b1328 <unknown>
#9 0x589c952b2491 <unknown>
#10 0x589c9577642b <unknown>
#11 0x589c9577a2ec <unknown>
#12 0x589c9575da22 <unknown>
#13 0x589c9577ae64 <unknown>
#14 0x589c95741bef <unknown>
#15 0x589c9579d558 <unknown>
#16 0x589c9579d736 <unknown>
#17 0x589c957ade76 <unknown>
#18 0x73b6a830b609 start_thread
[2025-06-03T11:31:28.533+0100] {logging_mixin.py:188} INFO - ⚠️ No new links loaded after scrolling. Retrying...
[2025-06-03T11:31:33.560+0100] {logging_mixin.py:188} INFO - 🔄 Page: https://www.google.com/maps/search/Attijariwafa+Bank+Rabat/@31.6237775,-8.0611631,14059m/data=!3m2!1e3!4b1!5m1!1e1?entry=ttu&g_ep=EgoyMDI1MDUwNy4wIKXMDSoASAFQAw%3D%3D | Scroll 2: Found 0 links.
[2025-06-03T11:31:43.684+0100] {logging_mixin.py:188} INFO - ⚠️ Scrolling Error: Message: 
Stacktrace:
#0 0x589c957aeffa <unknown>
#1 0x589c9526d970 <unknown>
#2 0x589c952bf385 <unknown>
#3 0x589c952bf5b1 <unknown>
#4 0x589c9530e3c4 <unknown>
#5 0x589c952e52bd <unknown>
#6 0x589c9530b70c <unknown>
#7 0x589c952e5063 <unknown>
#8 0x589c952b1328 <unknown>
#9 0x589c952b2491 <unknown>
#10 0x589c9577642b <unknown>
#11 0x589c9577a2ec <unknown>
#12 0x589c9575da22 <unknown>
#13 0x589c9577ae64 <unknown>
#14 0x589c95741bef <unknown>
#15 0x589c9579d558 <unknown>
#16 0x589c9579d736 <unknown>
#17 0x589c957ade76 <unknown>
#18 0x73b6a830b609 start_thread
[2025-06-03T11:31:54.088+0100] {logging_mixin.py:188} INFO - ⚠️ No new links loaded after scrolling. Retrying...
[2025-06-03T11:31:59.111+0100] {logging_mixin.py:188} INFO - 🔄 Page: https://www.google.com/maps/search/Attijariwafa+Bank+Rabat/@31.6237775,-8.0611631,14059m/data=!3m2!1e3!4b1!5m1!1e1?entry=ttu&g_ep=EgoyMDI1MDUwNy4wIKXMDSoASAFQAw%3D%3D | Scroll 3: Found 0 links.
[2025-06-03T11:32:09.269+0100] {logging_mixin.py:188} INFO - ⚠️ Scrolling Error: Message: 
Stacktrace:
#0 0x589c957aeffa <unknown>
#1 0x589c9526d970 <unknown>
#2 0x589c952bf385 <unknown>
#3 0x589c952bf5b1 <unknown>
#4 0x589c9530e3c4 <unknown>
#5 0x589c952e52bd <unknown>
#6 0x589c9530b70c <unknown>
#7 0x589c952e5063 <unknown>
#8 0x589c952b1328 <unknown>
#9 0x589c952b2491 <unknown>
#10 0x589c9577642b <unknown>
#11 0x589c9577a2ec <unknown>
#12 0x589c9575da22 <unknown>
#13 0x589c9577ae64 <unknown>
#14 0x589c95741bef <unknown>
#15 0x589c9579d558 <unknown>
#16 0x589c9579d736 <unknown>
#17 0x589c957ade76 <unknown>
#18 0x73b6a830b609 start_thread
[2025-06-03T11:32:19.759+0100] {logging_mixin.py:188} INFO - ⚠️ No new links loaded after scrolling. Retrying...
[2025-06-03T11:32:24.803+0100] {logging_mixin.py:188} INFO - 🔄 Page: https://www.google.com/maps/search/Attijariwafa+Bank+Rabat/@31.6237775,-8.0611631,14059m/data=!3m2!1e3!4b1!5m1!1e1?entry=ttu&g_ep=EgoyMDI1MDUwNy4wIKXMDSoASAFQAw%3D%3D | Scroll 4: Found 0 links.
[2025-06-03T11:32:34.966+0100] {logging_mixin.py:188} INFO - ⚠️ Scrolling Error: Message: 
Stacktrace:
#0 0x589c957aeffa <unknown>
#1 0x589c9526d970 <unknown>
#2 0x589c952bf385 <unknown>
#3 0x589c952bf5b1 <unknown>
#4 0x589c9530e3c4 <unknown>
#5 0x589c952e52bd <unknown>
#6 0x589c9530b70c <unknown>
#7 0x589c952e5063 <unknown>
#8 0x589c952b1328 <unknown>
#9 0x589c952b2491 <unknown>
#10 0x589c9577642b <unknown>
#11 0x589c9577a2ec <unknown>
#12 0x589c9575da22 <unknown>
#13 0x589c9577ae64 <unknown>
#14 0x589c95741bef <unknown>
#15 0x589c9579d558 <unknown>
#16 0x589c9579d736 <unknown>
#17 0x589c957ade76 <unknown>
#18 0x73b6a830b609 start_thread
[2025-06-03T11:32:45.433+0100] {logging_mixin.py:188} INFO - ⚠️ No new links loaded after scrolling. Retrying...
[2025-06-03T11:33:00.665+0100] {logging_mixin.py:188} INFO - 🔄 Page: https://www.google.com/maps/search/Attijariwafa+Bank+Marrakech/@31.6237775,-8.0611631,14059m/data=!3m2!1e3!4b1!5m1!1e1?entry=ttu&g_ep=EgoyMDI1MDUwNy4wIKXMDSoASAFQAw%3D%3D | Scroll 1: Found 0 links.
[2025-06-03T11:33:10.749+0100] {logging_mixin.py:188} INFO - ⚠️ Scrolling Error: Message: 
Stacktrace:
#0 0x589c957aeffa <unknown>
#1 0x589c9526d970 <unknown>
#2 0x589c952bf385 <unknown>
#3 0x589c952bf5b1 <unknown>
#4 0x589c9530e3c4 <unknown>
#5 0x589c952e52bd <unknown>
#6 0x589c9530b70c <unknown>
#7 0x589c952e5063 <unknown>
#8 0x589c952b1328 <unknown>
#9 0x589c952b2491 <unknown>
#10 0x589c9577642b <unknown>
#11 0x589c9577a2ec <unknown>
#12 0x589c9575da22 <unknown>
#13 0x589c9577ae64 <unknown>
#14 0x589c95741bef <unknown>
#15 0x589c9579d558 <unknown>
#16 0x589c9579d736 <unknown>
#17 0x589c957ade76 <unknown>
#18 0x73b6a830b609 start_thread
[2025-06-03T11:33:21.194+0100] {logging_mixin.py:188} INFO - ⚠️ No new links loaded after scrolling. Retrying...
[2025-06-03T11:33:26.234+0100] {logging_mixin.py:188} INFO - 🔄 Page: https://www.google.com/maps/search/Attijariwafa+Bank+Marrakech/@31.6237775,-8.0611631,14059m/data=!3m2!1e3!4b1!5m1!1e1?entry=ttu&g_ep=EgoyMDI1MDUwNy4wIKXMDSoASAFQAw%3D%3D | Scroll 2: Found 0 links.
[2025-06-03T11:33:36.498+0100] {logging_mixin.py:188} INFO - ⚠️ Scrolling Error: Message: 
Stacktrace:
#0 0x589c957aeffa <unknown>
#1 0x589c9526d970 <unknown>
#2 0x589c952bf385 <unknown>
#3 0x589c952bf5b1 <unknown>
#4 0x589c9530e3c4 <unknown>
#5 0x589c952e52bd <unknown>
#6 0x589c9530b70c <unknown>
#7 0x589c952e5063 <unknown>
#8 0x589c952b1328 <unknown>
#9 0x589c952b2491 <unknown>
#10 0x589c9577642b <unknown>
#11 0x589c9577a2ec <unknown>
#12 0x589c9575da22 <unknown>
#13 0x589c9577ae64 <unknown>
#14 0x589c95741bef <unknown>
#15 0x589c9579d558 <unknown>
#16 0x589c9579d736 <unknown>
#17 0x589c957ade76 <unknown>
#18 0x73b6a830b609 start_thread
[2025-06-03T11:33:47.001+0100] {logging_mixin.py:188} INFO - ⚠️ No new links loaded after scrolling. Retrying...
[2025-06-03T11:33:52.033+0100] {logging_mixin.py:188} INFO - 🔄 Page: https://www.google.com/maps/search/Attijariwafa+Bank+Marrakech/@31.6237775,-8.0611631,14059m/data=!3m2!1e3!4b1!5m1!1e1?entry=ttu&g_ep=EgoyMDI1MDUwNy4wIKXMDSoASAFQAw%3D%3D | Scroll 3: Found 0 links.
[2025-06-03T11:34:02.308+0100] {logging_mixin.py:188} INFO - ⚠️ Scrolling Error: Message: 
Stacktrace:
#0 0x589c957aeffa <unknown>
#1 0x589c9526d970 <unknown>
#2 0x589c952bf385 <unknown>
#3 0x589c952bf5b1 <unknown>
#4 0x589c9530e3c4 <unknown>
#5 0x589c952e52bd <unknown>
#6 0x589c9530b70c <unknown>
#7 0x589c952e5063 <unknown>
#8 0x589c952b1328 <unknown>
#9 0x589c952b2491 <unknown>
#10 0x589c9577642b <unknown>
#11 0x589c9577a2ec <unknown>
#12 0x589c9575da22 <unknown>
#13 0x589c9577ae64 <unknown>
#14 0x589c95741bef <unknown>
#15 0x589c9579d558 <unknown>
#16 0x589c9579d736 <unknown>
#17 0x589c957ade76 <unknown>
#18 0x73b6a830b609 start_thread
[2025-06-03T11:34:12.784+0100] {logging_mixin.py:188} INFO - ⚠️ No new links loaded after scrolling. Retrying...
[2025-06-03T11:34:17.808+0100] {logging_mixin.py:188} INFO - 🔄 Page: https://www.google.com/maps/search/Attijariwafa+Bank+Marrakech/@31.6237775,-8.0611631,14059m/data=!3m2!1e3!4b1!5m1!1e1?entry=ttu&g_ep=EgoyMDI1MDUwNy4wIKXMDSoASAFQAw%3D%3D | Scroll 4: Found 0 links.
[2025-06-03T11:34:27.914+0100] {logging_mixin.py:188} INFO - ⚠️ Scrolling Error: Message: 
Stacktrace:
#0 0x589c957aeffa <unknown>
#1 0x589c9526d970 <unknown>
#2 0x589c952bf385 <unknown>
#3 0x589c952bf5b1 <unknown>
#4 0x589c9530e3c4 <unknown>
#5 0x589c952e52bd <unknown>
#6 0x589c9530b70c <unknown>
#7 0x589c952e5063 <unknown>
#8 0x589c952b1328 <unknown>
#9 0x589c952b2491 <unknown>
#10 0x589c9577642b <unknown>
#11 0x589c9577a2ec <unknown>
#12 0x589c9575da22 <unknown>
#13 0x589c9577ae64 <unknown>
#14 0x589c95741bef <unknown>
#15 0x589c9579d558 <unknown>
#16 0x589c9579d736 <unknown>
#17 0x589c957ade76 <unknown>
#18 0x73b6a830b609 start_thread
[2025-06-03T11:34:38.379+0100] {logging_mixin.py:188} INFO - ⚠️ No new links loaded after scrolling. Retrying...
[2025-06-03T11:34:45.517+0100] {logging_mixin.py:188} INFO - 🔄 Page: https://www.google.com/maps/search/Attijariwafa+Bank+Fes/@31.6237775,-8.0611631,14059m/data=!3m2!1e3!4b1!5m1!1e1?entry=ttu&g_ep=EgoyMDI1MDUwNy4wIKXMDSoASAFQAw%3D%3D | Scroll 1: Found 0 links.
[2025-06-03T11:34:55.740+0100] {logging_mixin.py:188} INFO - ⚠️ Scrolling Error: Message: 
Stacktrace:
#0 0x589c957aeffa <unknown>
#1 0x589c9526d970 <unknown>
#2 0x589c952bf385 <unknown>
#3 0x589c952bf5b1 <unknown>
#4 0x589c9530e3c4 <unknown>
#5 0x589c952e52bd <unknown>
#6 0x589c9530b70c <unknown>
#7 0x589c952e5063 <unknown>
#8 0x589c952b1328 <unknown>
#9 0x589c952b2491 <unknown>
#10 0x589c9577642b <unknown>
#11 0x589c9577a2ec <unknown>
#12 0x589c9575da22 <unknown>
#13 0x589c9577ae64 <unknown>
#14 0x589c95741bef <unknown>
#15 0x589c9579d558 <unknown>
#16 0x589c9579d736 <unknown>
#17 0x589c957ade76 <unknown>
#18 0x73b6a830b609 start_thread
[2025-06-03T11:35:06.179+0100] {logging_mixin.py:188} INFO - ⚠️ No new links loaded after scrolling. Retrying...
[2025-06-03T11:35:11.203+0100] {logging_mixin.py:188} INFO - 🔄 Page: https://www.google.com/maps/search/Attijariwafa+Bank+Fes/@31.6237775,-8.0611631,14059m/data=!3m2!1e3!4b1!5m1!1e1?entry=ttu&g_ep=EgoyMDI1MDUwNy4wIKXMDSoASAFQAw%3D%3D | Scroll 2: Found 0 links.
[2025-06-03T11:35:21.224+0100] {logging_mixin.py:188} INFO - ⚠️ Scrolling Error: Message: 
Stacktrace:
#0 0x589c957aeffa <unknown>
#1 0x589c9526d970 <unknown>
#2 0x589c952bf385 <unknown>
#3 0x589c952bf5b1 <unknown>
#4 0x589c9530e3c4 <unknown>
#5 0x589c952e52bd <unknown>
#6 0x589c9530b70c <unknown>
#7 0x589c952e5063 <unknown>
#8 0x589c952b1328 <unknown>
#9 0x589c952b2491 <unknown>
#10 0x589c9577642b <unknown>
#11 0x589c9577a2ec <unknown>
#12 0x589c9575da22 <unknown>
#13 0x589c9577ae64 <unknown>
#14 0x589c95741bef <unknown>
#15 0x589c9579d558 <unknown>
#16 0x589c9579d736 <unknown>
#17 0x589c957ade76 <unknown>
#18 0x73b6a830b609 start_thread
[2025-06-03T11:35:31.600+0100] {logging_mixin.py:188} INFO - ⚠️ No new links loaded after scrolling. Retrying...
[2025-06-03T11:35:36.622+0100] {logging_mixin.py:188} INFO - 🔄 Page: https://www.google.com/maps/search/Attijariwafa+Bank+Fes/@31.6237775,-8.0611631,14059m/data=!3m2!1e3!4b1!5m1!1e1?entry=ttu&g_ep=EgoyMDI1MDUwNy4wIKXMDSoASAFQAw%3D%3D | Scroll 3: Found 0 links.
[2025-06-03T11:35:46.681+0100] {logging_mixin.py:188} INFO - ⚠️ Scrolling Error: Message: 
Stacktrace:
#0 0x589c957aeffa <unknown>
#1 0x589c9526d970 <unknown>
#2 0x589c952bf385 <unknown>
#3 0x589c952bf5b1 <unknown>
#4 0x589c9530e3c4 <unknown>
#5 0x589c952e52bd <unknown>
#6 0x589c9530b70c <unknown>
#7 0x589c952e5063 <unknown>
#8 0x589c952b1328 <unknown>
#9 0x589c952b2491 <unknown>
#10 0x589c9577642b <unknown>
#11 0x589c9577a2ec <unknown>
#12 0x589c9575da22 <unknown>
#13 0x589c9577ae64 <unknown>
#14 0x589c95741bef <unknown>
#15 0x589c9579d558 <unknown>
#16 0x589c9579d736 <unknown>
#17 0x589c957ade76 <unknown>
#18 0x73b6a830b609 start_thread
[2025-06-03T11:35:57.200+0100] {logging_mixin.py:188} INFO - ⚠️ No new links loaded after scrolling. Retrying...
[2025-06-03T11:36:02.227+0100] {logging_mixin.py:188} INFO - 🔄 Page: https://www.google.com/maps/search/Attijariwafa+Bank+Fes/@31.6237775,-8.0611631,14059m/data=!3m2!1e3!4b1!5m1!1e1?entry=ttu&g_ep=EgoyMDI1MDUwNy4wIKXMDSoASAFQAw%3D%3D | Scroll 4: Found 0 links.
[2025-06-03T11:36:12.288+0100] {logging_mixin.py:188} INFO - ⚠️ Scrolling Error: Message: 
Stacktrace:
#0 0x589c957aeffa <unknown>
#1 0x589c9526d970 <unknown>
#2 0x589c952bf385 <unknown>
#3 0x589c952bf5b1 <unknown>
#4 0x589c9530e3c4 <unknown>
#5 0x589c952e52bd <unknown>
#6 0x589c9530b70c <unknown>
#7 0x589c952e5063 <unknown>
#8 0x589c952b1328 <unknown>
#9 0x589c952b2491 <unknown>
#10 0x589c9577642b <unknown>
#11 0x589c9577a2ec <unknown>
#12 0x589c9575da22 <unknown>
#13 0x589c9577ae64 <unknown>
#14 0x589c95741bef <unknown>
#15 0x589c9579d558 <unknown>
#16 0x589c9579d736 <unknown>
#17 0x589c957ade76 <unknown>
#18 0x73b6a830b609 start_thread
[2025-06-03T11:36:22.675+0100] {logging_mixin.py:188} INFO - ⚠️ No new links loaded after scrolling. Retrying...
[2025-06-03T11:36:28.988+0100] {logging_mixin.py:188} INFO - 🔄 Page: https://www.google.com/maps/search/Attijariwafa+Bank+Tangier/@31.6237775,-8.0611631,14059m/data=!3m2!1e3!4b1!5m1!1e1?entry=ttu&g_ep=EgoyMDI1MDUwNy4wIKXMDSoASAFQAw%3D%3D | Scroll 1: Found 0 links.
[2025-06-03T11:36:39.124+0100] {logging_mixin.py:188} INFO - ⚠️ Scrolling Error: Message: 
Stacktrace:
#0 0x589c957aeffa <unknown>
#1 0x589c9526d970 <unknown>
#2 0x589c952bf385 <unknown>
#3 0x589c952bf5b1 <unknown>
#4 0x589c9530e3c4 <unknown>
#5 0x589c952e52bd <unknown>
#6 0x589c9530b70c <unknown>
#7 0x589c952e5063 <unknown>
#8 0x589c952b1328 <unknown>
#9 0x589c952b2491 <unknown>
#10 0x589c9577642b <unknown>
#11 0x589c9577a2ec <unknown>
#12 0x589c9575da22 <unknown>
#13 0x589c9577ae64 <unknown>
#14 0x589c95741bef <unknown>
#15 0x589c9579d558 <unknown>
#16 0x589c9579d736 <unknown>
#17 0x589c957ade76 <unknown>
#18 0x73b6a830b609 start_thread
[2025-06-03T11:36:49.640+0100] {logging_mixin.py:188} INFO - ⚠️ No new links loaded after scrolling. Retrying...
[2025-06-03T11:36:54.685+0100] {logging_mixin.py:188} INFO - 🔄 Page: https://www.google.com/maps/search/Attijariwafa+Bank+Tangier/@31.6237775,-8.0611631,14059m/data=!3m2!1e3!4b1!5m1!1e1?entry=ttu&g_ep=EgoyMDI1MDUwNy4wIKXMDSoASAFQAw%3D%3D | Scroll 2: Found 0 links.
[2025-06-03T11:37:04.857+0100] {logging_mixin.py:188} INFO - ⚠️ Scrolling Error: Message: 
Stacktrace:
#0 0x589c957aeffa <unknown>
#1 0x589c9526d970 <unknown>
#2 0x589c952bf385 <unknown>
#3 0x589c952bf5b1 <unknown>
#4 0x589c9530e3c4 <unknown>
#5 0x589c952e52bd <unknown>
#6 0x589c9530b70c <unknown>
#7 0x589c952e5063 <unknown>
#8 0x589c952b1328 <unknown>
#9 0x589c952b2491 <unknown>
#10 0x589c9577642b <unknown>
#11 0x589c9577a2ec <unknown>
#12 0x589c9575da22 <unknown>
#13 0x589c9577ae64 <unknown>
#14 0x589c95741bef <unknown>
#15 0x589c9579d558 <unknown>
#16 0x589c9579d736 <unknown>
#17 0x589c957ade76 <unknown>
#18 0x73b6a830b609 start_thread
[2025-06-03T11:37:15.269+0100] {logging_mixin.py:188} INFO - ⚠️ No new links loaded after scrolling. Retrying...
[2025-06-03T11:37:20.292+0100] {logging_mixin.py:188} INFO - 🔄 Page: https://www.google.com/maps/search/Attijariwafa+Bank+Tangier/@31.6237775,-8.0611631,14059m/data=!3m2!1e3!4b1!5m1!1e1?entry=ttu&g_ep=EgoyMDI1MDUwNy4wIKXMDSoASAFQAw%3D%3D | Scroll 3: Found 0 links.
[2025-06-03T11:37:30.337+0100] {logging_mixin.py:188} INFO - ⚠️ Scrolling Error: Message: 
Stacktrace:
#0 0x589c957aeffa <unknown>
#1 0x589c9526d970 <unknown>
#2 0x589c952bf385 <unknown>
#3 0x589c952bf5b1 <unknown>
#4 0x589c9530e3c4 <unknown>
#5 0x589c952e52bd <unknown>
#6 0x589c9530b70c <unknown>
#7 0x589c952e5063 <unknown>
#8 0x589c952b1328 <unknown>
#9 0x589c952b2491 <unknown>
#10 0x589c9577642b <unknown>
#11 0x589c9577a2ec <unknown>
#12 0x589c9575da22 <unknown>
#13 0x589c9577ae64 <unknown>
#14 0x589c95741bef <unknown>
#15 0x589c9579d558 <unknown>
#16 0x589c9579d736 <unknown>
#17 0x589c957ade76 <unknown>
#18 0x73b6a830b609 start_thread
[2025-06-03T11:37:40.795+0100] {logging_mixin.py:188} INFO - ⚠️ No new links loaded after scrolling. Retrying...
[2025-06-03T11:37:45.832+0100] {logging_mixin.py:188} INFO - 🔄 Page: https://www.google.com/maps/search/Attijariwafa+Bank+Tangier/@31.6237775,-8.0611631,14059m/data=!3m2!1e3!4b1!5m1!1e1?entry=ttu&g_ep=EgoyMDI1MDUwNy4wIKXMDSoASAFQAw%3D%3D | Scroll 4: Found 0 links.
[2025-06-03T11:37:55.919+0100] {logging_mixin.py:188} INFO - ⚠️ Scrolling Error: Message: 
Stacktrace:
#0 0x589c957aeffa <unknown>
#1 0x589c9526d970 <unknown>
#2 0x589c952bf385 <unknown>
#3 0x589c952bf5b1 <unknown>
#4 0x589c9530e3c4 <unknown>
#5 0x589c952e52bd <unknown>
#6 0x589c9530b70c <unknown>
#7 0x589c952e5063 <unknown>
#8 0x589c952b1328 <unknown>
#9 0x589c952b2491 <unknown>
#10 0x589c9577642b <unknown>
#11 0x589c9577a2ec <unknown>
#12 0x589c9575da22 <unknown>
#13 0x589c9577ae64 <unknown>
#14 0x589c95741bef <unknown>
#15 0x589c9579d558 <unknown>
#16 0x589c9579d736 <unknown>
#17 0x589c957ade76 <unknown>
#18 0x73b6a830b609 start_thread
[2025-06-03T11:38:06.344+0100] {logging_mixin.py:188} INFO - ⚠️ No new links loaded after scrolling. Retrying...
[2025-06-03T11:38:11.868+0100] {logging_mixin.py:188} INFO - 🔄 Page: https://www.google.com/maps/search/Attijariwafa+Bank+Agadir/@31.6237775,-8.0611631,14059m/data=!3m2!1e3!4b1!5m1!1e1?entry=ttu&g_ep=EgoyMDI1MDUwNy4wIKXMDSoASAFQAw%3D%3D | Scroll 1: Found 0 links.
[2025-06-03T11:38:21.900+0100] {logging_mixin.py:188} INFO - ⚠️ Scrolling Error: Message: 
Stacktrace:
#0 0x589c957aeffa <unknown>
#1 0x589c9526d970 <unknown>
#2 0x589c952bf385 <unknown>
#3 0x589c952bf5b1 <unknown>
#4 0x589c9530e3c4 <unknown>
#5 0x589c952e52bd <unknown>
#6 0x589c9530b70c <unknown>
#7 0x589c952e5063 <unknown>
#8 0x589c952b1328 <unknown>
#9 0x589c952b2491 <unknown>
#10 0x589c9577642b <unknown>
#11 0x589c9577a2ec <unknown>
#12 0x589c9575da22 <unknown>
#13 0x589c9577ae64 <unknown>
#14 0x589c95741bef <unknown>
#15 0x589c9579d558 <unknown>
#16 0x589c9579d736 <unknown>
#17 0x589c957ade76 <unknown>
#18 0x73b6a830b609 start_thread
[2025-06-03T11:38:32.295+0100] {logging_mixin.py:188} INFO - ⚠️ No new links loaded after scrolling. Retrying...
[2025-06-03T11:38:37.320+0100] {logging_mixin.py:188} INFO - 🔄 Page: https://www.google.com/maps/search/Attijariwafa+Bank+Agadir/@31.6237775,-8.0611631,14059m/data=!3m2!1e3!4b1!5m1!1e1?entry=ttu&g_ep=EgoyMDI1MDUwNy4wIKXMDSoASAFQAw%3D%3D | Scroll 2: Found 0 links.
[2025-06-03T11:38:47.378+0100] {logging_mixin.py:188} INFO - ⚠️ Scrolling Error: Message: 
Stacktrace:
#0 0x589c957aeffa <unknown>
#1 0x589c9526d970 <unknown>
#2 0x589c952bf385 <unknown>
#3 0x589c952bf5b1 <unknown>
#4 0x589c9530e3c4 <unknown>
#5 0x589c952e52bd <unknown>
#6 0x589c9530b70c <unknown>
#7 0x589c952e5063 <unknown>
#8 0x589c952b1328 <unknown>
#9 0x589c952b2491 <unknown>
#10 0x589c9577642b <unknown>
#11 0x589c9577a2ec <unknown>
#12 0x589c9575da22 <unknown>
#13 0x589c9577ae64 <unknown>
#14 0x589c95741bef <unknown>
#15 0x589c9579d558 <unknown>
#16 0x589c9579d736 <unknown>
#17 0x589c957ade76 <unknown>
#18 0x73b6a830b609 start_thread
[2025-06-03T11:38:57.776+0100] {logging_mixin.py:188} INFO - ⚠️ No new links loaded after scrolling. Retrying...
[2025-06-03T11:39:02.803+0100] {logging_mixin.py:188} INFO - 🔄 Page: https://www.google.com/maps/search/Attijariwafa+Bank+Agadir/@31.6237775,-8.0611631,14059m/data=!3m2!1e3!4b1!5m1!1e1?entry=ttu&g_ep=EgoyMDI1MDUwNy4wIKXMDSoASAFQAw%3D%3D | Scroll 3: Found 0 links.
[2025-06-03T11:39:12.872+0100] {logging_mixin.py:188} INFO - ⚠️ Scrolling Error: Message: 
Stacktrace:
#0 0x589c957aeffa <unknown>
#1 0x589c9526d970 <unknown>
#2 0x589c952bf385 <unknown>
#3 0x589c952bf5b1 <unknown>
#4 0x589c9530e3c4 <unknown>
#5 0x589c952e52bd <unknown>
#6 0x589c9530b70c <unknown>
#7 0x589c952e5063 <unknown>
#8 0x589c952b1328 <unknown>
#9 0x589c952b2491 <unknown>
#10 0x589c9577642b <unknown>
#11 0x589c9577a2ec <unknown>
#12 0x589c9575da22 <unknown>
#13 0x589c9577ae64 <unknown>
#14 0x589c95741bef <unknown>
#15 0x589c9579d558 <unknown>
#16 0x589c9579d736 <unknown>
#17 0x589c957ade76 <unknown>
#18 0x73b6a830b609 start_thread
[2025-06-03T11:39:23.241+0100] {logging_mixin.py:188} INFO - ⚠️ No new links loaded after scrolling. Retrying...
[2025-06-03T11:39:28.271+0100] {logging_mixin.py:188} INFO - 🔄 Page: https://www.google.com/maps/search/Attijariwafa+Bank+Agadir/@31.6237775,-8.0611631,14059m/data=!3m2!1e3!4b1!5m1!1e1?entry=ttu&g_ep=EgoyMDI1MDUwNy4wIKXMDSoASAFQAw%3D%3D | Scroll 4: Found 0 links.
[2025-06-03T11:39:38.299+0100] {logging_mixin.py:188} INFO - ⚠️ Scrolling Error: Message: 
Stacktrace:
#0 0x589c957aeffa <unknown>
#1 0x589c9526d970 <unknown>
#2 0x589c952bf385 <unknown>
#3 0x589c952bf5b1 <unknown>
#4 0x589c9530e3c4 <unknown>
#5 0x589c952e52bd <unknown>
#6 0x589c9530b70c <unknown>
#7 0x589c952e5063 <unknown>
#8 0x589c952b1328 <unknown>
#9 0x589c952b2491 <unknown>
#10 0x589c9577642b <unknown>
#11 0x589c9577a2ec <unknown>
#12 0x589c9575da22 <unknown>
#13 0x589c9577ae64 <unknown>
#14 0x589c95741bef <unknown>
#15 0x589c9579d558 <unknown>
#16 0x589c9579d736 <unknown>
#17 0x589c957ade76 <unknown>
#18 0x73b6a830b609 start_thread
[2025-06-03T11:39:48.682+0100] {logging_mixin.py:188} INFO - ⚠️ No new links loaded after scrolling. Retrying...
[2025-06-03T11:40:28.130+0100] {taskinstance.py:2698} ERROR - Task failed with exception
Traceback (most recent call last):
  File "/mnt/c/Users/HP/venv/lib/python3.8/site-packages/airflow/models/taskinstance.py", line 433, in _execute_task
    result = execute_callable(context=context, **execute_callable_kwargs)
  File "/mnt/c/Users/HP/venv/lib/python3.8/site-packages/airflow/operators/python.py", line 199, in execute
    return_value = self.execute_callable()
  File "/mnt/c/Users/HP/venv/lib/python3.8/site-packages/airflow/operators/python.py", line 216, in execute_callable
    return self.python_callable(*self.op_args, **self.op_kwargs)
  File "/home/osama/airflow/dags/S_G_M_R.py", line 184, in extract_links
    driver.get(url)
  File "/mnt/c/Users/HP/venv/lib/python3.8/site-packages/selenium/webdriver/remote/webdriver.py", line 393, in get
    self.execute(Command.GET, {"url": url})
  File "/mnt/c/Users/HP/venv/lib/python3.8/site-packages/selenium/webdriver/remote/webdriver.py", line 384, in execute
    self.error_handler.check_response(response)
  File "/mnt/c/Users/HP/venv/lib/python3.8/site-packages/selenium/webdriver/remote/errorhandler.py", line 232, in check_response
    raise exception_class(message, screen, stacktrace)
selenium.common.exceptions.WebDriverException: Message: unknown error: net::ERR_NAME_NOT_RESOLVED
  (Session info: chrome=134.0.6998.88)
Stacktrace:
#0 0x589c957aeffa <unknown>
#1 0x589c9526d970 <unknown>
#2 0x589c95264af8 <unknown>
#3 0x589c95255009 <unknown>
#4 0x589c95256d0d <unknown>
#5 0x589c9525539e <unknown>
#6 0x589c95254d3e <unknown>
#7 0x589c952549ef <unknown>
#8 0x589c95252739 <unknown>
#9 0x589c9525300a <unknown>
#10 0x589c95270e09 <unknown>
#11 0x589c9530c3e5 <unknown>
#12 0x589c952e5292 <unknown>
#13 0x589c9530b70c <unknown>
#14 0x589c952e5063 <unknown>
#15 0x589c952b1328 <unknown>
#16 0x589c952b2491 <unknown>
#17 0x589c9577642b <unknown>
#18 0x589c9577a2ec <unknown>
#19 0x589c9575da22 <unknown>
#20 0x589c9577ae64 <unknown>
#21 0x589c95741bef <unknown>
#22 0x589c9579d558 <unknown>
#23 0x589c9579d736 <unknown>
#24 0x589c957ade76 <unknown>
#25 0x73b6a830b609 start_thread

[2025-06-03T11:40:28.293+0100] {taskinstance.py:1138} INFO - Marking task as FAILED. dag_id=scrape_and_insert_bank_reviews, task_id=extract_links, execution_date=20250603T102816, start_date=20250603T102909, end_date=20250603T104028
[2025-06-03T11:40:28.329+0100] {standard_task_runner.py:107} ERROR - Failed to execute job 1964 for task extract_links (Message: unknown error: net::ERR_NAME_NOT_RESOLVED
  (Session info: chrome=134.0.6998.88)
Stacktrace:
#0 0x589c957aeffa <unknown>
#1 0x589c9526d970 <unknown>
#2 0x589c95264af8 <unknown>
#3 0x589c95255009 <unknown>
#4 0x589c95256d0d <unknown>
#5 0x589c9525539e <unknown>
#6 0x589c95254d3e <unknown>
#7 0x589c952549ef <unknown>
#8 0x589c95252739 <unknown>
#9 0x589c9525300a <unknown>
#10 0x589c95270e09 <unknown>
#11 0x589c9530c3e5 <unknown>
#12 0x589c952e5292 <unknown>
#13 0x589c9530b70c <unknown>
#14 0x589c952e5063 <unknown>
#15 0x589c952b1328 <unknown>
#16 0x589c952b2491 <unknown>
#17 0x589c9577642b <unknown>
#18 0x589c9577a2ec <unknown>
#19 0x589c9575da22 <unknown>
#20 0x589c9577ae64 <unknown>
#21 0x589c95741bef <unknown>
#22 0x589c9579d558 <unknown>
#23 0x589c9579d736 <unknown>
#24 0x589c957ade76 <unknown>
#25 0x73b6a830b609 start_thread
; 22864)
[2025-06-03T11:40:28.387+0100] {local_task_job_runner.py:234} INFO - Task exited with return code 1
[2025-06-03T11:40:28.445+0100] {taskinstance.py:3280} INFO - 0 downstream tasks scheduled from follow-on schedule check
