[2025-05-14T11:43:49.872+0100] {taskinstance.py:1956} INFO - Dependencies all met for dep_context=non-requeueable deps ti=<TaskInstance: process_bank_reviews.run_decision_models manual__2025-05-13T23:44:36.782331+00:00 [queued]>
[2025-05-14T11:43:49.882+0100] {taskinstance.py:1956} INFO - Dependencies all met for dep_context=requeueable deps ti=<TaskInstance: process_bank_reviews.run_decision_models manual__2025-05-13T23:44:36.782331+00:00 [queued]>
[2025-05-14T11:43:49.883+0100] {taskinstance.py:2170} INFO - Starting attempt 8 of 9
[2025-05-14T11:43:49.904+0100] {taskinstance.py:2191} INFO - Executing <Task(BashOperator): run_decision_models> on 2025-05-13 23:44:36.782331+00:00
[2025-05-14T11:43:49.916+0100] {standard_task_runner.py:60} INFO - Started process 85544 to run task
[2025-05-14T11:43:49.922+0100] {standard_task_runner.py:87} INFO - Running: ['airflow', 'tasks', 'run', 'process_bank_reviews', 'run_decision_models', 'manual__2025-05-13T23:44:36.782331+00:00', '--job-id', '1908', '--raw', '--subdir', 'DAGS_FOLDER/post_processing.py', '--cfg-path', '/tmp/tmpahp0seaf']
[2025-05-14T11:43:49.926+0100] {standard_task_runner.py:88} INFO - Job 1908: Subtask run_decision_models
[2025-05-14T11:43:50.014+0100] {task_command.py:423} INFO - Running <TaskInstance: process_bank_reviews.run_decision_models manual__2025-05-13T23:44:36.782331+00:00 [running]> on host DESKTOP-RRUTCI2.
[2025-05-14T11:43:50.176+0100] {taskinstance.py:2480} INFO - Exporting env vars: AIRFLOW_CTX_DAG_OWNER='airflow' AIRFLOW_CTX_DAG_ID='process_bank_reviews' AIRFLOW_CTX_TASK_ID='run_decision_models' AIRFLOW_CTX_EXECUTION_DATE='2025-05-13T23:44:36.782331+00:00' AIRFLOW_CTX_TRY_NUMBER='8' AIRFLOW_CTX_DAG_RUN_ID='manual__2025-05-13T23:44:36.782331+00:00'
[2025-05-14T11:43:50.183+0100] {subprocess.py:63} INFO - Tmp dir root location: /tmp
[2025-05-14T11:43:50.186+0100] {subprocess.py:75} INFO - Running command: ['/usr/bin/bash', '-c', 'cd ~/airflow/dbt_project/models/decision_schema && dbt run']
[2025-05-14T11:43:50.201+0100] {subprocess.py:86} INFO - Output:
[2025-05-14T11:44:08.167+0100] {subprocess.py:93} INFO - [0m10:44:08  Running with dbt=1.8.7
[2025-05-14T11:44:10.395+0100] {subprocess.py:93} INFO - [0m10:44:10  Registered adapter: postgres=1.8.2
[2025-05-14T11:44:15.488+0100] {subprocess.py:93} INFO - [0m10:44:15  [[33mWARNING[0m]: Configuration paths exist in your dbt_project.yml file which do not apply to any resources.
[2025-05-14T11:44:15.490+0100] {subprocess.py:93} INFO - There are 1 unused configuration paths:
[2025-05-14T11:44:15.491+0100] {subprocess.py:93} INFO - - models.dbt_project.forPy
[2025-05-14T11:44:16.302+0100] {subprocess.py:93} INFO - [0m10:44:16  Found 8 models, 1 seed, 4 data tests, 1 source, 540 macros
[2025-05-14T11:44:16.308+0100] {subprocess.py:93} INFO - [0m10:44:16
[2025-05-14T11:44:19.382+0100] {subprocess.py:93} INFO - [0m10:44:19  Concurrency: 4 threads (target='dev')
[2025-05-14T11:44:19.384+0100] {subprocess.py:93} INFO - [0m10:44:19
[2025-05-14T11:44:19.392+0100] {subprocess.py:93} INFO - [0m10:44:19  1 of 8 START sql view model public.clean_bank_reviews .......................... [RUN]
[2025-05-14T11:44:19.398+0100] {subprocess.py:93} INFO - [0m10:44:19  2 of 8 START sql table model public_decision_schema.dim_bank ................... [RUN]
[2025-05-14T11:44:19.400+0100] {subprocess.py:93} INFO - [0m10:44:19  3 of 8 START sql table model public_decision_schema.dim_branch ................. [RUN]
[2025-05-14T11:44:19.401+0100] {subprocess.py:93} INFO - [0m10:44:19  4 of 8 START sql table model public_decision_schema.dim_location ............... [RUN]
[2025-05-14T11:44:19.935+0100] {subprocess.py:93} INFO - [0m10:44:19  1 of 8 OK created sql view model public.clean_bank_reviews ..................... [[32mCREATE VIEW[0m in 0.52s]
[2025-05-14T11:44:19.947+0100] {subprocess.py:93} INFO - [0m10:44:19  3 of 8 OK created sql table model public_decision_schema.dim_branch ............ [[32mSELECT 14[0m in 0.53s]
[2025-05-14T11:44:19.959+0100] {subprocess.py:93} INFO - [0m10:44:19  2 of 8 OK created sql table model public_decision_schema.dim_bank .............. [[32mSELECT 3[0m in 0.55s]
[2025-05-14T11:44:19.961+0100] {subprocess.py:93} INFO - [0m10:44:19  5 of 8 START sql table model public_decision_schema.dim_sentiment .............. [RUN]
[2025-05-14T11:44:19.974+0100] {subprocess.py:93} INFO - [0m10:44:19  7 of 8 START sql table model public.my_first_dbt_model ......................... [RUN]
[2025-05-14T11:44:20.007+0100] {subprocess.py:93} INFO - [0m10:44:20  6 of 8 START sql table model public_decision_schema.fact_reviews ............... [RUN]
[2025-05-14T11:44:20.027+0100] {subprocess.py:93} INFO - [0m10:44:20  4 of 8 OK created sql table model public_decision_schema.dim_location .......... [[32mSELECT 14[0m in 0.58s]
[2025-05-14T11:44:20.193+0100] {subprocess.py:93} INFO - [0m10:44:20  5 of 8 OK created sql table model public_decision_schema.dim_sentiment ......... [[32mSELECT 5[0m in 0.20s]
[2025-05-14T11:44:20.229+0100] {subprocess.py:93} INFO - [0m10:44:20  6 of 8 OK created sql table model public_decision_schema.fact_reviews .......... [[32mSELECT 91[0m in 0.22s]
[2025-05-14T11:44:20.231+0100] {subprocess.py:93} INFO - [0m10:44:20  7 of 8 OK created sql table model public.my_first_dbt_model .................... [[32mSELECT 2[0m in 0.25s]
[2025-05-14T11:44:20.237+0100] {subprocess.py:93} INFO - [0m10:44:20  8 of 8 START sql view model public.my_second_dbt_model ......................... [RUN]
[2025-05-14T11:44:20.316+0100] {subprocess.py:93} INFO - [0m10:44:20  8 of 8 OK created sql view model public.my_second_dbt_model .................... [[32mCREATE VIEW[0m in 0.08s]
[2025-05-14T11:44:20.351+0100] {subprocess.py:93} INFO - [0m10:44:20
[2025-05-14T11:44:20.352+0100] {subprocess.py:93} INFO - [0m10:44:20  Finished running 2 view models, 6 table models in 0 hours 0 minutes and 4.04 seconds (4.04s).
[2025-05-14T11:44:20.455+0100] {subprocess.py:93} INFO - [0m10:44:20
[2025-05-14T11:44:20.457+0100] {subprocess.py:93} INFO - [0m10:44:20  [32mCompleted successfully[0m
[2025-05-14T11:44:20.459+0100] {subprocess.py:93} INFO - [0m10:44:20
[2025-05-14T11:44:20.461+0100] {subprocess.py:93} INFO - [0m10:44:20  Done. PASS=8 WARN=0 ERROR=0 SKIP=0 TOTAL=8
[2025-05-14T11:44:21.649+0100] {subprocess.py:97} INFO - Command exited with return code 0
[2025-05-14T11:44:21.708+0100] {taskinstance.py:1138} INFO - Marking task as SUCCESS. dag_id=process_bank_reviews, task_id=run_decision_models, execution_date=20250513T234436, start_date=20250514T104349, end_date=20250514T104421
[2025-05-14T11:44:21.772+0100] {local_task_job_runner.py:234} INFO - Task exited with return code 0
[2025-05-14T11:44:21.804+0100] {taskinstance.py:3280} INFO - 0 downstream tasks scheduled from follow-on schedule check
