[2025-05-14T11:31:38.070+0100] {taskinstance.py:1956} INFO - Dependencies all met for dep_context=non-requeueable deps ti=<TaskInstance: process_bank_reviews.run_decision_models manual__2025-05-13T23:44:36.782331+00:00 [queued]>
[2025-05-14T11:31:38.110+0100] {taskinstance.py:1956} INFO - Dependencies all met for dep_context=requeueable deps ti=<TaskInstance: process_bank_reviews.run_decision_models manual__2025-05-13T23:44:36.782331+00:00 [queued]>
[2025-05-14T11:31:38.112+0100] {taskinstance.py:2170} INFO - Starting attempt 6 of 7
[2025-05-14T11:31:38.154+0100] {taskinstance.py:2191} INFO - Executing <Task(BashOperator): run_decision_models> on 2025-05-13 23:44:36.782331+00:00
[2025-05-14T11:31:38.172+0100] {standard_task_runner.py:60} INFO - Started process 81695 to run task
[2025-05-14T11:31:38.180+0100] {standard_task_runner.py:87} INFO - Running: ['airflow', 'tasks', 'run', 'process_bank_reviews', 'run_decision_models', 'manual__2025-05-13T23:44:36.782331+00:00', '--job-id', '1906', '--raw', '--subdir', 'DAGS_FOLDER/post_processing.py', '--cfg-path', '/tmp/tmpfxm21jxx']
[2025-05-14T11:31:38.188+0100] {standard_task_runner.py:88} INFO - Job 1906: Subtask run_decision_models
[2025-05-14T11:31:38.365+0100] {task_command.py:423} INFO - Running <TaskInstance: process_bank_reviews.run_decision_models manual__2025-05-13T23:44:36.782331+00:00 [running]> on host DESKTOP-RRUTCI2.
[2025-05-14T11:31:38.636+0100] {taskinstance.py:2480} INFO - Exporting env vars: AIRFLOW_CTX_DAG_OWNER='airflow' AIRFLOW_CTX_DAG_ID='process_bank_reviews' AIRFLOW_CTX_TASK_ID='run_decision_models' AIRFLOW_CTX_EXECUTION_DATE='2025-05-13T23:44:36.782331+00:00' AIRFLOW_CTX_TRY_NUMBER='6' AIRFLOW_CTX_DAG_RUN_ID='manual__2025-05-13T23:44:36.782331+00:00'
[2025-05-14T11:31:38.645+0100] {subprocess.py:63} INFO - Tmp dir root location: /tmp
[2025-05-14T11:31:38.650+0100] {subprocess.py:75} INFO - Running command: ['/usr/bin/bash', '-c', 'cd ~/airflow/dbt_project/models/decision_schema && dbt run']
[2025-05-14T11:31:38.673+0100] {subprocess.py:86} INFO - Output:
[2025-05-14T11:32:01.935+0100] {subprocess.py:93} INFO - [0m10:32:01  Running with dbt=1.8.7
[2025-05-14T11:32:04.612+0100] {subprocess.py:93} INFO - [0m10:32:04  Registered adapter: postgres=1.8.2
[2025-05-14T11:32:09.970+0100] {subprocess.py:93} INFO - [0m10:32:09  [[33mWARNING[0m]: Configuration paths exist in your dbt_project.yml file which do not apply to any resources.
[2025-05-14T11:32:09.973+0100] {subprocess.py:93} INFO - There are 1 unused configuration paths:
[2025-05-14T11:32:09.974+0100] {subprocess.py:93} INFO - - models.dbt_project.forPy
[2025-05-14T11:32:10.778+0100] {subprocess.py:93} INFO - [0m10:32:10  Found 8 models, 1 seed, 4 data tests, 1 source, 540 macros
[2025-05-14T11:32:10.783+0100] {subprocess.py:93} INFO - [0m10:32:10
[2025-05-14T11:32:14.595+0100] {subprocess.py:93} INFO - [0m10:32:14  Concurrency: 4 threads (target='dev')
[2025-05-14T11:32:14.597+0100] {subprocess.py:93} INFO - [0m10:32:14
[2025-05-14T11:32:14.604+0100] {subprocess.py:93} INFO - [0m10:32:14  1 of 8 START sql view model public.clean_bank_reviews .......................... [RUN]
[2025-05-14T11:32:14.607+0100] {subprocess.py:93} INFO - [0m10:32:14  2 of 8 START sql table model public_decision_schema.dim_bank ................... [RUN]
[2025-05-14T11:32:14.609+0100] {subprocess.py:93} INFO - [0m10:32:14  3 of 8 START sql table model public_decision_schema.dim_branch ................. [RUN]
[2025-05-14T11:32:14.611+0100] {subprocess.py:93} INFO - [0m10:32:14  4 of 8 START sql table model public_decision_schema.dim_location ............... [RUN]
[2025-05-14T11:32:15.841+0100] {subprocess.py:93} INFO - [0m10:32:15  3 of 8 OK created sql table model public_decision_schema.dim_branch ............ [[32mSELECT 14[0m in 1.22s]
[2025-05-14T11:32:15.848+0100] {subprocess.py:93} INFO - [0m10:32:15  2 of 8 OK created sql table model public_decision_schema.dim_bank .............. [[32mSELECT 3[0m in 1.23s]
[2025-05-14T11:32:15.852+0100] {subprocess.py:93} INFO - [0m10:32:15  4 of 8 OK created sql table model public_decision_schema.dim_location .......... [[32mSELECT 14[0m in 1.22s]
[2025-05-14T11:32:15.855+0100] {subprocess.py:93} INFO - [0m10:32:15  1 of 8 OK created sql view model public.clean_bank_reviews ..................... [[32mCREATE VIEW[0m in 1.23s]
[2025-05-14T11:32:15.871+0100] {subprocess.py:93} INFO - [0m10:32:15  5 of 8 START sql table model public_decision_schema.dim_sentiment .............. [RUN]
[2025-05-14T11:32:15.873+0100] {subprocess.py:93} INFO - [0m10:32:15  6 of 8 START sql table model public_decision_schema.fact_reviews ............... [RUN]
[2025-05-14T11:32:15.877+0100] {subprocess.py:93} INFO - [0m10:32:15  7 of 8 START sql table model public.my_first_dbt_model ......................... [RUN]
[2025-05-14T11:32:16.079+0100] {subprocess.py:93} INFO - [0m10:32:16  6 of 8 OK created sql table model public_decision_schema.fact_reviews .......... [[32mSELECT 91[0m in 0.20s]
[2025-05-14T11:32:16.083+0100] {subprocess.py:93} INFO - [0m10:32:16  5 of 8 OK created sql table model public_decision_schema.dim_sentiment ......... [[32mSELECT 5[0m in 0.21s]
[2025-05-14T11:32:16.093+0100] {subprocess.py:93} INFO - [0m10:32:16  7 of 8 OK created sql table model public.my_first_dbt_model .................... [[32mSELECT 2[0m in 0.21s]
[2025-05-14T11:32:16.098+0100] {subprocess.py:93} INFO - [0m10:32:16  8 of 8 START sql view model public.my_second_dbt_model ......................... [RUN]
[2025-05-14T11:32:16.184+0100] {subprocess.py:93} INFO - [0m10:32:16  8 of 8 OK created sql view model public.my_second_dbt_model .................... [[32mCREATE VIEW[0m in 0.08s]
[2025-05-14T11:32:16.224+0100] {subprocess.py:93} INFO - [0m10:32:16
[2025-05-14T11:32:16.226+0100] {subprocess.py:93} INFO - [0m10:32:16  Finished running 6 table models, 2 view models in 0 hours 0 minutes and 5.44 seconds (5.44s).
[2025-05-14T11:32:16.307+0100] {subprocess.py:93} INFO - [0m10:32:16
[2025-05-14T11:32:16.310+0100] {subprocess.py:93} INFO - [0m10:32:16  [32mCompleted successfully[0m
[2025-05-14T11:32:16.312+0100] {subprocess.py:93} INFO - [0m10:32:16
[2025-05-14T11:32:16.314+0100] {subprocess.py:93} INFO - [0m10:32:16  Done. PASS=8 WARN=0 ERROR=0 SKIP=0 TOTAL=8
[2025-05-14T11:32:17.533+0100] {subprocess.py:97} INFO - Command exited with return code 0
[2025-05-14T11:32:17.596+0100] {taskinstance.py:1138} INFO - Marking task as SUCCESS. dag_id=process_bank_reviews, task_id=run_decision_models, execution_date=20250513T234436, start_date=20250514T103138, end_date=20250514T103217
[2025-05-14T11:32:17.686+0100] {local_task_job_runner.py:234} INFO - Task exited with return code 0
[2025-05-14T11:32:17.751+0100] {taskinstance.py:3280} INFO - 0 downstream tasks scheduled from follow-on schedule check
