[2025-05-14T00:56:24.622+0100] {taskinstance.py:1956} INFO - Dependencies all met for dep_context=non-requeueable deps ti=<TaskInstance: process_bank_reviews.run_decision_models manual__2025-05-13T23:44:36.782331+00:00 [queued]>
[2025-05-14T00:56:24.651+0100] {taskinstance.py:1956} INFO - Dependencies all met for dep_context=requeueable deps ti=<TaskInstance: process_bank_reviews.run_decision_models manual__2025-05-13T23:44:36.782331+00:00 [queued]>
[2025-05-14T00:56:24.655+0100] {taskinstance.py:2170} INFO - Starting attempt 3 of 4
[2025-05-14T00:56:24.694+0100] {taskinstance.py:2191} INFO - Executing <Task(BashOperator): run_decision_models> on 2025-05-13 23:44:36.782331+00:00
[2025-05-14T00:56:24.717+0100] {standard_task_runner.py:60} INFO - Started process 23183 to run task
[2025-05-14T00:56:24.725+0100] {standard_task_runner.py:87} INFO - Running: ['airflow', 'tasks', 'run', 'process_bank_reviews', 'run_decision_models', 'manual__2025-05-13T23:44:36.782331+00:00', '--job-id', '1897', '--raw', '--subdir', 'DAGS_FOLDER/post_processing.py', '--cfg-path', '/tmp/tmp7bf06c8e']
[2025-05-14T00:56:24.732+0100] {standard_task_runner.py:88} INFO - Job 1897: Subtask run_decision_models
[2025-05-14T00:56:24.924+0100] {task_command.py:423} INFO - Running <TaskInstance: process_bank_reviews.run_decision_models manual__2025-05-13T23:44:36.782331+00:00 [running]> on host DESKTOP-RRUTCI2.
[2025-05-14T00:56:25.226+0100] {taskinstance.py:2480} INFO - Exporting env vars: AIRFLOW_CTX_DAG_OWNER='airflow' AIRFLOW_CTX_DAG_ID='process_bank_reviews' AIRFLOW_CTX_TASK_ID='run_decision_models' AIRFLOW_CTX_EXECUTION_DATE='2025-05-13T23:44:36.782331+00:00' AIRFLOW_CTX_TRY_NUMBER='3' AIRFLOW_CTX_DAG_RUN_ID='manual__2025-05-13T23:44:36.782331+00:00'
[2025-05-14T00:56:25.234+0100] {subprocess.py:63} INFO - Tmp dir root location: /tmp
[2025-05-14T00:56:25.237+0100] {subprocess.py:75} INFO - Running command: ['/usr/bin/bash', '-c', 'cd ~/airflow/dbt_project && dbt run']
[2025-05-14T00:56:25.271+0100] {subprocess.py:86} INFO - Output:
[2025-05-14T00:56:55.872+0100] {subprocess.py:93} INFO - [0m23:56:55  Running with dbt=1.8.7
[2025-05-14T00:57:00.050+0100] {subprocess.py:93} INFO - [0m23:57:00  Registered adapter: postgres=1.8.2
[2025-05-14T00:57:06.591+0100] {subprocess.py:93} INFO - [0m23:57:06  [[33mWARNING[0m]: Configuration paths exist in your dbt_project.yml file which do not apply to any resources.
[2025-05-14T00:57:06.593+0100] {subprocess.py:93} INFO - There are 1 unused configuration paths:
[2025-05-14T00:57:06.595+0100] {subprocess.py:93} INFO - - models.dbt_project.forPy
[2025-05-14T00:57:08.175+0100] {subprocess.py:93} INFO - [0m23:57:08  Found 8 models, 1 seed, 19 data tests, 2 sources, 540 macros
[2025-05-14T00:57:08.182+0100] {subprocess.py:93} INFO - [0m23:57:08
[2025-05-14T00:57:12.700+0100] {subprocess.py:93} INFO - [0m23:57:12  Concurrency: 3 threads (target='dev')
[2025-05-14T00:57:12.705+0100] {subprocess.py:93} INFO - [0m23:57:12
[2025-05-14T00:57:12.721+0100] {subprocess.py:93} INFO - [0m23:57:12  1 of 8 START sql view model public.clean_bank_reviews .......................... [RUN]
[2025-05-14T00:57:12.725+0100] {subprocess.py:93} INFO - [0m23:57:12  2 of 8 START sql table model public_decision_schema.dim_bank ................... [RUN]
[2025-05-14T00:57:12.727+0100] {subprocess.py:93} INFO - [0m23:57:12  3 of 8 START sql table model public_decision_schema.dim_branch ................. [RUN]
[2025-05-14T00:57:13.728+0100] {subprocess.py:93} INFO - [0m23:57:13  3 of 8 OK created sql table model public_decision_schema.dim_branch ............ [[32mSELECT 14[0m in 0.98s]
[2025-05-14T00:57:13.735+0100] {subprocess.py:93} INFO - [0m23:57:13  2 of 8 OK created sql table model public_decision_schema.dim_bank .............. [[32mSELECT 3[0m in 0.99s]
[2025-05-14T00:57:13.738+0100] {subprocess.py:93} INFO - [0m23:57:13  1 of 8 OK created sql view model public.clean_bank_reviews ..................... [[32mCREATE VIEW[0m in 0.99s]
[2025-05-14T00:57:13.756+0100] {subprocess.py:93} INFO - [0m23:57:13  4 of 8 START sql table model public_decision_schema.dim_location ............... [RUN]
[2025-05-14T00:57:13.761+0100] {subprocess.py:93} INFO - [0m23:57:13  5 of 8 START sql table model public_decision_schema.dim_sentiment .............. [RUN]
[2025-05-14T00:57:13.764+0100] {subprocess.py:93} INFO - [0m23:57:13  6 of 8 START sql table model public_decision_schema.fact_reviews ............... [RUN]
[2025-05-14T00:57:14.115+0100] {subprocess.py:93} INFO - [0m23:57:14  5 of 8 OK created sql table model public_decision_schema.dim_sentiment ......... [[32mSELECT 5[0m in 0.34s]
[2025-05-14T00:57:14.129+0100] {subprocess.py:93} INFO - [0m23:57:14  4 of 8 OK created sql table model public_decision_schema.dim_location .......... [[32mSELECT 14[0m in 0.35s]
[2025-05-14T00:57:14.133+0100] {subprocess.py:93} INFO - [0m23:57:14  6 of 8 OK created sql table model public_decision_schema.fact_reviews .......... [[32mSELECT 91[0m in 0.36s]
[2025-05-14T00:57:14.141+0100] {subprocess.py:93} INFO - [0m23:57:14  7 of 8 START sql table model public.my_first_dbt_model ......................... [RUN]
[2025-05-14T00:57:14.315+0100] {subprocess.py:93} INFO - [0m23:57:14  7 of 8 OK created sql table model public.my_first_dbt_model .................... [[32mSELECT 2[0m in 0.17s]
[2025-05-14T00:57:14.327+0100] {subprocess.py:93} INFO - [0m23:57:14  8 of 8 START sql view model public.my_second_dbt_model ......................... [RUN]
[2025-05-14T00:57:14.493+0100] {subprocess.py:93} INFO - [0m23:57:14  8 of 8 OK created sql view model public.my_second_dbt_model .................... [[32mCREATE VIEW[0m in 0.16s]
[2025-05-14T00:57:14.548+0100] {subprocess.py:93} INFO - [0m23:57:14
[2025-05-14T00:57:14.551+0100] {subprocess.py:93} INFO - [0m23:57:14  Finished running 6 table models, 2 view models in 0 hours 0 minutes and 6.36 seconds (6.36s).
[2025-05-14T00:57:14.707+0100] {subprocess.py:93} INFO - [0m23:57:14
[2025-05-14T00:57:14.710+0100] {subprocess.py:93} INFO - [0m23:57:14  [32mCompleted successfully[0m
[2025-05-14T00:57:14.713+0100] {subprocess.py:93} INFO - [0m23:57:14
[2025-05-14T00:57:14.715+0100] {subprocess.py:93} INFO - [0m23:57:14  Done. PASS=8 WARN=0 ERROR=0 SKIP=0 TOTAL=8
[2025-05-14T00:57:16.139+0100] {subprocess.py:97} INFO - Command exited with return code 0
[2025-05-14T00:57:16.290+0100] {taskinstance.py:1138} INFO - Marking task as SUCCESS. dag_id=process_bank_reviews, task_id=run_decision_models, execution_date=20250513T234436, start_date=20250513T235624, end_date=20250513T235716
[2025-05-14T00:57:16.393+0100] {local_task_job_runner.py:234} INFO - Task exited with return code 0
[2025-05-14T00:57:16.457+0100] {taskinstance.py:3280} INFO - 0 downstream tasks scheduled from follow-on schedule check
