[2025-05-14T11:33:10.916+0100] {taskinstance.py:1956} INFO - Dependencies all met for dep_context=non-requeueable deps ti=<TaskInstance: process_bank_reviews.run_decision_models manual__2025-05-13T23:44:36.782331+00:00 [queued]>
[2025-05-14T11:33:10.928+0100] {taskinstance.py:1956} INFO - Dependencies all met for dep_context=requeueable deps ti=<TaskInstance: process_bank_reviews.run_decision_models manual__2025-05-13T23:44:36.782331+00:00 [queued]>
[2025-05-14T11:33:10.929+0100] {taskinstance.py:2170} INFO - Starting attempt 7 of 8
[2025-05-14T11:33:10.954+0100] {taskinstance.py:2191} INFO - Executing <Task(BashOperator): run_decision_models> on 2025-05-13 23:44:36.782331+00:00
[2025-05-14T11:33:10.965+0100] {standard_task_runner.py:60} INFO - Started process 82243 to run task
[2025-05-14T11:33:10.971+0100] {standard_task_runner.py:87} INFO - Running: ['airflow', 'tasks', 'run', 'process_bank_reviews', 'run_decision_models', 'manual__2025-05-13T23:44:36.782331+00:00', '--job-id', '1907', '--raw', '--subdir', 'DAGS_FOLDER/post_processing.py', '--cfg-path', '/tmp/tmpmwca65yv']
[2025-05-14T11:33:10.975+0100] {standard_task_runner.py:88} INFO - Job 1907: Subtask run_decision_models
[2025-05-14T11:33:11.066+0100] {task_command.py:423} INFO - Running <TaskInstance: process_bank_reviews.run_decision_models manual__2025-05-13T23:44:36.782331+00:00 [running]> on host DESKTOP-RRUTCI2.
[2025-05-14T11:33:11.242+0100] {taskinstance.py:2480} INFO - Exporting env vars: AIRFLOW_CTX_DAG_OWNER='airflow' AIRFLOW_CTX_DAG_ID='process_bank_reviews' AIRFLOW_CTX_TASK_ID='run_decision_models' AIRFLOW_CTX_EXECUTION_DATE='2025-05-13T23:44:36.782331+00:00' AIRFLOW_CTX_TRY_NUMBER='7' AIRFLOW_CTX_DAG_RUN_ID='manual__2025-05-13T23:44:36.782331+00:00'
[2025-05-14T11:33:11.247+0100] {subprocess.py:63} INFO - Tmp dir root location: /tmp
[2025-05-14T11:33:11.249+0100] {subprocess.py:75} INFO - Running command: ['/usr/bin/bash', '-c', 'cd ~/airflow/dbt_project/models/decision_schema && dbt run']
[2025-05-14T11:33:11.273+0100] {subprocess.py:86} INFO - Output:
[2025-05-14T11:33:36.337+0100] {subprocess.py:93} INFO - [0m10:33:36  Running with dbt=1.8.7
[2025-05-14T11:33:39.904+0100] {subprocess.py:93} INFO - [0m10:33:39  Registered adapter: postgres=1.8.2
[2025-05-14T11:33:46.567+0100] {subprocess.py:93} INFO - [0m10:33:46  [[33mWARNING[0m]: Configuration paths exist in your dbt_project.yml file which do not apply to any resources.
[2025-05-14T11:33:46.570+0100] {subprocess.py:93} INFO - There are 1 unused configuration paths:
[2025-05-14T11:33:46.572+0100] {subprocess.py:93} INFO - - models.dbt_project.forPy
[2025-05-14T11:33:47.533+0100] {subprocess.py:93} INFO - [0m10:33:47  Found 8 models, 1 seed, 4 data tests, 1 source, 540 macros
[2025-05-14T11:33:47.543+0100] {subprocess.py:93} INFO - [0m10:33:47
[2025-05-14T11:33:51.559+0100] {subprocess.py:93} INFO - [0m10:33:51  Concurrency: 4 threads (target='dev')
[2025-05-14T11:33:51.561+0100] {subprocess.py:93} INFO - [0m10:33:51
[2025-05-14T11:33:51.569+0100] {subprocess.py:93} INFO - [0m10:33:51  1 of 8 START sql view model public.clean_bank_reviews .......................... [RUN]
[2025-05-14T11:33:51.576+0100] {subprocess.py:93} INFO - [0m10:33:51  2 of 8 START sql table model public_decision_schema.dim_bank ................... [RUN]
[2025-05-14T11:33:51.578+0100] {subprocess.py:93} INFO - [0m10:33:51  3 of 8 START sql table model public_decision_schema.dim_branch ................. [RUN]
[2025-05-14T11:33:51.581+0100] {subprocess.py:93} INFO - [0m10:33:51  4 of 8 START sql table model public_decision_schema.dim_location ............... [RUN]
[2025-05-14T11:33:52.379+0100] {subprocess.py:93} INFO - [0m10:33:52  2 of 8 OK created sql table model public_decision_schema.dim_bank .............. [[32mSELECT 3[0m in 0.79s]
[2025-05-14T11:33:52.411+0100] {subprocess.py:93} INFO - [0m10:33:52  5 of 8 START sql table model public_decision_schema.dim_sentiment .............. [RUN]
[2025-05-14T11:33:52.418+0100] {subprocess.py:93} INFO - [0m10:33:52  4 of 8 OK created sql table model public_decision_schema.dim_location .......... [[32mSELECT 14[0m in 0.83s]
[2025-05-14T11:33:52.424+0100] {subprocess.py:93} INFO - [0m10:33:52  3 of 8 OK created sql table model public_decision_schema.dim_branch ............ [[32mSELECT 14[0m in 0.83s]
[2025-05-14T11:33:52.451+0100] {subprocess.py:93} INFO - [0m10:33:52  6 of 8 START sql table model public_decision_schema.fact_reviews ............... [RUN]
[2025-05-14T11:33:52.454+0100] {subprocess.py:93} INFO - [0m10:33:52  7 of 8 START sql table model public.my_first_dbt_model ......................... [RUN]
[2025-05-14T11:33:52.457+0100] {subprocess.py:93} INFO - [0m10:33:52  1 of 8 OK created sql view model public.clean_bank_reviews ..................... [[32mCREATE VIEW[0m in 0.87s]
[2025-05-14T11:33:52.794+0100] {subprocess.py:93} INFO - [0m10:33:52  6 of 8 OK created sql table model public_decision_schema.fact_reviews .......... [[32mSELECT 91[0m in 0.32s]
[2025-05-14T11:33:52.797+0100] {subprocess.py:93} INFO - [0m10:33:52  5 of 8 OK created sql table model public_decision_schema.dim_sentiment ......... [[32mSELECT 5[0m in 0.37s]
[2025-05-14T11:33:52.828+0100] {subprocess.py:93} INFO - [0m10:33:52  7 of 8 OK created sql table model public.my_first_dbt_model .................... [[32mSELECT 2[0m in 0.36s]
[2025-05-14T11:33:52.835+0100] {subprocess.py:93} INFO - [0m10:33:52  8 of 8 START sql view model public.my_second_dbt_model ......................... [RUN]
[2025-05-14T11:33:52.963+0100] {subprocess.py:93} INFO - [0m10:33:52  8 of 8 OK created sql view model public.my_second_dbt_model .................... [[32mCREATE VIEW[0m in 0.12s]
[2025-05-14T11:33:53.017+0100] {subprocess.py:93} INFO - [0m10:33:53
[2025-05-14T11:33:53.019+0100] {subprocess.py:93} INFO - [0m10:33:53  Finished running 6 table models, 2 view models in 0 hours 0 minutes and 5.47 seconds (5.47s).
[2025-05-14T11:33:53.149+0100] {subprocess.py:93} INFO - [0m10:33:53
[2025-05-14T11:33:53.152+0100] {subprocess.py:93} INFO - [0m10:33:53  [32mCompleted successfully[0m
[2025-05-14T11:33:53.155+0100] {subprocess.py:93} INFO - [0m10:33:53
[2025-05-14T11:33:53.159+0100] {subprocess.py:93} INFO - [0m10:33:53  Done. PASS=8 WARN=0 ERROR=0 SKIP=0 TOTAL=8
[2025-05-14T11:33:54.652+0100] {subprocess.py:97} INFO - Command exited with return code 0
[2025-05-14T11:33:54.740+0100] {taskinstance.py:1138} INFO - Marking task as SUCCESS. dag_id=process_bank_reviews, task_id=run_decision_models, execution_date=20250513T234436, start_date=20250514T103310, end_date=20250514T103354
[2025-05-14T11:33:54.802+0100] {local_task_job_runner.py:234} INFO - Task exited with return code 0
[2025-05-14T11:33:54.856+0100] {taskinstance.py:3280} INFO - 0 downstream tasks scheduled from follow-on schedule check
