[2025-05-22T21:39:43.105+0100] {taskinstance.py:1956} INFO - Dependencies all met for dep_context=non-requeueable deps ti=<TaskInstance: scrape_and_insert_bank_reviews.copy_tables_to_remote manual__2025-05-19T10:58:39.511715+00:00 [queued]>
[2025-05-22T21:39:43.150+0100] {taskinstance.py:1956} INFO - Dependencies all met for dep_context=requeueable deps ti=<TaskInstance: scrape_and_insert_bank_reviews.copy_tables_to_remote manual__2025-05-19T10:58:39.511715+00:00 [queued]>
[2025-05-22T21:39:43.152+0100] {taskinstance.py:2170} INFO - Starting attempt 5 of 5
[2025-05-22T21:39:43.228+0100] {taskinstance.py:2191} INFO - Executing <Task(PythonOperator): copy_tables_to_remote> on 2025-05-19 10:58:39.511715+00:00
[2025-05-22T21:39:43.247+0100] {standard_task_runner.py:60} INFO - Started process 25132 to run task
[2025-05-22T21:39:43.258+0100] {standard_task_runner.py:87} INFO - Running: ['airflow', 'tasks', 'run', 'scrape_and_insert_bank_reviews', 'copy_tables_to_remote', 'manual__2025-05-19T10:58:39.511715+00:00', '--job-id', '1955', '--raw', '--subdir', 'DAGS_FOLDER/S_G_M_R.py', '--cfg-path', '/tmp/tmphbm3ellh']
[2025-05-22T21:39:43.261+0100] {standard_task_runner.py:88} INFO - Job 1955: Subtask copy_tables_to_remote
[2025-05-22T21:39:43.445+0100] {task_command.py:423} INFO - Running <TaskInstance: scrape_and_insert_bank_reviews.copy_tables_to_remote manual__2025-05-19T10:58:39.511715+00:00 [running]> on host DESKTOP-RRUTCI2.
[2025-05-22T21:39:44.179+0100] {taskinstance.py:2480} INFO - Exporting env vars: AIRFLOW_CTX_DAG_OWNER='airflow' AIRFLOW_CTX_DAG_ID='scrape_and_insert_bank_reviews' AIRFLOW_CTX_TASK_ID='copy_tables_to_remote' AIRFLOW_CTX_EXECUTION_DATE='2025-05-19T10:58:39.511715+00:00' AIRFLOW_CTX_TRY_NUMBER='5' AIRFLOW_CTX_DAG_RUN_ID='manual__2025-05-19T10:58:39.511715+00:00'
[2025-05-22T21:39:44.187+0100] {logging_mixin.py:188} INFO - 🔄 Reading 'dim_bank' from local schema 'public_decision_schema'...
[2025-05-22T21:39:44.591+0100] {logging_mixin.py:188} INFO - ⬆️ Uploading 'dim_bank' to remote (replace if exists)...
[2025-05-22T21:39:46.958+0100] {logging_mixin.py:188} INFO - ✅ 'dim_bank' copied and replaced successfully.
[2025-05-22T21:39:46.964+0100] {logging_mixin.py:188} INFO - 🔄 Reading 'dim_branch' from local schema 'public_decision_schema'...
[2025-05-22T21:39:47.089+0100] {logging_mixin.py:188} INFO - ⬆️ Uploading 'dim_branch' to remote (replace if exists)...
[2025-05-22T21:39:48.334+0100] {logging_mixin.py:188} INFO - ✅ 'dim_branch' copied and replaced successfully.
[2025-05-22T21:39:48.337+0100] {logging_mixin.py:188} INFO - 🔄 Reading 'dim_location' from local schema 'public_decision_schema'...
[2025-05-22T21:39:48.434+0100] {logging_mixin.py:188} INFO - ⬆️ Uploading 'dim_location' to remote (replace if exists)...
[2025-05-22T21:39:49.513+0100] {logging_mixin.py:188} INFO - ✅ 'dim_location' copied and replaced successfully.
[2025-05-22T21:39:49.522+0100] {logging_mixin.py:188} INFO - 🔄 Reading 'dim_sentiment' from local schema 'public_decision_schema'...
[2025-05-22T21:39:49.593+0100] {logging_mixin.py:188} INFO - ⬆️ Uploading 'dim_sentiment' to remote (replace if exists)...
[2025-05-22T21:39:50.662+0100] {logging_mixin.py:188} INFO - ✅ 'dim_sentiment' copied and replaced successfully.
[2025-05-22T21:39:50.665+0100] {logging_mixin.py:188} INFO - 🔄 Reading 'fact_reviews' from local schema 'public_decision_schema'...
[2025-05-22T21:39:50.748+0100] {logging_mixin.py:188} INFO - ⬆️ Uploading 'fact_reviews' to remote (replace if exists)...
[2025-05-22T21:39:51.071+0100] {logging_mixin.py:188} INFO - ✅ 'fact_reviews' copied and replaced successfully.
[2025-05-22T21:39:51.075+0100] {logging_mixin.py:188} INFO - 🔄 Reading 'clean_bank_reviews' from local schema 'public'...
[2025-05-22T21:39:51.083+0100] {logging_mixin.py:188} INFO - ❌ Error copying 'clean_bank_reviews': Could not reflect: requested table(s) not available in Engine(postgresql+psycopg2://airflow_user:***@localhost:5432/airflow_db) schema 'public': (clean_bank_reviews)
[2025-05-22T21:39:51.086+0100] {python.py:201} INFO - Done. Returned value was: None
[2025-05-22T21:39:51.122+0100] {taskinstance.py:1138} INFO - Marking task as SUCCESS. dag_id=scrape_and_insert_bank_reviews, task_id=copy_tables_to_remote, execution_date=20250519T105839, start_date=20250522T203943, end_date=20250522T203951
[2025-05-22T21:39:51.222+0100] {local_task_job_runner.py:234} INFO - Task exited with return code 0
[2025-05-22T21:39:51.285+0100] {taskinstance.py:3280} INFO - 0 downstream tasks scheduled from follow-on schedule check
