[2025-05-22T21:52:47.393+0100] {taskinstance.py:1956} INFO - Dependencies all met for dep_context=non-requeueable deps ti=<TaskInstance: scrape_and_insert_bank_reviews.copy_tables_to_remote manual__2025-05-19T10:58:39.511715+00:00 [queued]>
[2025-05-22T21:52:47.414+0100] {taskinstance.py:1956} INFO - Dependencies all met for dep_context=requeueable deps ti=<TaskInstance: scrape_and_insert_bank_reviews.copy_tables_to_remote manual__2025-05-19T10:58:39.511715+00:00 [queued]>
[2025-05-22T21:52:47.416+0100] {taskinstance.py:2170} INFO - Starting attempt 7 of 7
[2025-05-22T21:52:47.448+0100] {taskinstance.py:2191} INFO - Executing <Task(PythonOperator): copy_tables_to_remote> on 2025-05-19 10:58:39.511715+00:00
[2025-05-22T21:52:47.462+0100] {standard_task_runner.py:60} INFO - Started process 28108 to run task
[2025-05-22T21:52:47.468+0100] {standard_task_runner.py:87} INFO - Running: ['airflow', 'tasks', 'run', 'scrape_and_insert_bank_reviews', 'copy_tables_to_remote', 'manual__2025-05-19T10:58:39.511715+00:00', '--job-id', '1957', '--raw', '--subdir', 'DAGS_FOLDER/S_G_M_R.py', '--cfg-path', '/tmp/tmpicbmtl9i']
[2025-05-22T21:52:47.472+0100] {standard_task_runner.py:88} INFO - Job 1957: Subtask copy_tables_to_remote
[2025-05-22T21:52:47.607+0100] {task_command.py:423} INFO - Running <TaskInstance: scrape_and_insert_bank_reviews.copy_tables_to_remote manual__2025-05-19T10:58:39.511715+00:00 [running]> on host DESKTOP-RRUTCI2.
[2025-05-22T21:52:48.166+0100] {taskinstance.py:2480} INFO - Exporting env vars: AIRFLOW_CTX_DAG_OWNER='airflow' AIRFLOW_CTX_DAG_ID='scrape_and_insert_bank_reviews' AIRFLOW_CTX_TASK_ID='copy_tables_to_remote' AIRFLOW_CTX_EXECUTION_DATE='2025-05-19T10:58:39.511715+00:00' AIRFLOW_CTX_TRY_NUMBER='7' AIRFLOW_CTX_DAG_RUN_ID='manual__2025-05-19T10:58:39.511715+00:00'
[2025-05-22T21:52:48.172+0100] {logging_mixin.py:188} INFO - 🔄 Reading 'dim_bank' from local schema 'public_decision_schema'...
[2025-05-22T21:52:48.366+0100] {logging_mixin.py:188} INFO - ⬆️ Uploading 'dim_bank' to remote (replace if exists)...
[2025-05-22T21:52:50.221+0100] {logging_mixin.py:188} INFO - ✅ 'dim_bank' copied and replaced successfully.
[2025-05-22T21:52:50.225+0100] {logging_mixin.py:188} INFO - 🔄 Reading 'dim_branch' from local schema 'public_decision_schema'...
[2025-05-22T21:52:50.267+0100] {logging_mixin.py:188} INFO - ⬆️ Uploading 'dim_branch' to remote (replace if exists)...
[2025-05-22T21:52:51.314+0100] {logging_mixin.py:188} INFO - ✅ 'dim_branch' copied and replaced successfully.
[2025-05-22T21:52:51.316+0100] {logging_mixin.py:188} INFO - 🔄 Reading 'dim_location' from local schema 'public_decision_schema'...
[2025-05-22T21:52:51.340+0100] {logging_mixin.py:188} INFO - ⬆️ Uploading 'dim_location' to remote (replace if exists)...
[2025-05-22T21:52:52.348+0100] {logging_mixin.py:188} INFO - ✅ 'dim_location' copied and replaced successfully.
[2025-05-22T21:52:52.350+0100] {logging_mixin.py:188} INFO - 🔄 Reading 'dim_sentiment' from local schema 'public_decision_schema'...
[2025-05-22T21:52:52.374+0100] {logging_mixin.py:188} INFO - ⬆️ Uploading 'dim_sentiment' to remote (replace if exists)...
[2025-05-22T21:52:53.395+0100] {logging_mixin.py:188} INFO - ✅ 'dim_sentiment' copied and replaced successfully.
[2025-05-22T21:52:53.397+0100] {logging_mixin.py:188} INFO - 🔄 Reading 'fact_reviews' from local schema 'public_decision_schema'...
[2025-05-22T21:52:53.447+0100] {logging_mixin.py:188} INFO - ⬆️ Uploading 'fact_reviews' to remote (replace if exists)...
[2025-05-22T21:52:54.584+0100] {logging_mixin.py:188} INFO - ✅ 'fact_reviews' copied and replaced successfully.
[2025-05-22T21:52:54.586+0100] {logging_mixin.py:188} INFO - 🔄 Reading 'clean_bank_reviews' from local schema 'public'...
[2025-05-22T21:52:54.608+0100] {logging_mixin.py:188} INFO - ⬆️ Uploading 'clean_bank_reviews' to remote (replace if exists)...
[2025-05-22T21:52:54.904+0100] {logging_mixin.py:188} INFO - ✅ 'clean_bank_reviews' copied and replaced successfully.
[2025-05-22T21:52:54.907+0100] {python.py:201} INFO - Done. Returned value was: None
[2025-05-22T21:52:54.939+0100] {taskinstance.py:1138} INFO - Marking task as SUCCESS. dag_id=scrape_and_insert_bank_reviews, task_id=copy_tables_to_remote, execution_date=20250519T105839, start_date=20250522T205247, end_date=20250522T205254
[2025-05-22T21:52:55.003+0100] {local_task_job_runner.py:234} INFO - Task exited with return code 0
[2025-05-22T21:52:55.035+0100] {taskinstance.py:3280} INFO - 0 downstream tasks scheduled from follow-on schedule check
