[2025-05-22T22:08:04.615+0100] {taskinstance.py:1956} INFO - Dependencies all met for dep_context=non-requeueable deps ti=<TaskInstance: scrape_and_insert_bank_reviews.copy_tables_to_remote manual__2025-05-19T10:58:39.511715+00:00 [queued]>
[2025-05-22T22:08:04.621+0100] {taskinstance.py:1956} INFO - Dependencies all met for dep_context=requeueable deps ti=<TaskInstance: scrape_and_insert_bank_reviews.copy_tables_to_remote manual__2025-05-19T10:58:39.511715+00:00 [queued]>
[2025-05-22T22:08:04.623+0100] {taskinstance.py:2170} INFO - Starting attempt 8 of 8
[2025-05-22T22:08:04.632+0100] {taskinstance.py:2191} INFO - Executing <Task(PythonOperator): copy_tables_to_remote> on 2025-05-19 10:58:39.511715+00:00
[2025-05-22T22:08:04.637+0100] {standard_task_runner.py:60} INFO - Started process 31884 to run task
[2025-05-22T22:08:04.640+0100] {standard_task_runner.py:87} INFO - Running: ['airflow', 'tasks', 'run', 'scrape_and_insert_bank_reviews', 'copy_tables_to_remote', 'manual__2025-05-19T10:58:39.511715+00:00', '--job-id', '1958', '--raw', '--subdir', 'DAGS_FOLDER/S_G_M_R.py', '--cfg-path', '/tmp/tmpy6o_bj0y']
[2025-05-22T22:08:04.641+0100] {standard_task_runner.py:88} INFO - Job 1958: Subtask copy_tables_to_remote
[2025-05-22T22:08:04.691+0100] {task_command.py:423} INFO - Running <TaskInstance: scrape_and_insert_bank_reviews.copy_tables_to_remote manual__2025-05-19T10:58:39.511715+00:00 [running]> on host DESKTOP-RRUTCI2.
[2025-05-22T22:08:04.873+0100] {taskinstance.py:2480} INFO - Exporting env vars: AIRFLOW_CTX_DAG_OWNER='airflow' AIRFLOW_CTX_DAG_ID='scrape_and_insert_bank_reviews' AIRFLOW_CTX_TASK_ID='copy_tables_to_remote' AIRFLOW_CTX_EXECUTION_DATE='2025-05-19T10:58:39.511715+00:00' AIRFLOW_CTX_TRY_NUMBER='8' AIRFLOW_CTX_DAG_RUN_ID='manual__2025-05-19T10:58:39.511715+00:00'
[2025-05-22T22:08:04.876+0100] {logging_mixin.py:188} INFO - 🔄 Reading 'dim_bank' from local schema 'public_decision_schema'...
[2025-05-22T22:08:04.938+0100] {logging_mixin.py:188} INFO - ⬆️ Uploading 'dim_bank' to remote (replace if exists)...
[2025-05-22T22:08:06.711+0100] {logging_mixin.py:188} INFO - ✅ 'dim_bank' copied and replaced successfully.
[2025-05-22T22:08:06.711+0100] {logging_mixin.py:188} INFO - 🔄 Reading 'dim_branch' from local schema 'public_decision_schema'...
[2025-05-22T22:08:06.724+0100] {logging_mixin.py:188} INFO - ⬆️ Uploading 'dim_branch' to remote (replace if exists)...
[2025-05-22T22:08:07.652+0100] {logging_mixin.py:188} INFO - ✅ 'dim_branch' copied and replaced successfully.
[2025-05-22T22:08:07.655+0100] {logging_mixin.py:188} INFO - 🔄 Reading 'dim_location' from local schema 'public_decision_schema'...
[2025-05-22T22:08:07.676+0100] {logging_mixin.py:188} INFO - ⬆️ Uploading 'dim_location' to remote (replace if exists)...
[2025-05-22T22:08:08.634+0100] {logging_mixin.py:188} INFO - ✅ 'dim_location' copied and replaced successfully.
[2025-05-22T22:08:08.635+0100] {logging_mixin.py:188} INFO - 🔄 Reading 'dim_sentiment' from local schema 'public_decision_schema'...
[2025-05-22T22:08:08.644+0100] {logging_mixin.py:188} INFO - ⬆️ Uploading 'dim_sentiment' to remote (replace if exists)...
[2025-05-22T22:08:09.587+0100] {logging_mixin.py:188} INFO - ✅ 'dim_sentiment' copied and replaced successfully.
[2025-05-22T22:08:09.588+0100] {logging_mixin.py:188} INFO - 🔄 Reading 'fact_reviews' from local schema 'public_decision_schema'...
[2025-05-22T22:08:09.605+0100] {logging_mixin.py:188} INFO - ⬆️ Uploading 'fact_reviews' to remote (replace if exists)...
[2025-05-22T22:08:10.595+0100] {logging_mixin.py:188} INFO - ✅ 'fact_reviews' copied and replaced successfully.
[2025-05-22T22:08:10.596+0100] {logging_mixin.py:188} INFO - 🔄 Reading 'final_reviews' from local schema 'public'...
[2025-05-22T22:08:10.610+0100] {logging_mixin.py:188} INFO - ⬆️ Uploading 'final_reviews' to remote (replace if exists)...
[2025-05-22T22:08:10.910+0100] {logging_mixin.py:188} INFO - ✅ 'final_reviews' copied and replaced successfully.
[2025-05-22T22:08:10.910+0100] {python.py:201} INFO - Done. Returned value was: None
[2025-05-22T22:08:10.920+0100] {taskinstance.py:1138} INFO - Marking task as SUCCESS. dag_id=scrape_and_insert_bank_reviews, task_id=copy_tables_to_remote, execution_date=20250519T105839, start_date=20250522T210804, end_date=20250522T210810
[2025-05-22T22:08:10.965+0100] {local_task_job_runner.py:234} INFO - Task exited with return code 0
[2025-05-22T22:08:10.981+0100] {taskinstance.py:3280} INFO - 0 downstream tasks scheduled from follow-on schedule check
