[2025-05-19T19:29:44.078+0100] {taskinstance.py:1956} INFO - Dependencies all met for dep_context=non-requeueable deps ti=<TaskInstance: scrape_and_insert_bank_reviews.copy_tables_to_remote manual__2025-05-19T10:58:39.511715+00:00 [queued]>
[2025-05-19T19:29:44.087+0100] {taskinstance.py:1956} INFO - Dependencies all met for dep_context=requeueable deps ti=<TaskInstance: scrape_and_insert_bank_reviews.copy_tables_to_remote manual__2025-05-19T10:58:39.511715+00:00 [queued]>
[2025-05-19T19:29:44.088+0100] {taskinstance.py:2170} INFO - Starting attempt 2 of 2
[2025-05-19T19:29:44.107+0100] {taskinstance.py:2191} INFO - Executing <Task(PythonOperator): copy_tables_to_remote> on 2025-05-19 10:58:39.511715+00:00
[2025-05-19T19:29:44.112+0100] {standard_task_runner.py:60} INFO - Started process 55090 to run task
[2025-05-19T19:29:44.115+0100] {standard_task_runner.py:87} INFO - Running: ['airflow', 'tasks', 'run', 'scrape_and_insert_bank_reviews', 'copy_tables_to_remote', 'manual__2025-05-19T10:58:39.511715+00:00', '--job-id', '1950', '--raw', '--subdir', 'DAGS_FOLDER/S_G_M_R.py', '--cfg-path', '/tmp/tmpafu3aal6']
[2025-05-19T19:29:44.117+0100] {standard_task_runner.py:88} INFO - Job 1950: Subtask copy_tables_to_remote
[2025-05-19T19:29:44.177+0100] {task_command.py:423} INFO - Running <TaskInstance: scrape_and_insert_bank_reviews.copy_tables_to_remote manual__2025-05-19T10:58:39.511715+00:00 [running]> on host DESKTOP-RRUTCI2.
[2025-05-19T19:29:44.421+0100] {taskinstance.py:2480} INFO - Exporting env vars: AIRFLOW_CTX_DAG_OWNER='airflow' AIRFLOW_CTX_DAG_ID='scrape_and_insert_bank_reviews' AIRFLOW_CTX_TASK_ID='copy_tables_to_remote' AIRFLOW_CTX_EXECUTION_DATE='2025-05-19T10:58:39.511715+00:00' AIRFLOW_CTX_TRY_NUMBER='2' AIRFLOW_CTX_DAG_RUN_ID='manual__2025-05-19T10:58:39.511715+00:00'
[2025-05-19T19:29:44.423+0100] {logging_mixin.py:188} INFO - 🔄 Reading 'dim_bank' from local schema 'public_decision_schema'...
[2025-05-19T19:29:44.507+0100] {logging_mixin.py:188} INFO - ⬆️ Uploading 'dim_bank' to remote (replace if exists)...
[2025-05-19T19:29:58.940+0100] {logging_mixin.py:188} INFO - ✅ 'dim_bank' copied and replaced successfully.
[2025-05-19T19:29:58.943+0100] {logging_mixin.py:188} INFO - 🔄 Reading 'dim_branch' from local schema 'public_decision_schema'...
[2025-05-19T19:29:58.966+0100] {logging_mixin.py:188} INFO - ⬆️ Uploading 'dim_branch' to remote (replace if exists)...
[2025-05-19T19:30:03.592+0100] {logging_mixin.py:188} INFO - ✅ 'dim_branch' copied and replaced successfully.
[2025-05-19T19:30:03.593+0100] {logging_mixin.py:188} INFO - 🔄 Reading 'dim_location' from local schema 'public_decision_schema'...
[2025-05-19T19:30:03.604+0100] {logging_mixin.py:188} INFO - ⬆️ Uploading 'dim_location' to remote (replace if exists)...
[2025-05-19T19:30:06.922+0100] {logging_mixin.py:188} INFO - ✅ 'dim_location' copied and replaced successfully.
[2025-05-19T19:30:06.926+0100] {logging_mixin.py:188} INFO - 🔄 Reading 'dim_sentiment' from local schema 'public_decision_schema'...
[2025-05-19T19:30:06.944+0100] {logging_mixin.py:188} INFO - ⬆️ Uploading 'dim_sentiment' to remote (replace if exists)...
[2025-05-19T19:30:10.125+0100] {logging_mixin.py:188} INFO - ✅ 'dim_sentiment' copied and replaced successfully.
[2025-05-19T19:30:10.129+0100] {logging_mixin.py:188} INFO - 🔄 Reading 'fact_reviews' from local schema 'public_decision_schema'...
[2025-05-19T19:30:10.156+0100] {logging_mixin.py:188} INFO - ⬆️ Uploading 'fact_reviews' to remote (replace if exists)...
[2025-05-19T19:30:14.885+0100] {logging_mixin.py:188} INFO - ✅ 'fact_reviews' copied and replaced successfully.
[2025-05-19T19:30:14.889+0100] {python.py:201} INFO - Done. Returned value was: None
[2025-05-19T19:30:14.912+0100] {taskinstance.py:1138} INFO - Marking task as SUCCESS. dag_id=scrape_and_insert_bank_reviews, task_id=copy_tables_to_remote, execution_date=20250519T105839, start_date=20250519T182944, end_date=20250519T183014
[2025-05-19T19:30:14.960+0100] {local_task_job_runner.py:234} INFO - Task exited with return code 0
[2025-05-19T19:30:14.978+0100] {taskinstance.py:3280} INFO - 0 downstream tasks scheduled from follow-on schedule check
