[2025-05-19T17:18:08.041+0100] {taskinstance.py:1956} INFO - Dependencies all met for dep_context=non-requeueable deps ti=<TaskInstance: scrape_and_insert_bank_reviews.copy_tables_to_remote manual__2025-05-19T10:58:39.511715+00:00 [queued]>
[2025-05-19T17:18:08.056+0100] {taskinstance.py:1956} INFO - Dependencies all met for dep_context=requeueable deps ti=<TaskInstance: scrape_and_insert_bank_reviews.copy_tables_to_remote manual__2025-05-19T10:58:39.511715+00:00 [queued]>
[2025-05-19T17:18:08.057+0100] {taskinstance.py:2170} INFO - Starting attempt 1 of 1
[2025-05-19T17:18:08.083+0100] {taskinstance.py:2191} INFO - Executing <Task(PythonOperator): copy_tables_to_remote> on 2025-05-19 10:58:39.511715+00:00
[2025-05-19T17:18:08.093+0100] {standard_task_runner.py:60} INFO - Started process 14745 to run task
[2025-05-19T17:18:08.100+0100] {standard_task_runner.py:87} INFO - Running: ['airflow', 'tasks', 'run', 'scrape_and_insert_bank_reviews', 'copy_tables_to_remote', 'manual__2025-05-19T10:58:39.511715+00:00', '--job-id', '1942', '--raw', '--subdir', 'DAGS_FOLDER/S_G_M_R.py', '--cfg-path', '/tmp/tmp2meozo_a']
[2025-05-19T17:18:08.102+0100] {standard_task_runner.py:88} INFO - Job 1942: Subtask copy_tables_to_remote
[2025-05-19T17:18:08.206+0100] {task_command.py:423} INFO - Running <TaskInstance: scrape_and_insert_bank_reviews.copy_tables_to_remote manual__2025-05-19T10:58:39.511715+00:00 [running]> on host DESKTOP-RRUTCI2.
[2025-05-19T17:18:08.615+0100] {taskinstance.py:2480} INFO - Exporting env vars: AIRFLOW_CTX_DAG_OWNER='airflow' AIRFLOW_CTX_DAG_ID='scrape_and_insert_bank_reviews' AIRFLOW_CTX_TASK_ID='copy_tables_to_remote' AIRFLOW_CTX_EXECUTION_DATE='2025-05-19T10:58:39.511715+00:00' AIRFLOW_CTX_TRY_NUMBER='1' AIRFLOW_CTX_DAG_RUN_ID='manual__2025-05-19T10:58:39.511715+00:00'
[2025-05-19T17:18:08.621+0100] {logging_mixin.py:188} INFO - 🔄 Reading 'dim_bank' from local...
[2025-05-19T17:18:08.786+0100] {logging_mixin.py:188} INFO - ⬆️ Uploading 'dim_bank' to remote...
[2025-05-19T17:18:11.199+0100] {logging_mixin.py:188} INFO - ✅ 'dim_bank' copied successfully.
[2025-05-19T17:18:11.201+0100] {logging_mixin.py:188} INFO - 🔄 Reading 'dim_branch' from local...
[2025-05-19T17:18:11.232+0100] {logging_mixin.py:188} INFO - ⬆️ Uploading 'dim_branch' to remote...
[2025-05-19T17:18:11.606+0100] {logging_mixin.py:188} INFO - ✅ 'dim_branch' copied successfully.
[2025-05-19T17:18:11.608+0100] {logging_mixin.py:188} INFO - 🔄 Reading 'dim_location' from local...
[2025-05-19T17:18:11.634+0100] {logging_mixin.py:188} INFO - ⬆️ Uploading 'dim_location' to remote...
[2025-05-19T17:18:12.240+0100] {logging_mixin.py:188} INFO - ✅ 'dim_location' copied successfully.
[2025-05-19T17:18:12.243+0100] {logging_mixin.py:188} INFO - 🔄 Reading 'dim_sentiment' from local...
[2025-05-19T17:18:12.265+0100] {logging_mixin.py:188} INFO - ⬆️ Uploading 'dim_sentiment' to remote...
[2025-05-19T17:18:12.665+0100] {logging_mixin.py:188} INFO - ✅ 'dim_sentiment' copied successfully.
[2025-05-19T17:18:12.668+0100] {logging_mixin.py:188} INFO - 🔄 Reading 'fact_reviews' from local...
[2025-05-19T17:18:12.721+0100] {logging_mixin.py:188} INFO - ⬆️ Uploading 'fact_reviews' to remote...
[2025-05-19T17:18:13.546+0100] {logging_mixin.py:188} INFO - ✅ 'fact_reviews' copied successfully.
[2025-05-19T17:18:13.549+0100] {python.py:201} INFO - Done. Returned value was: None
[2025-05-19T17:18:13.571+0100] {taskinstance.py:1138} INFO - Marking task as SUCCESS. dag_id=scrape_and_insert_bank_reviews, task_id=copy_tables_to_remote, execution_date=20250519T105839, start_date=20250519T161808, end_date=20250519T161813
[2025-05-19T17:18:13.654+0100] {local_task_job_runner.py:234} INFO - Task exited with return code 0
[2025-05-19T17:18:13.693+0100] {taskinstance.py:3280} INFO - 0 downstream tasks scheduled from follow-on schedule check
