[2025-05-19T12:20:46.228+0100] {taskinstance.py:1956} INFO - Dependencies all met for dep_context=non-requeueable deps ti=<TaskInstance: scrape_and_insert_bank_reviews.trigger_post_processing_dag manual__2025-05-19T10:58:39.511715+00:00 [queued]>
[2025-05-19T12:20:46.235+0100] {taskinstance.py:1956} INFO - Dependencies all met for dep_context=requeueable deps ti=<TaskInstance: scrape_and_insert_bank_reviews.trigger_post_processing_dag manual__2025-05-19T10:58:39.511715+00:00 [queued]>
[2025-05-19T12:20:46.236+0100] {taskinstance.py:2170} INFO - Starting attempt 1 of 1
[2025-05-19T12:20:46.246+0100] {taskinstance.py:2191} INFO - Executing <Task(TriggerDagRunOperator): trigger_post_processing_dag> on 2025-05-19 10:58:39.511715+00:00
[2025-05-19T12:20:46.251+0100] {standard_task_runner.py:60} INFO - Started process 37001 to run task
[2025-05-19T12:20:46.254+0100] {standard_task_runner.py:87} INFO - Running: ['airflow', 'tasks', 'run', 'scrape_and_insert_bank_reviews', 'trigger_post_processing_dag', 'manual__2025-05-19T10:58:39.511715+00:00', '--job-id', '1920', '--raw', '--subdir', 'DAGS_FOLDER/S_G_M_R.py', '--cfg-path', '/tmp/tmpd7sizdkj']
[2025-05-19T12:20:46.256+0100] {standard_task_runner.py:88} INFO - Job 1920: Subtask trigger_post_processing_dag
[2025-05-19T12:20:46.311+0100] {task_command.py:423} INFO - Running <TaskInstance: scrape_and_insert_bank_reviews.trigger_post_processing_dag manual__2025-05-19T10:58:39.511715+00:00 [running]> on host DESKTOP-RRUTCI2.
[2025-05-19T12:20:46.401+0100] {taskinstance.py:2480} INFO - Exporting env vars: AIRFLOW_CTX_DAG_OWNER='airflow' AIRFLOW_CTX_DAG_ID='scrape_and_insert_bank_reviews' AIRFLOW_CTX_TASK_ID='trigger_post_processing_dag' AIRFLOW_CTX_EXECUTION_DATE='2025-05-19T10:58:39.511715+00:00' AIRFLOW_CTX_TRY_NUMBER='1' AIRFLOW_CTX_DAG_RUN_ID='manual__2025-05-19T10:58:39.511715+00:00'
[2025-05-19T12:20:46.485+0100] {trigger_dagrun.py:210} INFO - Waiting for process_bank_reviews on 2025-05-19 11:20:46.404123+00:00 to become allowed state ['success'] ...
[2025-05-19T12:21:46.553+0100] {trigger_dagrun.py:210} INFO - Waiting for process_bank_reviews on 2025-05-19 11:20:46.404123+00:00 to become allowed state ['success'] ...
[2025-05-19T12:22:46.619+0100] {trigger_dagrun.py:210} INFO - Waiting for process_bank_reviews on 2025-05-19 11:20:46.404123+00:00 to become allowed state ['success'] ...
[2025-05-19T12:23:46.682+0100] {trigger_dagrun.py:210} INFO - Waiting for process_bank_reviews on 2025-05-19 11:20:46.404123+00:00 to become allowed state ['success'] ...
[2025-05-19T12:24:46.707+0100] {trigger_dagrun.py:210} INFO - Waiting for process_bank_reviews on 2025-05-19 11:20:46.404123+00:00 to become allowed state ['success'] ...
[2025-05-19T12:25:46.769+0100] {trigger_dagrun.py:210} INFO - Waiting for process_bank_reviews on 2025-05-19 11:20:46.404123+00:00 to become allowed state ['success'] ...
[2025-05-19T12:26:46.836+0100] {trigger_dagrun.py:210} INFO - Waiting for process_bank_reviews on 2025-05-19 11:20:46.404123+00:00 to become allowed state ['success'] ...
[2025-05-19T12:27:46.908+0100] {trigger_dagrun.py:210} INFO - Waiting for process_bank_reviews on 2025-05-19 11:20:46.404123+00:00 to become allowed state ['success'] ...
[2025-05-19T12:28:46.981+0100] {trigger_dagrun.py:210} INFO - Waiting for process_bank_reviews on 2025-05-19 11:20:46.404123+00:00 to become allowed state ['success'] ...
[2025-05-19T12:29:47.052+0100] {trigger_dagrun.py:210} INFO - Waiting for process_bank_reviews on 2025-05-19 11:20:46.404123+00:00 to become allowed state ['success'] ...
[2025-05-19T12:30:47.119+0100] {trigger_dagrun.py:210} INFO - Waiting for process_bank_reviews on 2025-05-19 11:20:46.404123+00:00 to become allowed state ['success'] ...
[2025-05-19T12:31:47.191+0100] {trigger_dagrun.py:210} INFO - Waiting for process_bank_reviews on 2025-05-19 11:20:46.404123+00:00 to become allowed state ['success'] ...
[2025-05-19T12:32:47.210+0100] {trigger_dagrun.py:210} INFO - Waiting for process_bank_reviews on 2025-05-19 11:20:46.404123+00:00 to become allowed state ['success'] ...
[2025-05-19T12:33:47.280+0100] {trigger_dagrun.py:210} INFO - Waiting for process_bank_reviews on 2025-05-19 11:20:46.404123+00:00 to become allowed state ['success'] ...
[2025-05-19T12:34:47.355+0100] {trigger_dagrun.py:210} INFO - Waiting for process_bank_reviews on 2025-05-19 11:20:46.404123+00:00 to become allowed state ['success'] ...
[2025-05-19T12:35:47.427+0100] {trigger_dagrun.py:210} INFO - Waiting for process_bank_reviews on 2025-05-19 11:20:46.404123+00:00 to become allowed state ['success'] ...
[2025-05-19T12:36:47.495+0100] {trigger_dagrun.py:210} INFO - Waiting for process_bank_reviews on 2025-05-19 11:20:46.404123+00:00 to become allowed state ['success'] ...
[2025-05-19T12:37:47.521+0100] {trigger_dagrun.py:210} INFO - Waiting for process_bank_reviews on 2025-05-19 11:20:46.404123+00:00 to become allowed state ['success'] ...
[2025-05-19T12:38:47.582+0100] {trigger_dagrun.py:210} INFO - Waiting for process_bank_reviews on 2025-05-19 11:20:46.404123+00:00 to become allowed state ['success'] ...
[2025-05-19T12:39:47.648+0100] {trigger_dagrun.py:210} INFO - Waiting for process_bank_reviews on 2025-05-19 11:20:46.404123+00:00 to become allowed state ['success'] ...
[2025-05-19T12:40:47.717+0100] {trigger_dagrun.py:210} INFO - Waiting for process_bank_reviews on 2025-05-19 11:20:46.404123+00:00 to become allowed state ['success'] ...
[2025-05-19T12:41:47.796+0100] {trigger_dagrun.py:210} INFO - Waiting for process_bank_reviews on 2025-05-19 11:20:46.404123+00:00 to become allowed state ['success'] ...
[2025-05-19T12:42:47.877+0100] {trigger_dagrun.py:210} INFO - Waiting for process_bank_reviews on 2025-05-19 11:20:46.404123+00:00 to become allowed state ['success'] ...
[2025-05-19T12:43:47.954+0100] {trigger_dagrun.py:210} INFO - Waiting for process_bank_reviews on 2025-05-19 11:20:46.404123+00:00 to become allowed state ['success'] ...
[2025-05-19T12:44:47.998+0100] {trigger_dagrun.py:210} INFO - Waiting for process_bank_reviews on 2025-05-19 11:20:46.404123+00:00 to become allowed state ['success'] ...
[2025-05-19T12:45:48.020+0100] {trigger_dagrun.py:210} INFO - Waiting for process_bank_reviews on 2025-05-19 11:20:46.404123+00:00 to become allowed state ['success'] ...
[2025-05-19T12:46:48.101+0100] {trigger_dagrun.py:210} INFO - Waiting for process_bank_reviews on 2025-05-19 11:20:46.404123+00:00 to become allowed state ['success'] ...
[2025-05-19T12:47:48.127+0100] {trigger_dagrun.py:210} INFO - Waiting for process_bank_reviews on 2025-05-19 11:20:46.404123+00:00 to become allowed state ['success'] ...
[2025-05-19T12:48:48.204+0100] {trigger_dagrun.py:210} INFO - Waiting for process_bank_reviews on 2025-05-19 11:20:46.404123+00:00 to become allowed state ['success'] ...
[2025-05-19T12:49:48.267+0100] {trigger_dagrun.py:210} INFO - Waiting for process_bank_reviews on 2025-05-19 11:20:46.404123+00:00 to become allowed state ['success'] ...
[2025-05-19T12:50:48.345+0100] {trigger_dagrun.py:210} INFO - Waiting for process_bank_reviews on 2025-05-19 11:20:46.404123+00:00 to become allowed state ['success'] ...
[2025-05-19T12:51:48.384+0100] {trigger_dagrun.py:210} INFO - Waiting for process_bank_reviews on 2025-05-19 11:20:46.404123+00:00 to become allowed state ['success'] ...
[2025-05-19T12:52:48.449+0100] {trigger_dagrun.py:210} INFO - Waiting for process_bank_reviews on 2025-05-19 11:20:46.404123+00:00 to become allowed state ['success'] ...
[2025-05-19T12:53:48.460+0100] {trigger_dagrun.py:210} INFO - Waiting for process_bank_reviews on 2025-05-19 11:20:46.404123+00:00 to become allowed state ['success'] ...
[2025-05-19T12:54:48.527+0100] {trigger_dagrun.py:210} INFO - Waiting for process_bank_reviews on 2025-05-19 11:20:46.404123+00:00 to become allowed state ['success'] ...
[2025-05-19T12:55:48.605+0100] {trigger_dagrun.py:210} INFO - Waiting for process_bank_reviews on 2025-05-19 11:20:46.404123+00:00 to become allowed state ['success'] ...
[2025-05-19T12:56:48.672+0100] {trigger_dagrun.py:210} INFO - Waiting for process_bank_reviews on 2025-05-19 11:20:46.404123+00:00 to become allowed state ['success'] ...
[2025-05-19T12:57:48.738+0100] {trigger_dagrun.py:210} INFO - Waiting for process_bank_reviews on 2025-05-19 11:20:46.404123+00:00 to become allowed state ['success'] ...
[2025-05-19T12:58:48.815+0100] {trigger_dagrun.py:210} INFO - Waiting for process_bank_reviews on 2025-05-19 11:20:46.404123+00:00 to become allowed state ['success'] ...
[2025-05-19T12:59:48.884+0100] {trigger_dagrun.py:210} INFO - Waiting for process_bank_reviews on 2025-05-19 11:20:46.404123+00:00 to become allowed state ['success'] ...
[2025-05-19T13:00:48.913+0100] {trigger_dagrun.py:210} INFO - Waiting for process_bank_reviews on 2025-05-19 11:20:46.404123+00:00 to become allowed state ['success'] ...
[2025-05-19T13:01:48.991+0100] {trigger_dagrun.py:210} INFO - Waiting for process_bank_reviews on 2025-05-19 11:20:46.404123+00:00 to become allowed state ['success'] ...
[2025-05-19T13:02:49.034+0100] {trigger_dagrun.py:210} INFO - Waiting for process_bank_reviews on 2025-05-19 11:20:46.404123+00:00 to become allowed state ['success'] ...
[2025-05-19T13:03:49.107+0100] {trigger_dagrun.py:210} INFO - Waiting for process_bank_reviews on 2025-05-19 11:20:46.404123+00:00 to become allowed state ['success'] ...
[2025-05-19T13:04:49.175+0100] {trigger_dagrun.py:210} INFO - Waiting for process_bank_reviews on 2025-05-19 11:20:46.404123+00:00 to become allowed state ['success'] ...
[2025-05-19T13:05:49.243+0100] {trigger_dagrun.py:210} INFO - Waiting for process_bank_reviews on 2025-05-19 11:20:46.404123+00:00 to become allowed state ['success'] ...
[2025-05-19T13:06:49.311+0100] {trigger_dagrun.py:210} INFO - Waiting for process_bank_reviews on 2025-05-19 11:20:46.404123+00:00 to become allowed state ['success'] ...
[2025-05-19T13:07:49.380+0100] {trigger_dagrun.py:210} INFO - Waiting for process_bank_reviews on 2025-05-19 11:20:46.404123+00:00 to become allowed state ['success'] ...
[2025-05-19T13:08:49.442+0100] {trigger_dagrun.py:210} INFO - Waiting for process_bank_reviews on 2025-05-19 11:20:46.404123+00:00 to become allowed state ['success'] ...
[2025-05-19T13:09:49.458+0100] {trigger_dagrun.py:210} INFO - Waiting for process_bank_reviews on 2025-05-19 11:20:46.404123+00:00 to become allowed state ['success'] ...
[2025-05-19T13:10:49.529+0100] {trigger_dagrun.py:210} INFO - Waiting for process_bank_reviews on 2025-05-19 11:20:46.404123+00:00 to become allowed state ['success'] ...
[2025-05-19T13:11:49.581+0100] {trigger_dagrun.py:210} INFO - Waiting for process_bank_reviews on 2025-05-19 11:20:46.404123+00:00 to become allowed state ['success'] ...
[2025-05-19T13:12:49.645+0100] {trigger_dagrun.py:210} INFO - Waiting for process_bank_reviews on 2025-05-19 11:20:46.404123+00:00 to become allowed state ['success'] ...
[2025-05-19T13:13:49.687+0100] {trigger_dagrun.py:210} INFO - Waiting for process_bank_reviews on 2025-05-19 11:20:46.404123+00:00 to become allowed state ['success'] ...
[2025-05-19T13:14:49.756+0100] {trigger_dagrun.py:210} INFO - Waiting for process_bank_reviews on 2025-05-19 11:20:46.404123+00:00 to become allowed state ['success'] ...
[2025-05-19T13:15:49.819+0100] {trigger_dagrun.py:210} INFO - Waiting for process_bank_reviews on 2025-05-19 11:20:46.404123+00:00 to become allowed state ['success'] ...
[2025-05-19T13:16:49.850+0100] {trigger_dagrun.py:210} INFO - Waiting for process_bank_reviews on 2025-05-19 11:20:46.404123+00:00 to become allowed state ['success'] ...
[2025-05-19T13:17:49.867+0100] {trigger_dagrun.py:210} INFO - Waiting for process_bank_reviews on 2025-05-19 11:20:46.404123+00:00 to become allowed state ['success'] ...
[2025-05-19T13:18:49.893+0100] {trigger_dagrun.py:210} INFO - Waiting for process_bank_reviews on 2025-05-19 11:20:46.404123+00:00 to become allowed state ['success'] ...
[2025-05-19T13:19:49.915+0100] {trigger_dagrun.py:210} INFO - Waiting for process_bank_reviews on 2025-05-19 11:20:46.404123+00:00 to become allowed state ['success'] ...
[2025-05-19T13:20:49.984+0100] {trigger_dagrun.py:210} INFO - Waiting for process_bank_reviews on 2025-05-19 11:20:46.404123+00:00 to become allowed state ['success'] ...
[2025-05-19T13:21:50.069+0100] {trigger_dagrun.py:210} INFO - Waiting for process_bank_reviews on 2025-05-19 11:20:46.404123+00:00 to become allowed state ['success'] ...
[2025-05-19T13:22:50.157+0100] {trigger_dagrun.py:210} INFO - Waiting for process_bank_reviews on 2025-05-19 11:20:46.404123+00:00 to become allowed state ['success'] ...
[2025-05-19T13:23:50.199+0100] {trigger_dagrun.py:210} INFO - Waiting for process_bank_reviews on 2025-05-19 11:20:46.404123+00:00 to become allowed state ['success'] ...
[2025-05-19T13:24:50.273+0100] {trigger_dagrun.py:210} INFO - Waiting for process_bank_reviews on 2025-05-19 11:20:46.404123+00:00 to become allowed state ['success'] ...
[2025-05-19T13:25:50.353+0100] {trigger_dagrun.py:210} INFO - Waiting for process_bank_reviews on 2025-05-19 11:20:46.404123+00:00 to become allowed state ['success'] ...
[2025-05-19T13:26:50.429+0100] {trigger_dagrun.py:210} INFO - Waiting for process_bank_reviews on 2025-05-19 11:20:46.404123+00:00 to become allowed state ['success'] ...
[2025-05-19T13:27:50.508+0100] {trigger_dagrun.py:210} INFO - Waiting for process_bank_reviews on 2025-05-19 11:20:46.404123+00:00 to become allowed state ['success'] ...
[2025-05-19T13:28:50.594+0100] {trigger_dagrun.py:210} INFO - Waiting for process_bank_reviews on 2025-05-19 11:20:46.404123+00:00 to become allowed state ['success'] ...
[2025-05-19T13:29:50.676+0100] {trigger_dagrun.py:210} INFO - Waiting for process_bank_reviews on 2025-05-19 11:20:46.404123+00:00 to become allowed state ['success'] ...
[2025-05-19T13:30:50.752+0100] {trigger_dagrun.py:210} INFO - Waiting for process_bank_reviews on 2025-05-19 11:20:46.404123+00:00 to become allowed state ['success'] ...
[2025-05-19T13:31:50.832+0100] {trigger_dagrun.py:210} INFO - Waiting for process_bank_reviews on 2025-05-19 11:20:46.404123+00:00 to become allowed state ['success'] ...
[2025-05-19T13:32:50.903+0100] {trigger_dagrun.py:210} INFO - Waiting for process_bank_reviews on 2025-05-19 11:20:46.404123+00:00 to become allowed state ['success'] ...
[2025-05-19T13:33:50.975+0100] {trigger_dagrun.py:210} INFO - Waiting for process_bank_reviews on 2025-05-19 11:20:46.404123+00:00 to become allowed state ['success'] ...
[2025-05-19T13:34:51.043+0100] {trigger_dagrun.py:210} INFO - Waiting for process_bank_reviews on 2025-05-19 11:20:46.404123+00:00 to become allowed state ['success'] ...
[2025-05-19T13:35:51.110+0100] {trigger_dagrun.py:210} INFO - Waiting for process_bank_reviews on 2025-05-19 11:20:46.404123+00:00 to become allowed state ['success'] ...
[2025-05-19T13:36:51.159+0100] {trigger_dagrun.py:210} INFO - Waiting for process_bank_reviews on 2025-05-19 11:20:46.404123+00:00 to become allowed state ['success'] ...
[2025-05-19T13:37:51.235+0100] {trigger_dagrun.py:210} INFO - Waiting for process_bank_reviews on 2025-05-19 11:20:46.404123+00:00 to become allowed state ['success'] ...
[2025-05-19T13:38:51.313+0100] {trigger_dagrun.py:210} INFO - Waiting for process_bank_reviews on 2025-05-19 11:20:46.404123+00:00 to become allowed state ['success'] ...
[2025-05-19T13:39:51.397+0100] {trigger_dagrun.py:210} INFO - Waiting for process_bank_reviews on 2025-05-19 11:20:46.404123+00:00 to become allowed state ['success'] ...
[2025-05-19T13:40:51.453+0100] {trigger_dagrun.py:210} INFO - Waiting for process_bank_reviews on 2025-05-19 11:20:46.404123+00:00 to become allowed state ['success'] ...
[2025-05-19T13:41:51.529+0100] {trigger_dagrun.py:210} INFO - Waiting for process_bank_reviews on 2025-05-19 11:20:46.404123+00:00 to become allowed state ['success'] ...
[2025-05-19T13:42:51.605+0100] {trigger_dagrun.py:210} INFO - Waiting for process_bank_reviews on 2025-05-19 11:20:46.404123+00:00 to become allowed state ['success'] ...
[2025-05-19T13:43:51.630+0100] {trigger_dagrun.py:210} INFO - Waiting for process_bank_reviews on 2025-05-19 11:20:46.404123+00:00 to become allowed state ['success'] ...
[2025-05-19T13:44:51.664+0100] {trigger_dagrun.py:210} INFO - Waiting for process_bank_reviews on 2025-05-19 11:20:46.404123+00:00 to become allowed state ['success'] ...
[2025-05-19T13:45:51.736+0100] {trigger_dagrun.py:210} INFO - Waiting for process_bank_reviews on 2025-05-19 11:20:46.404123+00:00 to become allowed state ['success'] ...
[2025-05-19T13:46:51.778+0100] {trigger_dagrun.py:210} INFO - Waiting for process_bank_reviews on 2025-05-19 11:20:46.404123+00:00 to become allowed state ['success'] ...
[2025-05-19T13:47:51.821+0100] {trigger_dagrun.py:210} INFO - Waiting for process_bank_reviews on 2025-05-19 11:20:46.404123+00:00 to become allowed state ['success'] ...
[2025-05-19T13:48:51.891+0100] {trigger_dagrun.py:210} INFO - Waiting for process_bank_reviews on 2025-05-19 11:20:46.404123+00:00 to become allowed state ['success'] ...
[2025-05-19T13:49:51.965+0100] {trigger_dagrun.py:210} INFO - Waiting for process_bank_reviews on 2025-05-19 11:20:46.404123+00:00 to become allowed state ['success'] ...
[2025-05-19T13:50:51.987+0100] {trigger_dagrun.py:210} INFO - Waiting for process_bank_reviews on 2025-05-19 11:20:46.404123+00:00 to become allowed state ['success'] ...
[2025-05-19T13:51:52.061+0100] {trigger_dagrun.py:210} INFO - Waiting for process_bank_reviews on 2025-05-19 11:20:46.404123+00:00 to become allowed state ['success'] ...
[2025-05-19T13:52:52.136+0100] {trigger_dagrun.py:210} INFO - Waiting for process_bank_reviews on 2025-05-19 11:20:46.404123+00:00 to become allowed state ['success'] ...
[2025-05-19T13:53:52.189+0100] {trigger_dagrun.py:210} INFO - Waiting for process_bank_reviews on 2025-05-19 11:20:46.404123+00:00 to become allowed state ['success'] ...
[2025-05-19T13:54:52.268+0100] {trigger_dagrun.py:210} INFO - Waiting for process_bank_reviews on 2025-05-19 11:20:46.404123+00:00 to become allowed state ['success'] ...
[2025-05-19T13:55:52.297+0100] {trigger_dagrun.py:210} INFO - Waiting for process_bank_reviews on 2025-05-19 11:20:46.404123+00:00 to become allowed state ['success'] ...
[2025-05-19T13:56:52.346+0100] {trigger_dagrun.py:210} INFO - Waiting for process_bank_reviews on 2025-05-19 11:20:46.404123+00:00 to become allowed state ['success'] ...
[2025-05-19T13:57:52.420+0100] {trigger_dagrun.py:210} INFO - Waiting for process_bank_reviews on 2025-05-19 11:20:46.404123+00:00 to become allowed state ['success'] ...
[2025-05-19T13:58:52.484+0100] {trigger_dagrun.py:210} INFO - Waiting for process_bank_reviews on 2025-05-19 11:20:46.404123+00:00 to become allowed state ['success'] ...
[2025-05-19T13:59:52.558+0100] {trigger_dagrun.py:210} INFO - Waiting for process_bank_reviews on 2025-05-19 11:20:46.404123+00:00 to become allowed state ['success'] ...
[2025-05-19T13:59:56.710+0100] {local_task_job_runner.py:302} WARNING - State of this instance has been externally set to failed. Terminating instance.
[2025-05-19T13:59:56.721+0100] {process_utils.py:131} INFO - Sending 15 to group 37001. PIDs of all processes in the group: [37001]
[2025-05-19T13:59:56.724+0100] {process_utils.py:86} INFO - Sending the signal 15 to group 37001
[2025-05-19T13:59:56.729+0100] {taskinstance.py:2450} ERROR - Received SIGTERM. Terminating subprocesses.
[2025-05-19T13:59:56.822+0100] {process_utils.py:79} INFO - Process psutil.Process(pid=37001, status='terminated', exitcode=0, started='12:20:45') (37001) terminated with exit code 0
