[2025-06-03T11:23:51.808+0100] {taskinstance.py:1956} INFO - Dependencies all met for dep_context=non-requeueable deps ti=<TaskInstance: process_bank_reviews.run_decision_models manual__2025-06-03T10:18:42.104397+00:00 [queued]>
[2025-06-03T11:23:51.833+0100] {taskinstance.py:1956} INFO - Dependencies all met for dep_context=requeueable deps ti=<TaskInstance: process_bank_reviews.run_decision_models manual__2025-06-03T10:18:42.104397+00:00 [queued]>
[2025-06-03T11:23:51.835+0100] {taskinstance.py:2170} INFO - Starting attempt 1 of 2
[2025-06-03T11:23:51.867+0100] {taskinstance.py:2191} INFO - Executing <Task(BashOperator): run_decision_models> on 2025-06-03 10:18:42.104397+00:00
[2025-06-03T11:23:51.886+0100] {standard_task_runner.py:60} INFO - Started process 21475 to run task
[2025-06-03T11:23:51.894+0100] {standard_task_runner.py:87} INFO - Running: ['airflow', 'tasks', 'run', 'process_bank_reviews', 'run_decision_models', 'manual__2025-06-03T10:18:42.104397+00:00', '--job-id', '1962', '--raw', '--subdir', 'DAGS_FOLDER/post_processing.py', '--cfg-path', '/tmp/tmpgoyc1vy6']
[2025-06-03T11:23:51.900+0100] {standard_task_runner.py:88} INFO - Job 1962: Subtask run_decision_models
[2025-06-03T11:23:52.045+0100] {task_command.py:423} INFO - Running <TaskInstance: process_bank_reviews.run_decision_models manual__2025-06-03T10:18:42.104397+00:00 [running]> on host DESKTOP-RRUTCI2.localdomain
[2025-06-03T11:23:52.284+0100] {taskinstance.py:2480} INFO - Exporting env vars: AIRFLOW_CTX_DAG_OWNER='airflow' AIRFLOW_CTX_DAG_ID='process_bank_reviews' AIRFLOW_CTX_TASK_ID='run_decision_models' AIRFLOW_CTX_EXECUTION_DATE='2025-06-03T10:18:42.104397+00:00' AIRFLOW_CTX_TRY_NUMBER='1' AIRFLOW_CTX_DAG_RUN_ID='manual__2025-06-03T10:18:42.104397+00:00'
[2025-06-03T11:23:52.289+0100] {subprocess.py:63} INFO - Tmp dir root location: /tmp
[2025-06-03T11:23:52.293+0100] {subprocess.py:75} INFO - Running command: ['/usr/bin/bash', '-c', 'cd ~/airflow/dbt_project/models/decision_schema && dbt run']
[2025-06-03T11:23:52.322+0100] {subprocess.py:86} INFO - Output:
[2025-06-03T11:24:17.744+0100] {subprocess.py:93} INFO - [0m10:24:17  Running with dbt=1.8.7
[2025-06-03T11:24:20.937+0100] {subprocess.py:93} INFO - [0m10:24:20  Registered adapter: postgres=1.8.2
[2025-06-03T11:24:26.805+0100] {subprocess.py:93} INFO - [0m10:24:26  [[33mWARNING[0m]: Configuration paths exist in your dbt_project.yml file which do not apply to any resources.
[2025-06-03T11:24:26.807+0100] {subprocess.py:93} INFO - There are 1 unused configuration paths:
[2025-06-03T11:24:26.809+0100] {subprocess.py:93} INFO - - models.dbt_project.forPy
[2025-06-03T11:24:27.826+0100] {subprocess.py:93} INFO - [0m10:24:27  Found 8 models, 1 seed, 4 data tests, 1 source, 540 macros
[2025-06-03T11:24:27.835+0100] {subprocess.py:93} INFO - [0m10:24:27
[2025-06-03T11:24:34.374+0100] {subprocess.py:93} INFO - [0m10:24:34  Concurrency: 4 threads (target='dev')
[2025-06-03T11:24:34.376+0100] {subprocess.py:93} INFO - [0m10:24:34
[2025-06-03T11:24:34.385+0100] {subprocess.py:93} INFO - [0m10:24:34  1 of 8 START sql view model public.clean_bank_reviews .......................... [RUN]
[2025-06-03T11:24:34.388+0100] {subprocess.py:93} INFO - [0m10:24:34  2 of 8 START sql table model public_decision_schema.dim_bank ................... [RUN]
[2025-06-03T11:24:34.390+0100] {subprocess.py:93} INFO - [0m10:24:34  3 of 8 START sql table model public_decision_schema.dim_branch ................. [RUN]
[2025-06-03T11:24:34.391+0100] {subprocess.py:93} INFO - [0m10:24:34  4 of 8 START sql table model public_decision_schema.dim_location ............... [RUN]
[2025-06-03T11:24:35.223+0100] {subprocess.py:93} INFO - [0m10:24:35  4 of 8 OK created sql table model public_decision_schema.dim_location .......... [[32mSELECT 23[0m in 0.82s]
[2025-06-03T11:24:35.225+0100] {subprocess.py:93} INFO - [0m10:24:35  1 of 8 OK created sql view model public.clean_bank_reviews ..................... [[32mCREATE VIEW[0m in 0.82s]
[2025-06-03T11:24:35.227+0100] {subprocess.py:93} INFO - [0m10:24:35  2 of 8 OK created sql table model public_decision_schema.dim_bank .............. [[32mSELECT 3[0m in 0.83s]
[2025-06-03T11:24:35.229+0100] {subprocess.py:93} INFO - [0m10:24:35  3 of 8 OK created sql table model public_decision_schema.dim_branch ............ [[32mSELECT 27[0m in 0.83s]
[2025-06-03T11:24:35.241+0100] {subprocess.py:93} INFO - [0m10:24:35  5 of 8 START sql table model public_decision_schema.dim_sentiment .............. [RUN]
[2025-06-03T11:24:35.244+0100] {subprocess.py:93} INFO - [0m10:24:35  6 of 8 START sql table model public_decision_schema.fact_reviews ............... [RUN]
[2025-06-03T11:24:35.246+0100] {subprocess.py:93} INFO - [0m10:24:35  7 of 8 START sql table model public.my_first_dbt_model ......................... [RUN]
[2025-06-03T11:24:35.517+0100] {subprocess.py:93} INFO - [0m10:24:35  5 of 8 OK created sql table model public_decision_schema.dim_sentiment ......... [[32mSELECT 5[0m in 0.27s]
[2025-06-03T11:24:35.520+0100] {subprocess.py:93} INFO - [0m10:24:35  6 of 8 OK created sql table model public_decision_schema.fact_reviews .......... [[32mSELECT 149[0m in 0.27s]
[2025-06-03T11:24:35.523+0100] {subprocess.py:93} INFO - [0m10:24:35  7 of 8 OK created sql table model public.my_first_dbt_model .................... [[32mSELECT 2[0m in 0.27s]
[2025-06-03T11:24:35.532+0100] {subprocess.py:93} INFO - [0m10:24:35  8 of 8 START sql view model public.my_second_dbt_model ......................... [RUN]
[2025-06-03T11:24:35.650+0100] {subprocess.py:93} INFO - [0m10:24:35  8 of 8 OK created sql view model public.my_second_dbt_model .................... [[32mCREATE VIEW[0m in 0.11s]
[2025-06-03T11:24:35.686+0100] {subprocess.py:93} INFO - [0m10:24:35
[2025-06-03T11:24:35.689+0100] {subprocess.py:93} INFO - [0m10:24:35  Finished running 6 table models, 2 view models in 0 hours 0 minutes and 7.85 seconds (7.85s).
[2025-06-03T11:24:35.786+0100] {subprocess.py:93} INFO - [0m10:24:35
[2025-06-03T11:24:35.788+0100] {subprocess.py:93} INFO - [0m10:24:35  [32mCompleted successfully[0m
[2025-06-03T11:24:35.790+0100] {subprocess.py:93} INFO - [0m10:24:35
[2025-06-03T11:24:35.792+0100] {subprocess.py:93} INFO - [0m10:24:35  Done. PASS=8 WARN=0 ERROR=0 SKIP=0 TOTAL=8
[2025-06-03T11:24:37.777+0100] {subprocess.py:97} INFO - Command exited with return code 0
[2025-06-03T11:24:37.880+0100] {taskinstance.py:1138} INFO - Marking task as SUCCESS. dag_id=process_bank_reviews, task_id=run_decision_models, execution_date=20250603T101842, start_date=20250603T102351, end_date=20250603T102437
[2025-06-03T11:24:37.962+0100] {local_task_job_runner.py:234} INFO - Task exited with return code 0
[2025-06-03T11:24:38.044+0100] {taskinstance.py:3280} INFO - 0 downstream tasks scheduled from follow-on schedule check
