[2025-05-14T00:14:21.738+0100] {processor.py:161} INFO - Started process (PID=10021) to work on /home/osama/airflow/dags/dag_maps.py
[2025-05-14T00:14:21.740+0100] {processor.py:830} INFO - Processing file /home/osama/airflow/dags/dag_maps.py for tasks to queue
[2025-05-14T00:14:21.744+0100] {logging_mixin.py:188} INFO - [2025-05-14T00:14:21.742+0100] {dagbag.py:538} INFO - Filling up the DagBag from /home/osama/airflow/dags/dag_maps.py
[2025-05-14T00:14:30.119+0100] {processor.py:840} INFO - DAG(s) 'maps_dag' retrieved from /home/osama/airflow/dags/dag_maps.py
[2025-05-14T00:14:30.285+0100] {logging_mixin.py:188} INFO - [2025-05-14T00:14:30.284+0100] {dag.py:3036} INFO - Sync 1 DAGs
[2025-05-14T00:14:30.302+0100] {logging_mixin.py:188} INFO - [2025-05-14T00:14:30.300+0100] {dag.py:3823} INFO - Setting next_dagrun for maps_dag to None, run_after=None
[2025-05-14T00:14:30.334+0100] {processor.py:183} INFO - Processing /home/osama/airflow/dags/dag_maps.py took 8.602 seconds
[2025-05-14T00:15:03.542+0100] {processor.py:161} INFO - Started process (PID=10267) to work on /home/osama/airflow/dags/dag_maps.py
[2025-05-14T00:15:03.551+0100] {processor.py:830} INFO - Processing file /home/osama/airflow/dags/dag_maps.py for tasks to queue
[2025-05-14T00:15:03.555+0100] {logging_mixin.py:188} INFO - [2025-05-14T00:15:03.554+0100] {dagbag.py:538} INFO - Filling up the DagBag from /home/osama/airflow/dags/dag_maps.py
[2025-05-14T00:15:10.523+0100] {processor.py:840} INFO - DAG(s) 'maps_dag' retrieved from /home/osama/airflow/dags/dag_maps.py
[2025-05-14T00:15:10.708+0100] {logging_mixin.py:188} INFO - [2025-05-14T00:15:10.706+0100] {dag.py:3036} INFO - Sync 1 DAGs
[2025-05-14T00:15:10.727+0100] {logging_mixin.py:188} INFO - [2025-05-14T00:15:10.725+0100] {dag.py:3823} INFO - Setting next_dagrun for maps_dag to None, run_after=None
[2025-05-14T00:15:10.751+0100] {processor.py:183} INFO - Processing /home/osama/airflow/dags/dag_maps.py took 7.216 seconds
[2025-05-14T00:15:44.751+0100] {processor.py:161} INFO - Started process (PID=10505) to work on /home/osama/airflow/dags/dag_maps.py
[2025-05-14T00:15:44.762+0100] {processor.py:830} INFO - Processing file /home/osama/airflow/dags/dag_maps.py for tasks to queue
[2025-05-14T00:15:44.766+0100] {logging_mixin.py:188} INFO - [2025-05-14T00:15:44.764+0100] {dagbag.py:538} INFO - Filling up the DagBag from /home/osama/airflow/dags/dag_maps.py
[2025-05-14T00:15:52.822+0100] {processor.py:840} INFO - DAG(s) 'maps_dag' retrieved from /home/osama/airflow/dags/dag_maps.py
[2025-05-14T00:15:53.019+0100] {logging_mixin.py:188} INFO - [2025-05-14T00:15:53.016+0100] {dag.py:3036} INFO - Sync 1 DAGs
[2025-05-14T00:15:53.046+0100] {logging_mixin.py:188} INFO - [2025-05-14T00:15:53.043+0100] {dag.py:3823} INFO - Setting next_dagrun for maps_dag to None, run_after=None
[2025-05-14T00:15:53.083+0100] {processor.py:183} INFO - Processing /home/osama/airflow/dags/dag_maps.py took 8.340 seconds
[2025-05-14T00:16:25.947+0100] {processor.py:161} INFO - Started process (PID=10766) to work on /home/osama/airflow/dags/dag_maps.py
[2025-05-14T00:16:25.950+0100] {processor.py:830} INFO - Processing file /home/osama/airflow/dags/dag_maps.py for tasks to queue
[2025-05-14T00:16:25.954+0100] {logging_mixin.py:188} INFO - [2025-05-14T00:16:25.952+0100] {dagbag.py:538} INFO - Filling up the DagBag from /home/osama/airflow/dags/dag_maps.py
[2025-05-14T00:16:33.769+0100] {processor.py:840} INFO - DAG(s) 'maps_dag' retrieved from /home/osama/airflow/dags/dag_maps.py
[2025-05-14T00:16:33.976+0100] {logging_mixin.py:188} INFO - [2025-05-14T00:16:33.971+0100] {dag.py:3036} INFO - Sync 1 DAGs
[2025-05-14T00:16:34.004+0100] {logging_mixin.py:188} INFO - [2025-05-14T00:16:34.002+0100] {dag.py:3823} INFO - Setting next_dagrun for maps_dag to None, run_after=None
[2025-05-14T00:16:34.046+0100] {processor.py:183} INFO - Processing /home/osama/airflow/dags/dag_maps.py took 8.105 seconds
[2025-05-14T00:17:04.362+0100] {processor.py:161} INFO - Started process (PID=10964) to work on /home/osama/airflow/dags/dag_maps.py
[2025-05-14T00:17:04.371+0100] {processor.py:830} INFO - Processing file /home/osama/airflow/dags/dag_maps.py for tasks to queue
[2025-05-14T00:17:04.377+0100] {logging_mixin.py:188} INFO - [2025-05-14T00:17:04.374+0100] {dagbag.py:538} INFO - Filling up the DagBag from /home/osama/airflow/dags/dag_maps.py
[2025-05-14T00:17:11.479+0100] {processor.py:840} INFO - DAG(s) 'maps_dag' retrieved from /home/osama/airflow/dags/dag_maps.py
[2025-05-14T00:17:11.690+0100] {logging_mixin.py:188} INFO - [2025-05-14T00:17:11.688+0100] {dag.py:3036} INFO - Sync 1 DAGs
[2025-05-14T00:17:11.723+0100] {logging_mixin.py:188} INFO - [2025-05-14T00:17:11.720+0100] {dag.py:3823} INFO - Setting next_dagrun for maps_dag to None, run_after=None
[2025-05-14T00:17:11.771+0100] {processor.py:183} INFO - Processing /home/osama/airflow/dags/dag_maps.py took 7.419 seconds
[2025-05-14T00:17:41.993+0100] {processor.py:161} INFO - Started process (PID=11182) to work on /home/osama/airflow/dags/dag_maps.py
[2025-05-14T00:17:42.003+0100] {processor.py:830} INFO - Processing file /home/osama/airflow/dags/dag_maps.py for tasks to queue
[2025-05-14T00:17:42.008+0100] {logging_mixin.py:188} INFO - [2025-05-14T00:17:42.006+0100] {dagbag.py:538} INFO - Filling up the DagBag from /home/osama/airflow/dags/dag_maps.py
[2025-05-14T00:17:50.358+0100] {processor.py:840} INFO - DAG(s) 'maps_dag' retrieved from /home/osama/airflow/dags/dag_maps.py
[2025-05-14T00:17:50.539+0100] {logging_mixin.py:188} INFO - [2025-05-14T00:17:50.537+0100] {dag.py:3036} INFO - Sync 1 DAGs
[2025-05-14T00:17:50.561+0100] {logging_mixin.py:188} INFO - [2025-05-14T00:17:50.559+0100] {dag.py:3823} INFO - Setting next_dagrun for maps_dag to None, run_after=None
[2025-05-14T00:17:50.591+0100] {processor.py:183} INFO - Processing /home/osama/airflow/dags/dag_maps.py took 8.604 seconds
[2025-05-14T00:18:20.641+0100] {processor.py:161} INFO - Started process (PID=11411) to work on /home/osama/airflow/dags/dag_maps.py
[2025-05-14T00:18:20.645+0100] {processor.py:830} INFO - Processing file /home/osama/airflow/dags/dag_maps.py for tasks to queue
[2025-05-14T00:18:20.648+0100] {logging_mixin.py:188} INFO - [2025-05-14T00:18:20.646+0100] {dagbag.py:538} INFO - Filling up the DagBag from /home/osama/airflow/dags/dag_maps.py
[2025-05-14T00:18:31.360+0100] {processor.py:840} INFO - DAG(s) 'maps_dag' retrieved from /home/osama/airflow/dags/dag_maps.py
[2025-05-14T00:18:31.552+0100] {logging_mixin.py:188} INFO - [2025-05-14T00:18:31.550+0100] {dag.py:3036} INFO - Sync 1 DAGs
[2025-05-14T00:18:31.575+0100] {logging_mixin.py:188} INFO - [2025-05-14T00:18:31.574+0100] {dag.py:3823} INFO - Setting next_dagrun for maps_dag to None, run_after=None
[2025-05-14T00:18:31.610+0100] {processor.py:183} INFO - Processing /home/osama/airflow/dags/dag_maps.py took 10.976 seconds
[2025-05-14T00:19:01.982+0100] {processor.py:161} INFO - Started process (PID=11667) to work on /home/osama/airflow/dags/dag_maps.py
[2025-05-14T00:19:01.986+0100] {processor.py:830} INFO - Processing file /home/osama/airflow/dags/dag_maps.py for tasks to queue
[2025-05-14T00:19:01.989+0100] {logging_mixin.py:188} INFO - [2025-05-14T00:19:01.988+0100] {dagbag.py:538} INFO - Filling up the DagBag from /home/osama/airflow/dags/dag_maps.py
[2025-05-14T00:19:13.084+0100] {processor.py:840} INFO - DAG(s) 'maps_dag' retrieved from /home/osama/airflow/dags/dag_maps.py
[2025-05-14T00:19:13.356+0100] {logging_mixin.py:188} INFO - [2025-05-14T00:19:13.353+0100] {dag.py:3036} INFO - Sync 1 DAGs
[2025-05-14T00:19:13.381+0100] {logging_mixin.py:188} INFO - [2025-05-14T00:19:13.379+0100] {dag.py:3823} INFO - Setting next_dagrun for maps_dag to None, run_after=None
[2025-05-14T00:19:13.423+0100] {processor.py:183} INFO - Processing /home/osama/airflow/dags/dag_maps.py took 11.449 seconds
[2025-05-14T00:19:44.108+0100] {processor.py:161} INFO - Started process (PID=11906) to work on /home/osama/airflow/dags/dag_maps.py
[2025-05-14T00:19:44.112+0100] {processor.py:830} INFO - Processing file /home/osama/airflow/dags/dag_maps.py for tasks to queue
[2025-05-14T00:19:44.115+0100] {logging_mixin.py:188} INFO - [2025-05-14T00:19:44.114+0100] {dagbag.py:538} INFO - Filling up the DagBag from /home/osama/airflow/dags/dag_maps.py
[2025-05-14T00:19:51.733+0100] {processor.py:840} INFO - DAG(s) 'maps_dag' retrieved from /home/osama/airflow/dags/dag_maps.py
[2025-05-14T00:19:51.904+0100] {logging_mixin.py:188} INFO - [2025-05-14T00:19:51.902+0100] {dag.py:3036} INFO - Sync 1 DAGs
[2025-05-14T00:19:51.922+0100] {logging_mixin.py:188} INFO - [2025-05-14T00:19:51.921+0100] {dag.py:3823} INFO - Setting next_dagrun for maps_dag to None, run_after=None
[2025-05-14T00:19:51.956+0100] {processor.py:183} INFO - Processing /home/osama/airflow/dags/dag_maps.py took 7.854 seconds
[2025-05-14T00:20:22.654+0100] {processor.py:161} INFO - Started process (PID=12126) to work on /home/osama/airflow/dags/dag_maps.py
[2025-05-14T00:20:22.665+0100] {processor.py:830} INFO - Processing file /home/osama/airflow/dags/dag_maps.py for tasks to queue
[2025-05-14T00:20:22.669+0100] {logging_mixin.py:188} INFO - [2025-05-14T00:20:22.667+0100] {dagbag.py:538} INFO - Filling up the DagBag from /home/osama/airflow/dags/dag_maps.py
[2025-05-14T00:20:29.097+0100] {processor.py:840} INFO - DAG(s) 'maps_dag' retrieved from /home/osama/airflow/dags/dag_maps.py
[2025-05-14T00:20:29.278+0100] {logging_mixin.py:188} INFO - [2025-05-14T00:20:29.276+0100] {dag.py:3036} INFO - Sync 1 DAGs
[2025-05-14T00:20:29.296+0100] {logging_mixin.py:188} INFO - [2025-05-14T00:20:29.294+0100] {dag.py:3823} INFO - Setting next_dagrun for maps_dag to None, run_after=None
[2025-05-14T00:20:29.327+0100] {processor.py:183} INFO - Processing /home/osama/airflow/dags/dag_maps.py took 6.678 seconds
[2025-05-14T00:20:59.627+0100] {processor.py:161} INFO - Started process (PID=12366) to work on /home/osama/airflow/dags/dag_maps.py
[2025-05-14T00:20:59.637+0100] {processor.py:830} INFO - Processing file /home/osama/airflow/dags/dag_maps.py for tasks to queue
[2025-05-14T00:20:59.640+0100] {logging_mixin.py:188} INFO - [2025-05-14T00:20:59.639+0100] {dagbag.py:538} INFO - Filling up the DagBag from /home/osama/airflow/dags/dag_maps.py
[2025-05-14T00:21:05.800+0100] {processor.py:840} INFO - DAG(s) 'maps_dag' retrieved from /home/osama/airflow/dags/dag_maps.py
[2025-05-14T00:21:05.968+0100] {logging_mixin.py:188} INFO - [2025-05-14T00:21:05.967+0100] {dag.py:3036} INFO - Sync 1 DAGs
[2025-05-14T00:21:05.985+0100] {logging_mixin.py:188} INFO - [2025-05-14T00:21:05.984+0100] {dag.py:3823} INFO - Setting next_dagrun for maps_dag to None, run_after=None
[2025-05-14T00:21:06.016+0100] {processor.py:183} INFO - Processing /home/osama/airflow/dags/dag_maps.py took 6.394 seconds
[2025-05-14T00:21:36.652+0100] {processor.py:161} INFO - Started process (PID=12591) to work on /home/osama/airflow/dags/dag_maps.py
[2025-05-14T00:21:36.657+0100] {processor.py:830} INFO - Processing file /home/osama/airflow/dags/dag_maps.py for tasks to queue
[2025-05-14T00:21:36.663+0100] {logging_mixin.py:188} INFO - [2025-05-14T00:21:36.660+0100] {dagbag.py:538} INFO - Filling up the DagBag from /home/osama/airflow/dags/dag_maps.py
[2025-05-14T00:21:43.703+0100] {processor.py:840} INFO - DAG(s) 'maps_dag' retrieved from /home/osama/airflow/dags/dag_maps.py
[2025-05-14T00:21:43.902+0100] {logging_mixin.py:188} INFO - [2025-05-14T00:21:43.900+0100] {dag.py:3036} INFO - Sync 1 DAGs
[2025-05-14T00:21:43.926+0100] {logging_mixin.py:188} INFO - [2025-05-14T00:21:43.924+0100] {dag.py:3823} INFO - Setting next_dagrun for maps_dag to None, run_after=None
[2025-05-14T00:21:43.963+0100] {processor.py:183} INFO - Processing /home/osama/airflow/dags/dag_maps.py took 7.320 seconds
[2025-05-14T00:22:14.563+0100] {processor.py:161} INFO - Started process (PID=12813) to work on /home/osama/airflow/dags/dag_maps.py
[2025-05-14T00:22:14.567+0100] {processor.py:830} INFO - Processing file /home/osama/airflow/dags/dag_maps.py for tasks to queue
[2025-05-14T00:22:14.570+0100] {logging_mixin.py:188} INFO - [2025-05-14T00:22:14.569+0100] {dagbag.py:538} INFO - Filling up the DagBag from /home/osama/airflow/dags/dag_maps.py
[2025-05-14T00:22:27.583+0100] {processor.py:840} INFO - DAG(s) 'maps_dag' retrieved from /home/osama/airflow/dags/dag_maps.py
[2025-05-14T00:22:27.914+0100] {logging_mixin.py:188} INFO - [2025-05-14T00:22:27.911+0100] {dag.py:3036} INFO - Sync 1 DAGs
[2025-05-14T00:22:27.951+0100] {logging_mixin.py:188} INFO - [2025-05-14T00:22:27.949+0100] {dag.py:3823} INFO - Setting next_dagrun for maps_dag to None, run_after=None
[2025-05-14T00:22:28.008+0100] {processor.py:183} INFO - Processing /home/osama/airflow/dags/dag_maps.py took 13.448 seconds
[2025-05-14T00:22:58.196+0100] {processor.py:161} INFO - Started process (PID=13073) to work on /home/osama/airflow/dags/dag_maps.py
[2025-05-14T00:22:58.208+0100] {processor.py:830} INFO - Processing file /home/osama/airflow/dags/dag_maps.py for tasks to queue
[2025-05-14T00:22:58.214+0100] {logging_mixin.py:188} INFO - [2025-05-14T00:22:58.211+0100] {dagbag.py:538} INFO - Filling up the DagBag from /home/osama/airflow/dags/dag_maps.py
[2025-05-14T00:23:10.329+0100] {processor.py:840} INFO - DAG(s) 'maps_dag' retrieved from /home/osama/airflow/dags/dag_maps.py
[2025-05-14T00:23:10.512+0100] {logging_mixin.py:188} INFO - [2025-05-14T00:23:10.510+0100] {dag.py:3036} INFO - Sync 1 DAGs
[2025-05-14T00:23:10.536+0100] {logging_mixin.py:188} INFO - [2025-05-14T00:23:10.533+0100] {dag.py:3823} INFO - Setting next_dagrun for maps_dag to None, run_after=None
[2025-05-14T00:23:10.581+0100] {processor.py:183} INFO - Processing /home/osama/airflow/dags/dag_maps.py took 12.391 seconds
[2025-05-14T00:23:45.352+0100] {processor.py:161} INFO - Started process (PID=13322) to work on /home/osama/airflow/dags/dag_maps.py
[2025-05-14T00:23:45.356+0100] {processor.py:830} INFO - Processing file /home/osama/airflow/dags/dag_maps.py for tasks to queue
[2025-05-14T00:23:45.360+0100] {logging_mixin.py:188} INFO - [2025-05-14T00:23:45.358+0100] {dagbag.py:538} INFO - Filling up the DagBag from /home/osama/airflow/dags/dag_maps.py
[2025-05-14T00:23:53.089+0100] {processor.py:840} INFO - DAG(s) 'maps_dag' retrieved from /home/osama/airflow/dags/dag_maps.py
[2025-05-14T00:23:53.338+0100] {logging_mixin.py:188} INFO - [2025-05-14T00:23:53.336+0100] {dag.py:3036} INFO - Sync 1 DAGs
[2025-05-14T00:23:53.371+0100] {logging_mixin.py:188} INFO - [2025-05-14T00:23:53.368+0100] {dag.py:3823} INFO - Setting next_dagrun for maps_dag to None, run_after=None
[2025-05-14T00:23:53.431+0100] {processor.py:183} INFO - Processing /home/osama/airflow/dags/dag_maps.py took 8.084 seconds
[2025-05-14T00:24:26.326+0100] {processor.py:161} INFO - Started process (PID=13528) to work on /home/osama/airflow/dags/dag_maps.py
[2025-05-14T00:24:26.332+0100] {processor.py:830} INFO - Processing file /home/osama/airflow/dags/dag_maps.py for tasks to queue
[2025-05-14T00:24:26.335+0100] {logging_mixin.py:188} INFO - [2025-05-14T00:24:26.334+0100] {dagbag.py:538} INFO - Filling up the DagBag from /home/osama/airflow/dags/dag_maps.py
[2025-05-14T00:24:33.728+0100] {processor.py:840} INFO - DAG(s) 'maps_dag' retrieved from /home/osama/airflow/dags/dag_maps.py
[2025-05-14T00:24:33.953+0100] {logging_mixin.py:188} INFO - [2025-05-14T00:24:33.952+0100] {dag.py:3036} INFO - Sync 1 DAGs
[2025-05-14T00:24:33.973+0100] {logging_mixin.py:188} INFO - [2025-05-14T00:24:33.971+0100] {dag.py:3823} INFO - Setting next_dagrun for maps_dag to None, run_after=None
[2025-05-14T00:24:34.013+0100] {processor.py:183} INFO - Processing /home/osama/airflow/dags/dag_maps.py took 7.699 seconds
[2025-05-14T00:25:09.028+0100] {processor.py:161} INFO - Started process (PID=13768) to work on /home/osama/airflow/dags/dag_maps.py
[2025-05-14T00:25:09.037+0100] {processor.py:830} INFO - Processing file /home/osama/airflow/dags/dag_maps.py for tasks to queue
[2025-05-14T00:25:09.040+0100] {logging_mixin.py:188} INFO - [2025-05-14T00:25:09.039+0100] {dagbag.py:538} INFO - Filling up the DagBag from /home/osama/airflow/dags/dag_maps.py
[2025-05-14T00:25:16.181+0100] {processor.py:840} INFO - DAG(s) 'maps_dag' retrieved from /home/osama/airflow/dags/dag_maps.py
[2025-05-14T00:25:16.406+0100] {logging_mixin.py:188} INFO - [2025-05-14T00:25:16.404+0100] {dag.py:3036} INFO - Sync 1 DAGs
[2025-05-14T00:25:16.435+0100] {logging_mixin.py:188} INFO - [2025-05-14T00:25:16.432+0100] {dag.py:3823} INFO - Setting next_dagrun for maps_dag to None, run_after=None
[2025-05-14T00:25:16.486+0100] {processor.py:183} INFO - Processing /home/osama/airflow/dags/dag_maps.py took 7.464 seconds
[2025-05-14T00:25:53.319+0100] {processor.py:161} INFO - Started process (PID=14012) to work on /home/osama/airflow/dags/dag_maps.py
[2025-05-14T00:25:53.324+0100] {processor.py:830} INFO - Processing file /home/osama/airflow/dags/dag_maps.py for tasks to queue
[2025-05-14T00:25:53.330+0100] {logging_mixin.py:188} INFO - [2025-05-14T00:25:53.327+0100] {dagbag.py:538} INFO - Filling up the DagBag from /home/osama/airflow/dags/dag_maps.py
[2025-05-14T00:26:01.972+0100] {processor.py:840} INFO - DAG(s) 'maps_dag' retrieved from /home/osama/airflow/dags/dag_maps.py
[2025-05-14T00:26:02.200+0100] {logging_mixin.py:188} INFO - [2025-05-14T00:26:02.195+0100] {dag.py:3036} INFO - Sync 1 DAGs
[2025-05-14T00:26:02.232+0100] {logging_mixin.py:188} INFO - [2025-05-14T00:26:02.229+0100] {dag.py:3823} INFO - Setting next_dagrun for maps_dag to None, run_after=None
[2025-05-14T00:26:02.286+0100] {processor.py:183} INFO - Processing /home/osama/airflow/dags/dag_maps.py took 8.975 seconds
[2025-05-14T00:26:41.723+0100] {processor.py:161} INFO - Started process (PID=14297) to work on /home/osama/airflow/dags/dag_maps.py
[2025-05-14T00:26:41.732+0100] {processor.py:830} INFO - Processing file /home/osama/airflow/dags/dag_maps.py for tasks to queue
[2025-05-14T00:26:41.735+0100] {logging_mixin.py:188} INFO - [2025-05-14T00:26:41.734+0100] {dagbag.py:538} INFO - Filling up the DagBag from /home/osama/airflow/dags/dag_maps.py
[2025-05-14T00:26:49.544+0100] {processor.py:840} INFO - DAG(s) 'maps_dag' retrieved from /home/osama/airflow/dags/dag_maps.py
[2025-05-14T00:26:49.722+0100] {logging_mixin.py:188} INFO - [2025-05-14T00:26:49.721+0100] {dag.py:3036} INFO - Sync 1 DAGs
[2025-05-14T00:26:49.744+0100] {logging_mixin.py:188} INFO - [2025-05-14T00:26:49.743+0100] {dag.py:3823} INFO - Setting next_dagrun for maps_dag to None, run_after=None
[2025-05-14T00:26:49.778+0100] {processor.py:183} INFO - Processing /home/osama/airflow/dags/dag_maps.py took 8.059 seconds
[2025-05-14T00:27:38.994+0100] {processor.py:161} INFO - Started process (PID=14626) to work on /home/osama/airflow/dags/dag_maps.py
[2025-05-14T00:27:38.998+0100] {processor.py:830} INFO - Processing file /home/osama/airflow/dags/dag_maps.py for tasks to queue
[2025-05-14T00:27:39.006+0100] {logging_mixin.py:188} INFO - [2025-05-14T00:27:39.002+0100] {dagbag.py:538} INFO - Filling up the DagBag from /home/osama/airflow/dags/dag_maps.py
[2025-05-14T00:27:47.882+0100] {processor.py:840} INFO - DAG(s) 'maps_dag' retrieved from /home/osama/airflow/dags/dag_maps.py
[2025-05-14T00:27:48.033+0100] {logging_mixin.py:188} INFO - [2025-05-14T00:27:48.031+0100] {dag.py:3036} INFO - Sync 1 DAGs
[2025-05-14T00:27:48.063+0100] {logging_mixin.py:188} INFO - [2025-05-14T00:27:48.060+0100] {dag.py:3823} INFO - Setting next_dagrun for maps_dag to None, run_after=None
[2025-05-14T00:27:48.120+0100] {processor.py:183} INFO - Processing /home/osama/airflow/dags/dag_maps.py took 9.141 seconds
[2025-05-14T00:28:25.583+0100] {processor.py:161} INFO - Started process (PID=14879) to work on /home/osama/airflow/dags/dag_maps.py
[2025-05-14T00:28:25.587+0100] {processor.py:830} INFO - Processing file /home/osama/airflow/dags/dag_maps.py for tasks to queue
[2025-05-14T00:28:25.591+0100] {logging_mixin.py:188} INFO - [2025-05-14T00:28:25.590+0100] {dagbag.py:538} INFO - Filling up the DagBag from /home/osama/airflow/dags/dag_maps.py
[2025-05-14T00:28:34.007+0100] {processor.py:840} INFO - DAG(s) 'maps_dag' retrieved from /home/osama/airflow/dags/dag_maps.py
[2025-05-14T00:28:34.192+0100] {logging_mixin.py:188} INFO - [2025-05-14T00:28:34.190+0100] {dag.py:3036} INFO - Sync 1 DAGs
[2025-05-14T00:28:34.214+0100] {logging_mixin.py:188} INFO - [2025-05-14T00:28:34.212+0100] {dag.py:3823} INFO - Setting next_dagrun for maps_dag to None, run_after=None
[2025-05-14T00:28:34.249+0100] {processor.py:183} INFO - Processing /home/osama/airflow/dags/dag_maps.py took 8.672 seconds
[2025-05-14T00:29:13.333+0100] {processor.py:161} INFO - Started process (PID=15131) to work on /home/osama/airflow/dags/dag_maps.py
[2025-05-14T00:29:13.336+0100] {processor.py:830} INFO - Processing file /home/osama/airflow/dags/dag_maps.py for tasks to queue
[2025-05-14T00:29:13.340+0100] {logging_mixin.py:188} INFO - [2025-05-14T00:29:13.338+0100] {dagbag.py:538} INFO - Filling up the DagBag from /home/osama/airflow/dags/dag_maps.py
[2025-05-14T00:29:19.875+0100] {processor.py:840} INFO - DAG(s) 'maps_dag' retrieved from /home/osama/airflow/dags/dag_maps.py
[2025-05-14T00:29:20.022+0100] {logging_mixin.py:188} INFO - [2025-05-14T00:29:20.021+0100] {dag.py:3036} INFO - Sync 1 DAGs
[2025-05-14T00:29:20.037+0100] {logging_mixin.py:188} INFO - [2025-05-14T00:29:20.035+0100] {dag.py:3823} INFO - Setting next_dagrun for maps_dag to None, run_after=None
[2025-05-14T00:29:20.068+0100] {processor.py:183} INFO - Processing /home/osama/airflow/dags/dag_maps.py took 6.744 seconds
[2025-05-14T00:29:58.594+0100] {processor.py:161} INFO - Started process (PID=15386) to work on /home/osama/airflow/dags/dag_maps.py
[2025-05-14T00:29:58.599+0100] {processor.py:830} INFO - Processing file /home/osama/airflow/dags/dag_maps.py for tasks to queue
[2025-05-14T00:29:58.602+0100] {logging_mixin.py:188} INFO - [2025-05-14T00:29:58.601+0100] {dagbag.py:538} INFO - Filling up the DagBag from /home/osama/airflow/dags/dag_maps.py
[2025-05-14T00:30:04.663+0100] {processor.py:840} INFO - DAG(s) 'maps_dag' retrieved from /home/osama/airflow/dags/dag_maps.py
[2025-05-14T00:30:04.831+0100] {logging_mixin.py:188} INFO - [2025-05-14T00:30:04.829+0100] {dag.py:3036} INFO - Sync 1 DAGs
[2025-05-14T00:30:04.849+0100] {logging_mixin.py:188} INFO - [2025-05-14T00:30:04.847+0100] {dag.py:3823} INFO - Setting next_dagrun for maps_dag to None, run_after=None
[2025-05-14T00:30:04.870+0100] {processor.py:183} INFO - Processing /home/osama/airflow/dags/dag_maps.py took 6.282 seconds
[2025-05-14T00:30:43.975+0100] {processor.py:161} INFO - Started process (PID=15625) to work on /home/osama/airflow/dags/dag_maps.py
[2025-05-14T00:30:43.978+0100] {processor.py:830} INFO - Processing file /home/osama/airflow/dags/dag_maps.py for tasks to queue
[2025-05-14T00:30:43.981+0100] {logging_mixin.py:188} INFO - [2025-05-14T00:30:43.980+0100] {dagbag.py:538} INFO - Filling up the DagBag from /home/osama/airflow/dags/dag_maps.py
[2025-05-14T00:30:50.718+0100] {processor.py:840} INFO - DAG(s) 'maps_dag' retrieved from /home/osama/airflow/dags/dag_maps.py
[2025-05-14T00:30:50.952+0100] {logging_mixin.py:188} INFO - [2025-05-14T00:30:50.950+0100] {dag.py:3036} INFO - Sync 1 DAGs
[2025-05-14T00:30:50.968+0100] {logging_mixin.py:188} INFO - [2025-05-14T00:30:50.966+0100] {dag.py:3823} INFO - Setting next_dagrun for maps_dag to None, run_after=None
[2025-05-14T00:30:51.005+0100] {processor.py:183} INFO - Processing /home/osama/airflow/dags/dag_maps.py took 7.037 seconds
[2025-05-14T00:31:26.240+0100] {processor.py:161} INFO - Started process (PID=15862) to work on /home/osama/airflow/dags/dag_maps.py
[2025-05-14T00:31:26.246+0100] {processor.py:830} INFO - Processing file /home/osama/airflow/dags/dag_maps.py for tasks to queue
[2025-05-14T00:31:26.253+0100] {logging_mixin.py:188} INFO - [2025-05-14T00:31:26.250+0100] {dagbag.py:538} INFO - Filling up the DagBag from /home/osama/airflow/dags/dag_maps.py
[2025-05-14T00:31:35.711+0100] {processor.py:840} INFO - DAG(s) 'maps_dag' retrieved from /home/osama/airflow/dags/dag_maps.py
[2025-05-14T00:31:35.951+0100] {logging_mixin.py:188} INFO - [2025-05-14T00:31:35.949+0100] {dag.py:3036} INFO - Sync 1 DAGs
[2025-05-14T00:31:35.972+0100] {logging_mixin.py:188} INFO - [2025-05-14T00:31:35.970+0100] {dag.py:3823} INFO - Setting next_dagrun for maps_dag to None, run_after=None
[2025-05-14T00:31:36.023+0100] {processor.py:183} INFO - Processing /home/osama/airflow/dags/dag_maps.py took 9.794 seconds
[2025-05-14T00:32:13.063+0100] {processor.py:161} INFO - Started process (PID=16095) to work on /home/osama/airflow/dags/dag_maps.py
[2025-05-14T00:32:13.067+0100] {processor.py:830} INFO - Processing file /home/osama/airflow/dags/dag_maps.py for tasks to queue
[2025-05-14T00:32:13.070+0100] {logging_mixin.py:188} INFO - [2025-05-14T00:32:13.069+0100] {dagbag.py:538} INFO - Filling up the DagBag from /home/osama/airflow/dags/dag_maps.py
[2025-05-14T00:32:19.688+0100] {processor.py:840} INFO - DAG(s) 'maps_dag' retrieved from /home/osama/airflow/dags/dag_maps.py
[2025-05-14T00:32:19.837+0100] {logging_mixin.py:188} INFO - [2025-05-14T00:32:19.835+0100] {dag.py:3036} INFO - Sync 1 DAGs
[2025-05-14T00:32:19.852+0100] {logging_mixin.py:188} INFO - [2025-05-14T00:32:19.850+0100] {dag.py:3823} INFO - Setting next_dagrun for maps_dag to None, run_after=None
[2025-05-14T00:32:19.880+0100] {processor.py:183} INFO - Processing /home/osama/airflow/dags/dag_maps.py took 6.824 seconds
[2025-05-14T00:32:59.645+0100] {processor.py:161} INFO - Started process (PID=16346) to work on /home/osama/airflow/dags/dag_maps.py
[2025-05-14T00:32:59.647+0100] {processor.py:830} INFO - Processing file /home/osama/airflow/dags/dag_maps.py for tasks to queue
[2025-05-14T00:32:59.650+0100] {logging_mixin.py:188} INFO - [2025-05-14T00:32:59.649+0100] {dagbag.py:538} INFO - Filling up the DagBag from /home/osama/airflow/dags/dag_maps.py
[2025-05-14T00:33:11.565+0100] {processor.py:840} INFO - DAG(s) 'maps_dag' retrieved from /home/osama/airflow/dags/dag_maps.py
[2025-05-14T00:33:11.722+0100] {logging_mixin.py:188} INFO - [2025-05-14T00:33:11.720+0100] {dag.py:3036} INFO - Sync 1 DAGs
[2025-05-14T00:33:11.735+0100] {logging_mixin.py:188} INFO - [2025-05-14T00:33:11.733+0100] {dag.py:3823} INFO - Setting next_dagrun for maps_dag to None, run_after=None
[2025-05-14T00:33:11.758+0100] {processor.py:183} INFO - Processing /home/osama/airflow/dags/dag_maps.py took 12.119 seconds
[2025-05-14T00:33:42.279+0100] {processor.py:161} INFO - Started process (PID=16577) to work on /home/osama/airflow/dags/dag_maps.py
[2025-05-14T00:33:42.290+0100] {processor.py:830} INFO - Processing file /home/osama/airflow/dags/dag_maps.py for tasks to queue
[2025-05-14T00:33:42.297+0100] {logging_mixin.py:188} INFO - [2025-05-14T00:33:42.294+0100] {dagbag.py:538} INFO - Filling up the DagBag from /home/osama/airflow/dags/dag_maps.py
[2025-05-14T00:33:51.215+0100] {processor.py:840} INFO - DAG(s) 'maps_dag' retrieved from /home/osama/airflow/dags/dag_maps.py
[2025-05-14T00:33:51.381+0100] {logging_mixin.py:188} INFO - [2025-05-14T00:33:51.379+0100] {dag.py:3036} INFO - Sync 1 DAGs
[2025-05-14T00:33:51.403+0100] {logging_mixin.py:188} INFO - [2025-05-14T00:33:51.401+0100] {dag.py:3823} INFO - Setting next_dagrun for maps_dag to None, run_after=None
[2025-05-14T00:33:51.438+0100] {processor.py:183} INFO - Processing /home/osama/airflow/dags/dag_maps.py took 9.171 seconds
[2025-05-14T00:34:24.656+0100] {processor.py:161} INFO - Started process (PID=16811) to work on /home/osama/airflow/dags/dag_maps.py
[2025-05-14T00:34:24.660+0100] {processor.py:830} INFO - Processing file /home/osama/airflow/dags/dag_maps.py for tasks to queue
[2025-05-14T00:34:24.664+0100] {logging_mixin.py:188} INFO - [2025-05-14T00:34:24.662+0100] {dagbag.py:538} INFO - Filling up the DagBag from /home/osama/airflow/dags/dag_maps.py
[2025-05-14T00:34:31.490+0100] {processor.py:840} INFO - DAG(s) 'maps_dag' retrieved from /home/osama/airflow/dags/dag_maps.py
[2025-05-14T00:34:31.640+0100] {logging_mixin.py:188} INFO - [2025-05-14T00:34:31.639+0100] {dag.py:3036} INFO - Sync 1 DAGs
[2025-05-14T00:34:31.657+0100] {logging_mixin.py:188} INFO - [2025-05-14T00:34:31.655+0100] {dag.py:3823} INFO - Setting next_dagrun for maps_dag to None, run_after=None
[2025-05-14T00:34:31.695+0100] {processor.py:183} INFO - Processing /home/osama/airflow/dags/dag_maps.py took 7.049 seconds
[2025-05-14T00:35:12.117+0100] {processor.py:161} INFO - Started process (PID=17055) to work on /home/osama/airflow/dags/dag_maps.py
[2025-05-14T00:35:12.128+0100] {processor.py:830} INFO - Processing file /home/osama/airflow/dags/dag_maps.py for tasks to queue
[2025-05-14T00:35:12.133+0100] {logging_mixin.py:188} INFO - [2025-05-14T00:35:12.132+0100] {dagbag.py:538} INFO - Filling up the DagBag from /home/osama/airflow/dags/dag_maps.py
[2025-05-14T00:35:20.009+0100] {processor.py:840} INFO - DAG(s) 'maps_dag' retrieved from /home/osama/airflow/dags/dag_maps.py
[2025-05-14T00:35:20.190+0100] {logging_mixin.py:188} INFO - [2025-05-14T00:35:20.188+0100] {dag.py:3036} INFO - Sync 1 DAGs
[2025-05-14T00:35:20.208+0100] {logging_mixin.py:188} INFO - [2025-05-14T00:35:20.206+0100] {dag.py:3823} INFO - Setting next_dagrun for maps_dag to None, run_after=None
[2025-05-14T00:35:20.237+0100] {processor.py:183} INFO - Processing /home/osama/airflow/dags/dag_maps.py took 8.130 seconds
[2025-05-14T00:44:09.440+0100] {processor.py:161} INFO - Started process (PID=18484) to work on /home/osama/airflow/dags/dag_maps.py
[2025-05-14T00:44:09.450+0100] {processor.py:830} INFO - Processing file /home/osama/airflow/dags/dag_maps.py for tasks to queue
[2025-05-14T00:44:09.453+0100] {logging_mixin.py:188} INFO - [2025-05-14T00:44:09.452+0100] {dagbag.py:538} INFO - Filling up the DagBag from /home/osama/airflow/dags/dag_maps.py
[2025-05-14T00:44:16.783+0100] {processor.py:840} INFO - DAG(s) 'maps_dag' retrieved from /home/osama/airflow/dags/dag_maps.py
[2025-05-14T00:44:18.501+0100] {logging_mixin.py:188} INFO - [2025-05-14T00:44:18.499+0100] {dag.py:3036} INFO - Sync 1 DAGs
[2025-05-14T00:44:18.515+0100] {logging_mixin.py:188} INFO - [2025-05-14T00:44:18.513+0100] {dag.py:3823} INFO - Setting next_dagrun for maps_dag to None, run_after=None
[2025-05-14T00:44:18.537+0100] {processor.py:183} INFO - Processing /home/osama/airflow/dags/dag_maps.py took 9.103 seconds
[2025-05-14T00:44:51.531+0100] {processor.py:161} INFO - Started process (PID=18741) to work on /home/osama/airflow/dags/dag_maps.py
[2025-05-14T00:44:51.545+0100] {processor.py:830} INFO - Processing file /home/osama/airflow/dags/dag_maps.py for tasks to queue
[2025-05-14T00:44:51.554+0100] {logging_mixin.py:188} INFO - [2025-05-14T00:44:51.550+0100] {dagbag.py:538} INFO - Filling up the DagBag from /home/osama/airflow/dags/dag_maps.py
[2025-05-14T00:44:59.822+0100] {processor.py:840} INFO - DAG(s) 'maps_dag' retrieved from /home/osama/airflow/dags/dag_maps.py
[2025-05-14T00:45:00.114+0100] {logging_mixin.py:188} INFO - [2025-05-14T00:45:00.111+0100] {dag.py:3036} INFO - Sync 1 DAGs
[2025-05-14T00:45:00.141+0100] {logging_mixin.py:188} INFO - [2025-05-14T00:45:00.139+0100] {dag.py:3823} INFO - Setting next_dagrun for maps_dag to None, run_after=None
[2025-05-14T00:45:00.195+0100] {processor.py:183} INFO - Processing /home/osama/airflow/dags/dag_maps.py took 8.686 seconds
[2025-05-14T00:45:30.392+0100] {processor.py:161} INFO - Started process (PID=19017) to work on /home/osama/airflow/dags/dag_maps.py
[2025-05-14T00:45:30.402+0100] {processor.py:830} INFO - Processing file /home/osama/airflow/dags/dag_maps.py for tasks to queue
[2025-05-14T00:45:30.407+0100] {logging_mixin.py:188} INFO - [2025-05-14T00:45:30.405+0100] {dagbag.py:538} INFO - Filling up the DagBag from /home/osama/airflow/dags/dag_maps.py
[2025-05-14T00:45:37.472+0100] {processor.py:840} INFO - DAG(s) 'maps_dag' retrieved from /home/osama/airflow/dags/dag_maps.py
[2025-05-14T00:45:37.711+0100] {logging_mixin.py:188} INFO - [2025-05-14T00:45:37.709+0100] {dag.py:3036} INFO - Sync 1 DAGs
[2025-05-14T00:45:37.735+0100] {logging_mixin.py:188} INFO - [2025-05-14T00:45:37.733+0100] {dag.py:3823} INFO - Setting next_dagrun for maps_dag to None, run_after=None
[2025-05-14T00:45:37.771+0100] {processor.py:183} INFO - Processing /home/osama/airflow/dags/dag_maps.py took 7.386 seconds
[2025-05-14T00:46:08.144+0100] {processor.py:161} INFO - Started process (PID=19270) to work on /home/osama/airflow/dags/dag_maps.py
[2025-05-14T00:46:08.147+0100] {processor.py:830} INFO - Processing file /home/osama/airflow/dags/dag_maps.py for tasks to queue
[2025-05-14T00:46:08.151+0100] {logging_mixin.py:188} INFO - [2025-05-14T00:46:08.150+0100] {dagbag.py:538} INFO - Filling up the DagBag from /home/osama/airflow/dags/dag_maps.py
[2025-05-14T00:46:15.669+0100] {processor.py:840} INFO - DAG(s) 'maps_dag' retrieved from /home/osama/airflow/dags/dag_maps.py
[2025-05-14T00:46:15.867+0100] {logging_mixin.py:188} INFO - [2025-05-14T00:46:15.866+0100] {dag.py:3036} INFO - Sync 1 DAGs
[2025-05-14T00:46:15.891+0100] {logging_mixin.py:188} INFO - [2025-05-14T00:46:15.890+0100] {dag.py:3823} INFO - Setting next_dagrun for maps_dag to None, run_after=None
[2025-05-14T00:46:15.926+0100] {processor.py:183} INFO - Processing /home/osama/airflow/dags/dag_maps.py took 7.789 seconds
[2025-05-14T00:46:46.439+0100] {processor.py:161} INFO - Started process (PID=19529) to work on /home/osama/airflow/dags/dag_maps.py
[2025-05-14T00:46:46.449+0100] {processor.py:830} INFO - Processing file /home/osama/airflow/dags/dag_maps.py for tasks to queue
[2025-05-14T00:46:46.452+0100] {logging_mixin.py:188} INFO - [2025-05-14T00:46:46.451+0100] {dagbag.py:538} INFO - Filling up the DagBag from /home/osama/airflow/dags/dag_maps.py
[2025-05-14T00:46:52.447+0100] {processor.py:840} INFO - DAG(s) 'maps_dag' retrieved from /home/osama/airflow/dags/dag_maps.py
[2025-05-14T00:46:52.608+0100] {logging_mixin.py:188} INFO - [2025-05-14T00:46:52.606+0100] {dag.py:3036} INFO - Sync 1 DAGs
[2025-05-14T00:46:52.629+0100] {logging_mixin.py:188} INFO - [2025-05-14T00:46:52.628+0100] {dag.py:3823} INFO - Setting next_dagrun for maps_dag to None, run_after=None
[2025-05-14T00:46:52.660+0100] {processor.py:183} INFO - Processing /home/osama/airflow/dags/dag_maps.py took 6.229 seconds
[2025-05-14T00:47:25.083+0100] {processor.py:161} INFO - Started process (PID=19785) to work on /home/osama/airflow/dags/dag_maps.py
[2025-05-14T00:47:25.088+0100] {processor.py:830} INFO - Processing file /home/osama/airflow/dags/dag_maps.py for tasks to queue
[2025-05-14T00:47:25.092+0100] {logging_mixin.py:188} INFO - [2025-05-14T00:47:25.090+0100] {dagbag.py:538} INFO - Filling up the DagBag from /home/osama/airflow/dags/dag_maps.py
[2025-05-14T00:47:32.337+0100] {processor.py:840} INFO - DAG(s) 'maps_dag' retrieved from /home/osama/airflow/dags/dag_maps.py
[2025-05-14T00:47:32.548+0100] {logging_mixin.py:188} INFO - [2025-05-14T00:47:32.546+0100] {dag.py:3036} INFO - Sync 1 DAGs
[2025-05-14T00:47:32.569+0100] {logging_mixin.py:188} INFO - [2025-05-14T00:47:32.567+0100] {dag.py:3823} INFO - Setting next_dagrun for maps_dag to None, run_after=None
[2025-05-14T00:47:32.600+0100] {processor.py:183} INFO - Processing /home/osama/airflow/dags/dag_maps.py took 7.522 seconds
[2025-05-14T00:48:06.389+0100] {processor.py:161} INFO - Started process (PID=20045) to work on /home/osama/airflow/dags/dag_maps.py
[2025-05-14T00:48:06.395+0100] {processor.py:830} INFO - Processing file /home/osama/airflow/dags/dag_maps.py for tasks to queue
[2025-05-14T00:48:06.401+0100] {logging_mixin.py:188} INFO - [2025-05-14T00:48:06.398+0100] {dagbag.py:538} INFO - Filling up the DagBag from /home/osama/airflow/dags/dag_maps.py
[2025-05-14T00:48:17.021+0100] {processor.py:840} INFO - DAG(s) 'maps_dag' retrieved from /home/osama/airflow/dags/dag_maps.py
[2025-05-14T00:48:17.268+0100] {logging_mixin.py:188} INFO - [2025-05-14T00:48:17.265+0100] {dag.py:3036} INFO - Sync 1 DAGs
[2025-05-14T00:48:17.296+0100] {logging_mixin.py:188} INFO - [2025-05-14T00:48:17.293+0100] {dag.py:3823} INFO - Setting next_dagrun for maps_dag to None, run_after=None
[2025-05-14T00:48:17.345+0100] {processor.py:183} INFO - Processing /home/osama/airflow/dags/dag_maps.py took 10.965 seconds
[2025-05-14T00:48:48.133+0100] {processor.py:161} INFO - Started process (PID=20335) to work on /home/osama/airflow/dags/dag_maps.py
[2025-05-14T00:48:48.142+0100] {processor.py:830} INFO - Processing file /home/osama/airflow/dags/dag_maps.py for tasks to queue
[2025-05-14T00:48:48.145+0100] {logging_mixin.py:188} INFO - [2025-05-14T00:48:48.144+0100] {dagbag.py:538} INFO - Filling up the DagBag from /home/osama/airflow/dags/dag_maps.py
[2025-05-14T00:48:55.045+0100] {processor.py:840} INFO - DAG(s) 'maps_dag' retrieved from /home/osama/airflow/dags/dag_maps.py
[2025-05-14T00:48:55.562+0100] {logging_mixin.py:188} INFO - [2025-05-14T00:48:55.559+0100] {dag.py:3036} INFO - Sync 1 DAGs
[2025-05-14T00:48:55.601+0100] {logging_mixin.py:188} INFO - [2025-05-14T00:48:55.599+0100] {dag.py:3823} INFO - Setting next_dagrun for maps_dag to None, run_after=None
[2025-05-14T00:48:55.671+0100] {processor.py:183} INFO - Processing /home/osama/airflow/dags/dag_maps.py took 7.543 seconds
[2025-05-14T00:49:25.949+0100] {processor.py:161} INFO - Started process (PID=20548) to work on /home/osama/airflow/dags/dag_maps.py
[2025-05-14T00:49:25.962+0100] {processor.py:830} INFO - Processing file /home/osama/airflow/dags/dag_maps.py for tasks to queue
[2025-05-14T00:49:25.973+0100] {logging_mixin.py:188} INFO - [2025-05-14T00:49:25.968+0100] {dagbag.py:538} INFO - Filling up the DagBag from /home/osama/airflow/dags/dag_maps.py
[2025-05-14T00:49:35.598+0100] {processor.py:840} INFO - DAG(s) 'maps_dag' retrieved from /home/osama/airflow/dags/dag_maps.py
[2025-05-14T00:49:35.846+0100] {logging_mixin.py:188} INFO - [2025-05-14T00:49:35.844+0100] {dag.py:3036} INFO - Sync 1 DAGs
[2025-05-14T00:49:35.872+0100] {logging_mixin.py:188} INFO - [2025-05-14T00:49:35.870+0100] {dag.py:3823} INFO - Setting next_dagrun for maps_dag to None, run_after=None
[2025-05-14T00:49:35.908+0100] {processor.py:183} INFO - Processing /home/osama/airflow/dags/dag_maps.py took 9.978 seconds
[2025-05-14T00:50:06.155+0100] {processor.py:161} INFO - Started process (PID=20792) to work on /home/osama/airflow/dags/dag_maps.py
[2025-05-14T00:50:06.159+0100] {processor.py:830} INFO - Processing file /home/osama/airflow/dags/dag_maps.py for tasks to queue
[2025-05-14T00:50:06.162+0100] {logging_mixin.py:188} INFO - [2025-05-14T00:50:06.161+0100] {dagbag.py:538} INFO - Filling up the DagBag from /home/osama/airflow/dags/dag_maps.py
[2025-05-14T00:50:12.445+0100] {processor.py:840} INFO - DAG(s) 'maps_dag' retrieved from /home/osama/airflow/dags/dag_maps.py
[2025-05-14T00:50:12.645+0100] {logging_mixin.py:188} INFO - [2025-05-14T00:50:12.643+0100] {dag.py:3036} INFO - Sync 1 DAGs
[2025-05-14T00:50:12.669+0100] {logging_mixin.py:188} INFO - [2025-05-14T00:50:12.667+0100] {dag.py:3823} INFO - Setting next_dagrun for maps_dag to None, run_after=None
[2025-05-14T00:50:12.711+0100] {processor.py:183} INFO - Processing /home/osama/airflow/dags/dag_maps.py took 6.562 seconds
[2025-05-14T00:50:45.639+0100] {processor.py:161} INFO - Started process (PID=21056) to work on /home/osama/airflow/dags/dag_maps.py
[2025-05-14T00:50:45.642+0100] {processor.py:830} INFO - Processing file /home/osama/airflow/dags/dag_maps.py for tasks to queue
[2025-05-14T00:50:45.645+0100] {logging_mixin.py:188} INFO - [2025-05-14T00:50:45.644+0100] {dagbag.py:538} INFO - Filling up the DagBag from /home/osama/airflow/dags/dag_maps.py
[2025-05-14T00:50:52.003+0100] {processor.py:840} INFO - DAG(s) 'maps_dag' retrieved from /home/osama/airflow/dags/dag_maps.py
[2025-05-14T00:50:52.171+0100] {logging_mixin.py:188} INFO - [2025-05-14T00:50:52.170+0100] {dag.py:3036} INFO - Sync 1 DAGs
[2025-05-14T00:50:52.195+0100] {logging_mixin.py:188} INFO - [2025-05-14T00:50:52.194+0100] {dag.py:3823} INFO - Setting next_dagrun for maps_dag to None, run_after=None
[2025-05-14T00:50:52.236+0100] {processor.py:183} INFO - Processing /home/osama/airflow/dags/dag_maps.py took 6.602 seconds
[2025-05-14T00:51:22.651+0100] {processor.py:161} INFO - Started process (PID=21301) to work on /home/osama/airflow/dags/dag_maps.py
[2025-05-14T00:51:22.655+0100] {processor.py:830} INFO - Processing file /home/osama/airflow/dags/dag_maps.py for tasks to queue
[2025-05-14T00:51:22.660+0100] {logging_mixin.py:188} INFO - [2025-05-14T00:51:22.658+0100] {dagbag.py:538} INFO - Filling up the DagBag from /home/osama/airflow/dags/dag_maps.py
[2025-05-14T00:51:29.409+0100] {processor.py:840} INFO - DAG(s) 'maps_dag' retrieved from /home/osama/airflow/dags/dag_maps.py
[2025-05-14T00:51:29.609+0100] {logging_mixin.py:188} INFO - [2025-05-14T00:51:29.607+0100] {dag.py:3036} INFO - Sync 1 DAGs
[2025-05-14T00:51:29.629+0100] {logging_mixin.py:188} INFO - [2025-05-14T00:51:29.627+0100] {dag.py:3823} INFO - Setting next_dagrun for maps_dag to None, run_after=None
[2025-05-14T00:51:29.665+0100] {processor.py:183} INFO - Processing /home/osama/airflow/dags/dag_maps.py took 7.022 seconds
[2025-05-14T00:52:00.095+0100] {processor.py:161} INFO - Started process (PID=21536) to work on /home/osama/airflow/dags/dag_maps.py
[2025-05-14T00:52:00.106+0100] {processor.py:830} INFO - Processing file /home/osama/airflow/dags/dag_maps.py for tasks to queue
[2025-05-14T00:52:00.111+0100] {logging_mixin.py:188} INFO - [2025-05-14T00:52:00.109+0100] {dagbag.py:538} INFO - Filling up the DagBag from /home/osama/airflow/dags/dag_maps.py
[2025-05-14T00:52:07.380+0100] {processor.py:840} INFO - DAG(s) 'maps_dag' retrieved from /home/osama/airflow/dags/dag_maps.py
[2025-05-14T00:52:07.547+0100] {logging_mixin.py:188} INFO - [2025-05-14T00:52:07.545+0100] {dag.py:3036} INFO - Sync 1 DAGs
[2025-05-14T00:52:07.567+0100] {logging_mixin.py:188} INFO - [2025-05-14T00:52:07.565+0100] {dag.py:3823} INFO - Setting next_dagrun for maps_dag to None, run_after=None
[2025-05-14T00:52:07.593+0100] {processor.py:183} INFO - Processing /home/osama/airflow/dags/dag_maps.py took 7.511 seconds
[2025-05-14T00:52:37.901+0100] {processor.py:161} INFO - Started process (PID=21775) to work on /home/osama/airflow/dags/dag_maps.py
[2025-05-14T00:52:37.911+0100] {processor.py:830} INFO - Processing file /home/osama/airflow/dags/dag_maps.py for tasks to queue
[2025-05-14T00:52:37.915+0100] {logging_mixin.py:188} INFO - [2025-05-14T00:52:37.913+0100] {dagbag.py:538} INFO - Filling up the DagBag from /home/osama/airflow/dags/dag_maps.py
[2025-05-14T00:52:48.637+0100] {processor.py:840} INFO - DAG(s) 'maps_dag' retrieved from /home/osama/airflow/dags/dag_maps.py
[2025-05-14T00:52:48.959+0100] {logging_mixin.py:188} INFO - [2025-05-14T00:52:48.957+0100] {dag.py:3036} INFO - Sync 1 DAGs
[2025-05-14T00:52:49.008+0100] {logging_mixin.py:188} INFO - [2025-05-14T00:52:49.001+0100] {dag.py:3823} INFO - Setting next_dagrun for maps_dag to None, run_after=None
[2025-05-14T00:52:49.076+0100] {processor.py:183} INFO - Processing /home/osama/airflow/dags/dag_maps.py took 11.183 seconds
[2025-05-14T00:53:19.264+0100] {processor.py:161} INFO - Started process (PID=22036) to work on /home/osama/airflow/dags/dag_maps.py
[2025-05-14T00:53:19.276+0100] {processor.py:830} INFO - Processing file /home/osama/airflow/dags/dag_maps.py for tasks to queue
[2025-05-14T00:53:19.297+0100] {logging_mixin.py:188} INFO - [2025-05-14T00:53:19.293+0100] {dagbag.py:538} INFO - Filling up the DagBag from /home/osama/airflow/dags/dag_maps.py
[2025-05-14T00:53:27.257+0100] {processor.py:840} INFO - DAG(s) 'maps_dag' retrieved from /home/osama/airflow/dags/dag_maps.py
[2025-05-14T00:53:27.587+0100] {logging_mixin.py:188} INFO - [2025-05-14T00:53:27.583+0100] {dag.py:3036} INFO - Sync 1 DAGs
[2025-05-14T00:53:27.611+0100] {logging_mixin.py:188} INFO - [2025-05-14T00:53:27.607+0100] {dag.py:3823} INFO - Setting next_dagrun for maps_dag to None, run_after=None
[2025-05-14T00:53:27.647+0100] {processor.py:183} INFO - Processing /home/osama/airflow/dags/dag_maps.py took 8.395 seconds
[2025-05-14T00:53:58.506+0100] {processor.py:161} INFO - Started process (PID=22301) to work on /home/osama/airflow/dags/dag_maps.py
[2025-05-14T00:53:58.509+0100] {processor.py:830} INFO - Processing file /home/osama/airflow/dags/dag_maps.py for tasks to queue
[2025-05-14T00:53:58.513+0100] {logging_mixin.py:188} INFO - [2025-05-14T00:53:58.512+0100] {dagbag.py:538} INFO - Filling up the DagBag from /home/osama/airflow/dags/dag_maps.py
[2025-05-14T00:54:06.717+0100] {processor.py:840} INFO - DAG(s) 'maps_dag' retrieved from /home/osama/airflow/dags/dag_maps.py
[2025-05-14T00:54:07.480+0100] {logging_mixin.py:188} INFO - [2025-05-14T00:54:07.470+0100] {dag.py:3036} INFO - Sync 1 DAGs
[2025-05-14T00:54:07.561+0100] {logging_mixin.py:188} INFO - [2025-05-14T00:54:07.543+0100] {dag.py:3823} INFO - Setting next_dagrun for maps_dag to None, run_after=None
[2025-05-14T00:54:07.638+0100] {processor.py:183} INFO - Processing /home/osama/airflow/dags/dag_maps.py took 9.138 seconds
[2025-05-14T00:54:38.433+0100] {processor.py:161} INFO - Started process (PID=22529) to work on /home/osama/airflow/dags/dag_maps.py
[2025-05-14T00:54:38.445+0100] {processor.py:830} INFO - Processing file /home/osama/airflow/dags/dag_maps.py for tasks to queue
[2025-05-14T00:54:38.452+0100] {logging_mixin.py:188} INFO - [2025-05-14T00:54:38.449+0100] {dagbag.py:538} INFO - Filling up the DagBag from /home/osama/airflow/dags/dag_maps.py
[2025-05-14T00:54:46.035+0100] {processor.py:840} INFO - DAG(s) 'maps_dag' retrieved from /home/osama/airflow/dags/dag_maps.py
[2025-05-14T00:54:46.221+0100] {logging_mixin.py:188} INFO - [2025-05-14T00:54:46.219+0100] {dag.py:3036} INFO - Sync 1 DAGs
[2025-05-14T00:54:46.244+0100] {logging_mixin.py:188} INFO - [2025-05-14T00:54:46.243+0100] {dag.py:3823} INFO - Setting next_dagrun for maps_dag to None, run_after=None
[2025-05-14T00:54:46.285+0100] {processor.py:183} INFO - Processing /home/osama/airflow/dags/dag_maps.py took 7.864 seconds
[2025-05-14T00:55:16.468+0100] {processor.py:161} INFO - Started process (PID=22757) to work on /home/osama/airflow/dags/dag_maps.py
[2025-05-14T00:55:16.478+0100] {processor.py:830} INFO - Processing file /home/osama/airflow/dags/dag_maps.py for tasks to queue
[2025-05-14T00:55:16.482+0100] {logging_mixin.py:188} INFO - [2025-05-14T00:55:16.480+0100] {dagbag.py:538} INFO - Filling up the DagBag from /home/osama/airflow/dags/dag_maps.py
[2025-05-14T00:55:22.603+0100] {processor.py:840} INFO - DAG(s) 'maps_dag' retrieved from /home/osama/airflow/dags/dag_maps.py
[2025-05-14T00:55:22.857+0100] {logging_mixin.py:188} INFO - [2025-05-14T00:55:22.854+0100] {dag.py:3036} INFO - Sync 1 DAGs
[2025-05-14T00:55:22.889+0100] {logging_mixin.py:188} INFO - [2025-05-14T00:55:22.887+0100] {dag.py:3823} INFO - Setting next_dagrun for maps_dag to None, run_after=None
[2025-05-14T00:55:22.925+0100] {processor.py:183} INFO - Processing /home/osama/airflow/dags/dag_maps.py took 6.461 seconds
[2025-05-14T00:55:57.988+0100] {processor.py:161} INFO - Started process (PID=22985) to work on /home/osama/airflow/dags/dag_maps.py
[2025-05-14T00:55:57.993+0100] {processor.py:830} INFO - Processing file /home/osama/airflow/dags/dag_maps.py for tasks to queue
[2025-05-14T00:55:58.000+0100] {logging_mixin.py:188} INFO - [2025-05-14T00:55:57.996+0100] {dagbag.py:538} INFO - Filling up the DagBag from /home/osama/airflow/dags/dag_maps.py
[2025-05-14T00:56:12.256+0100] {processor.py:840} INFO - DAG(s) 'maps_dag' retrieved from /home/osama/airflow/dags/dag_maps.py
[2025-05-14T00:56:12.582+0100] {logging_mixin.py:188} INFO - [2025-05-14T00:56:12.579+0100] {dag.py:3036} INFO - Sync 1 DAGs
[2025-05-14T00:56:12.626+0100] {logging_mixin.py:188} INFO - [2025-05-14T00:56:12.624+0100] {dag.py:3823} INFO - Setting next_dagrun for maps_dag to None, run_after=None
[2025-05-14T00:56:12.685+0100] {processor.py:183} INFO - Processing /home/osama/airflow/dags/dag_maps.py took 14.715 seconds
[2025-05-14T00:56:47.236+0100] {processor.py:161} INFO - Started process (PID=23325) to work on /home/osama/airflow/dags/dag_maps.py
[2025-05-14T00:56:47.240+0100] {processor.py:830} INFO - Processing file /home/osama/airflow/dags/dag_maps.py for tasks to queue
[2025-05-14T00:56:47.247+0100] {logging_mixin.py:188} INFO - [2025-05-14T00:56:47.243+0100] {dagbag.py:538} INFO - Filling up the DagBag from /home/osama/airflow/dags/dag_maps.py
[2025-05-14T00:56:58.249+0100] {processor.py:840} INFO - DAG(s) 'maps_dag' retrieved from /home/osama/airflow/dags/dag_maps.py
[2025-05-14T00:56:58.581+0100] {logging_mixin.py:188} INFO - [2025-05-14T00:56:58.578+0100] {dag.py:3036} INFO - Sync 1 DAGs
[2025-05-14T00:56:58.637+0100] {logging_mixin.py:188} INFO - [2025-05-14T00:56:58.633+0100] {dag.py:3823} INFO - Setting next_dagrun for maps_dag to None, run_after=None
[2025-05-14T00:56:58.697+0100] {processor.py:183} INFO - Processing /home/osama/airflow/dags/dag_maps.py took 11.467 seconds
[2025-05-14T00:57:28.991+0100] {processor.py:161} INFO - Started process (PID=23556) to work on /home/osama/airflow/dags/dag_maps.py
[2025-05-14T00:57:29.002+0100] {processor.py:830} INFO - Processing file /home/osama/airflow/dags/dag_maps.py for tasks to queue
[2025-05-14T00:57:29.006+0100] {logging_mixin.py:188} INFO - [2025-05-14T00:57:29.004+0100] {dagbag.py:538} INFO - Filling up the DagBag from /home/osama/airflow/dags/dag_maps.py
[2025-05-14T00:57:35.842+0100] {processor.py:840} INFO - DAG(s) 'maps_dag' retrieved from /home/osama/airflow/dags/dag_maps.py
[2025-05-14T00:57:36.009+0100] {logging_mixin.py:188} INFO - [2025-05-14T00:57:36.007+0100] {dag.py:3036} INFO - Sync 1 DAGs
[2025-05-14T00:57:36.029+0100] {logging_mixin.py:188} INFO - [2025-05-14T00:57:36.028+0100] {dag.py:3823} INFO - Setting next_dagrun for maps_dag to None, run_after=None
[2025-05-14T00:57:36.062+0100] {processor.py:183} INFO - Processing /home/osama/airflow/dags/dag_maps.py took 7.075 seconds
[2025-05-14T00:58:11.365+0100] {processor.py:161} INFO - Started process (PID=23789) to work on /home/osama/airflow/dags/dag_maps.py
[2025-05-14T00:58:11.368+0100] {processor.py:830} INFO - Processing file /home/osama/airflow/dags/dag_maps.py for tasks to queue
[2025-05-14T00:58:11.371+0100] {logging_mixin.py:188} INFO - [2025-05-14T00:58:11.370+0100] {dagbag.py:538} INFO - Filling up the DagBag from /home/osama/airflow/dags/dag_maps.py
[2025-05-14T00:58:18.285+0100] {processor.py:840} INFO - DAG(s) 'maps_dag' retrieved from /home/osama/airflow/dags/dag_maps.py
[2025-05-14T00:58:18.606+0100] {logging_mixin.py:188} INFO - [2025-05-14T00:58:18.604+0100] {dag.py:3036} INFO - Sync 1 DAGs
[2025-05-14T00:58:18.624+0100] {logging_mixin.py:188} INFO - [2025-05-14T00:58:18.621+0100] {dag.py:3823} INFO - Setting next_dagrun for maps_dag to None, run_after=None
[2025-05-14T00:58:18.659+0100] {processor.py:183} INFO - Processing /home/osama/airflow/dags/dag_maps.py took 7.299 seconds
[2025-05-14T00:58:49.185+0100] {processor.py:161} INFO - Started process (PID=23999) to work on /home/osama/airflow/dags/dag_maps.py
[2025-05-14T00:58:49.194+0100] {processor.py:830} INFO - Processing file /home/osama/airflow/dags/dag_maps.py for tasks to queue
[2025-05-14T00:58:49.198+0100] {logging_mixin.py:188} INFO - [2025-05-14T00:58:49.196+0100] {dagbag.py:538} INFO - Filling up the DagBag from /home/osama/airflow/dags/dag_maps.py
[2025-05-14T00:58:55.312+0100] {processor.py:840} INFO - DAG(s) 'maps_dag' retrieved from /home/osama/airflow/dags/dag_maps.py
[2025-05-14T00:58:55.519+0100] {logging_mixin.py:188} INFO - [2025-05-14T00:58:55.517+0100] {dag.py:3036} INFO - Sync 1 DAGs
[2025-05-14T00:58:55.695+0100] {logging_mixin.py:188} INFO - [2025-05-14T00:58:55.693+0100] {dag.py:3823} INFO - Setting next_dagrun for maps_dag to None, run_after=None
[2025-05-14T00:58:55.731+0100] {processor.py:183} INFO - Processing /home/osama/airflow/dags/dag_maps.py took 6.552 seconds
[2025-05-14T00:59:26.880+0100] {processor.py:161} INFO - Started process (PID=24211) to work on /home/osama/airflow/dags/dag_maps.py
[2025-05-14T00:59:26.885+0100] {processor.py:830} INFO - Processing file /home/osama/airflow/dags/dag_maps.py for tasks to queue
[2025-05-14T00:59:26.890+0100] {logging_mixin.py:188} INFO - [2025-05-14T00:59:26.887+0100] {dagbag.py:538} INFO - Filling up the DagBag from /home/osama/airflow/dags/dag_maps.py
[2025-05-14T00:59:33.598+0100] {processor.py:840} INFO - DAG(s) 'maps_dag' retrieved from /home/osama/airflow/dags/dag_maps.py
[2025-05-14T00:59:33.771+0100] {logging_mixin.py:188} INFO - [2025-05-14T00:59:33.769+0100] {dag.py:3036} INFO - Sync 1 DAGs
[2025-05-14T00:59:33.791+0100] {logging_mixin.py:188} INFO - [2025-05-14T00:59:33.790+0100] {dag.py:3823} INFO - Setting next_dagrun for maps_dag to None, run_after=None
[2025-05-14T00:59:34.018+0100] {processor.py:183} INFO - Processing /home/osama/airflow/dags/dag_maps.py took 7.146 seconds
