[2025-05-14T00:14:08.948+0100] {processor.py:161} INFO - Started process (PID=9939) to work on /home/osama/airflow/dags/Data_Mart_Dag.py
[2025-05-14T00:14:08.951+0100] {processor.py:830} INFO - Processing file /home/osama/airflow/dags/Data_Mart_Dag.py for tasks to queue
[2025-05-14T00:14:08.956+0100] {logging_mixin.py:188} INFO - [2025-05-14T00:14:08.954+0100] {dagbag.py:538} INFO - Filling up the DagBag from /home/osama/airflow/dags/Data_Mart_Dag.py
[2025-05-14T00:14:14.834+0100] {processor.py:840} INFO - DAG(s) 'Data_Mart_Etl' retrieved from /home/osama/airflow/dags/Data_Mart_Dag.py
[2025-05-14T00:14:15.073+0100] {logging_mixin.py:188} INFO - [2025-05-14T00:14:15.071+0100] {dag.py:3036} INFO - Sync 1 DAGs
[2025-05-14T00:14:15.093+0100] {logging_mixin.py:188} INFO - [2025-05-14T00:14:15.091+0100] {dag.py:3823} INFO - Setting next_dagrun for Data_Mart_Etl to None, run_after=None
[2025-05-14T00:14:15.122+0100] {processor.py:183} INFO - Processing /home/osama/airflow/dags/Data_Mart_Dag.py took 6.188 seconds
[2025-05-14T00:14:45.642+0100] {processor.py:161} INFO - Started process (PID=10151) to work on /home/osama/airflow/dags/Data_Mart_Dag.py
[2025-05-14T00:14:45.647+0100] {processor.py:830} INFO - Processing file /home/osama/airflow/dags/Data_Mart_Dag.py for tasks to queue
[2025-05-14T00:14:45.652+0100] {logging_mixin.py:188} INFO - [2025-05-14T00:14:45.650+0100] {dagbag.py:538} INFO - Filling up the DagBag from /home/osama/airflow/dags/Data_Mart_Dag.py
[2025-05-14T00:14:53.836+0100] {processor.py:840} INFO - DAG(s) 'Data_Mart_Etl' retrieved from /home/osama/airflow/dags/Data_Mart_Dag.py
[2025-05-14T00:14:54.051+0100] {logging_mixin.py:188} INFO - [2025-05-14T00:14:54.049+0100] {dag.py:3036} INFO - Sync 1 DAGs
[2025-05-14T00:14:54.075+0100] {logging_mixin.py:188} INFO - [2025-05-14T00:14:54.072+0100] {dag.py:3823} INFO - Setting next_dagrun for Data_Mart_Etl to None, run_after=None
[2025-05-14T00:14:54.120+0100] {processor.py:183} INFO - Processing /home/osama/airflow/dags/Data_Mart_Dag.py took 8.488 seconds
[2025-05-14T00:15:24.317+0100] {processor.py:161} INFO - Started process (PID=10373) to work on /home/osama/airflow/dags/Data_Mart_Dag.py
[2025-05-14T00:15:24.326+0100] {processor.py:830} INFO - Processing file /home/osama/airflow/dags/Data_Mart_Dag.py for tasks to queue
[2025-05-14T00:15:24.331+0100] {logging_mixin.py:188} INFO - [2025-05-14T00:15:24.329+0100] {dagbag.py:538} INFO - Filling up the DagBag from /home/osama/airflow/dags/Data_Mart_Dag.py
[2025-05-14T00:15:28.805+0100] {processor.py:840} INFO - DAG(s) 'Data_Mart_Etl' retrieved from /home/osama/airflow/dags/Data_Mart_Dag.py
[2025-05-14T00:15:28.978+0100] {logging_mixin.py:188} INFO - [2025-05-14T00:15:28.976+0100] {dag.py:3036} INFO - Sync 1 DAGs
[2025-05-14T00:15:28.995+0100] {logging_mixin.py:188} INFO - [2025-05-14T00:15:28.992+0100] {dag.py:3823} INFO - Setting next_dagrun for Data_Mart_Etl to None, run_after=None
[2025-05-14T00:15:29.024+0100] {processor.py:183} INFO - Processing /home/osama/airflow/dags/Data_Mart_Dag.py took 4.718 seconds
[2025-05-14T00:16:02.360+0100] {processor.py:161} INFO - Started process (PID=10603) to work on /home/osama/airflow/dags/Data_Mart_Dag.py
[2025-05-14T00:16:02.367+0100] {processor.py:830} INFO - Processing file /home/osama/airflow/dags/Data_Mart_Dag.py for tasks to queue
[2025-05-14T00:16:02.373+0100] {logging_mixin.py:188} INFO - [2025-05-14T00:16:02.371+0100] {dagbag.py:538} INFO - Filling up the DagBag from /home/osama/airflow/dags/Data_Mart_Dag.py
[2025-05-14T00:16:07.807+0100] {processor.py:840} INFO - DAG(s) 'Data_Mart_Etl' retrieved from /home/osama/airflow/dags/Data_Mart_Dag.py
[2025-05-14T00:16:07.966+0100] {logging_mixin.py:188} INFO - [2025-05-14T00:16:07.964+0100] {dag.py:3036} INFO - Sync 1 DAGs
[2025-05-14T00:16:07.984+0100] {logging_mixin.py:188} INFO - [2025-05-14T00:16:07.983+0100] {dag.py:3823} INFO - Setting next_dagrun for Data_Mart_Etl to None, run_after=None
[2025-05-14T00:16:08.018+0100] {processor.py:183} INFO - Processing /home/osama/airflow/dags/Data_Mart_Dag.py took 5.666 seconds
[2025-05-14T00:16:38.163+0100] {processor.py:161} INFO - Started process (PID=10831) to work on /home/osama/airflow/dags/Data_Mart_Dag.py
[2025-05-14T00:16:38.168+0100] {processor.py:830} INFO - Processing file /home/osama/airflow/dags/Data_Mart_Dag.py for tasks to queue
[2025-05-14T00:16:38.173+0100] {logging_mixin.py:188} INFO - [2025-05-14T00:16:38.171+0100] {dagbag.py:538} INFO - Filling up the DagBag from /home/osama/airflow/dags/Data_Mart_Dag.py
[2025-05-14T00:16:43.727+0100] {processor.py:840} INFO - DAG(s) 'Data_Mart_Etl' retrieved from /home/osama/airflow/dags/Data_Mart_Dag.py
[2025-05-14T00:16:43.938+0100] {logging_mixin.py:188} INFO - [2025-05-14T00:16:43.936+0100] {dag.py:3036} INFO - Sync 1 DAGs
[2025-05-14T00:16:43.956+0100] {logging_mixin.py:188} INFO - [2025-05-14T00:16:43.955+0100] {dag.py:3823} INFO - Setting next_dagrun for Data_Mart_Etl to None, run_after=None
[2025-05-14T00:16:43.993+0100] {processor.py:183} INFO - Processing /home/osama/airflow/dags/Data_Mart_Dag.py took 5.837 seconds
[2025-05-14T00:17:19.041+0100] {processor.py:161} INFO - Started process (PID=11067) to work on /home/osama/airflow/dags/Data_Mart_Dag.py
[2025-05-14T00:17:19.052+0100] {processor.py:830} INFO - Processing file /home/osama/airflow/dags/Data_Mart_Dag.py for tasks to queue
[2025-05-14T00:17:19.056+0100] {logging_mixin.py:188} INFO - [2025-05-14T00:17:19.054+0100] {dagbag.py:538} INFO - Filling up the DagBag from /home/osama/airflow/dags/Data_Mart_Dag.py
[2025-05-14T00:17:24.281+0100] {processor.py:840} INFO - DAG(s) 'Data_Mart_Etl' retrieved from /home/osama/airflow/dags/Data_Mart_Dag.py
[2025-05-14T00:17:24.489+0100] {logging_mixin.py:188} INFO - [2025-05-14T00:17:24.486+0100] {dag.py:3036} INFO - Sync 1 DAGs
[2025-05-14T00:17:24.510+0100] {logging_mixin.py:188} INFO - [2025-05-14T00:17:24.509+0100] {dag.py:3823} INFO - Setting next_dagrun for Data_Mart_Etl to None, run_after=None
[2025-05-14T00:17:24.549+0100] {processor.py:183} INFO - Processing /home/osama/airflow/dags/Data_Mart_Dag.py took 5.515 seconds
[2025-05-14T00:17:54.682+0100] {processor.py:161} INFO - Started process (PID=11271) to work on /home/osama/airflow/dags/Data_Mart_Dag.py
[2025-05-14T00:17:54.686+0100] {processor.py:830} INFO - Processing file /home/osama/airflow/dags/Data_Mart_Dag.py for tasks to queue
[2025-05-14T00:17:54.689+0100] {logging_mixin.py:188} INFO - [2025-05-14T00:17:54.687+0100] {dagbag.py:538} INFO - Filling up the DagBag from /home/osama/airflow/dags/Data_Mart_Dag.py
[2025-05-14T00:18:00.390+0100] {processor.py:840} INFO - DAG(s) 'Data_Mart_Etl' retrieved from /home/osama/airflow/dags/Data_Mart_Dag.py
[2025-05-14T00:18:00.626+0100] {logging_mixin.py:188} INFO - [2025-05-14T00:18:00.624+0100] {dag.py:3036} INFO - Sync 1 DAGs
[2025-05-14T00:18:00.656+0100] {logging_mixin.py:188} INFO - [2025-05-14T00:18:00.653+0100] {dag.py:3823} INFO - Setting next_dagrun for Data_Mart_Etl to None, run_after=None
[2025-05-14T00:18:00.701+0100] {processor.py:183} INFO - Processing /home/osama/airflow/dags/Data_Mart_Dag.py took 6.026 seconds
[2025-05-14T00:18:33.674+0100] {processor.py:161} INFO - Started process (PID=11502) to work on /home/osama/airflow/dags/Data_Mart_Dag.py
[2025-05-14T00:18:33.676+0100] {processor.py:830} INFO - Processing file /home/osama/airflow/dags/Data_Mart_Dag.py for tasks to queue
[2025-05-14T00:18:33.679+0100] {logging_mixin.py:188} INFO - [2025-05-14T00:18:33.678+0100] {dagbag.py:538} INFO - Filling up the DagBag from /home/osama/airflow/dags/Data_Mart_Dag.py
[2025-05-14T00:18:38.076+0100] {processor.py:840} INFO - DAG(s) 'Data_Mart_Etl' retrieved from /home/osama/airflow/dags/Data_Mart_Dag.py
[2025-05-14T00:18:38.254+0100] {logging_mixin.py:188} INFO - [2025-05-14T00:18:38.253+0100] {dag.py:3036} INFO - Sync 1 DAGs
[2025-05-14T00:18:38.269+0100] {logging_mixin.py:188} INFO - [2025-05-14T00:18:38.268+0100] {dag.py:3823} INFO - Setting next_dagrun for Data_Mart_Etl to None, run_after=None
[2025-05-14T00:18:38.292+0100] {processor.py:183} INFO - Processing /home/osama/airflow/dags/Data_Mart_Dag.py took 4.626 seconds
[2025-05-14T00:19:15.922+0100] {processor.py:161} INFO - Started process (PID=11760) to work on /home/osama/airflow/dags/Data_Mart_Dag.py
[2025-05-14T00:19:15.931+0100] {processor.py:830} INFO - Processing file /home/osama/airflow/dags/Data_Mart_Dag.py for tasks to queue
[2025-05-14T00:19:15.935+0100] {logging_mixin.py:188} INFO - [2025-05-14T00:19:15.933+0100] {dagbag.py:538} INFO - Filling up the DagBag from /home/osama/airflow/dags/Data_Mart_Dag.py
[2025-05-14T00:19:21.704+0100] {processor.py:840} INFO - DAG(s) 'Data_Mart_Etl' retrieved from /home/osama/airflow/dags/Data_Mart_Dag.py
[2025-05-14T00:19:21.869+0100] {logging_mixin.py:188} INFO - [2025-05-14T00:19:21.867+0100] {dag.py:3036} INFO - Sync 1 DAGs
[2025-05-14T00:19:21.895+0100] {logging_mixin.py:188} INFO - [2025-05-14T00:19:21.894+0100] {dag.py:3823} INFO - Setting next_dagrun for Data_Mart_Etl to None, run_after=None
[2025-05-14T00:19:21.926+0100] {processor.py:183} INFO - Processing /home/osama/airflow/dags/Data_Mart_Dag.py took 6.009 seconds
[2025-05-14T00:19:56.420+0100] {processor.py:161} INFO - Started process (PID=11997) to work on /home/osama/airflow/dags/Data_Mart_Dag.py
[2025-05-14T00:19:56.423+0100] {processor.py:830} INFO - Processing file /home/osama/airflow/dags/Data_Mart_Dag.py for tasks to queue
[2025-05-14T00:19:56.428+0100] {logging_mixin.py:188} INFO - [2025-05-14T00:19:56.426+0100] {dagbag.py:538} INFO - Filling up the DagBag from /home/osama/airflow/dags/Data_Mart_Dag.py
[2025-05-14T00:20:05.320+0100] {processor.py:840} INFO - DAG(s) 'Data_Mart_Etl' retrieved from /home/osama/airflow/dags/Data_Mart_Dag.py
[2025-05-14T00:20:05.564+0100] {logging_mixin.py:188} INFO - [2025-05-14T00:20:05.562+0100] {dag.py:3036} INFO - Sync 1 DAGs
[2025-05-14T00:20:05.585+0100] {logging_mixin.py:188} INFO - [2025-05-14T00:20:05.583+0100] {dag.py:3823} INFO - Setting next_dagrun for Data_Mart_Etl to None, run_after=None
[2025-05-14T00:20:05.617+0100] {processor.py:183} INFO - Processing /home/osama/airflow/dags/Data_Mart_Dag.py took 9.206 seconds
[2025-05-14T00:20:39.486+0100] {processor.py:161} INFO - Started process (PID=12255) to work on /home/osama/airflow/dags/Data_Mart_Dag.py
[2025-05-14T00:20:39.489+0100] {processor.py:830} INFO - Processing file /home/osama/airflow/dags/Data_Mart_Dag.py for tasks to queue
[2025-05-14T00:20:39.494+0100] {logging_mixin.py:188} INFO - [2025-05-14T00:20:39.492+0100] {dagbag.py:538} INFO - Filling up the DagBag from /home/osama/airflow/dags/Data_Mart_Dag.py
[2025-05-14T00:20:45.733+0100] {processor.py:840} INFO - DAG(s) 'Data_Mart_Etl' retrieved from /home/osama/airflow/dags/Data_Mart_Dag.py
[2025-05-14T00:20:46.082+0100] {logging_mixin.py:188} INFO - [2025-05-14T00:20:46.038+0100] {dag.py:3036} INFO - Sync 1 DAGs
[2025-05-14T00:20:46.161+0100] {logging_mixin.py:188} INFO - [2025-05-14T00:20:46.158+0100] {dag.py:3823} INFO - Setting next_dagrun for Data_Mart_Etl to None, run_after=None
[2025-05-14T00:20:46.217+0100] {processor.py:183} INFO - Processing /home/osama/airflow/dags/Data_Mart_Dag.py took 6.735 seconds
[2025-05-14T00:21:18.080+0100] {processor.py:161} INFO - Started process (PID=12471) to work on /home/osama/airflow/dags/Data_Mart_Dag.py
[2025-05-14T00:21:18.083+0100] {processor.py:830} INFO - Processing file /home/osama/airflow/dags/Data_Mart_Dag.py for tasks to queue
[2025-05-14T00:21:18.086+0100] {logging_mixin.py:188} INFO - [2025-05-14T00:21:18.085+0100] {dagbag.py:538} INFO - Filling up the DagBag from /home/osama/airflow/dags/Data_Mart_Dag.py
[2025-05-14T00:21:23.297+0100] {processor.py:840} INFO - DAG(s) 'Data_Mart_Etl' retrieved from /home/osama/airflow/dags/Data_Mart_Dag.py
[2025-05-14T00:21:23.553+0100] {logging_mixin.py:188} INFO - [2025-05-14T00:21:23.550+0100] {dag.py:3036} INFO - Sync 1 DAGs
[2025-05-14T00:21:23.585+0100] {logging_mixin.py:188} INFO - [2025-05-14T00:21:23.582+0100] {dag.py:3823} INFO - Setting next_dagrun for Data_Mart_Etl to None, run_after=None
[2025-05-14T00:21:23.648+0100] {processor.py:183} INFO - Processing /home/osama/airflow/dags/Data_Mart_Dag.py took 5.575 seconds
[2025-05-14T00:21:56.649+0100] {processor.py:161} INFO - Started process (PID=12707) to work on /home/osama/airflow/dags/Data_Mart_Dag.py
[2025-05-14T00:21:56.660+0100] {processor.py:830} INFO - Processing file /home/osama/airflow/dags/Data_Mart_Dag.py for tasks to queue
[2025-05-14T00:21:56.668+0100] {logging_mixin.py:188} INFO - [2025-05-14T00:21:56.665+0100] {dagbag.py:538} INFO - Filling up the DagBag from /home/osama/airflow/dags/Data_Mart_Dag.py
[2025-05-14T00:22:03.808+0100] {processor.py:840} INFO - DAG(s) 'Data_Mart_Etl' retrieved from /home/osama/airflow/dags/Data_Mart_Dag.py
[2025-05-14T00:22:03.993+0100] {logging_mixin.py:188} INFO - [2025-05-14T00:22:03.991+0100] {dag.py:3036} INFO - Sync 1 DAGs
[2025-05-14T00:22:04.018+0100] {logging_mixin.py:188} INFO - [2025-05-14T00:22:04.016+0100] {dag.py:3823} INFO - Setting next_dagrun for Data_Mart_Etl to None, run_after=None
[2025-05-14T00:22:04.049+0100] {processor.py:183} INFO - Processing /home/osama/airflow/dags/Data_Mart_Dag.py took 7.407 seconds
[2025-05-14T00:22:35.026+0100] {processor.py:161} INFO - Started process (PID=12920) to work on /home/osama/airflow/dags/Data_Mart_Dag.py
[2025-05-14T00:22:35.029+0100] {processor.py:830} INFO - Processing file /home/osama/airflow/dags/Data_Mart_Dag.py for tasks to queue
[2025-05-14T00:22:35.031+0100] {logging_mixin.py:188} INFO - [2025-05-14T00:22:35.030+0100] {dagbag.py:538} INFO - Filling up the DagBag from /home/osama/airflow/dags/Data_Mart_Dag.py
[2025-05-14T00:22:39.289+0100] {processor.py:840} INFO - DAG(s) 'Data_Mart_Etl' retrieved from /home/osama/airflow/dags/Data_Mart_Dag.py
[2025-05-14T00:22:39.466+0100] {logging_mixin.py:188} INFO - [2025-05-14T00:22:39.464+0100] {dag.py:3036} INFO - Sync 1 DAGs
[2025-05-14T00:22:39.485+0100] {logging_mixin.py:188} INFO - [2025-05-14T00:22:39.482+0100] {dag.py:3823} INFO - Setting next_dagrun for Data_Mart_Etl to None, run_after=None
[2025-05-14T00:22:39.520+0100] {processor.py:183} INFO - Processing /home/osama/airflow/dags/Data_Mart_Dag.py took 4.499 seconds
[2025-05-14T00:23:10.807+0100] {processor.py:161} INFO - Started process (PID=13128) to work on /home/osama/airflow/dags/Data_Mart_Dag.py
[2025-05-14T00:23:10.814+0100] {processor.py:830} INFO - Processing file /home/osama/airflow/dags/Data_Mart_Dag.py for tasks to queue
[2025-05-14T00:23:10.820+0100] {logging_mixin.py:188} INFO - [2025-05-14T00:23:10.817+0100] {dagbag.py:538} INFO - Filling up the DagBag from /home/osama/airflow/dags/Data_Mart_Dag.py
[2025-05-14T00:23:17.341+0100] {processor.py:840} INFO - DAG(s) 'Data_Mart_Etl' retrieved from /home/osama/airflow/dags/Data_Mart_Dag.py
[2025-05-14T00:23:17.711+0100] {logging_mixin.py:188} INFO - [2025-05-14T00:23:17.706+0100] {dag.py:3036} INFO - Sync 1 DAGs
[2025-05-14T00:23:17.772+0100] {logging_mixin.py:188} INFO - [2025-05-14T00:23:17.763+0100] {dag.py:3823} INFO - Setting next_dagrun for Data_Mart_Etl to None, run_after=None
[2025-05-14T00:23:17.871+0100] {processor.py:183} INFO - Processing /home/osama/airflow/dags/Data_Mart_Dag.py took 7.069 seconds
[2025-05-14T00:23:48.205+0100] {processor.py:161} INFO - Started process (PID=13342) to work on /home/osama/airflow/dags/Data_Mart_Dag.py
[2025-05-14T00:23:48.218+0100] {processor.py:830} INFO - Processing file /home/osama/airflow/dags/Data_Mart_Dag.py for tasks to queue
[2025-05-14T00:23:48.225+0100] {logging_mixin.py:188} INFO - [2025-05-14T00:23:48.223+0100] {dagbag.py:538} INFO - Filling up the DagBag from /home/osama/airflow/dags/Data_Mart_Dag.py
[2025-05-14T00:23:53.705+0100] {processor.py:840} INFO - DAG(s) 'Data_Mart_Etl' retrieved from /home/osama/airflow/dags/Data_Mart_Dag.py
[2025-05-14T00:23:53.884+0100] {logging_mixin.py:188} INFO - [2025-05-14T00:23:53.883+0100] {dag.py:3036} INFO - Sync 1 DAGs
[2025-05-14T00:23:53.900+0100] {logging_mixin.py:188} INFO - [2025-05-14T00:23:53.899+0100] {dag.py:3823} INFO - Setting next_dagrun for Data_Mart_Etl to None, run_after=None
[2025-05-14T00:23:53.931+0100] {processor.py:183} INFO - Processing /home/osama/airflow/dags/Data_Mart_Dag.py took 5.734 seconds
[2025-05-14T00:24:30.623+0100] {processor.py:161} INFO - Started process (PID=13578) to work on /home/osama/airflow/dags/Data_Mart_Dag.py
[2025-05-14T00:24:30.627+0100] {processor.py:830} INFO - Processing file /home/osama/airflow/dags/Data_Mart_Dag.py for tasks to queue
[2025-05-14T00:24:30.631+0100] {logging_mixin.py:188} INFO - [2025-05-14T00:24:30.630+0100] {dagbag.py:538} INFO - Filling up the DagBag from /home/osama/airflow/dags/Data_Mart_Dag.py
[2025-05-14T00:24:35.891+0100] {processor.py:840} INFO - DAG(s) 'Data_Mart_Etl' retrieved from /home/osama/airflow/dags/Data_Mart_Dag.py
[2025-05-14T00:24:36.083+0100] {logging_mixin.py:188} INFO - [2025-05-14T00:24:36.080+0100] {dag.py:3036} INFO - Sync 1 DAGs
[2025-05-14T00:24:36.105+0100] {logging_mixin.py:188} INFO - [2025-05-14T00:24:36.103+0100] {dag.py:3823} INFO - Setting next_dagrun for Data_Mart_Etl to None, run_after=None
[2025-05-14T00:24:36.138+0100] {processor.py:183} INFO - Processing /home/osama/airflow/dags/Data_Mart_Dag.py took 5.528 seconds
[2025-05-14T00:25:15.450+0100] {processor.py:161} INFO - Started process (PID=13818) to work on /home/osama/airflow/dags/Data_Mart_Dag.py
[2025-05-14T00:25:15.455+0100] {processor.py:830} INFO - Processing file /home/osama/airflow/dags/Data_Mart_Dag.py for tasks to queue
[2025-05-14T00:25:15.459+0100] {logging_mixin.py:188} INFO - [2025-05-14T00:25:15.457+0100] {dagbag.py:538} INFO - Filling up the DagBag from /home/osama/airflow/dags/Data_Mart_Dag.py
[2025-05-14T00:25:23.097+0100] {processor.py:840} INFO - DAG(s) 'Data_Mart_Etl' retrieved from /home/osama/airflow/dags/Data_Mart_Dag.py
[2025-05-14T00:25:23.395+0100] {logging_mixin.py:188} INFO - [2025-05-14T00:25:23.393+0100] {dag.py:3036} INFO - Sync 1 DAGs
[2025-05-14T00:25:23.422+0100] {logging_mixin.py:188} INFO - [2025-05-14T00:25:23.420+0100] {dag.py:3823} INFO - Setting next_dagrun for Data_Mart_Etl to None, run_after=None
[2025-05-14T00:25:23.481+0100] {processor.py:183} INFO - Processing /home/osama/airflow/dags/Data_Mart_Dag.py took 8.039 seconds
[2025-05-14T00:25:56.582+0100] {processor.py:161} INFO - Started process (PID=14061) to work on /home/osama/airflow/dags/Data_Mart_Dag.py
[2025-05-14T00:25:56.592+0100] {processor.py:830} INFO - Processing file /home/osama/airflow/dags/Data_Mart_Dag.py for tasks to queue
[2025-05-14T00:25:56.597+0100] {logging_mixin.py:188} INFO - [2025-05-14T00:25:56.594+0100] {dagbag.py:538} INFO - Filling up the DagBag from /home/osama/airflow/dags/Data_Mart_Dag.py
[2025-05-14T00:26:02.907+0100] {processor.py:840} INFO - DAG(s) 'Data_Mart_Etl' retrieved from /home/osama/airflow/dags/Data_Mart_Dag.py
[2025-05-14T00:26:03.122+0100] {logging_mixin.py:188} INFO - [2025-05-14T00:26:03.112+0100] {dag.py:3036} INFO - Sync 1 DAGs
[2025-05-14T00:26:03.169+0100] {logging_mixin.py:188} INFO - [2025-05-14T00:26:03.166+0100] {dag.py:3823} INFO - Setting next_dagrun for Data_Mart_Etl to None, run_after=None
[2025-05-14T00:26:03.231+0100] {processor.py:183} INFO - Processing /home/osama/airflow/dags/Data_Mart_Dag.py took 6.656 seconds
[2025-05-14T00:26:42.227+0100] {processor.py:161} INFO - Started process (PID=14310) to work on /home/osama/airflow/dags/Data_Mart_Dag.py
[2025-05-14T00:26:42.231+0100] {processor.py:830} INFO - Processing file /home/osama/airflow/dags/Data_Mart_Dag.py for tasks to queue
[2025-05-14T00:26:42.236+0100] {logging_mixin.py:188} INFO - [2025-05-14T00:26:42.235+0100] {dagbag.py:538} INFO - Filling up the DagBag from /home/osama/airflow/dags/Data_Mart_Dag.py
[2025-05-14T00:26:47.678+0100] {processor.py:840} INFO - DAG(s) 'Data_Mart_Etl' retrieved from /home/osama/airflow/dags/Data_Mart_Dag.py
[2025-05-14T00:26:47.843+0100] {logging_mixin.py:188} INFO - [2025-05-14T00:26:47.841+0100] {dag.py:3036} INFO - Sync 1 DAGs
[2025-05-14T00:26:47.864+0100] {logging_mixin.py:188} INFO - [2025-05-14T00:26:47.862+0100] {dag.py:3823} INFO - Setting next_dagrun for Data_Mart_Etl to None, run_after=None
[2025-05-14T00:26:47.901+0100] {processor.py:183} INFO - Processing /home/osama/airflow/dags/Data_Mart_Dag.py took 5.680 seconds
[2025-05-14T00:27:23.257+0100] {processor.py:161} INFO - Started process (PID=14532) to work on /home/osama/airflow/dags/Data_Mart_Dag.py
[2025-05-14T00:27:23.261+0100] {processor.py:830} INFO - Processing file /home/osama/airflow/dags/Data_Mart_Dag.py for tasks to queue
[2025-05-14T00:27:23.266+0100] {logging_mixin.py:188} INFO - [2025-05-14T00:27:23.264+0100] {dagbag.py:538} INFO - Filling up the DagBag from /home/osama/airflow/dags/Data_Mart_Dag.py
[2025-05-14T00:27:29.417+0100] {processor.py:840} INFO - DAG(s) 'Data_Mart_Etl' retrieved from /home/osama/airflow/dags/Data_Mart_Dag.py
[2025-05-14T00:27:29.618+0100] {logging_mixin.py:188} INFO - [2025-05-14T00:27:29.615+0100] {dag.py:3036} INFO - Sync 1 DAGs
[2025-05-14T00:27:29.649+0100] {logging_mixin.py:188} INFO - [2025-05-14T00:27:29.647+0100] {dag.py:3823} INFO - Setting next_dagrun for Data_Mart_Etl to None, run_after=None
[2025-05-14T00:27:29.705+0100] {processor.py:183} INFO - Processing /home/osama/airflow/dags/Data_Mart_Dag.py took 6.457 seconds
[2025-05-14T00:28:11.557+0100] {processor.py:161} INFO - Started process (PID=14799) to work on /home/osama/airflow/dags/Data_Mart_Dag.py
[2025-05-14T00:28:11.560+0100] {processor.py:830} INFO - Processing file /home/osama/airflow/dags/Data_Mart_Dag.py for tasks to queue
[2025-05-14T00:28:11.566+0100] {logging_mixin.py:188} INFO - [2025-05-14T00:28:11.564+0100] {dagbag.py:538} INFO - Filling up the DagBag from /home/osama/airflow/dags/Data_Mart_Dag.py
[2025-05-14T00:28:18.252+0100] {processor.py:840} INFO - DAG(s) 'Data_Mart_Etl' retrieved from /home/osama/airflow/dags/Data_Mart_Dag.py
[2025-05-14T00:28:18.507+0100] {logging_mixin.py:188} INFO - [2025-05-14T00:28:18.506+0100] {dag.py:3036} INFO - Sync 1 DAGs
[2025-05-14T00:28:18.535+0100] {logging_mixin.py:188} INFO - [2025-05-14T00:28:18.534+0100] {dag.py:3823} INFO - Setting next_dagrun for Data_Mart_Etl to None, run_after=None
[2025-05-14T00:28:18.569+0100] {processor.py:183} INFO - Processing /home/osama/airflow/dags/Data_Mart_Dag.py took 7.020 seconds
[2025-05-14T00:28:59.354+0100] {processor.py:161} INFO - Started process (PID=15053) to work on /home/osama/airflow/dags/Data_Mart_Dag.py
[2025-05-14T00:28:59.357+0100] {processor.py:830} INFO - Processing file /home/osama/airflow/dags/Data_Mart_Dag.py for tasks to queue
[2025-05-14T00:28:59.361+0100] {logging_mixin.py:188} INFO - [2025-05-14T00:28:59.359+0100] {dagbag.py:538} INFO - Filling up the DagBag from /home/osama/airflow/dags/Data_Mart_Dag.py
[2025-05-14T00:29:07.032+0100] {processor.py:840} INFO - DAG(s) 'Data_Mart_Etl' retrieved from /home/osama/airflow/dags/Data_Mart_Dag.py
[2025-05-14T00:29:07.296+0100] {logging_mixin.py:188} INFO - [2025-05-14T00:29:07.294+0100] {dag.py:3036} INFO - Sync 1 DAGs
[2025-05-14T00:29:07.325+0100] {logging_mixin.py:188} INFO - [2025-05-14T00:29:07.323+0100] {dag.py:3823} INFO - Setting next_dagrun for Data_Mart_Etl to None, run_after=None
[2025-05-14T00:29:07.373+0100] {processor.py:183} INFO - Processing /home/osama/airflow/dags/Data_Mart_Dag.py took 8.027 seconds
[2025-05-14T00:29:47.217+0100] {processor.py:161} INFO - Started process (PID=15298) to work on /home/osama/airflow/dags/Data_Mart_Dag.py
[2025-05-14T00:29:47.220+0100] {processor.py:830} INFO - Processing file /home/osama/airflow/dags/Data_Mart_Dag.py for tasks to queue
[2025-05-14T00:29:47.224+0100] {logging_mixin.py:188} INFO - [2025-05-14T00:29:47.222+0100] {dagbag.py:538} INFO - Filling up the DagBag from /home/osama/airflow/dags/Data_Mart_Dag.py
[2025-05-14T00:29:52.235+0100] {processor.py:840} INFO - DAG(s) 'Data_Mart_Etl' retrieved from /home/osama/airflow/dags/Data_Mart_Dag.py
[2025-05-14T00:29:52.482+0100] {logging_mixin.py:188} INFO - [2025-05-14T00:29:52.480+0100] {dag.py:3036} INFO - Sync 1 DAGs
[2025-05-14T00:29:52.499+0100] {logging_mixin.py:188} INFO - [2025-05-14T00:29:52.497+0100] {dag.py:3823} INFO - Setting next_dagrun for Data_Mart_Etl to None, run_after=None
[2025-05-14T00:29:52.538+0100] {processor.py:183} INFO - Processing /home/osama/airflow/dags/Data_Mart_Dag.py took 5.328 seconds
[2025-05-14T00:30:31.953+0100] {processor.py:161} INFO - Started process (PID=15535) to work on /home/osama/airflow/dags/Data_Mart_Dag.py
[2025-05-14T00:30:31.957+0100] {processor.py:830} INFO - Processing file /home/osama/airflow/dags/Data_Mart_Dag.py for tasks to queue
[2025-05-14T00:30:31.962+0100] {logging_mixin.py:188} INFO - [2025-05-14T00:30:31.960+0100] {dagbag.py:538} INFO - Filling up the DagBag from /home/osama/airflow/dags/Data_Mart_Dag.py
[2025-05-14T00:30:36.758+0100] {processor.py:840} INFO - DAG(s) 'Data_Mart_Etl' retrieved from /home/osama/airflow/dags/Data_Mart_Dag.py
[2025-05-14T00:30:36.937+0100] {logging_mixin.py:188} INFO - [2025-05-14T00:30:36.932+0100] {dag.py:3036} INFO - Sync 1 DAGs
[2025-05-14T00:30:36.986+0100] {logging_mixin.py:188} INFO - [2025-05-14T00:30:36.981+0100] {dag.py:3823} INFO - Setting next_dagrun for Data_Mart_Etl to None, run_after=None
[2025-05-14T00:30:37.064+0100] {processor.py:183} INFO - Processing /home/osama/airflow/dags/Data_Mart_Dag.py took 5.116 seconds
[2025-05-14T00:31:14.416+0100] {processor.py:161} INFO - Started process (PID=15770) to work on /home/osama/airflow/dags/Data_Mart_Dag.py
[2025-05-14T00:31:14.420+0100] {processor.py:830} INFO - Processing file /home/osama/airflow/dags/Data_Mart_Dag.py for tasks to queue
[2025-05-14T00:31:14.424+0100] {logging_mixin.py:188} INFO - [2025-05-14T00:31:14.422+0100] {dagbag.py:538} INFO - Filling up the DagBag from /home/osama/airflow/dags/Data_Mart_Dag.py
[2025-05-14T00:31:19.220+0100] {processor.py:840} INFO - DAG(s) 'Data_Mart_Etl' retrieved from /home/osama/airflow/dags/Data_Mart_Dag.py
[2025-05-14T00:31:19.490+0100] {logging_mixin.py:188} INFO - [2025-05-14T00:31:19.488+0100] {dag.py:3036} INFO - Sync 1 DAGs
[2025-05-14T00:31:19.508+0100] {logging_mixin.py:188} INFO - [2025-05-14T00:31:19.506+0100] {dag.py:3823} INFO - Setting next_dagrun for Data_Mart_Etl to None, run_after=None
[2025-05-14T00:31:19.536+0100] {processor.py:183} INFO - Processing /home/osama/airflow/dags/Data_Mart_Dag.py took 5.127 seconds
[2025-05-14T00:32:00.238+0100] {processor.py:161} INFO - Started process (PID=16011) to work on /home/osama/airflow/dags/Data_Mart_Dag.py
[2025-05-14T00:32:00.241+0100] {processor.py:830} INFO - Processing file /home/osama/airflow/dags/Data_Mart_Dag.py for tasks to queue
[2025-05-14T00:32:00.245+0100] {logging_mixin.py:188} INFO - [2025-05-14T00:32:00.243+0100] {dagbag.py:538} INFO - Filling up the DagBag from /home/osama/airflow/dags/Data_Mart_Dag.py
[2025-05-14T00:32:06.357+0100] {processor.py:840} INFO - DAG(s) 'Data_Mart_Etl' retrieved from /home/osama/airflow/dags/Data_Mart_Dag.py
[2025-05-14T00:32:06.700+0100] {logging_mixin.py:188} INFO - [2025-05-14T00:32:06.698+0100] {dag.py:3036} INFO - Sync 1 DAGs
[2025-05-14T00:32:06.725+0100] {logging_mixin.py:188} INFO - [2025-05-14T00:32:06.723+0100] {dag.py:3823} INFO - Setting next_dagrun for Data_Mart_Etl to None, run_after=None
[2025-05-14T00:32:06.771+0100] {processor.py:183} INFO - Processing /home/osama/airflow/dags/Data_Mart_Dag.py took 6.547 seconds
[2025-05-14T00:32:49.032+0100] {processor.py:161} INFO - Started process (PID=16271) to work on /home/osama/airflow/dags/Data_Mart_Dag.py
[2025-05-14T00:32:49.041+0100] {processor.py:830} INFO - Processing file /home/osama/airflow/dags/Data_Mart_Dag.py for tasks to queue
[2025-05-14T00:32:49.046+0100] {logging_mixin.py:188} INFO - [2025-05-14T00:32:49.044+0100] {dagbag.py:538} INFO - Filling up the DagBag from /home/osama/airflow/dags/Data_Mart_Dag.py
[2025-05-14T00:32:53.336+0100] {processor.py:840} INFO - DAG(s) 'Data_Mart_Etl' retrieved from /home/osama/airflow/dags/Data_Mart_Dag.py
[2025-05-14T00:32:53.454+0100] {logging_mixin.py:188} INFO - [2025-05-14T00:32:53.452+0100] {dag.py:3036} INFO - Sync 1 DAGs
[2025-05-14T00:32:53.469+0100] {logging_mixin.py:188} INFO - [2025-05-14T00:32:53.467+0100] {dag.py:3823} INFO - Setting next_dagrun for Data_Mart_Etl to None, run_after=None
[2025-05-14T00:32:53.499+0100] {processor.py:183} INFO - Processing /home/osama/airflow/dags/Data_Mart_Dag.py took 4.472 seconds
[2025-05-14T00:33:33.283+0100] {processor.py:161} INFO - Started process (PID=16505) to work on /home/osama/airflow/dags/Data_Mart_Dag.py
[2025-05-14T00:33:33.293+0100] {processor.py:830} INFO - Processing file /home/osama/airflow/dags/Data_Mart_Dag.py for tasks to queue
[2025-05-14T00:33:33.298+0100] {logging_mixin.py:188} INFO - [2025-05-14T00:33:33.296+0100] {dagbag.py:538} INFO - Filling up the DagBag from /home/osama/airflow/dags/Data_Mart_Dag.py
[2025-05-14T00:33:37.930+0100] {processor.py:840} INFO - DAG(s) 'Data_Mart_Etl' retrieved from /home/osama/airflow/dags/Data_Mart_Dag.py
[2025-05-14T00:33:38.098+0100] {logging_mixin.py:188} INFO - [2025-05-14T00:33:38.096+0100] {dag.py:3036} INFO - Sync 1 DAGs
[2025-05-14T00:33:38.117+0100] {logging_mixin.py:188} INFO - [2025-05-14T00:33:38.115+0100] {dag.py:3823} INFO - Setting next_dagrun for Data_Mart_Etl to None, run_after=None
[2025-05-14T00:33:38.154+0100] {processor.py:183} INFO - Processing /home/osama/airflow/dags/Data_Mart_Dag.py took 4.879 seconds
[2025-05-14T00:34:17.192+0100] {processor.py:161} INFO - Started process (PID=16744) to work on /home/osama/airflow/dags/Data_Mart_Dag.py
[2025-05-14T00:34:17.195+0100] {processor.py:830} INFO - Processing file /home/osama/airflow/dags/Data_Mart_Dag.py for tasks to queue
[2025-05-14T00:34:17.199+0100] {logging_mixin.py:188} INFO - [2025-05-14T00:34:17.198+0100] {dagbag.py:538} INFO - Filling up the DagBag from /home/osama/airflow/dags/Data_Mart_Dag.py
[2025-05-14T00:34:22.428+0100] {processor.py:840} INFO - DAG(s) 'Data_Mart_Etl' retrieved from /home/osama/airflow/dags/Data_Mart_Dag.py
[2025-05-14T00:34:22.594+0100] {logging_mixin.py:188} INFO - [2025-05-14T00:34:22.592+0100] {dag.py:3036} INFO - Sync 1 DAGs
[2025-05-14T00:34:22.612+0100] {logging_mixin.py:188} INFO - [2025-05-14T00:34:22.610+0100] {dag.py:3823} INFO - Setting next_dagrun for Data_Mart_Etl to None, run_after=None
[2025-05-14T00:34:22.644+0100] {processor.py:183} INFO - Processing /home/osama/airflow/dags/Data_Mart_Dag.py took 5.458 seconds
[2025-05-14T00:35:03.571+0100] {processor.py:161} INFO - Started process (PID=16984) to work on /home/osama/airflow/dags/Data_Mart_Dag.py
[2025-05-14T00:35:03.575+0100] {processor.py:830} INFO - Processing file /home/osama/airflow/dags/Data_Mart_Dag.py for tasks to queue
[2025-05-14T00:35:03.582+0100] {logging_mixin.py:188} INFO - [2025-05-14T00:35:03.579+0100] {dagbag.py:538} INFO - Filling up the DagBag from /home/osama/airflow/dags/Data_Mart_Dag.py
[2025-05-14T00:35:10.931+0100] {processor.py:840} INFO - DAG(s) 'Data_Mart_Etl' retrieved from /home/osama/airflow/dags/Data_Mart_Dag.py
[2025-05-14T00:35:11.068+0100] {logging_mixin.py:188} INFO - [2025-05-14T00:35:11.065+0100] {dag.py:3036} INFO - Sync 1 DAGs
[2025-05-14T00:35:11.088+0100] {logging_mixin.py:188} INFO - [2025-05-14T00:35:11.086+0100] {dag.py:3823} INFO - Setting next_dagrun for Data_Mart_Etl to None, run_after=None
[2025-05-14T00:35:11.130+0100] {processor.py:183} INFO - Processing /home/osama/airflow/dags/Data_Mart_Dag.py took 7.571 seconds
[2025-05-14T00:43:59.785+0100] {processor.py:161} INFO - Started process (PID=18422) to work on /home/osama/airflow/dags/Data_Mart_Dag.py
[2025-05-14T00:43:59.788+0100] {processor.py:830} INFO - Processing file /home/osama/airflow/dags/Data_Mart_Dag.py for tasks to queue
[2025-05-14T00:43:59.791+0100] {logging_mixin.py:188} INFO - [2025-05-14T00:43:59.789+0100] {dagbag.py:538} INFO - Filling up the DagBag from /home/osama/airflow/dags/Data_Mart_Dag.py
[2025-05-14T00:44:08.318+0100] {processor.py:840} INFO - DAG(s) 'Data_Mart_Etl' retrieved from /home/osama/airflow/dags/Data_Mart_Dag.py
[2025-05-14T00:44:09.177+0100] {logging_mixin.py:188} INFO - [2025-05-14T00:44:09.175+0100] {dag.py:3036} INFO - Sync 1 DAGs
[2025-05-14T00:44:09.194+0100] {logging_mixin.py:188} INFO - [2025-05-14T00:44:09.192+0100] {dag.py:3823} INFO - Setting next_dagrun for Data_Mart_Etl to None, run_after=None
[2025-05-14T00:44:09.226+0100] {processor.py:183} INFO - Processing /home/osama/airflow/dags/Data_Mart_Dag.py took 9.448 seconds
[2025-05-14T00:44:44.559+0100] {processor.py:161} INFO - Started process (PID=18678) to work on /home/osama/airflow/dags/Data_Mart_Dag.py
[2025-05-14T00:44:44.562+0100] {processor.py:830} INFO - Processing file /home/osama/airflow/dags/Data_Mart_Dag.py for tasks to queue
[2025-05-14T00:44:44.565+0100] {logging_mixin.py:188} INFO - [2025-05-14T00:44:44.563+0100] {dagbag.py:538} INFO - Filling up the DagBag from /home/osama/airflow/dags/Data_Mart_Dag.py
[2025-05-14T00:44:50.432+0100] {processor.py:840} INFO - DAG(s) 'Data_Mart_Etl' retrieved from /home/osama/airflow/dags/Data_Mart_Dag.py
[2025-05-14T00:44:50.704+0100] {logging_mixin.py:188} INFO - [2025-05-14T00:44:50.703+0100] {dag.py:3036} INFO - Sync 1 DAGs
[2025-05-14T00:44:50.719+0100] {logging_mixin.py:188} INFO - [2025-05-14T00:44:50.718+0100] {dag.py:3823} INFO - Setting next_dagrun for Data_Mart_Etl to None, run_after=None
[2025-05-14T00:44:50.758+0100] {processor.py:183} INFO - Processing /home/osama/airflow/dags/Data_Mart_Dag.py took 6.207 seconds
[2025-05-14T00:45:21.003+0100] {processor.py:161} INFO - Started process (PID=18926) to work on /home/osama/airflow/dags/Data_Mart_Dag.py
[2025-05-14T00:45:21.013+0100] {processor.py:830} INFO - Processing file /home/osama/airflow/dags/Data_Mart_Dag.py for tasks to queue
[2025-05-14T00:45:21.016+0100] {logging_mixin.py:188} INFO - [2025-05-14T00:45:21.014+0100] {dagbag.py:538} INFO - Filling up the DagBag from /home/osama/airflow/dags/Data_Mart_Dag.py
[2025-05-14T00:45:26.470+0100] {processor.py:840} INFO - DAG(s) 'Data_Mart_Etl' retrieved from /home/osama/airflow/dags/Data_Mart_Dag.py
[2025-05-14T00:45:26.644+0100] {logging_mixin.py:188} INFO - [2025-05-14T00:45:26.642+0100] {dag.py:3036} INFO - Sync 1 DAGs
[2025-05-14T00:45:26.668+0100] {logging_mixin.py:188} INFO - [2025-05-14T00:45:26.666+0100] {dag.py:3823} INFO - Setting next_dagrun for Data_Mart_Etl to None, run_after=None
[2025-05-14T00:45:26.719+0100] {processor.py:183} INFO - Processing /home/osama/airflow/dags/Data_Mart_Dag.py took 5.721 seconds
[2025-05-14T00:45:58.656+0100] {processor.py:161} INFO - Started process (PID=19175) to work on /home/osama/airflow/dags/Data_Mart_Dag.py
[2025-05-14T00:45:58.659+0100] {processor.py:830} INFO - Processing file /home/osama/airflow/dags/Data_Mart_Dag.py for tasks to queue
[2025-05-14T00:45:58.663+0100] {logging_mixin.py:188} INFO - [2025-05-14T00:45:58.661+0100] {dagbag.py:538} INFO - Filling up the DagBag from /home/osama/airflow/dags/Data_Mart_Dag.py
[2025-05-14T00:46:04.334+0100] {processor.py:840} INFO - DAG(s) 'Data_Mart_Etl' retrieved from /home/osama/airflow/dags/Data_Mart_Dag.py
[2025-05-14T00:46:04.511+0100] {logging_mixin.py:188} INFO - [2025-05-14T00:46:04.510+0100] {dag.py:3036} INFO - Sync 1 DAGs
[2025-05-14T00:46:04.541+0100] {logging_mixin.py:188} INFO - [2025-05-14T00:46:04.539+0100] {dag.py:3823} INFO - Setting next_dagrun for Data_Mart_Etl to None, run_after=None
[2025-05-14T00:46:04.579+0100] {processor.py:183} INFO - Processing /home/osama/airflow/dags/Data_Mart_Dag.py took 5.937 seconds
[2025-05-14T00:46:35.063+0100] {processor.py:161} INFO - Started process (PID=19438) to work on /home/osama/airflow/dags/Data_Mart_Dag.py
[2025-05-14T00:46:35.079+0100] {processor.py:830} INFO - Processing file /home/osama/airflow/dags/Data_Mart_Dag.py for tasks to queue
[2025-05-14T00:46:35.092+0100] {logging_mixin.py:188} INFO - [2025-05-14T00:46:35.089+0100] {dagbag.py:538} INFO - Filling up the DagBag from /home/osama/airflow/dags/Data_Mart_Dag.py
[2025-05-14T00:46:39.770+0100] {processor.py:840} INFO - DAG(s) 'Data_Mart_Etl' retrieved from /home/osama/airflow/dags/Data_Mart_Dag.py
[2025-05-14T00:46:40.001+0100] {logging_mixin.py:188} INFO - [2025-05-14T00:46:39.998+0100] {dag.py:3036} INFO - Sync 1 DAGs
[2025-05-14T00:46:40.031+0100] {logging_mixin.py:188} INFO - [2025-05-14T00:46:40.029+0100] {dag.py:3823} INFO - Setting next_dagrun for Data_Mart_Etl to None, run_after=None
[2025-05-14T00:46:40.065+0100] {processor.py:183} INFO - Processing /home/osama/airflow/dags/Data_Mart_Dag.py took 5.009 seconds
[2025-05-14T00:47:10.374+0100] {processor.py:161} INFO - Started process (PID=19655) to work on /home/osama/airflow/dags/Data_Mart_Dag.py
[2025-05-14T00:47:10.377+0100] {processor.py:830} INFO - Processing file /home/osama/airflow/dags/Data_Mart_Dag.py for tasks to queue
[2025-05-14T00:47:10.381+0100] {logging_mixin.py:188} INFO - [2025-05-14T00:47:10.380+0100] {dagbag.py:538} INFO - Filling up the DagBag from /home/osama/airflow/dags/Data_Mart_Dag.py
[2025-05-14T00:47:15.408+0100] {processor.py:840} INFO - DAG(s) 'Data_Mart_Etl' retrieved from /home/osama/airflow/dags/Data_Mart_Dag.py
[2025-05-14T00:47:15.586+0100] {logging_mixin.py:188} INFO - [2025-05-14T00:47:15.584+0100] {dag.py:3036} INFO - Sync 1 DAGs
[2025-05-14T00:47:15.607+0100] {logging_mixin.py:188} INFO - [2025-05-14T00:47:15.606+0100] {dag.py:3823} INFO - Setting next_dagrun for Data_Mart_Etl to None, run_after=None
[2025-05-14T00:47:15.642+0100] {processor.py:183} INFO - Processing /home/osama/airflow/dags/Data_Mart_Dag.py took 5.272 seconds
[2025-05-14T00:47:47.283+0100] {processor.py:161} INFO - Started process (PID=19883) to work on /home/osama/airflow/dags/Data_Mart_Dag.py
[2025-05-14T00:47:47.288+0100] {processor.py:830} INFO - Processing file /home/osama/airflow/dags/Data_Mart_Dag.py for tasks to queue
[2025-05-14T00:47:47.292+0100] {logging_mixin.py:188} INFO - [2025-05-14T00:47:47.291+0100] {dagbag.py:538} INFO - Filling up the DagBag from /home/osama/airflow/dags/Data_Mart_Dag.py
[2025-05-14T00:47:52.991+0100] {processor.py:840} INFO - DAG(s) 'Data_Mart_Etl' retrieved from /home/osama/airflow/dags/Data_Mart_Dag.py
[2025-05-14T00:47:53.224+0100] {logging_mixin.py:188} INFO - [2025-05-14T00:47:53.222+0100] {dag.py:3036} INFO - Sync 1 DAGs
[2025-05-14T00:47:53.263+0100] {logging_mixin.py:188} INFO - [2025-05-14T00:47:53.261+0100] {dag.py:3823} INFO - Setting next_dagrun for Data_Mart_Etl to None, run_after=None
[2025-05-14T00:47:53.301+0100] {processor.py:183} INFO - Processing /home/osama/airflow/dags/Data_Mart_Dag.py took 6.023 seconds
[2025-05-14T00:48:23.520+0100] {processor.py:161} INFO - Started process (PID=20135) to work on /home/osama/airflow/dags/Data_Mart_Dag.py
[2025-05-14T00:48:23.533+0100] {processor.py:830} INFO - Processing file /home/osama/airflow/dags/Data_Mart_Dag.py for tasks to queue
[2025-05-14T00:48:23.539+0100] {logging_mixin.py:188} INFO - [2025-05-14T00:48:23.537+0100] {dagbag.py:538} INFO - Filling up the DagBag from /home/osama/airflow/dags/Data_Mart_Dag.py
[2025-05-14T00:48:29.069+0100] {processor.py:840} INFO - DAG(s) 'Data_Mart_Etl' retrieved from /home/osama/airflow/dags/Data_Mart_Dag.py
[2025-05-14T00:48:29.301+0100] {logging_mixin.py:188} INFO - [2025-05-14T00:48:29.299+0100] {dag.py:3036} INFO - Sync 1 DAGs
[2025-05-14T00:48:29.332+0100] {logging_mixin.py:188} INFO - [2025-05-14T00:48:29.330+0100] {dag.py:3823} INFO - Setting next_dagrun for Data_Mart_Etl to None, run_after=None
[2025-05-14T00:48:29.370+0100] {processor.py:183} INFO - Processing /home/osama/airflow/dags/Data_Mart_Dag.py took 5.860 seconds
[2025-05-14T00:48:59.466+0100] {processor.py:161} INFO - Started process (PID=20398) to work on /home/osama/airflow/dags/Data_Mart_Dag.py
[2025-05-14T00:48:59.473+0100] {processor.py:830} INFO - Processing file /home/osama/airflow/dags/Data_Mart_Dag.py for tasks to queue
[2025-05-14T00:48:59.481+0100] {logging_mixin.py:188} INFO - [2025-05-14T00:48:59.478+0100] {dagbag.py:538} INFO - Filling up the DagBag from /home/osama/airflow/dags/Data_Mart_Dag.py
[2025-05-14T00:49:07.064+0100] {processor.py:840} INFO - DAG(s) 'Data_Mart_Etl' retrieved from /home/osama/airflow/dags/Data_Mart_Dag.py
[2025-05-14T00:49:07.348+0100] {logging_mixin.py:188} INFO - [2025-05-14T00:49:07.344+0100] {dag.py:3036} INFO - Sync 1 DAGs
[2025-05-14T00:49:07.385+0100] {logging_mixin.py:188} INFO - [2025-05-14T00:49:07.382+0100] {dag.py:3823} INFO - Setting next_dagrun for Data_Mart_Etl to None, run_after=None
[2025-05-14T00:49:07.437+0100] {processor.py:183} INFO - Processing /home/osama/airflow/dags/Data_Mart_Dag.py took 7.985 seconds
[2025-05-14T00:49:38.258+0100] {processor.py:161} INFO - Started process (PID=20631) to work on /home/osama/airflow/dags/Data_Mart_Dag.py
[2025-05-14T00:49:38.266+0100] {processor.py:830} INFO - Processing file /home/osama/airflow/dags/Data_Mart_Dag.py for tasks to queue
[2025-05-14T00:49:38.271+0100] {logging_mixin.py:188} INFO - [2025-05-14T00:49:38.269+0100] {dagbag.py:538} INFO - Filling up the DagBag from /home/osama/airflow/dags/Data_Mart_Dag.py
[2025-05-14T00:49:44.788+0100] {processor.py:840} INFO - DAG(s) 'Data_Mart_Etl' retrieved from /home/osama/airflow/dags/Data_Mart_Dag.py
[2025-05-14T00:49:44.980+0100] {logging_mixin.py:188} INFO - [2025-05-14T00:49:44.978+0100] {dag.py:3036} INFO - Sync 1 DAGs
[2025-05-14T00:49:45.016+0100] {logging_mixin.py:188} INFO - [2025-05-14T00:49:45.014+0100] {dag.py:3823} INFO - Setting next_dagrun for Data_Mart_Etl to None, run_after=None
[2025-05-14T00:49:45.055+0100] {processor.py:183} INFO - Processing /home/osama/airflow/dags/Data_Mart_Dag.py took 6.810 seconds
[2025-05-14T00:50:15.476+0100] {processor.py:161} INFO - Started process (PID=20883) to work on /home/osama/airflow/dags/Data_Mart_Dag.py
[2025-05-14T00:50:15.485+0100] {processor.py:830} INFO - Processing file /home/osama/airflow/dags/Data_Mart_Dag.py for tasks to queue
[2025-05-14T00:50:15.488+0100] {logging_mixin.py:188} INFO - [2025-05-14T00:50:15.487+0100] {dagbag.py:538} INFO - Filling up the DagBag from /home/osama/airflow/dags/Data_Mart_Dag.py
[2025-05-14T00:50:21.570+0100] {processor.py:840} INFO - DAG(s) 'Data_Mart_Etl' retrieved from /home/osama/airflow/dags/Data_Mart_Dag.py
[2025-05-14T00:50:21.811+0100] {logging_mixin.py:188} INFO - [2025-05-14T00:50:21.809+0100] {dag.py:3036} INFO - Sync 1 DAGs
[2025-05-14T00:50:21.834+0100] {logging_mixin.py:188} INFO - [2025-05-14T00:50:21.832+0100] {dag.py:3823} INFO - Setting next_dagrun for Data_Mart_Etl to None, run_after=None
[2025-05-14T00:50:21.874+0100] {processor.py:183} INFO - Processing /home/osama/airflow/dags/Data_Mart_Dag.py took 6.405 seconds
[2025-05-14T00:50:53.420+0100] {processor.py:161} INFO - Started process (PID=21139) to work on /home/osama/airflow/dags/Data_Mart_Dag.py
[2025-05-14T00:50:53.429+0100] {processor.py:830} INFO - Processing file /home/osama/airflow/dags/Data_Mart_Dag.py for tasks to queue
[2025-05-14T00:50:53.434+0100] {logging_mixin.py:188} INFO - [2025-05-14T00:50:53.432+0100] {dagbag.py:538} INFO - Filling up the DagBag from /home/osama/airflow/dags/Data_Mart_Dag.py
[2025-05-14T00:50:59.509+0100] {processor.py:840} INFO - DAG(s) 'Data_Mart_Etl' retrieved from /home/osama/airflow/dags/Data_Mart_Dag.py
[2025-05-14T00:50:59.829+0100] {logging_mixin.py:188} INFO - [2025-05-14T00:50:59.824+0100] {dag.py:3036} INFO - Sync 1 DAGs
[2025-05-14T00:50:59.869+0100] {logging_mixin.py:188} INFO - [2025-05-14T00:50:59.867+0100] {dag.py:3823} INFO - Setting next_dagrun for Data_Mart_Etl to None, run_after=None
[2025-05-14T00:50:59.937+0100] {processor.py:183} INFO - Processing /home/osama/airflow/dags/Data_Mart_Dag.py took 6.523 seconds
[2025-05-14T00:51:34.447+0100] {processor.py:161} INFO - Started process (PID=21412) to work on /home/osama/airflow/dags/Data_Mart_Dag.py
[2025-05-14T00:51:34.450+0100] {processor.py:830} INFO - Processing file /home/osama/airflow/dags/Data_Mart_Dag.py for tasks to queue
[2025-05-14T00:51:34.454+0100] {logging_mixin.py:188} INFO - [2025-05-14T00:51:34.452+0100] {dagbag.py:538} INFO - Filling up the DagBag from /home/osama/airflow/dags/Data_Mart_Dag.py
[2025-05-14T00:51:40.112+0100] {processor.py:840} INFO - DAG(s) 'Data_Mart_Etl' retrieved from /home/osama/airflow/dags/Data_Mart_Dag.py
[2025-05-14T00:51:40.323+0100] {logging_mixin.py:188} INFO - [2025-05-14T00:51:40.310+0100] {dag.py:3036} INFO - Sync 1 DAGs
[2025-05-14T00:51:40.368+0100] {logging_mixin.py:188} INFO - [2025-05-14T00:51:40.365+0100] {dag.py:3823} INFO - Setting next_dagrun for Data_Mart_Etl to None, run_after=None
[2025-05-14T00:51:40.440+0100] {processor.py:183} INFO - Processing /home/osama/airflow/dags/Data_Mart_Dag.py took 5.998 seconds
[2025-05-14T00:52:19.914+0100] {processor.py:161} INFO - Started process (PID=21650) to work on /home/osama/airflow/dags/Data_Mart_Dag.py
[2025-05-14T00:52:19.917+0100] {processor.py:830} INFO - Processing file /home/osama/airflow/dags/Data_Mart_Dag.py for tasks to queue
[2025-05-14T00:52:19.924+0100] {logging_mixin.py:188} INFO - [2025-05-14T00:52:19.921+0100] {dagbag.py:538} INFO - Filling up the DagBag from /home/osama/airflow/dags/Data_Mart_Dag.py
[2025-05-14T00:52:27.189+0100] {processor.py:840} INFO - DAG(s) 'Data_Mart_Etl' retrieved from /home/osama/airflow/dags/Data_Mart_Dag.py
[2025-05-14T00:52:27.392+0100] {logging_mixin.py:188} INFO - [2025-05-14T00:52:27.389+0100] {dag.py:3036} INFO - Sync 1 DAGs
[2025-05-14T00:52:27.421+0100] {logging_mixin.py:188} INFO - [2025-05-14T00:52:27.416+0100] {dag.py:3823} INFO - Setting next_dagrun for Data_Mart_Etl to None, run_after=None
[2025-05-14T00:52:27.479+0100] {processor.py:183} INFO - Processing /home/osama/airflow/dags/Data_Mart_Dag.py took 7.576 seconds
[2025-05-14T00:52:59.509+0100] {processor.py:161} INFO - Started process (PID=21887) to work on /home/osama/airflow/dags/Data_Mart_Dag.py
[2025-05-14T00:52:59.512+0100] {processor.py:830} INFO - Processing file /home/osama/airflow/dags/Data_Mart_Dag.py for tasks to queue
[2025-05-14T00:52:59.516+0100] {logging_mixin.py:188} INFO - [2025-05-14T00:52:59.514+0100] {dagbag.py:538} INFO - Filling up the DagBag from /home/osama/airflow/dags/Data_Mart_Dag.py
[2025-05-14T00:53:05.775+0100] {processor.py:840} INFO - DAG(s) 'Data_Mart_Etl' retrieved from /home/osama/airflow/dags/Data_Mart_Dag.py
[2025-05-14T00:53:06.139+0100] {logging_mixin.py:188} INFO - [2025-05-14T00:53:06.135+0100] {dag.py:3036} INFO - Sync 1 DAGs
[2025-05-14T00:53:06.200+0100] {logging_mixin.py:188} INFO - [2025-05-14T00:53:06.196+0100] {dag.py:3823} INFO - Setting next_dagrun for Data_Mart_Etl to None, run_after=None
[2025-05-14T00:53:06.266+0100] {processor.py:183} INFO - Processing /home/osama/airflow/dags/Data_Mart_Dag.py took 6.764 seconds
[2025-05-14T00:53:40.147+0100] {processor.py:161} INFO - Started process (PID=22157) to work on /home/osama/airflow/dags/Data_Mart_Dag.py
[2025-05-14T00:53:40.151+0100] {processor.py:830} INFO - Processing file /home/osama/airflow/dags/Data_Mart_Dag.py for tasks to queue
[2025-05-14T00:53:40.160+0100] {logging_mixin.py:188} INFO - [2025-05-14T00:53:40.156+0100] {dagbag.py:538} INFO - Filling up the DagBag from /home/osama/airflow/dags/Data_Mart_Dag.py
[2025-05-14T00:53:46.553+0100] {processor.py:840} INFO - DAG(s) 'Data_Mart_Etl' retrieved from /home/osama/airflow/dags/Data_Mart_Dag.py
[2025-05-14T00:53:46.856+0100] {logging_mixin.py:188} INFO - [2025-05-14T00:53:46.854+0100] {dag.py:3036} INFO - Sync 1 DAGs
[2025-05-14T00:53:46.880+0100] {logging_mixin.py:188} INFO - [2025-05-14T00:53:46.879+0100] {dag.py:3823} INFO - Setting next_dagrun for Data_Mart_Etl to None, run_after=None
[2025-05-14T00:53:46.913+0100] {processor.py:183} INFO - Processing /home/osama/airflow/dags/Data_Mart_Dag.py took 6.775 seconds
[2025-05-14T00:54:18.729+0100] {processor.py:161} INFO - Started process (PID=22412) to work on /home/osama/airflow/dags/Data_Mart_Dag.py
[2025-05-14T00:54:18.733+0100] {processor.py:830} INFO - Processing file /home/osama/airflow/dags/Data_Mart_Dag.py for tasks to queue
[2025-05-14T00:54:18.737+0100] {logging_mixin.py:188} INFO - [2025-05-14T00:54:18.735+0100] {dagbag.py:538} INFO - Filling up the DagBag from /home/osama/airflow/dags/Data_Mart_Dag.py
[2025-05-14T00:54:23.060+0100] {processor.py:840} INFO - DAG(s) 'Data_Mart_Etl' retrieved from /home/osama/airflow/dags/Data_Mart_Dag.py
[2025-05-14T00:54:23.248+0100] {logging_mixin.py:188} INFO - [2025-05-14T00:54:23.246+0100] {dag.py:3036} INFO - Sync 1 DAGs
[2025-05-14T00:54:23.272+0100] {logging_mixin.py:188} INFO - [2025-05-14T00:54:23.271+0100] {dag.py:3823} INFO - Setting next_dagrun for Data_Mart_Etl to None, run_after=None
[2025-05-14T00:54:23.310+0100] {processor.py:183} INFO - Processing /home/osama/airflow/dags/Data_Mart_Dag.py took 4.587 seconds
[2025-05-14T00:54:54.043+0100] {processor.py:161} INFO - Started process (PID=22628) to work on /home/osama/airflow/dags/Data_Mart_Dag.py
[2025-05-14T00:54:54.052+0100] {processor.py:830} INFO - Processing file /home/osama/airflow/dags/Data_Mart_Dag.py for tasks to queue
[2025-05-14T00:54:54.056+0100] {logging_mixin.py:188} INFO - [2025-05-14T00:54:54.055+0100] {dagbag.py:538} INFO - Filling up the DagBag from /home/osama/airflow/dags/Data_Mart_Dag.py
[2025-05-14T00:54:58.543+0100] {processor.py:840} INFO - DAG(s) 'Data_Mart_Etl' retrieved from /home/osama/airflow/dags/Data_Mart_Dag.py
[2025-05-14T00:54:58.756+0100] {logging_mixin.py:188} INFO - [2025-05-14T00:54:58.754+0100] {dag.py:3036} INFO - Sync 1 DAGs
[2025-05-14T00:54:58.784+0100] {logging_mixin.py:188} INFO - [2025-05-14T00:54:58.782+0100] {dag.py:3823} INFO - Setting next_dagrun for Data_Mart_Etl to None, run_after=None
[2025-05-14T00:54:58.824+0100] {processor.py:183} INFO - Processing /home/osama/airflow/dags/Data_Mart_Dag.py took 4.789 seconds
[2025-05-14T00:55:29.725+0100] {processor.py:161} INFO - Started process (PID=22854) to work on /home/osama/airflow/dags/Data_Mart_Dag.py
[2025-05-14T00:55:29.729+0100] {processor.py:830} INFO - Processing file /home/osama/airflow/dags/Data_Mart_Dag.py for tasks to queue
[2025-05-14T00:55:29.732+0100] {logging_mixin.py:188} INFO - [2025-05-14T00:55:29.731+0100] {dagbag.py:538} INFO - Filling up the DagBag from /home/osama/airflow/dags/Data_Mart_Dag.py
[2025-05-14T00:55:34.839+0100] {processor.py:840} INFO - DAG(s) 'Data_Mart_Etl' retrieved from /home/osama/airflow/dags/Data_Mart_Dag.py
[2025-05-14T00:55:35.160+0100] {logging_mixin.py:188} INFO - [2025-05-14T00:55:35.156+0100] {dag.py:3036} INFO - Sync 1 DAGs
[2025-05-14T00:55:35.201+0100] {logging_mixin.py:188} INFO - [2025-05-14T00:55:35.199+0100] {dag.py:3823} INFO - Setting next_dagrun for Data_Mart_Etl to None, run_after=None
[2025-05-14T00:55:35.268+0100] {processor.py:183} INFO - Processing /home/osama/airflow/dags/Data_Mart_Dag.py took 5.549 seconds
[2025-05-14T00:56:12.792+0100] {processor.py:161} INFO - Started process (PID=23118) to work on /home/osama/airflow/dags/Data_Mart_Dag.py
[2025-05-14T00:56:12.803+0100] {processor.py:830} INFO - Processing file /home/osama/airflow/dags/Data_Mart_Dag.py for tasks to queue
[2025-05-14T00:56:12.808+0100] {logging_mixin.py:188} INFO - [2025-05-14T00:56:12.806+0100] {dagbag.py:538} INFO - Filling up the DagBag from /home/osama/airflow/dags/Data_Mart_Dag.py
[2025-05-14T00:56:20.848+0100] {processor.py:840} INFO - DAG(s) 'Data_Mart_Etl' retrieved from /home/osama/airflow/dags/Data_Mart_Dag.py
[2025-05-14T00:56:21.191+0100] {logging_mixin.py:188} INFO - [2025-05-14T00:56:21.189+0100] {dag.py:3036} INFO - Sync 1 DAGs
[2025-05-14T00:56:21.242+0100] {logging_mixin.py:188} INFO - [2025-05-14T00:56:21.238+0100] {dag.py:3823} INFO - Setting next_dagrun for Data_Mart_Etl to None, run_after=None
[2025-05-14T00:56:21.308+0100] {processor.py:183} INFO - Processing /home/osama/airflow/dags/Data_Mart_Dag.py took 8.528 seconds
[2025-05-14T00:56:51.892+0100] {processor.py:161} INFO - Started process (PID=23344) to work on /home/osama/airflow/dags/Data_Mart_Dag.py
[2025-05-14T00:56:51.905+0100] {processor.py:830} INFO - Processing file /home/osama/airflow/dags/Data_Mart_Dag.py for tasks to queue
[2025-05-14T00:56:51.914+0100] {logging_mixin.py:188} INFO - [2025-05-14T00:56:51.910+0100] {dagbag.py:538} INFO - Filling up the DagBag from /home/osama/airflow/dags/Data_Mart_Dag.py
[2025-05-14T00:57:00.516+0100] {processor.py:840} INFO - DAG(s) 'Data_Mart_Etl' retrieved from /home/osama/airflow/dags/Data_Mart_Dag.py
[2025-05-14T00:57:00.868+0100] {logging_mixin.py:188} INFO - [2025-05-14T00:57:00.865+0100] {dag.py:3036} INFO - Sync 1 DAGs
[2025-05-14T00:57:00.911+0100] {logging_mixin.py:188} INFO - [2025-05-14T00:57:00.907+0100] {dag.py:3823} INFO - Setting next_dagrun for Data_Mart_Etl to None, run_after=None
[2025-05-14T00:57:00.976+0100] {processor.py:183} INFO - Processing /home/osama/airflow/dags/Data_Mart_Dag.py took 9.093 seconds
[2025-05-14T00:57:31.389+0100] {processor.py:161} INFO - Started process (PID=23600) to work on /home/osama/airflow/dags/Data_Mart_Dag.py
[2025-05-14T00:57:31.392+0100] {processor.py:830} INFO - Processing file /home/osama/airflow/dags/Data_Mart_Dag.py for tasks to queue
[2025-05-14T00:57:31.395+0100] {logging_mixin.py:188} INFO - [2025-05-14T00:57:31.394+0100] {dagbag.py:538} INFO - Filling up the DagBag from /home/osama/airflow/dags/Data_Mart_Dag.py
[2025-05-14T00:57:35.457+0100] {processor.py:840} INFO - DAG(s) 'Data_Mart_Etl' retrieved from /home/osama/airflow/dags/Data_Mart_Dag.py
[2025-05-14T00:57:35.642+0100] {logging_mixin.py:188} INFO - [2025-05-14T00:57:35.640+0100] {dag.py:3036} INFO - Sync 1 DAGs
[2025-05-14T00:57:35.665+0100] {logging_mixin.py:188} INFO - [2025-05-14T00:57:35.663+0100] {dag.py:3823} INFO - Setting next_dagrun for Data_Mart_Etl to None, run_after=None
[2025-05-14T00:57:35.704+0100] {processor.py:183} INFO - Processing /home/osama/airflow/dags/Data_Mart_Dag.py took 4.320 seconds
[2025-05-14T00:58:05.817+0100] {processor.py:161} INFO - Started process (PID=23767) to work on /home/osama/airflow/dags/Data_Mart_Dag.py
[2025-05-14T00:58:05.828+0100] {processor.py:830} INFO - Processing file /home/osama/airflow/dags/Data_Mart_Dag.py for tasks to queue
[2025-05-14T00:58:05.832+0100] {logging_mixin.py:188} INFO - [2025-05-14T00:58:05.830+0100] {dagbag.py:538} INFO - Filling up the DagBag from /home/osama/airflow/dags/Data_Mart_Dag.py
[2025-05-14T00:58:11.078+0100] {processor.py:840} INFO - DAG(s) 'Data_Mart_Etl' retrieved from /home/osama/airflow/dags/Data_Mart_Dag.py
[2025-05-14T00:58:11.256+0100] {logging_mixin.py:188} INFO - [2025-05-14T00:58:11.255+0100] {dag.py:3036} INFO - Sync 1 DAGs
[2025-05-14T00:58:11.276+0100] {logging_mixin.py:188} INFO - [2025-05-14T00:58:11.275+0100] {dag.py:3823} INFO - Setting next_dagrun for Data_Mart_Etl to None, run_after=None
[2025-05-14T00:58:11.305+0100] {processor.py:183} INFO - Processing /home/osama/airflow/dags/Data_Mart_Dag.py took 5.496 seconds
[2025-05-14T00:58:41.730+0100] {processor.py:161} INFO - Started process (PID=23959) to work on /home/osama/airflow/dags/Data_Mart_Dag.py
[2025-05-14T00:58:41.739+0100] {processor.py:830} INFO - Processing file /home/osama/airflow/dags/Data_Mart_Dag.py for tasks to queue
[2025-05-14T00:58:41.743+0100] {logging_mixin.py:188} INFO - [2025-05-14T00:58:41.741+0100] {dagbag.py:538} INFO - Filling up the DagBag from /home/osama/airflow/dags/Data_Mart_Dag.py
[2025-05-14T00:58:46.336+0100] {processor.py:840} INFO - DAG(s) 'Data_Mart_Etl' retrieved from /home/osama/airflow/dags/Data_Mart_Dag.py
[2025-05-14T00:58:46.506+0100] {logging_mixin.py:188} INFO - [2025-05-14T00:58:46.504+0100] {dag.py:3036} INFO - Sync 1 DAGs
[2025-05-14T00:58:46.527+0100] {logging_mixin.py:188} INFO - [2025-05-14T00:58:46.526+0100] {dag.py:3823} INFO - Setting next_dagrun for Data_Mart_Etl to None, run_after=None
[2025-05-14T00:58:46.571+0100] {processor.py:183} INFO - Processing /home/osama/airflow/dags/Data_Mart_Dag.py took 4.849 seconds
[2025-05-14T00:59:16.992+0100] {processor.py:161} INFO - Started process (PID=24164) to work on /home/osama/airflow/dags/Data_Mart_Dag.py
[2025-05-14T00:59:17.003+0100] {processor.py:830} INFO - Processing file /home/osama/airflow/dags/Data_Mart_Dag.py for tasks to queue
[2025-05-14T00:59:17.008+0100] {logging_mixin.py:188} INFO - [2025-05-14T00:59:17.006+0100] {dagbag.py:538} INFO - Filling up the DagBag from /home/osama/airflow/dags/Data_Mart_Dag.py
[2025-05-14T00:59:26.534+0100] {processor.py:840} INFO - DAG(s) 'Data_Mart_Etl' retrieved from /home/osama/airflow/dags/Data_Mart_Dag.py
[2025-05-14T00:59:26.740+0100] {logging_mixin.py:188} INFO - [2025-05-14T00:59:26.738+0100] {dag.py:3036} INFO - Sync 1 DAGs
[2025-05-14T00:59:26.774+0100] {logging_mixin.py:188} INFO - [2025-05-14T00:59:26.772+0100] {dag.py:3823} INFO - Setting next_dagrun for Data_Mart_Etl to None, run_after=None
[2025-05-14T00:59:26.817+0100] {processor.py:183} INFO - Processing /home/osama/airflow/dags/Data_Mart_Dag.py took 9.835 seconds
[2025-05-14T00:59:57.396+0100] {processor.py:161} INFO - Started process (PID=24381) to work on /home/osama/airflow/dags/Data_Mart_Dag.py
[2025-05-14T00:59:57.407+0100] {processor.py:830} INFO - Processing file /home/osama/airflow/dags/Data_Mart_Dag.py for tasks to queue
[2025-05-14T00:59:57.412+0100] {logging_mixin.py:188} INFO - [2025-05-14T00:59:57.410+0100] {dagbag.py:538} INFO - Filling up the DagBag from /home/osama/airflow/dags/Data_Mart_Dag.py
[2025-05-14T01:00:07.807+0100] {processor.py:840} INFO - DAG(s) 'Data_Mart_Etl' retrieved from /home/osama/airflow/dags/Data_Mart_Dag.py
[2025-05-14T01:00:08.008+0100] {logging_mixin.py:188} INFO - [2025-05-14T01:00:08.005+0100] {dag.py:3036} INFO - Sync 1 DAGs
[2025-05-14T01:00:08.031+0100] {logging_mixin.py:188} INFO - [2025-05-14T01:00:08.029+0100] {dag.py:3823} INFO - Setting next_dagrun for Data_Mart_Etl to None, run_after=None
[2025-05-14T01:00:08.065+0100] {processor.py:183} INFO - Processing /home/osama/airflow/dags/Data_Mart_Dag.py took 10.676 seconds
