[2025-05-14T00:14:15.183+0100] {processor.py:161} INFO - Started process (PID=9969) to work on /home/osama/airflow/dags/oldversion.py
[2025-05-14T00:14:15.186+0100] {processor.py:830} INFO - Processing file /home/osama/airflow/dags/oldversion.py for tasks to queue
[2025-05-14T00:14:15.189+0100] {logging_mixin.py:188} INFO - [2025-05-14T00:14:15.187+0100] {dagbag.py:538} INFO - Filling up the DagBag from /home/osama/airflow/dags/oldversion.py
[2025-05-14T00:14:15.193+0100] {processor.py:842} WARNING - No viable dags retrieved from /home/osama/airflow/dags/oldversion.py
[2025-05-14T00:14:15.230+0100] {processor.py:183} INFO - Processing /home/osama/airflow/dags/oldversion.py took 0.053 seconds
[2025-05-14T00:14:45.913+0100] {processor.py:161} INFO - Started process (PID=10163) to work on /home/osama/airflow/dags/oldversion.py
[2025-05-14T00:14:45.915+0100] {processor.py:830} INFO - Processing file /home/osama/airflow/dags/oldversion.py for tasks to queue
[2025-05-14T00:14:45.918+0100] {logging_mixin.py:188} INFO - [2025-05-14T00:14:45.917+0100] {dagbag.py:538} INFO - Filling up the DagBag from /home/osama/airflow/dags/oldversion.py
[2025-05-14T00:14:45.923+0100] {processor.py:842} WARNING - No viable dags retrieved from /home/osama/airflow/dags/oldversion.py
[2025-05-14T00:14:45.957+0100] {processor.py:183} INFO - Processing /home/osama/airflow/dags/oldversion.py took 0.050 seconds
[2025-05-14T00:15:23.202+0100] {processor.py:161} INFO - Started process (PID=10357) to work on /home/osama/airflow/dags/oldversion.py
[2025-05-14T00:15:23.205+0100] {processor.py:830} INFO - Processing file /home/osama/airflow/dags/oldversion.py for tasks to queue
[2025-05-14T00:15:23.208+0100] {logging_mixin.py:188} INFO - [2025-05-14T00:15:23.207+0100] {dagbag.py:538} INFO - Filling up the DagBag from /home/osama/airflow/dags/oldversion.py
[2025-05-14T00:15:23.214+0100] {processor.py:842} WARNING - No viable dags retrieved from /home/osama/airflow/dags/oldversion.py
[2025-05-14T00:15:23.256+0100] {processor.py:183} INFO - Processing /home/osama/airflow/dags/oldversion.py took 0.063 seconds
[2025-05-14T00:15:53.575+0100] {processor.py:161} INFO - Started process (PID=10550) to work on /home/osama/airflow/dags/oldversion.py
[2025-05-14T00:15:53.579+0100] {processor.py:830} INFO - Processing file /home/osama/airflow/dags/oldversion.py for tasks to queue
[2025-05-14T00:15:53.583+0100] {logging_mixin.py:188} INFO - [2025-05-14T00:15:53.581+0100] {dagbag.py:538} INFO - Filling up the DagBag from /home/osama/airflow/dags/oldversion.py
[2025-05-14T00:15:53.588+0100] {processor.py:842} WARNING - No viable dags retrieved from /home/osama/airflow/dags/oldversion.py
[2025-05-14T00:15:53.634+0100] {processor.py:183} INFO - Processing /home/osama/airflow/dags/oldversion.py took 0.066 seconds
[2025-05-14T00:16:25.299+0100] {processor.py:161} INFO - Started process (PID=10754) to work on /home/osama/airflow/dags/oldversion.py
[2025-05-14T00:16:25.303+0100] {processor.py:830} INFO - Processing file /home/osama/airflow/dags/oldversion.py for tasks to queue
[2025-05-14T00:16:25.311+0100] {logging_mixin.py:188} INFO - [2025-05-14T00:16:25.306+0100] {dagbag.py:538} INFO - Filling up the DagBag from /home/osama/airflow/dags/oldversion.py
[2025-05-14T00:16:25.321+0100] {processor.py:842} WARNING - No viable dags retrieved from /home/osama/airflow/dags/oldversion.py
[2025-05-14T00:16:25.375+0100] {processor.py:183} INFO - Processing /home/osama/airflow/dags/oldversion.py took 0.083 seconds
[2025-05-14T00:16:56.735+0100] {processor.py:161} INFO - Started process (PID=10923) to work on /home/osama/airflow/dags/oldversion.py
[2025-05-14T00:16:56.738+0100] {processor.py:830} INFO - Processing file /home/osama/airflow/dags/oldversion.py for tasks to queue
[2025-05-14T00:16:56.741+0100] {logging_mixin.py:188} INFO - [2025-05-14T00:16:56.740+0100] {dagbag.py:538} INFO - Filling up the DagBag from /home/osama/airflow/dags/oldversion.py
[2025-05-14T00:16:56.747+0100] {processor.py:842} WARNING - No viable dags retrieved from /home/osama/airflow/dags/oldversion.py
[2025-05-14T00:16:56.780+0100] {processor.py:183} INFO - Processing /home/osama/airflow/dags/oldversion.py took 0.050 seconds
[2025-05-14T00:17:32.552+0100] {processor.py:161} INFO - Started process (PID=11146) to work on /home/osama/airflow/dags/oldversion.py
[2025-05-14T00:17:32.555+0100] {processor.py:830} INFO - Processing file /home/osama/airflow/dags/oldversion.py for tasks to queue
[2025-05-14T00:17:32.561+0100] {logging_mixin.py:188} INFO - [2025-05-14T00:17:32.559+0100] {dagbag.py:538} INFO - Filling up the DagBag from /home/osama/airflow/dags/oldversion.py
[2025-05-14T00:17:32.567+0100] {processor.py:842} WARNING - No viable dags retrieved from /home/osama/airflow/dags/oldversion.py
[2025-05-14T00:17:32.603+0100] {processor.py:183} INFO - Processing /home/osama/airflow/dags/oldversion.py took 0.055 seconds
[2025-05-14T00:18:13.022+0100] {processor.py:161} INFO - Started process (PID=11381) to work on /home/osama/airflow/dags/oldversion.py
[2025-05-14T00:18:13.025+0100] {processor.py:830} INFO - Processing file /home/osama/airflow/dags/oldversion.py for tasks to queue
[2025-05-14T00:18:13.029+0100] {logging_mixin.py:188} INFO - [2025-05-14T00:18:13.027+0100] {dagbag.py:538} INFO - Filling up the DagBag from /home/osama/airflow/dags/oldversion.py
[2025-05-14T00:18:13.034+0100] {processor.py:842} WARNING - No viable dags retrieved from /home/osama/airflow/dags/oldversion.py
[2025-05-14T00:18:13.067+0100] {processor.py:183} INFO - Processing /home/osama/airflow/dags/oldversion.py took 0.051 seconds
[2025-05-14T00:18:49.333+0100] {processor.py:161} INFO - Started process (PID=11587) to work on /home/osama/airflow/dags/oldversion.py
[2025-05-14T00:18:49.336+0100] {processor.py:830} INFO - Processing file /home/osama/airflow/dags/oldversion.py for tasks to queue
[2025-05-14T00:18:49.349+0100] {logging_mixin.py:188} INFO - [2025-05-14T00:18:49.339+0100] {dagbag.py:538} INFO - Filling up the DagBag from /home/osama/airflow/dags/oldversion.py
[2025-05-14T00:18:49.356+0100] {processor.py:842} WARNING - No viable dags retrieved from /home/osama/airflow/dags/oldversion.py
[2025-05-14T00:18:49.402+0100] {processor.py:183} INFO - Processing /home/osama/airflow/dags/oldversion.py took 0.079 seconds
[2025-05-14T00:19:23.613+0100] {processor.py:161} INFO - Started process (PID=11812) to work on /home/osama/airflow/dags/oldversion.py
[2025-05-14T00:19:23.616+0100] {processor.py:830} INFO - Processing file /home/osama/airflow/dags/oldversion.py for tasks to queue
[2025-05-14T00:19:23.619+0100] {logging_mixin.py:188} INFO - [2025-05-14T00:19:23.617+0100] {dagbag.py:538} INFO - Filling up the DagBag from /home/osama/airflow/dags/oldversion.py
[2025-05-14T00:19:23.624+0100] {processor.py:842} WARNING - No viable dags retrieved from /home/osama/airflow/dags/oldversion.py
[2025-05-14T00:19:23.656+0100] {processor.py:183} INFO - Processing /home/osama/airflow/dags/oldversion.py took 0.049 seconds
[2025-05-14T00:19:57.920+0100] {processor.py:161} INFO - Started process (PID=12022) to work on /home/osama/airflow/dags/oldversion.py
[2025-05-14T00:19:57.924+0100] {processor.py:830} INFO - Processing file /home/osama/airflow/dags/oldversion.py for tasks to queue
[2025-05-14T00:19:57.929+0100] {logging_mixin.py:188} INFO - [2025-05-14T00:19:57.927+0100] {dagbag.py:538} INFO - Filling up the DagBag from /home/osama/airflow/dags/oldversion.py
[2025-05-14T00:19:57.940+0100] {processor.py:842} WARNING - No viable dags retrieved from /home/osama/airflow/dags/oldversion.py
[2025-05-14T00:19:57.997+0100] {processor.py:183} INFO - Processing /home/osama/airflow/dags/oldversion.py took 0.089 seconds
[2025-05-14T00:20:39.029+0100] {processor.py:161} INFO - Started process (PID=12243) to work on /home/osama/airflow/dags/oldversion.py
[2025-05-14T00:20:39.032+0100] {processor.py:830} INFO - Processing file /home/osama/airflow/dags/oldversion.py for tasks to queue
[2025-05-14T00:20:39.036+0100] {logging_mixin.py:188} INFO - [2025-05-14T00:20:39.034+0100] {dagbag.py:538} INFO - Filling up the DagBag from /home/osama/airflow/dags/oldversion.py
[2025-05-14T00:20:39.039+0100] {processor.py:842} WARNING - No viable dags retrieved from /home/osama/airflow/dags/oldversion.py
[2025-05-14T00:20:39.065+0100] {processor.py:183} INFO - Processing /home/osama/airflow/dags/oldversion.py took 0.039 seconds
[2025-05-14T00:21:09.590+0100] {processor.py:161} INFO - Started process (PID=12425) to work on /home/osama/airflow/dags/oldversion.py
[2025-05-14T00:21:09.603+0100] {processor.py:830} INFO - Processing file /home/osama/airflow/dags/oldversion.py for tasks to queue
[2025-05-14T00:21:09.611+0100] {logging_mixin.py:188} INFO - [2025-05-14T00:21:09.607+0100] {dagbag.py:538} INFO - Filling up the DagBag from /home/osama/airflow/dags/oldversion.py
[2025-05-14T00:21:09.621+0100] {processor.py:842} WARNING - No viable dags retrieved from /home/osama/airflow/dags/oldversion.py
[2025-05-14T00:21:09.664+0100] {processor.py:183} INFO - Processing /home/osama/airflow/dags/oldversion.py took 0.080 seconds
[2025-05-14T00:21:44.742+0100] {processor.py:161} INFO - Started process (PID=12640) to work on /home/osama/airflow/dags/oldversion.py
[2025-05-14T00:21:44.745+0100] {processor.py:830} INFO - Processing file /home/osama/airflow/dags/oldversion.py for tasks to queue
[2025-05-14T00:21:44.748+0100] {logging_mixin.py:188} INFO - [2025-05-14T00:21:44.747+0100] {dagbag.py:538} INFO - Filling up the DagBag from /home/osama/airflow/dags/oldversion.py
[2025-05-14T00:21:44.755+0100] {processor.py:842} WARNING - No viable dags retrieved from /home/osama/airflow/dags/oldversion.py
[2025-05-14T00:21:44.806+0100] {processor.py:183} INFO - Processing /home/osama/airflow/dags/oldversion.py took 0.073 seconds
[2025-05-14T00:22:15.294+0100] {processor.py:161} INFO - Started process (PID=12829) to work on /home/osama/airflow/dags/oldversion.py
[2025-05-14T00:22:15.297+0100] {processor.py:830} INFO - Processing file /home/osama/airflow/dags/oldversion.py for tasks to queue
[2025-05-14T00:22:15.300+0100] {logging_mixin.py:188} INFO - [2025-05-14T00:22:15.299+0100] {dagbag.py:538} INFO - Filling up the DagBag from /home/osama/airflow/dags/oldversion.py
[2025-05-14T00:22:15.305+0100] {processor.py:842} WARNING - No viable dags retrieved from /home/osama/airflow/dags/oldversion.py
[2025-05-14T00:22:15.337+0100] {processor.py:183} INFO - Processing /home/osama/airflow/dags/oldversion.py took 0.048 seconds
[2025-05-14T00:22:52.544+0100] {processor.py:161} INFO - Started process (PID=13044) to work on /home/osama/airflow/dags/oldversion.py
[2025-05-14T00:22:52.549+0100] {processor.py:830} INFO - Processing file /home/osama/airflow/dags/oldversion.py for tasks to queue
[2025-05-14T00:22:52.554+0100] {logging_mixin.py:188} INFO - [2025-05-14T00:22:52.552+0100] {dagbag.py:538} INFO - Filling up the DagBag from /home/osama/airflow/dags/oldversion.py
[2025-05-14T00:22:52.564+0100] {processor.py:842} WARNING - No viable dags retrieved from /home/osama/airflow/dags/oldversion.py
[2025-05-14T00:22:52.633+0100] {processor.py:183} INFO - Processing /home/osama/airflow/dags/oldversion.py took 0.097 seconds
[2025-05-14T00:23:34.949+0100] {processor.py:161} INFO - Started process (PID=13236) to work on /home/osama/airflow/dags/oldversion.py
[2025-05-14T00:23:34.954+0100] {processor.py:830} INFO - Processing file /home/osama/airflow/dags/oldversion.py for tasks to queue
[2025-05-14T00:23:34.960+0100] {logging_mixin.py:188} INFO - [2025-05-14T00:23:34.956+0100] {dagbag.py:538} INFO - Filling up the DagBag from /home/osama/airflow/dags/oldversion.py
[2025-05-14T00:23:34.967+0100] {processor.py:842} WARNING - No viable dags retrieved from /home/osama/airflow/dags/oldversion.py
[2025-05-14T00:23:35.024+0100] {processor.py:183} INFO - Processing /home/osama/airflow/dags/oldversion.py took 0.090 seconds
[2025-05-14T00:24:10.196+0100] {processor.py:161} INFO - Started process (PID=13436) to work on /home/osama/airflow/dags/oldversion.py
[2025-05-14T00:24:10.201+0100] {processor.py:830} INFO - Processing file /home/osama/airflow/dags/oldversion.py for tasks to queue
[2025-05-14T00:24:10.205+0100] {logging_mixin.py:188} INFO - [2025-05-14T00:24:10.203+0100] {dagbag.py:538} INFO - Filling up the DagBag from /home/osama/airflow/dags/oldversion.py
[2025-05-14T00:24:10.209+0100] {processor.py:842} WARNING - No viable dags retrieved from /home/osama/airflow/dags/oldversion.py
[2025-05-14T00:24:10.252+0100] {processor.py:183} INFO - Processing /home/osama/airflow/dags/oldversion.py took 0.062 seconds
[2025-05-14T00:24:40.837+0100] {processor.py:161} INFO - Started process (PID=13629) to work on /home/osama/airflow/dags/oldversion.py
[2025-05-14T00:24:40.842+0100] {processor.py:830} INFO - Processing file /home/osama/airflow/dags/oldversion.py for tasks to queue
[2025-05-14T00:24:40.849+0100] {logging_mixin.py:188} INFO - [2025-05-14T00:24:40.846+0100] {dagbag.py:538} INFO - Filling up the DagBag from /home/osama/airflow/dags/oldversion.py
[2025-05-14T00:24:40.856+0100] {processor.py:842} WARNING - No viable dags retrieved from /home/osama/airflow/dags/oldversion.py
[2025-05-14T00:24:40.901+0100] {processor.py:183} INFO - Processing /home/osama/airflow/dags/oldversion.py took 0.071 seconds
[2025-05-14T00:25:17.047+0100] {processor.py:161} INFO - Started process (PID=13843) to work on /home/osama/airflow/dags/oldversion.py
[2025-05-14T00:25:17.051+0100] {processor.py:830} INFO - Processing file /home/osama/airflow/dags/oldversion.py for tasks to queue
[2025-05-14T00:25:17.054+0100] {logging_mixin.py:188} INFO - [2025-05-14T00:25:17.053+0100] {dagbag.py:538} INFO - Filling up the DagBag from /home/osama/airflow/dags/oldversion.py
[2025-05-14T00:25:17.059+0100] {processor.py:842} WARNING - No viable dags retrieved from /home/osama/airflow/dags/oldversion.py
[2025-05-14T00:25:17.096+0100] {processor.py:183} INFO - Processing /home/osama/airflow/dags/oldversion.py took 0.055 seconds
[2025-05-14T00:26:02.375+0100] {processor.py:161} INFO - Started process (PID=14081) to work on /home/osama/airflow/dags/oldversion.py
[2025-05-14T00:26:02.385+0100] {processor.py:830} INFO - Processing file /home/osama/airflow/dags/oldversion.py for tasks to queue
[2025-05-14T00:26:02.392+0100] {logging_mixin.py:188} INFO - [2025-05-14T00:26:02.389+0100] {dagbag.py:538} INFO - Filling up the DagBag from /home/osama/airflow/dags/oldversion.py
[2025-05-14T00:26:02.400+0100] {processor.py:842} WARNING - No viable dags retrieved from /home/osama/airflow/dags/oldversion.py
[2025-05-14T00:26:02.454+0100] {processor.py:183} INFO - Processing /home/osama/airflow/dags/oldversion.py took 0.087 seconds
[2025-05-14T00:26:47.962+0100] {processor.py:161} INFO - Started process (PID=14338) to work on /home/osama/airflow/dags/oldversion.py
[2025-05-14T00:26:47.966+0100] {processor.py:830} INFO - Processing file /home/osama/airflow/dags/oldversion.py for tasks to queue
[2025-05-14T00:26:47.970+0100] {logging_mixin.py:188} INFO - [2025-05-14T00:26:47.968+0100] {dagbag.py:538} INFO - Filling up the DagBag from /home/osama/airflow/dags/oldversion.py
[2025-05-14T00:26:47.975+0100] {processor.py:842} WARNING - No viable dags retrieved from /home/osama/airflow/dags/oldversion.py
[2025-05-14T00:26:48.018+0100] {processor.py:183} INFO - Processing /home/osama/airflow/dags/oldversion.py took 0.061 seconds
[2025-05-14T00:27:29.157+0100] {processor.py:161} INFO - Started process (PID=14559) to work on /home/osama/airflow/dags/oldversion.py
[2025-05-14T00:27:29.183+0100] {processor.py:830} INFO - Processing file /home/osama/airflow/dags/oldversion.py for tasks to queue
[2025-05-14T00:27:29.190+0100] {logging_mixin.py:188} INFO - [2025-05-14T00:27:29.187+0100] {dagbag.py:538} INFO - Filling up the DagBag from /home/osama/airflow/dags/oldversion.py
[2025-05-14T00:27:29.197+0100] {processor.py:842} WARNING - No viable dags retrieved from /home/osama/airflow/dags/oldversion.py
[2025-05-14T00:27:29.247+0100] {processor.py:183} INFO - Processing /home/osama/airflow/dags/oldversion.py took 0.109 seconds
[2025-05-14T00:28:10.871+0100] {processor.py:161} INFO - Started process (PID=14781) to work on /home/osama/airflow/dags/oldversion.py
[2025-05-14T00:28:10.877+0100] {processor.py:830} INFO - Processing file /home/osama/airflow/dags/oldversion.py for tasks to queue
[2025-05-14T00:28:10.881+0100] {logging_mixin.py:188} INFO - [2025-05-14T00:28:10.879+0100] {dagbag.py:538} INFO - Filling up the DagBag from /home/osama/airflow/dags/oldversion.py
[2025-05-14T00:28:10.887+0100] {processor.py:842} WARNING - No viable dags retrieved from /home/osama/airflow/dags/oldversion.py
[2025-05-14T00:28:10.927+0100] {processor.py:183} INFO - Processing /home/osama/airflow/dags/oldversion.py took 0.062 seconds
[2025-05-14T00:28:41.415+0100] {processor.py:161} INFO - Started process (PID=14942) to work on /home/osama/airflow/dags/oldversion.py
[2025-05-14T00:28:41.421+0100] {processor.py:830} INFO - Processing file /home/osama/airflow/dags/oldversion.py for tasks to queue
[2025-05-14T00:28:41.426+0100] {logging_mixin.py:188} INFO - [2025-05-14T00:28:41.423+0100] {dagbag.py:538} INFO - Filling up the DagBag from /home/osama/airflow/dags/oldversion.py
[2025-05-14T00:28:41.431+0100] {processor.py:842} WARNING - No viable dags retrieved from /home/osama/airflow/dags/oldversion.py
[2025-05-14T00:28:41.473+0100] {processor.py:183} INFO - Processing /home/osama/airflow/dags/oldversion.py took 0.066 seconds
[2025-05-14T00:29:19.060+0100] {processor.py:161} INFO - Started process (PID=15171) to work on /home/osama/airflow/dags/oldversion.py
[2025-05-14T00:29:19.062+0100] {processor.py:830} INFO - Processing file /home/osama/airflow/dags/oldversion.py for tasks to queue
[2025-05-14T00:29:19.065+0100] {logging_mixin.py:188} INFO - [2025-05-14T00:29:19.064+0100] {dagbag.py:538} INFO - Filling up the DagBag from /home/osama/airflow/dags/oldversion.py
[2025-05-14T00:29:19.070+0100] {processor.py:842} WARNING - No viable dags retrieved from /home/osama/airflow/dags/oldversion.py
[2025-05-14T00:29:19.101+0100] {processor.py:183} INFO - Processing /home/osama/airflow/dags/oldversion.py took 0.049 seconds
[2025-05-14T00:29:58.512+0100] {processor.py:161} INFO - Started process (PID=15380) to work on /home/osama/airflow/dags/oldversion.py
[2025-05-14T00:29:58.516+0100] {processor.py:830} INFO - Processing file /home/osama/airflow/dags/oldversion.py for tasks to queue
[2025-05-14T00:29:58.520+0100] {logging_mixin.py:188} INFO - [2025-05-14T00:29:58.518+0100] {dagbag.py:538} INFO - Filling up the DagBag from /home/osama/airflow/dags/oldversion.py
[2025-05-14T00:29:58.527+0100] {processor.py:842} WARNING - No viable dags retrieved from /home/osama/airflow/dags/oldversion.py
[2025-05-14T00:29:58.557+0100] {processor.py:183} INFO - Processing /home/osama/airflow/dags/oldversion.py took 0.049 seconds
[2025-05-14T00:30:37.910+0100] {processor.py:161} INFO - Started process (PID=15580) to work on /home/osama/airflow/dags/oldversion.py
[2025-05-14T00:30:37.921+0100] {processor.py:830} INFO - Processing file /home/osama/airflow/dags/oldversion.py for tasks to queue
[2025-05-14T00:30:37.926+0100] {logging_mixin.py:188} INFO - [2025-05-14T00:30:37.924+0100] {dagbag.py:538} INFO - Filling up the DagBag from /home/osama/airflow/dags/oldversion.py
[2025-05-14T00:30:37.934+0100] {processor.py:842} WARNING - No viable dags retrieved from /home/osama/airflow/dags/oldversion.py
[2025-05-14T00:30:38.002+0100] {processor.py:183} INFO - Processing /home/osama/airflow/dags/oldversion.py took 0.108 seconds
[2025-05-14T00:31:20.062+0100] {processor.py:161} INFO - Started process (PID=15816) to work on /home/osama/airflow/dags/oldversion.py
[2025-05-14T00:31:20.066+0100] {processor.py:830} INFO - Processing file /home/osama/airflow/dags/oldversion.py for tasks to queue
[2025-05-14T00:31:20.072+0100] {logging_mixin.py:188} INFO - [2025-05-14T00:31:20.068+0100] {dagbag.py:538} INFO - Filling up the DagBag from /home/osama/airflow/dags/oldversion.py
[2025-05-14T00:31:20.079+0100] {processor.py:842} WARNING - No viable dags retrieved from /home/osama/airflow/dags/oldversion.py
[2025-05-14T00:31:20.125+0100] {processor.py:183} INFO - Processing /home/osama/airflow/dags/oldversion.py took 0.074 seconds
[2025-05-14T00:32:05.651+0100] {processor.py:161} INFO - Started process (PID=16037) to work on /home/osama/airflow/dags/oldversion.py
[2025-05-14T00:32:05.659+0100] {processor.py:830} INFO - Processing file /home/osama/airflow/dags/oldversion.py for tasks to queue
[2025-05-14T00:32:05.665+0100] {logging_mixin.py:188} INFO - [2025-05-14T00:32:05.662+0100] {dagbag.py:538} INFO - Filling up the DagBag from /home/osama/airflow/dags/oldversion.py
[2025-05-14T00:32:05.673+0100] {processor.py:842} WARNING - No viable dags retrieved from /home/osama/airflow/dags/oldversion.py
[2025-05-14T00:32:05.718+0100] {processor.py:183} INFO - Processing /home/osama/airflow/dags/oldversion.py took 0.080 seconds
[2025-05-14T00:32:48.250+0100] {processor.py:161} INFO - Started process (PID=16249) to work on /home/osama/airflow/dags/oldversion.py
[2025-05-14T00:32:48.262+0100] {processor.py:830} INFO - Processing file /home/osama/airflow/dags/oldversion.py for tasks to queue
[2025-05-14T00:32:48.267+0100] {logging_mixin.py:188} INFO - [2025-05-14T00:32:48.265+0100] {dagbag.py:538} INFO - Filling up the DagBag from /home/osama/airflow/dags/oldversion.py
[2025-05-14T00:32:48.272+0100] {processor.py:842} WARNING - No viable dags retrieved from /home/osama/airflow/dags/oldversion.py
[2025-05-14T00:32:48.320+0100] {processor.py:183} INFO - Processing /home/osama/airflow/dags/oldversion.py took 0.075 seconds
[2025-05-14T00:33:18.892+0100] {processor.py:161} INFO - Started process (PID=16405) to work on /home/osama/airflow/dags/oldversion.py
[2025-05-14T00:33:18.902+0100] {processor.py:830} INFO - Processing file /home/osama/airflow/dags/oldversion.py for tasks to queue
[2025-05-14T00:33:18.908+0100] {logging_mixin.py:188} INFO - [2025-05-14T00:33:18.905+0100] {dagbag.py:538} INFO - Filling up the DagBag from /home/osama/airflow/dags/oldversion.py
[2025-05-14T00:33:18.915+0100] {processor.py:842} WARNING - No viable dags retrieved from /home/osama/airflow/dags/oldversion.py
[2025-05-14T00:33:18.957+0100] {processor.py:183} INFO - Processing /home/osama/airflow/dags/oldversion.py took 0.071 seconds
[2025-05-14T00:33:49.323+0100] {processor.py:161} INFO - Started process (PID=16603) to work on /home/osama/airflow/dags/oldversion.py
[2025-05-14T00:33:49.333+0100] {processor.py:830} INFO - Processing file /home/osama/airflow/dags/oldversion.py for tasks to queue
[2025-05-14T00:33:49.337+0100] {logging_mixin.py:188} INFO - [2025-05-14T00:33:49.335+0100] {dagbag.py:538} INFO - Filling up the DagBag from /home/osama/airflow/dags/oldversion.py
[2025-05-14T00:33:49.342+0100] {processor.py:842} WARNING - No viable dags retrieved from /home/osama/airflow/dags/oldversion.py
[2025-05-14T00:33:49.386+0100] {processor.py:183} INFO - Processing /home/osama/airflow/dags/oldversion.py took 0.069 seconds
[2025-05-14T00:34:24.559+0100] {processor.py:161} INFO - Started process (PID=16805) to work on /home/osama/airflow/dags/oldversion.py
[2025-05-14T00:34:24.561+0100] {processor.py:830} INFO - Processing file /home/osama/airflow/dags/oldversion.py for tasks to queue
[2025-05-14T00:34:24.565+0100] {logging_mixin.py:188} INFO - [2025-05-14T00:34:24.563+0100] {dagbag.py:538} INFO - Filling up the DagBag from /home/osama/airflow/dags/oldversion.py
[2025-05-14T00:34:24.569+0100] {processor.py:842} WARNING - No viable dags retrieved from /home/osama/airflow/dags/oldversion.py
[2025-05-14T00:34:24.606+0100] {processor.py:183} INFO - Processing /home/osama/airflow/dags/oldversion.py took 0.052 seconds
[2025-05-14T00:35:05.449+0100] {processor.py:161} INFO - Started process (PID=17003) to work on /home/osama/airflow/dags/oldversion.py
[2025-05-14T00:35:05.454+0100] {processor.py:830} INFO - Processing file /home/osama/airflow/dags/oldversion.py for tasks to queue
[2025-05-14T00:35:05.492+0100] {logging_mixin.py:188} INFO - [2025-05-14T00:35:05.488+0100] {dagbag.py:538} INFO - Filling up the DagBag from /home/osama/airflow/dags/oldversion.py
[2025-05-14T00:35:05.500+0100] {processor.py:842} WARNING - No viable dags retrieved from /home/osama/airflow/dags/oldversion.py
[2025-05-14T00:35:05.546+0100] {processor.py:183} INFO - Processing /home/osama/airflow/dags/oldversion.py took 0.112 seconds
[2025-05-14T00:44:00.672+0100] {processor.py:161} INFO - Started process (PID=18432) to work on /home/osama/airflow/dags/oldversion.py
[2025-05-14T00:44:00.676+0100] {processor.py:830} INFO - Processing file /home/osama/airflow/dags/oldversion.py for tasks to queue
[2025-05-14T00:44:00.679+0100] {logging_mixin.py:188} INFO - [2025-05-14T00:44:00.677+0100] {dagbag.py:538} INFO - Filling up the DagBag from /home/osama/airflow/dags/oldversion.py
[2025-05-14T00:44:00.684+0100] {processor.py:842} WARNING - No viable dags retrieved from /home/osama/airflow/dags/oldversion.py
[2025-05-14T00:44:00.715+0100] {processor.py:183} INFO - Processing /home/osama/airflow/dags/oldversion.py took 0.050 seconds
[2025-05-14T00:44:44.569+0100] {processor.py:161} INFO - Started process (PID=18681) to work on /home/osama/airflow/dags/oldversion.py
[2025-05-14T00:44:44.572+0100] {processor.py:830} INFO - Processing file /home/osama/airflow/dags/oldversion.py for tasks to queue
[2025-05-14T00:44:44.575+0100] {logging_mixin.py:188} INFO - [2025-05-14T00:44:44.574+0100] {dagbag.py:538} INFO - Filling up the DagBag from /home/osama/airflow/dags/oldversion.py
[2025-05-14T00:44:44.580+0100] {processor.py:842} WARNING - No viable dags retrieved from /home/osama/airflow/dags/oldversion.py
[2025-05-14T00:44:44.613+0100] {processor.py:183} INFO - Processing /home/osama/airflow/dags/oldversion.py took 0.051 seconds
[2025-05-14T00:45:19.806+0100] {processor.py:161} INFO - Started process (PID=18912) to work on /home/osama/airflow/dags/oldversion.py
[2025-05-14T00:45:19.812+0100] {processor.py:830} INFO - Processing file /home/osama/airflow/dags/oldversion.py for tasks to queue
[2025-05-14T00:45:19.819+0100] {logging_mixin.py:188} INFO - [2025-05-14T00:45:19.817+0100] {dagbag.py:538} INFO - Filling up the DagBag from /home/osama/airflow/dags/oldversion.py
[2025-05-14T00:45:19.828+0100] {processor.py:842} WARNING - No viable dags retrieved from /home/osama/airflow/dags/oldversion.py
[2025-05-14T00:45:19.910+0100] {processor.py:183} INFO - Processing /home/osama/airflow/dags/oldversion.py took 0.112 seconds
[2025-05-14T00:45:51.675+0100] {processor.py:161} INFO - Started process (PID=19124) to work on /home/osama/airflow/dags/oldversion.py
[2025-05-14T00:45:51.679+0100] {processor.py:830} INFO - Processing file /home/osama/airflow/dags/oldversion.py for tasks to queue
[2025-05-14T00:45:51.683+0100] {logging_mixin.py:188} INFO - [2025-05-14T00:45:51.681+0100] {dagbag.py:538} INFO - Filling up the DagBag from /home/osama/airflow/dags/oldversion.py
[2025-05-14T00:45:51.688+0100] {processor.py:842} WARNING - No viable dags retrieved from /home/osama/airflow/dags/oldversion.py
[2025-05-14T00:45:51.723+0100] {processor.py:183} INFO - Processing /home/osama/airflow/dags/oldversion.py took 0.057 seconds
[2025-05-14T00:46:22.481+0100] {processor.py:161} INFO - Started process (PID=19343) to work on /home/osama/airflow/dags/oldversion.py
[2025-05-14T00:46:22.484+0100] {processor.py:830} INFO - Processing file /home/osama/airflow/dags/oldversion.py for tasks to queue
[2025-05-14T00:46:22.488+0100] {logging_mixin.py:188} INFO - [2025-05-14T00:46:22.486+0100] {dagbag.py:538} INFO - Filling up the DagBag from /home/osama/airflow/dags/oldversion.py
[2025-05-14T00:46:22.495+0100] {processor.py:842} WARNING - No viable dags retrieved from /home/osama/airflow/dags/oldversion.py
[2025-05-14T00:46:22.538+0100] {processor.py:183} INFO - Processing /home/osama/airflow/dags/oldversion.py took 0.063 seconds
[2025-05-14T00:46:52.733+0100] {processor.py:161} INFO - Started process (PID=19566) to work on /home/osama/airflow/dags/oldversion.py
[2025-05-14T00:46:52.736+0100] {processor.py:830} INFO - Processing file /home/osama/airflow/dags/oldversion.py for tasks to queue
[2025-05-14T00:46:52.739+0100] {logging_mixin.py:188} INFO - [2025-05-14T00:46:52.738+0100] {dagbag.py:538} INFO - Filling up the DagBag from /home/osama/airflow/dags/oldversion.py
[2025-05-14T00:46:52.744+0100] {processor.py:842} WARNING - No viable dags retrieved from /home/osama/airflow/dags/oldversion.py
[2025-05-14T00:46:52.775+0100] {processor.py:183} INFO - Processing /home/osama/airflow/dags/oldversion.py took 0.048 seconds
[2025-05-14T00:47:24.973+0100] {processor.py:161} INFO - Started process (PID=19779) to work on /home/osama/airflow/dags/oldversion.py
[2025-05-14T00:47:24.979+0100] {processor.py:830} INFO - Processing file /home/osama/airflow/dags/oldversion.py for tasks to queue
[2025-05-14T00:47:24.984+0100] {logging_mixin.py:188} INFO - [2025-05-14T00:47:24.983+0100] {dagbag.py:538} INFO - Filling up the DagBag from /home/osama/airflow/dags/oldversion.py
[2025-05-14T00:47:24.990+0100] {processor.py:842} WARNING - No viable dags retrieved from /home/osama/airflow/dags/oldversion.py
[2025-05-14T00:47:25.034+0100] {processor.py:183} INFO - Processing /home/osama/airflow/dags/oldversion.py took 0.068 seconds
[2025-05-14T00:47:59.365+0100] {processor.py:161} INFO - Started process (PID=19968) to work on /home/osama/airflow/dags/oldversion.py
[2025-05-14T00:47:59.368+0100] {processor.py:830} INFO - Processing file /home/osama/airflow/dags/oldversion.py for tasks to queue
[2025-05-14T00:47:59.372+0100] {logging_mixin.py:188} INFO - [2025-05-14T00:47:59.370+0100] {dagbag.py:538} INFO - Filling up the DagBag from /home/osama/airflow/dags/oldversion.py
[2025-05-14T00:47:59.376+0100] {processor.py:842} WARNING - No viable dags retrieved from /home/osama/airflow/dags/oldversion.py
[2025-05-14T00:47:59.413+0100] {processor.py:183} INFO - Processing /home/osama/airflow/dags/oldversion.py took 0.056 seconds
[2025-05-14T00:48:37.051+0100] {processor.py:161} INFO - Started process (PID=20234) to work on /home/osama/airflow/dags/oldversion.py
[2025-05-14T00:48:37.055+0100] {processor.py:830} INFO - Processing file /home/osama/airflow/dags/oldversion.py for tasks to queue
[2025-05-14T00:48:37.060+0100] {logging_mixin.py:188} INFO - [2025-05-14T00:48:37.057+0100] {dagbag.py:538} INFO - Filling up the DagBag from /home/osama/airflow/dags/oldversion.py
[2025-05-14T00:48:37.066+0100] {processor.py:842} WARNING - No viable dags retrieved from /home/osama/airflow/dags/oldversion.py
[2025-05-14T00:48:37.115+0100] {processor.py:183} INFO - Processing /home/osama/airflow/dags/oldversion.py took 0.070 seconds
[2025-05-14T00:49:07.532+0100] {processor.py:161} INFO - Started process (PID=20437) to work on /home/osama/airflow/dags/oldversion.py
[2025-05-14T00:49:07.537+0100] {processor.py:830} INFO - Processing file /home/osama/airflow/dags/oldversion.py for tasks to queue
[2025-05-14T00:49:07.542+0100] {logging_mixin.py:188} INFO - [2025-05-14T00:49:07.540+0100] {dagbag.py:538} INFO - Filling up the DagBag from /home/osama/airflow/dags/oldversion.py
[2025-05-14T00:49:07.549+0100] {processor.py:842} WARNING - No viable dags retrieved from /home/osama/airflow/dags/oldversion.py
[2025-05-14T00:49:07.602+0100] {processor.py:183} INFO - Processing /home/osama/airflow/dags/oldversion.py took 0.079 seconds
[2025-05-14T00:49:40.561+0100] {processor.py:161} INFO - Started process (PID=20653) to work on /home/osama/airflow/dags/oldversion.py
[2025-05-14T00:49:40.566+0100] {processor.py:830} INFO - Processing file /home/osama/airflow/dags/oldversion.py for tasks to queue
[2025-05-14T00:49:40.570+0100] {logging_mixin.py:188} INFO - [2025-05-14T00:49:40.568+0100] {dagbag.py:538} INFO - Filling up the DagBag from /home/osama/airflow/dags/oldversion.py
[2025-05-14T00:49:40.576+0100] {processor.py:842} WARNING - No viable dags retrieved from /home/osama/airflow/dags/oldversion.py
[2025-05-14T00:49:40.621+0100] {processor.py:183} INFO - Processing /home/osama/airflow/dags/oldversion.py took 0.067 seconds
[2025-05-14T00:50:13.349+0100] {processor.py:161} INFO - Started process (PID=20864) to work on /home/osama/airflow/dags/oldversion.py
[2025-05-14T00:50:13.353+0100] {processor.py:830} INFO - Processing file /home/osama/airflow/dags/oldversion.py for tasks to queue
[2025-05-14T00:50:13.358+0100] {logging_mixin.py:188} INFO - [2025-05-14T00:50:13.357+0100] {dagbag.py:538} INFO - Filling up the DagBag from /home/osama/airflow/dags/oldversion.py
[2025-05-14T00:50:13.363+0100] {processor.py:842} WARNING - No viable dags retrieved from /home/osama/airflow/dags/oldversion.py
[2025-05-14T00:50:13.406+0100] {processor.py:183} INFO - Processing /home/osama/airflow/dags/oldversion.py took 0.062 seconds
[2025-05-14T00:50:52.303+0100] {processor.py:161} INFO - Started process (PID=21108) to work on /home/osama/airflow/dags/oldversion.py
[2025-05-14T00:50:52.306+0100] {processor.py:830} INFO - Processing file /home/osama/airflow/dags/oldversion.py for tasks to queue
[2025-05-14T00:50:52.309+0100] {logging_mixin.py:188} INFO - [2025-05-14T00:50:52.307+0100] {dagbag.py:538} INFO - Filling up the DagBag from /home/osama/airflow/dags/oldversion.py
[2025-05-14T00:50:52.313+0100] {processor.py:842} WARNING - No viable dags retrieved from /home/osama/airflow/dags/oldversion.py
[2025-05-14T00:50:52.350+0100] {processor.py:183} INFO - Processing /home/osama/airflow/dags/oldversion.py took 0.053 seconds
[2025-05-14T00:51:22.541+0100] {processor.py:161} INFO - Started process (PID=21295) to work on /home/osama/airflow/dags/oldversion.py
[2025-05-14T00:51:22.544+0100] {processor.py:830} INFO - Processing file /home/osama/airflow/dags/oldversion.py for tasks to queue
[2025-05-14T00:51:22.547+0100] {logging_mixin.py:188} INFO - [2025-05-14T00:51:22.545+0100] {dagbag.py:538} INFO - Filling up the DagBag from /home/osama/airflow/dags/oldversion.py
[2025-05-14T00:51:22.553+0100] {processor.py:842} WARNING - No viable dags retrieved from /home/osama/airflow/dags/oldversion.py
[2025-05-14T00:51:22.599+0100] {processor.py:183} INFO - Processing /home/osama/airflow/dags/oldversion.py took 0.063 seconds
[2025-05-14T00:51:52.912+0100] {processor.py:161} INFO - Started process (PID=21503) to work on /home/osama/airflow/dags/oldversion.py
[2025-05-14T00:51:52.921+0100] {processor.py:830} INFO - Processing file /home/osama/airflow/dags/oldversion.py for tasks to queue
[2025-05-14T00:51:52.924+0100] {logging_mixin.py:188} INFO - [2025-05-14T00:51:52.923+0100] {dagbag.py:538} INFO - Filling up the DagBag from /home/osama/airflow/dags/oldversion.py
[2025-05-14T00:51:52.929+0100] {processor.py:842} WARNING - No viable dags retrieved from /home/osama/airflow/dags/oldversion.py
[2025-05-14T00:51:52.961+0100] {processor.py:183} INFO - Processing /home/osama/airflow/dags/oldversion.py took 0.055 seconds
[2025-05-14T00:52:28.713+0100] {processor.py:161} INFO - Started process (PID=21722) to work on /home/osama/airflow/dags/oldversion.py
[2025-05-14T00:52:28.717+0100] {processor.py:830} INFO - Processing file /home/osama/airflow/dags/oldversion.py for tasks to queue
[2025-05-14T00:52:28.727+0100] {logging_mixin.py:188} INFO - [2025-05-14T00:52:28.723+0100] {dagbag.py:538} INFO - Filling up the DagBag from /home/osama/airflow/dags/oldversion.py
[2025-05-14T00:52:28.734+0100] {processor.py:842} WARNING - No viable dags retrieved from /home/osama/airflow/dags/oldversion.py
[2025-05-14T00:52:28.789+0100] {processor.py:183} INFO - Processing /home/osama/airflow/dags/oldversion.py took 0.084 seconds
[2025-05-14T00:53:06.806+0100] {processor.py:161} INFO - Started process (PID=21960) to work on /home/osama/airflow/dags/oldversion.py
[2025-05-14T00:53:06.809+0100] {processor.py:830} INFO - Processing file /home/osama/airflow/dags/oldversion.py for tasks to queue
[2025-05-14T00:53:06.813+0100] {logging_mixin.py:188} INFO - [2025-05-14T00:53:06.811+0100] {dagbag.py:538} INFO - Filling up the DagBag from /home/osama/airflow/dags/oldversion.py
[2025-05-14T00:53:06.818+0100] {processor.py:842} WARNING - No viable dags retrieved from /home/osama/airflow/dags/oldversion.py
[2025-05-14T00:53:06.849+0100] {processor.py:183} INFO - Processing /home/osama/airflow/dags/oldversion.py took 0.050 seconds
[2025-05-14T00:53:45.963+0100] {processor.py:161} INFO - Started process (PID=22214) to work on /home/osama/airflow/dags/oldversion.py
[2025-05-14T00:53:45.969+0100] {processor.py:830} INFO - Processing file /home/osama/airflow/dags/oldversion.py for tasks to queue
[2025-05-14T00:53:45.973+0100] {logging_mixin.py:188} INFO - [2025-05-14T00:53:45.971+0100] {dagbag.py:538} INFO - Filling up the DagBag from /home/osama/airflow/dags/oldversion.py
[2025-05-14T00:53:45.979+0100] {processor.py:842} WARNING - No viable dags retrieved from /home/osama/airflow/dags/oldversion.py
[2025-05-14T00:53:46.017+0100] {processor.py:183} INFO - Processing /home/osama/airflow/dags/oldversion.py took 0.060 seconds
[2025-05-14T00:54:17.931+0100] {processor.py:161} INFO - Started process (PID=22400) to work on /home/osama/airflow/dags/oldversion.py
[2025-05-14T00:54:17.936+0100] {processor.py:830} INFO - Processing file /home/osama/airflow/dags/oldversion.py for tasks to queue
[2025-05-14T00:54:17.940+0100] {logging_mixin.py:188} INFO - [2025-05-14T00:54:17.938+0100] {dagbag.py:538} INFO - Filling up the DagBag from /home/osama/airflow/dags/oldversion.py
[2025-05-14T00:54:17.948+0100] {processor.py:842} WARNING - No viable dags retrieved from /home/osama/airflow/dags/oldversion.py
[2025-05-14T00:54:17.997+0100] {processor.py:183} INFO - Processing /home/osama/airflow/dags/oldversion.py took 0.076 seconds
[2025-05-14T00:54:52.568+0100] {processor.py:161} INFO - Started process (PID=22613) to work on /home/osama/airflow/dags/oldversion.py
[2025-05-14T00:54:52.571+0100] {processor.py:830} INFO - Processing file /home/osama/airflow/dags/oldversion.py for tasks to queue
[2025-05-14T00:54:52.575+0100] {logging_mixin.py:188} INFO - [2025-05-14T00:54:52.573+0100] {dagbag.py:538} INFO - Filling up the DagBag from /home/osama/airflow/dags/oldversion.py
[2025-05-14T00:54:52.581+0100] {processor.py:842} WARNING - No viable dags retrieved from /home/osama/airflow/dags/oldversion.py
[2025-05-14T00:54:52.620+0100] {processor.py:183} INFO - Processing /home/osama/airflow/dags/oldversion.py took 0.061 seconds
[2025-05-14T00:55:23.504+0100] {processor.py:161} INFO - Started process (PID=22804) to work on /home/osama/airflow/dags/oldversion.py
[2025-05-14T00:55:23.509+0100] {processor.py:830} INFO - Processing file /home/osama/airflow/dags/oldversion.py for tasks to queue
[2025-05-14T00:55:23.514+0100] {logging_mixin.py:188} INFO - [2025-05-14T00:55:23.512+0100] {dagbag.py:538} INFO - Filling up the DagBag from /home/osama/airflow/dags/oldversion.py
[2025-05-14T00:55:23.519+0100] {processor.py:842} WARNING - No viable dags retrieved from /home/osama/airflow/dags/oldversion.py
[2025-05-14T00:55:23.562+0100] {processor.py:183} INFO - Processing /home/osama/airflow/dags/oldversion.py took 0.066 seconds
[2025-05-14T00:56:01.422+0100] {processor.py:161} INFO - Started process (PID=23047) to work on /home/osama/airflow/dags/oldversion.py
[2025-05-14T00:56:01.437+0100] {processor.py:830} INFO - Processing file /home/osama/airflow/dags/oldversion.py for tasks to queue
[2025-05-14T00:56:01.444+0100] {logging_mixin.py:188} INFO - [2025-05-14T00:56:01.441+0100] {dagbag.py:538} INFO - Filling up the DagBag from /home/osama/airflow/dags/oldversion.py
[2025-05-14T00:56:01.451+0100] {processor.py:842} WARNING - No viable dags retrieved from /home/osama/airflow/dags/oldversion.py
[2025-05-14T00:56:01.519+0100] {processor.py:183} INFO - Processing /home/osama/airflow/dags/oldversion.py took 0.116 seconds
[2025-05-14T00:56:37.518+0100] {processor.py:161} INFO - Started process (PID=23256) to work on /home/osama/airflow/dags/oldversion.py
[2025-05-14T00:56:37.522+0100] {processor.py:830} INFO - Processing file /home/osama/airflow/dags/oldversion.py for tasks to queue
[2025-05-14T00:56:37.529+0100] {logging_mixin.py:188} INFO - [2025-05-14T00:56:37.526+0100] {dagbag.py:538} INFO - Filling up the DagBag from /home/osama/airflow/dags/oldversion.py
[2025-05-14T00:56:37.536+0100] {processor.py:842} WARNING - No viable dags retrieved from /home/osama/airflow/dags/oldversion.py
[2025-05-14T00:56:37.601+0100] {processor.py:183} INFO - Processing /home/osama/airflow/dags/oldversion.py took 0.098 seconds
[2025-05-14T00:57:16.126+0100] {processor.py:161} INFO - Started process (PID=23487) to work on /home/osama/airflow/dags/oldversion.py
[2025-05-14T00:57:16.132+0100] {processor.py:830} INFO - Processing file /home/osama/airflow/dags/oldversion.py for tasks to queue
[2025-05-14T00:57:16.139+0100] {logging_mixin.py:188} INFO - [2025-05-14T00:57:16.136+0100] {dagbag.py:538} INFO - Filling up the DagBag from /home/osama/airflow/dags/oldversion.py
[2025-05-14T00:57:16.147+0100] {processor.py:842} WARNING - No viable dags retrieved from /home/osama/airflow/dags/oldversion.py
[2025-05-14T00:57:16.213+0100] {processor.py:183} INFO - Processing /home/osama/airflow/dags/oldversion.py took 0.099 seconds
[2025-05-14T00:57:49.491+0100] {processor.py:161} INFO - Started process (PID=23678) to work on /home/osama/airflow/dags/oldversion.py
[2025-05-14T00:57:49.494+0100] {processor.py:830} INFO - Processing file /home/osama/airflow/dags/oldversion.py for tasks to queue
[2025-05-14T00:57:49.498+0100] {logging_mixin.py:188} INFO - [2025-05-14T00:57:49.496+0100] {dagbag.py:538} INFO - Filling up the DagBag from /home/osama/airflow/dags/oldversion.py
[2025-05-14T00:57:49.503+0100] {processor.py:842} WARNING - No viable dags retrieved from /home/osama/airflow/dags/oldversion.py
[2025-05-14T00:57:49.553+0100] {processor.py:183} INFO - Processing /home/osama/airflow/dags/oldversion.py took 0.067 seconds
[2025-05-14T00:58:20.260+0100] {processor.py:161} INFO - Started process (PID=23864) to work on /home/osama/airflow/dags/oldversion.py
[2025-05-14T00:58:20.262+0100] {processor.py:830} INFO - Processing file /home/osama/airflow/dags/oldversion.py for tasks to queue
[2025-05-14T00:58:20.266+0100] {logging_mixin.py:188} INFO - [2025-05-14T00:58:20.264+0100] {dagbag.py:538} INFO - Filling up the DagBag from /home/osama/airflow/dags/oldversion.py
[2025-05-14T00:58:20.270+0100] {processor.py:842} WARNING - No viable dags retrieved from /home/osama/airflow/dags/oldversion.py
[2025-05-14T00:58:20.301+0100] {processor.py:183} INFO - Processing /home/osama/airflow/dags/oldversion.py took 0.046 seconds
[2025-05-14T00:58:56.251+0100] {processor.py:161} INFO - Started process (PID=24058) to work on /home/osama/airflow/dags/oldversion.py
[2025-05-14T00:58:56.255+0100] {processor.py:830} INFO - Processing file /home/osama/airflow/dags/oldversion.py for tasks to queue
[2025-05-14T00:58:56.260+0100] {logging_mixin.py:188} INFO - [2025-05-14T00:58:56.257+0100] {dagbag.py:538} INFO - Filling up the DagBag from /home/osama/airflow/dags/oldversion.py
[2025-05-14T00:58:56.265+0100] {processor.py:842} WARNING - No viable dags retrieved from /home/osama/airflow/dags/oldversion.py
[2025-05-14T00:58:56.301+0100] {processor.py:183} INFO - Processing /home/osama/airflow/dags/oldversion.py took 0.055 seconds
[2025-05-14T00:59:37.908+0100] {processor.py:161} INFO - Started process (PID=24265) to work on /home/osama/airflow/dags/oldversion.py
[2025-05-14T00:59:37.911+0100] {processor.py:830} INFO - Processing file /home/osama/airflow/dags/oldversion.py for tasks to queue
[2025-05-14T00:59:37.914+0100] {logging_mixin.py:188} INFO - [2025-05-14T00:59:37.912+0100] {dagbag.py:538} INFO - Filling up the DagBag from /home/osama/airflow/dags/oldversion.py
[2025-05-14T00:59:37.919+0100] {processor.py:842} WARNING - No viable dags retrieved from /home/osama/airflow/dags/oldversion.py
[2025-05-14T00:59:37.951+0100] {processor.py:183} INFO - Processing /home/osama/airflow/dags/oldversion.py took 0.048 seconds
