[2025-05-19T16:38:45.896+0100] {taskinstance.py:1956} INFO - Dependencies all met for dep_context=non-requeueable deps ti=<TaskInstance: scrape_and_insert_bank_reviews.run_clean_reviews manual__2025-05-19T10:58:39.511715+00:00 [queued]>
[2025-05-19T16:38:45.905+0100] {taskinstance.py:1956} INFO - Dependencies all met for dep_context=requeueable deps ti=<TaskInstance: scrape_and_insert_bank_reviews.run_clean_reviews manual__2025-05-19T10:58:39.511715+00:00 [queued]>
[2025-05-19T16:38:45.907+0100] {taskinstance.py:2170} INFO - Starting attempt 3 of 3
[2025-05-19T16:38:45.923+0100] {taskinstance.py:2191} INFO - Executing <Task(BashOperator): run_clean_reviews> on 2025-05-19 10:58:39.511715+00:00
[2025-05-19T16:38:45.932+0100] {standard_task_runner.py:60} INFO - Started process 2478 to run task
[2025-05-19T16:38:45.936+0100] {standard_task_runner.py:87} INFO - Running: ['airflow', 'tasks', 'run', 'scrape_and_insert_bank_reviews', 'run_clean_reviews', 'manual__2025-05-19T10:58:39.511715+00:00', '--job-id', '1937', '--raw', '--subdir', 'DAGS_FOLDER/S_G_M_R.py', '--cfg-path', '/tmp/tmpzllxms8x']
[2025-05-19T16:38:45.937+0100] {standard_task_runner.py:88} INFO - Job 1937: Subtask run_clean_reviews
[2025-05-19T16:38:46.002+0100] {task_command.py:423} INFO - Running <TaskInstance: scrape_and_insert_bank_reviews.run_clean_reviews manual__2025-05-19T10:58:39.511715+00:00 [running]> on host DESKTOP-RRUTCI2.
[2025-05-19T16:38:46.295+0100] {taskinstance.py:2480} INFO - Exporting env vars: AIRFLOW_CTX_DAG_OWNER='airflow' AIRFLOW_CTX_DAG_ID='scrape_and_insert_bank_reviews' AIRFLOW_CTX_TASK_ID='run_clean_reviews' AIRFLOW_CTX_EXECUTION_DATE='2025-05-19T10:58:39.511715+00:00' AIRFLOW_CTX_TRY_NUMBER='3' AIRFLOW_CTX_DAG_RUN_ID='manual__2025-05-19T10:58:39.511715+00:00'
[2025-05-19T16:38:46.302+0100] {subprocess.py:63} INFO - Tmp dir root location: /tmp
[2025-05-19T16:38:46.306+0100] {subprocess.py:75} INFO - Running command: ['/usr/bin/bash', '-c', 'cd ~/airflow/dbt_project && dbt run --select clean_bank_reviews']
[2025-05-19T16:38:46.332+0100] {subprocess.py:86} INFO - Output:
[2025-05-19T16:38:56.220+0100] {subprocess.py:93} INFO - [0m15:38:56  Running with dbt=1.8.7
[2025-05-19T16:38:57.339+0100] {subprocess.py:93} INFO - [0m15:38:57  Registered adapter: postgres=1.8.2
[2025-05-19T16:38:59.199+0100] {subprocess.py:93} INFO - [0m15:38:59  [[33mWARNING[0m]: Configuration paths exist in your dbt_project.yml file which do not apply to any resources.
[2025-05-19T16:38:59.201+0100] {subprocess.py:93} INFO - There are 1 unused configuration paths:
[2025-05-19T16:38:59.202+0100] {subprocess.py:93} INFO - - models.dbt_project.forPy
[2025-05-19T16:38:59.530+0100] {subprocess.py:93} INFO - [0m15:38:59  Found 8 models, 1 seed, 4 data tests, 1 source, 540 macros
[2025-05-19T16:38:59.532+0100] {subprocess.py:93} INFO - [0m15:38:59
[2025-05-19T16:39:01.456+0100] {subprocess.py:93} INFO - [0m15:39:01  Concurrency: 4 threads (target='dev')
[2025-05-19T16:39:01.458+0100] {subprocess.py:93} INFO - [0m15:39:01
[2025-05-19T16:39:01.461+0100] {subprocess.py:93} INFO - [0m15:39:01  1 of 1 START sql view model public.clean_bank_reviews .......................... [RUN]
[2025-05-19T16:39:01.562+0100] {subprocess.py:93} INFO - [0m15:39:01  1 of 1 OK created sql view model public.clean_bank_reviews ..................... [[32mCREATE VIEW[0m in 0.10s]
[2025-05-19T16:39:01.576+0100] {subprocess.py:93} INFO - [0m15:39:01
[2025-05-19T16:39:01.578+0100] {subprocess.py:93} INFO - [0m15:39:01  Finished running 1 view model in 0 hours 0 minutes and 2.04 seconds (2.04s).
[2025-05-19T16:39:01.661+0100] {subprocess.py:93} INFO - [0m15:39:01
[2025-05-19T16:39:01.662+0100] {subprocess.py:93} INFO - [0m15:39:01  [32mCompleted successfully[0m
[2025-05-19T16:39:01.664+0100] {subprocess.py:93} INFO - [0m15:39:01
[2025-05-19T16:39:01.665+0100] {subprocess.py:93} INFO - [0m15:39:01  Done. PASS=1 WARN=0 ERROR=0 SKIP=0 TOTAL=1
[2025-05-19T16:39:03.256+0100] {subprocess.py:97} INFO - Command exited with return code 0
[2025-05-19T16:39:03.283+0100] {taskinstance.py:1138} INFO - Marking task as SUCCESS. dag_id=scrape_and_insert_bank_reviews, task_id=run_clean_reviews, execution_date=20250519T105839, start_date=20250519T153845, end_date=20250519T153903
[2025-05-19T16:39:03.304+0100] {local_task_job_runner.py:234} INFO - Task exited with return code 0
[2025-05-19T16:39:03.327+0100] {taskinstance.py:3280} INFO - 1 downstream tasks scheduled from follow-on schedule check
